ARM GAS  C:\Users\17832\AppData\Local\Temp\cc2OpL1S.s 			page 1


   1              		.cpu cortex-m4
   2              		.arch armv7e-m
   3              		.fpu fpv4-sp-d16
   4              		.eabi_attribute 27, 1
   5              		.eabi_attribute 28, 1
   6              		.eabi_attribute 20, 1
   7              		.eabi_attribute 21, 1
   8              		.eabi_attribute 23, 3
   9              		.eabi_attribute 24, 1
  10              		.eabi_attribute 25, 1
  11              		.eabi_attribute 26, 1
  12              		.eabi_attribute 30, 1
  13              		.eabi_attribute 34, 1
  14              		.eabi_attribute 18, 4
  15              		.file	"arm_cmplx_mult_cmplx_q31.c"
  16              		.text
  17              	.Ltext0:
  18              		.cfi_sections	.debug_frame
  19              		.section	.text.arm_cmplx_mult_cmplx_q31,"ax",%progbits
  20              		.align	1
  21              		.global	arm_cmplx_mult_cmplx_q31
  22              		.syntax unified
  23              		.thumb
  24              		.thumb_func
  26              	arm_cmplx_mult_cmplx_q31:
  27              	.LVL0:
  28              	.LFB135:
  29              		.file 1 "Drivers/CMSIS/DSP/Source/ComplexMathFunctions/arm_cmplx_mult_cmplx_q31.c"
   1:Drivers/CMSIS/DSP/Source/ComplexMathFunctions/arm_cmplx_mult_cmplx_q31.c **** /* ----------------------------------------------------------------------
   2:Drivers/CMSIS/DSP/Source/ComplexMathFunctions/arm_cmplx_mult_cmplx_q31.c ****  * Project:      CMSIS DSP Library
   3:Drivers/CMSIS/DSP/Source/ComplexMathFunctions/arm_cmplx_mult_cmplx_q31.c ****  * Title:        arm_cmplx_mult_cmplx_q31.c
   4:Drivers/CMSIS/DSP/Source/ComplexMathFunctions/arm_cmplx_mult_cmplx_q31.c ****  * Description:  Q31 complex-by-complex multiplication
   5:Drivers/CMSIS/DSP/Source/ComplexMathFunctions/arm_cmplx_mult_cmplx_q31.c ****  *
   6:Drivers/CMSIS/DSP/Source/ComplexMathFunctions/arm_cmplx_mult_cmplx_q31.c ****  * $Date:        27. January 2017
   7:Drivers/CMSIS/DSP/Source/ComplexMathFunctions/arm_cmplx_mult_cmplx_q31.c ****  * $Revision:    V.1.5.1
   8:Drivers/CMSIS/DSP/Source/ComplexMathFunctions/arm_cmplx_mult_cmplx_q31.c ****  *
   9:Drivers/CMSIS/DSP/Source/ComplexMathFunctions/arm_cmplx_mult_cmplx_q31.c ****  * Target Processor: Cortex-M cores
  10:Drivers/CMSIS/DSP/Source/ComplexMathFunctions/arm_cmplx_mult_cmplx_q31.c ****  * -------------------------------------------------------------------- */
  11:Drivers/CMSIS/DSP/Source/ComplexMathFunctions/arm_cmplx_mult_cmplx_q31.c **** /*
  12:Drivers/CMSIS/DSP/Source/ComplexMathFunctions/arm_cmplx_mult_cmplx_q31.c ****  * Copyright (C) 2010-2017 ARM Limited or its affiliates. All rights reserved.
  13:Drivers/CMSIS/DSP/Source/ComplexMathFunctions/arm_cmplx_mult_cmplx_q31.c ****  *
  14:Drivers/CMSIS/DSP/Source/ComplexMathFunctions/arm_cmplx_mult_cmplx_q31.c ****  * SPDX-License-Identifier: Apache-2.0
  15:Drivers/CMSIS/DSP/Source/ComplexMathFunctions/arm_cmplx_mult_cmplx_q31.c ****  *
  16:Drivers/CMSIS/DSP/Source/ComplexMathFunctions/arm_cmplx_mult_cmplx_q31.c ****  * Licensed under the Apache License, Version 2.0 (the License); you may
  17:Drivers/CMSIS/DSP/Source/ComplexMathFunctions/arm_cmplx_mult_cmplx_q31.c ****  * not use this file except in compliance with the License.
  18:Drivers/CMSIS/DSP/Source/ComplexMathFunctions/arm_cmplx_mult_cmplx_q31.c ****  * You may obtain a copy of the License at
  19:Drivers/CMSIS/DSP/Source/ComplexMathFunctions/arm_cmplx_mult_cmplx_q31.c ****  *
  20:Drivers/CMSIS/DSP/Source/ComplexMathFunctions/arm_cmplx_mult_cmplx_q31.c ****  * www.apache.org/licenses/LICENSE-2.0
  21:Drivers/CMSIS/DSP/Source/ComplexMathFunctions/arm_cmplx_mult_cmplx_q31.c ****  *
  22:Drivers/CMSIS/DSP/Source/ComplexMathFunctions/arm_cmplx_mult_cmplx_q31.c ****  * Unless required by applicable law or agreed to in writing, software
  23:Drivers/CMSIS/DSP/Source/ComplexMathFunctions/arm_cmplx_mult_cmplx_q31.c ****  * distributed under the License is distributed on an AS IS BASIS, WITHOUT
  24:Drivers/CMSIS/DSP/Source/ComplexMathFunctions/arm_cmplx_mult_cmplx_q31.c ****  * WARRANTIES OR CONDITIONS OF ANY KIND, either express or implied.
  25:Drivers/CMSIS/DSP/Source/ComplexMathFunctions/arm_cmplx_mult_cmplx_q31.c ****  * See the License for the specific language governing permissions and
  26:Drivers/CMSIS/DSP/Source/ComplexMathFunctions/arm_cmplx_mult_cmplx_q31.c ****  * limitations under the License.
  27:Drivers/CMSIS/DSP/Source/ComplexMathFunctions/arm_cmplx_mult_cmplx_q31.c ****  */
  28:Drivers/CMSIS/DSP/Source/ComplexMathFunctions/arm_cmplx_mult_cmplx_q31.c **** 
  29:Drivers/CMSIS/DSP/Source/ComplexMathFunctions/arm_cmplx_mult_cmplx_q31.c **** #include "arm_math.h"
ARM GAS  C:\Users\17832\AppData\Local\Temp\cc2OpL1S.s 			page 2


  30:Drivers/CMSIS/DSP/Source/ComplexMathFunctions/arm_cmplx_mult_cmplx_q31.c **** 
  31:Drivers/CMSIS/DSP/Source/ComplexMathFunctions/arm_cmplx_mult_cmplx_q31.c **** /**
  32:Drivers/CMSIS/DSP/Source/ComplexMathFunctions/arm_cmplx_mult_cmplx_q31.c ****  * @ingroup groupCmplxMath
  33:Drivers/CMSIS/DSP/Source/ComplexMathFunctions/arm_cmplx_mult_cmplx_q31.c ****  */
  34:Drivers/CMSIS/DSP/Source/ComplexMathFunctions/arm_cmplx_mult_cmplx_q31.c **** 
  35:Drivers/CMSIS/DSP/Source/ComplexMathFunctions/arm_cmplx_mult_cmplx_q31.c **** /**
  36:Drivers/CMSIS/DSP/Source/ComplexMathFunctions/arm_cmplx_mult_cmplx_q31.c ****  * @addtogroup CmplxByCmplxMult
  37:Drivers/CMSIS/DSP/Source/ComplexMathFunctions/arm_cmplx_mult_cmplx_q31.c ****  * @{
  38:Drivers/CMSIS/DSP/Source/ComplexMathFunctions/arm_cmplx_mult_cmplx_q31.c ****  */
  39:Drivers/CMSIS/DSP/Source/ComplexMathFunctions/arm_cmplx_mult_cmplx_q31.c **** 
  40:Drivers/CMSIS/DSP/Source/ComplexMathFunctions/arm_cmplx_mult_cmplx_q31.c **** 
  41:Drivers/CMSIS/DSP/Source/ComplexMathFunctions/arm_cmplx_mult_cmplx_q31.c **** /**
  42:Drivers/CMSIS/DSP/Source/ComplexMathFunctions/arm_cmplx_mult_cmplx_q31.c ****  * @brief  Q31 complex-by-complex multiplication
  43:Drivers/CMSIS/DSP/Source/ComplexMathFunctions/arm_cmplx_mult_cmplx_q31.c ****  * @param[in]  *pSrcA points to the first input vector
  44:Drivers/CMSIS/DSP/Source/ComplexMathFunctions/arm_cmplx_mult_cmplx_q31.c ****  * @param[in]  *pSrcB points to the second input vector
  45:Drivers/CMSIS/DSP/Source/ComplexMathFunctions/arm_cmplx_mult_cmplx_q31.c ****  * @param[out]  *pDst  points to the output vector
  46:Drivers/CMSIS/DSP/Source/ComplexMathFunctions/arm_cmplx_mult_cmplx_q31.c ****  * @param[in]  numSamples number of complex samples in each vector
  47:Drivers/CMSIS/DSP/Source/ComplexMathFunctions/arm_cmplx_mult_cmplx_q31.c ****  * @return none.
  48:Drivers/CMSIS/DSP/Source/ComplexMathFunctions/arm_cmplx_mult_cmplx_q31.c ****  *
  49:Drivers/CMSIS/DSP/Source/ComplexMathFunctions/arm_cmplx_mult_cmplx_q31.c ****  * <b>Scaling and Overflow Behavior:</b>
  50:Drivers/CMSIS/DSP/Source/ComplexMathFunctions/arm_cmplx_mult_cmplx_q31.c ****  * \par
  51:Drivers/CMSIS/DSP/Source/ComplexMathFunctions/arm_cmplx_mult_cmplx_q31.c ****  * The function implements 1.31 by 1.31 multiplications and finally output is converted into 3.29 f
  52:Drivers/CMSIS/DSP/Source/ComplexMathFunctions/arm_cmplx_mult_cmplx_q31.c ****  * Input down scaling is not required.
  53:Drivers/CMSIS/DSP/Source/ComplexMathFunctions/arm_cmplx_mult_cmplx_q31.c ****  */
  54:Drivers/CMSIS/DSP/Source/ComplexMathFunctions/arm_cmplx_mult_cmplx_q31.c **** 
  55:Drivers/CMSIS/DSP/Source/ComplexMathFunctions/arm_cmplx_mult_cmplx_q31.c **** void arm_cmplx_mult_cmplx_q31(
  56:Drivers/CMSIS/DSP/Source/ComplexMathFunctions/arm_cmplx_mult_cmplx_q31.c ****   q31_t * pSrcA,
  57:Drivers/CMSIS/DSP/Source/ComplexMathFunctions/arm_cmplx_mult_cmplx_q31.c ****   q31_t * pSrcB,
  58:Drivers/CMSIS/DSP/Source/ComplexMathFunctions/arm_cmplx_mult_cmplx_q31.c ****   q31_t * pDst,
  59:Drivers/CMSIS/DSP/Source/ComplexMathFunctions/arm_cmplx_mult_cmplx_q31.c ****   uint32_t numSamples)
  60:Drivers/CMSIS/DSP/Source/ComplexMathFunctions/arm_cmplx_mult_cmplx_q31.c **** {
  30              		.loc 1 60 1 view -0
  31              		.cfi_startproc
  32              		@ args = 0, pretend = 0, frame = 16
  33              		@ frame_needed = 0, uses_anonymous_args = 0
  34              		.loc 1 60 1 is_stmt 0 view .LVU1
  35 0000 2DE9F04F 		push	{r4, r5, r6, r7, r8, r9, r10, fp, lr}
  36              	.LCFI0:
  37              		.cfi_def_cfa_offset 36
  38              		.cfi_offset 4, -36
  39              		.cfi_offset 5, -32
  40              		.cfi_offset 6, -28
  41              		.cfi_offset 7, -24
  42              		.cfi_offset 8, -20
  43              		.cfi_offset 9, -16
  44              		.cfi_offset 10, -12
  45              		.cfi_offset 11, -8
  46              		.cfi_offset 14, -4
  47 0004 85B0     		sub	sp, sp, #20
  48              	.LCFI1:
  49              		.cfi_def_cfa_offset 56
  50 0006 9346     		mov	fp, r2
  51 0008 0393     		str	r3, [sp, #12]
  61:Drivers/CMSIS/DSP/Source/ComplexMathFunctions/arm_cmplx_mult_cmplx_q31.c ****   q31_t a, b, c, d;                              /* Temporary variables to store real and imaginary
  52              		.loc 1 61 3 is_stmt 1 view .LVU2
  62:Drivers/CMSIS/DSP/Source/ComplexMathFunctions/arm_cmplx_mult_cmplx_q31.c ****   uint32_t blkCnt;                               /* loop counters */
  53              		.loc 1 62 3 view .LVU3
ARM GAS  C:\Users\17832\AppData\Local\Temp\cc2OpL1S.s 			page 3


  63:Drivers/CMSIS/DSP/Source/ComplexMathFunctions/arm_cmplx_mult_cmplx_q31.c ****   q31_t mul1, mul2, mul3, mul4;
  54              		.loc 1 63 3 view .LVU4
  64:Drivers/CMSIS/DSP/Source/ComplexMathFunctions/arm_cmplx_mult_cmplx_q31.c ****   q31_t out1, out2;
  55              		.loc 1 64 3 view .LVU5
  65:Drivers/CMSIS/DSP/Source/ComplexMathFunctions/arm_cmplx_mult_cmplx_q31.c **** 
  66:Drivers/CMSIS/DSP/Source/ComplexMathFunctions/arm_cmplx_mult_cmplx_q31.c **** #if defined (ARM_MATH_DSP)
  67:Drivers/CMSIS/DSP/Source/ComplexMathFunctions/arm_cmplx_mult_cmplx_q31.c **** 
  68:Drivers/CMSIS/DSP/Source/ComplexMathFunctions/arm_cmplx_mult_cmplx_q31.c ****   /* Run the below code for Cortex-M4 and Cortex-M3 */
  69:Drivers/CMSIS/DSP/Source/ComplexMathFunctions/arm_cmplx_mult_cmplx_q31.c **** 
  70:Drivers/CMSIS/DSP/Source/ComplexMathFunctions/arm_cmplx_mult_cmplx_q31.c ****   /* loop Unrolling */
  71:Drivers/CMSIS/DSP/Source/ComplexMathFunctions/arm_cmplx_mult_cmplx_q31.c ****   blkCnt = numSamples >> 2U;
  56              		.loc 1 71 3 view .LVU6
  57              		.loc 1 71 10 is_stmt 0 view .LVU7
  58 000a 9B08     		lsrs	r3, r3, #2
  59              	.LVL1:
  60              		.loc 1 71 10 view .LVU8
  61 000c 0293     		str	r3, [sp, #8]
  62              	.LVL2:
  72:Drivers/CMSIS/DSP/Source/ComplexMathFunctions/arm_cmplx_mult_cmplx_q31.c **** 
  73:Drivers/CMSIS/DSP/Source/ComplexMathFunctions/arm_cmplx_mult_cmplx_q31.c ****   /* First part of the processing with loop unrolling.  Compute 4 outputs at a time.
  74:Drivers/CMSIS/DSP/Source/ComplexMathFunctions/arm_cmplx_mult_cmplx_q31.c ****    ** a second loop below computes the remaining 1 to 3 samples. */
  75:Drivers/CMSIS/DSP/Source/ComplexMathFunctions/arm_cmplx_mult_cmplx_q31.c ****   while (blkCnt > 0U)
  63              		.loc 1 75 3 is_stmt 1 view .LVU9
  64 000e 0191     		str	r1, [sp, #4]
  65              		.loc 1 75 9 is_stmt 0 view .LVU10
  66 0010 D8E0     		b	.L2
  67              	.LVL3:
  68              	.L3:
  76:Drivers/CMSIS/DSP/Source/ComplexMathFunctions/arm_cmplx_mult_cmplx_q31.c ****   {
  77:Drivers/CMSIS/DSP/Source/ComplexMathFunctions/arm_cmplx_mult_cmplx_q31.c ****     /* C[2 * i] = A[2 * i] * B[2 * i] - A[2 * i + 1] * B[2 * i + 1].  */
  78:Drivers/CMSIS/DSP/Source/ComplexMathFunctions/arm_cmplx_mult_cmplx_q31.c ****     /* C[2 * i + 1] = A[2 * i] * B[2 * i + 1] + A[2 * i + 1] * B[2 * i].  */
  79:Drivers/CMSIS/DSP/Source/ComplexMathFunctions/arm_cmplx_mult_cmplx_q31.c ****     a = *pSrcA++;
  69              		.loc 1 79 5 is_stmt 1 view .LVU11
  70              		.loc 1 79 7 is_stmt 0 view .LVU12
  71 0012 0768     		ldr	r7, [r0]
  72              	.LVL4:
  80:Drivers/CMSIS/DSP/Source/ComplexMathFunctions/arm_cmplx_mult_cmplx_q31.c ****     b = *pSrcA++;
  73              		.loc 1 80 5 is_stmt 1 view .LVU13
  74              		.loc 1 80 7 is_stmt 0 view .LVU14
  75 0014 4268     		ldr	r2, [r0, #4]
  76              	.LVL5:
  81:Drivers/CMSIS/DSP/Source/ComplexMathFunctions/arm_cmplx_mult_cmplx_q31.c ****     c = *pSrcB++;
  77              		.loc 1 81 5 is_stmt 1 view .LVU15
  78              		.loc 1 81 7 is_stmt 0 view .LVU16
  79 0016 019B     		ldr	r3, [sp, #4]
  80              	.LVL6:
  81              		.loc 1 81 7 view .LVU17
  82 0018 1E68     		ldr	r6, [r3]
  83              	.LVL7:
  82:Drivers/CMSIS/DSP/Source/ComplexMathFunctions/arm_cmplx_mult_cmplx_q31.c ****     d = *pSrcB++;
  84              		.loc 1 82 5 is_stmt 1 view .LVU18
  85              		.loc 1 82 7 is_stmt 0 view .LVU19
  86 001a 5C68     		ldr	r4, [r3, #4]
  87              	.LVL8:
  83:Drivers/CMSIS/DSP/Source/ComplexMathFunctions/arm_cmplx_mult_cmplx_q31.c **** 
  84:Drivers/CMSIS/DSP/Source/ComplexMathFunctions/arm_cmplx_mult_cmplx_q31.c ****     mul1 = (q31_t) (((q63_t) a * c) >> 32);
  88              		.loc 1 84 5 is_stmt 1 view .LVU20
ARM GAS  C:\Users\17832\AppData\Local\Temp\cc2OpL1S.s 			page 4


  89              		.loc 1 84 22 is_stmt 0 view .LVU21
  90 001c 4FEAE779 		asr	r9, r7, #31
  91              		.loc 1 84 32 view .LVU22
  92 0020 4FEAE678 		asr	r8, r6, #31
  93 0024 07FB08F3 		mul	r3, r7, r8
  94 0028 06FB0933 		mla	r3, r6, r9, r3
  95 002c A7FB06C5 		umull	ip, r5, r7, r6
  96 0030 03EB050A 		add	r10, r3, r5
  97              	.LVL9:
  85:Drivers/CMSIS/DSP/Source/ComplexMathFunctions/arm_cmplx_mult_cmplx_q31.c ****     mul2 = (q31_t) (((q63_t) b * d) >> 32);
  98              		.loc 1 85 5 is_stmt 1 view .LVU23
  99              		.loc 1 85 22 is_stmt 0 view .LVU24
 100 0034 D317     		asrs	r3, r2, #31
 101              		.loc 1 85 32 view .LVU25
 102 0036 E517     		asrs	r5, r4, #31
 103 0038 02FB05FE 		mul	lr, r2, r5
 104 003c 04FB03E1 		mla	r1, r4, r3, lr
 105 0040 A2FB04EC 		umull	lr, ip, r2, r4
 106 0044 8C44     		add	ip, ip, r1
 107              	.LVL10:
  86:Drivers/CMSIS/DSP/Source/ComplexMathFunctions/arm_cmplx_mult_cmplx_q31.c ****     mul3 = (q31_t) (((q63_t) a * d) >> 32);
 108              		.loc 1 86 5 is_stmt 1 view .LVU26
 109              		.loc 1 86 32 is_stmt 0 view .LVU27
 110 0046 07FB05F5 		mul	r5, r7, r5
 111 004a 04FB0959 		mla	r9, r4, r9, r5
 112 004e A7FB0474 		umull	r7, r4, r7, r4
 113              	.LVL11:
 114              		.loc 1 86 32 view .LVU28
 115 0052 09EB0407 		add	r7, r9, r4
 116              	.LVL12:
  87:Drivers/CMSIS/DSP/Source/ComplexMathFunctions/arm_cmplx_mult_cmplx_q31.c ****     mul4 = (q31_t) (((q63_t) b * c) >> 32);
 117              		.loc 1 87 5 is_stmt 1 view .LVU29
 118              		.loc 1 87 32 is_stmt 0 view .LVU30
 119 0056 06FB03F4 		mul	r4, r6, r3
 120 005a 02FB0844 		mla	r4, r2, r8, r4
 121 005e A6FB0262 		umull	r6, r2, r6, r2
 122              	.LVL13:
 123              		.loc 1 87 32 view .LVU31
 124 0062 1444     		add	r4, r4, r2
 125              	.LVL14:
  88:Drivers/CMSIS/DSP/Source/ComplexMathFunctions/arm_cmplx_mult_cmplx_q31.c **** 
  89:Drivers/CMSIS/DSP/Source/ComplexMathFunctions/arm_cmplx_mult_cmplx_q31.c ****     mul1 = (mul1 >> 1);
 126              		.loc 1 89 5 is_stmt 1 view .LVU32
  90:Drivers/CMSIS/DSP/Source/ComplexMathFunctions/arm_cmplx_mult_cmplx_q31.c ****     mul2 = (mul2 >> 1);
 127              		.loc 1 90 5 view .LVU33
 128              		.loc 1 90 10 is_stmt 0 view .LVU34
 129 0064 4FEA6C0C 		asr	ip, ip, #1
 130              	.LVL15:
  91:Drivers/CMSIS/DSP/Source/ComplexMathFunctions/arm_cmplx_mult_cmplx_q31.c ****     mul3 = (mul3 >> 1);
 131              		.loc 1 91 5 is_stmt 1 view .LVU35
  92:Drivers/CMSIS/DSP/Source/ComplexMathFunctions/arm_cmplx_mult_cmplx_q31.c ****     mul4 = (mul4 >> 1);
 132              		.loc 1 92 5 view .LVU36
 133              		.loc 1 92 10 is_stmt 0 view .LVU37
 134 0068 6410     		asrs	r4, r4, #1
 135              	.LVL16:
  93:Drivers/CMSIS/DSP/Source/ComplexMathFunctions/arm_cmplx_mult_cmplx_q31.c **** 
  94:Drivers/CMSIS/DSP/Source/ComplexMathFunctions/arm_cmplx_mult_cmplx_q31.c ****     out1 = mul1 - mul2;
ARM GAS  C:\Users\17832\AppData\Local\Temp\cc2OpL1S.s 			page 5


 136              		.loc 1 94 5 is_stmt 1 view .LVU38
 137              		.loc 1 94 10 is_stmt 0 view .LVU39
 138 006a CCEB6A03 		rsb	r3, ip, r10, asr #1
 139              	.LVL17:
  95:Drivers/CMSIS/DSP/Source/ComplexMathFunctions/arm_cmplx_mult_cmplx_q31.c ****     out2 = mul3 + mul4;
 140              		.loc 1 95 5 is_stmt 1 view .LVU40
 141              		.loc 1 95 10 is_stmt 0 view .LVU41
 142 006e 04EB6704 		add	r4, r4, r7, asr #1
 143              	.LVL18:
  96:Drivers/CMSIS/DSP/Source/ComplexMathFunctions/arm_cmplx_mult_cmplx_q31.c **** 
  97:Drivers/CMSIS/DSP/Source/ComplexMathFunctions/arm_cmplx_mult_cmplx_q31.c ****     /* store the real result in 3.29 format in the destination buffer. */
  98:Drivers/CMSIS/DSP/Source/ComplexMathFunctions/arm_cmplx_mult_cmplx_q31.c ****     *pDst++ = out1;
 144              		.loc 1 98 5 is_stmt 1 view .LVU42
 145              		.loc 1 98 13 is_stmt 0 view .LVU43
 146 0072 CBF80030 		str	r3, [fp]
 147              	.LVL19:
  99:Drivers/CMSIS/DSP/Source/ComplexMathFunctions/arm_cmplx_mult_cmplx_q31.c ****     /* store the imag result in 3.29 format in the destination buffer. */
 100:Drivers/CMSIS/DSP/Source/ComplexMathFunctions/arm_cmplx_mult_cmplx_q31.c ****     *pDst++ = out2;
 148              		.loc 1 100 5 is_stmt 1 view .LVU44
 149              		.loc 1 100 13 is_stmt 0 view .LVU45
 150 0076 CBF80440 		str	r4, [fp, #4]
 101:Drivers/CMSIS/DSP/Source/ComplexMathFunctions/arm_cmplx_mult_cmplx_q31.c **** 
 102:Drivers/CMSIS/DSP/Source/ComplexMathFunctions/arm_cmplx_mult_cmplx_q31.c ****     a = *pSrcA++;
 151              		.loc 1 102 5 is_stmt 1 view .LVU46
 152              	.LVL20:
 153              		.loc 1 102 7 is_stmt 0 view .LVU47
 154 007a 8768     		ldr	r7, [r0, #8]
 155              	.LVL21:
 103:Drivers/CMSIS/DSP/Source/ComplexMathFunctions/arm_cmplx_mult_cmplx_q31.c ****     b = *pSrcA++;
 156              		.loc 1 103 5 is_stmt 1 view .LVU48
 157              		.loc 1 103 7 is_stmt 0 view .LVU49
 158 007c C268     		ldr	r2, [r0, #12]
 159              	.LVL22:
 104:Drivers/CMSIS/DSP/Source/ComplexMathFunctions/arm_cmplx_mult_cmplx_q31.c ****     c = *pSrcB++;
 160              		.loc 1 104 5 is_stmt 1 view .LVU50
 161              		.loc 1 104 7 is_stmt 0 view .LVU51
 162 007e 019B     		ldr	r3, [sp, #4]
 163              	.LVL23:
 164              		.loc 1 104 7 view .LVU52
 165 0080 9E68     		ldr	r6, [r3, #8]
 166              	.LVL24:
 105:Drivers/CMSIS/DSP/Source/ComplexMathFunctions/arm_cmplx_mult_cmplx_q31.c ****     d = *pSrcB++;
 167              		.loc 1 105 5 is_stmt 1 view .LVU53
 168              		.loc 1 105 7 is_stmt 0 view .LVU54
 169 0082 DC68     		ldr	r4, [r3, #12]
 170              	.LVL25:
 106:Drivers/CMSIS/DSP/Source/ComplexMathFunctions/arm_cmplx_mult_cmplx_q31.c **** 
 107:Drivers/CMSIS/DSP/Source/ComplexMathFunctions/arm_cmplx_mult_cmplx_q31.c ****     mul1 = (q31_t) (((q63_t) a * c) >> 32);
 171              		.loc 1 107 5 is_stmt 1 view .LVU55
 172              		.loc 1 107 22 is_stmt 0 view .LVU56
 173 0084 4FEAE779 		asr	r9, r7, #31
 174              		.loc 1 107 32 view .LVU57
 175 0088 4FEAE678 		asr	r8, r6, #31
 176 008c 07FB08F3 		mul	r3, r7, r8
 177 0090 06FB0933 		mla	r3, r6, r9, r3
 178 0094 A7FB06C5 		umull	ip, r5, r7, r6
 179              	.LVL26:
ARM GAS  C:\Users\17832\AppData\Local\Temp\cc2OpL1S.s 			page 6


 180              		.loc 1 107 32 view .LVU58
 181 0098 03EB050A 		add	r10, r3, r5
 182              	.LVL27:
 108:Drivers/CMSIS/DSP/Source/ComplexMathFunctions/arm_cmplx_mult_cmplx_q31.c ****     mul2 = (q31_t) (((q63_t) b * d) >> 32);
 183              		.loc 1 108 5 is_stmt 1 view .LVU59
 184              		.loc 1 108 22 is_stmt 0 view .LVU60
 185 009c D317     		asrs	r3, r2, #31
 186              		.loc 1 108 32 view .LVU61
 187 009e E517     		asrs	r5, r4, #31
 188 00a0 02FB05FE 		mul	lr, r2, r5
 189 00a4 04FB03E1 		mla	r1, r4, r3, lr
 190 00a8 A2FB04EC 		umull	lr, ip, r2, r4
 191 00ac 8C44     		add	ip, ip, r1
 192              	.LVL28:
 109:Drivers/CMSIS/DSP/Source/ComplexMathFunctions/arm_cmplx_mult_cmplx_q31.c ****     mul3 = (q31_t) (((q63_t) a * d) >> 32);
 193              		.loc 1 109 5 is_stmt 1 view .LVU62
 194              		.loc 1 109 32 is_stmt 0 view .LVU63
 195 00ae 07FB05F5 		mul	r5, r7, r5
 196 00b2 04FB0959 		mla	r9, r4, r9, r5
 197 00b6 A7FB0474 		umull	r7, r4, r7, r4
 198              	.LVL29:
 199              		.loc 1 109 32 view .LVU64
 200 00ba 09EB0407 		add	r7, r9, r4
 201              	.LVL30:
 110:Drivers/CMSIS/DSP/Source/ComplexMathFunctions/arm_cmplx_mult_cmplx_q31.c ****     mul4 = (q31_t) (((q63_t) b * c) >> 32);
 202              		.loc 1 110 5 is_stmt 1 view .LVU65
 203              		.loc 1 110 32 is_stmt 0 view .LVU66
 204 00be 06FB03F4 		mul	r4, r6, r3
 205 00c2 02FB0844 		mla	r4, r2, r8, r4
 206 00c6 A6FB0262 		umull	r6, r2, r6, r2
 207              	.LVL31:
 208              		.loc 1 110 32 view .LVU67
 209 00ca 1444     		add	r4, r4, r2
 210              	.LVL32:
 111:Drivers/CMSIS/DSP/Source/ComplexMathFunctions/arm_cmplx_mult_cmplx_q31.c **** 
 112:Drivers/CMSIS/DSP/Source/ComplexMathFunctions/arm_cmplx_mult_cmplx_q31.c ****     mul1 = (mul1 >> 1);
 211              		.loc 1 112 5 is_stmt 1 view .LVU68
 113:Drivers/CMSIS/DSP/Source/ComplexMathFunctions/arm_cmplx_mult_cmplx_q31.c ****     mul2 = (mul2 >> 1);
 212              		.loc 1 113 5 view .LVU69
 213              		.loc 1 113 10 is_stmt 0 view .LVU70
 214 00cc 4FEA6C0C 		asr	ip, ip, #1
 215              	.LVL33:
 114:Drivers/CMSIS/DSP/Source/ComplexMathFunctions/arm_cmplx_mult_cmplx_q31.c ****     mul3 = (mul3 >> 1);
 216              		.loc 1 114 5 is_stmt 1 view .LVU71
 115:Drivers/CMSIS/DSP/Source/ComplexMathFunctions/arm_cmplx_mult_cmplx_q31.c ****     mul4 = (mul4 >> 1);
 217              		.loc 1 115 5 view .LVU72
 218              		.loc 1 115 10 is_stmt 0 view .LVU73
 219 00d0 6410     		asrs	r4, r4, #1
 220              	.LVL34:
 116:Drivers/CMSIS/DSP/Source/ComplexMathFunctions/arm_cmplx_mult_cmplx_q31.c **** 
 117:Drivers/CMSIS/DSP/Source/ComplexMathFunctions/arm_cmplx_mult_cmplx_q31.c ****     out1 = mul1 - mul2;
 221              		.loc 1 117 5 is_stmt 1 view .LVU74
 222              		.loc 1 117 10 is_stmt 0 view .LVU75
 223 00d2 CCEB6A03 		rsb	r3, ip, r10, asr #1
 224              	.LVL35:
 118:Drivers/CMSIS/DSP/Source/ComplexMathFunctions/arm_cmplx_mult_cmplx_q31.c ****     out2 = mul3 + mul4;
 225              		.loc 1 118 5 is_stmt 1 view .LVU76
ARM GAS  C:\Users\17832\AppData\Local\Temp\cc2OpL1S.s 			page 7


 226              		.loc 1 118 10 is_stmt 0 view .LVU77
 227 00d6 04EB6704 		add	r4, r4, r7, asr #1
 228              	.LVL36:
 119:Drivers/CMSIS/DSP/Source/ComplexMathFunctions/arm_cmplx_mult_cmplx_q31.c **** 
 120:Drivers/CMSIS/DSP/Source/ComplexMathFunctions/arm_cmplx_mult_cmplx_q31.c ****     /* store the real result in 3.29 format in the destination buffer. */
 121:Drivers/CMSIS/DSP/Source/ComplexMathFunctions/arm_cmplx_mult_cmplx_q31.c ****     *pDst++ = out1;
 229              		.loc 1 121 5 is_stmt 1 view .LVU78
 230              		.loc 1 121 13 is_stmt 0 view .LVU79
 231 00da CBF80830 		str	r3, [fp, #8]
 232              	.LVL37:
 122:Drivers/CMSIS/DSP/Source/ComplexMathFunctions/arm_cmplx_mult_cmplx_q31.c ****     /* store the imag result in 3.29 format in the destination buffer. */
 123:Drivers/CMSIS/DSP/Source/ComplexMathFunctions/arm_cmplx_mult_cmplx_q31.c ****     *pDst++ = out2;
 233              		.loc 1 123 5 is_stmt 1 view .LVU80
 234              		.loc 1 123 13 is_stmt 0 view .LVU81
 235 00de CBF80C40 		str	r4, [fp, #12]
 124:Drivers/CMSIS/DSP/Source/ComplexMathFunctions/arm_cmplx_mult_cmplx_q31.c **** 
 125:Drivers/CMSIS/DSP/Source/ComplexMathFunctions/arm_cmplx_mult_cmplx_q31.c ****     a = *pSrcA++;
 236              		.loc 1 125 5 is_stmt 1 view .LVU82
 237              	.LVL38:
 238              		.loc 1 125 7 is_stmt 0 view .LVU83
 239 00e2 0769     		ldr	r7, [r0, #16]
 240              	.LVL39:
 126:Drivers/CMSIS/DSP/Source/ComplexMathFunctions/arm_cmplx_mult_cmplx_q31.c ****     b = *pSrcA++;
 241              		.loc 1 126 5 is_stmt 1 view .LVU84
 242              		.loc 1 126 7 is_stmt 0 view .LVU85
 243 00e4 4269     		ldr	r2, [r0, #20]
 244              	.LVL40:
 127:Drivers/CMSIS/DSP/Source/ComplexMathFunctions/arm_cmplx_mult_cmplx_q31.c ****     c = *pSrcB++;
 245              		.loc 1 127 5 is_stmt 1 view .LVU86
 246              		.loc 1 127 7 is_stmt 0 view .LVU87
 247 00e6 019B     		ldr	r3, [sp, #4]
 248              	.LVL41:
 249              		.loc 1 127 7 view .LVU88
 250 00e8 1E69     		ldr	r6, [r3, #16]
 251              	.LVL42:
 128:Drivers/CMSIS/DSP/Source/ComplexMathFunctions/arm_cmplx_mult_cmplx_q31.c ****     d = *pSrcB++;
 252              		.loc 1 128 5 is_stmt 1 view .LVU89
 253              		.loc 1 128 7 is_stmt 0 view .LVU90
 254 00ea 5C69     		ldr	r4, [r3, #20]
 255              	.LVL43:
 129:Drivers/CMSIS/DSP/Source/ComplexMathFunctions/arm_cmplx_mult_cmplx_q31.c **** 
 130:Drivers/CMSIS/DSP/Source/ComplexMathFunctions/arm_cmplx_mult_cmplx_q31.c ****     mul1 = (q31_t) (((q63_t) a * c) >> 32);
 256              		.loc 1 130 5 is_stmt 1 view .LVU91
 257              		.loc 1 130 22 is_stmt 0 view .LVU92
 258 00ec 4FEAE779 		asr	r9, r7, #31
 259              		.loc 1 130 32 view .LVU93
 260 00f0 4FEAE678 		asr	r8, r6, #31
 261 00f4 07FB08F3 		mul	r3, r7, r8
 262 00f8 06FB0933 		mla	r3, r6, r9, r3
 263 00fc A7FB06C5 		umull	ip, r5, r7, r6
 264              	.LVL44:
 265              		.loc 1 130 32 view .LVU94
 266 0100 03EB050A 		add	r10, r3, r5
 267              	.LVL45:
 131:Drivers/CMSIS/DSP/Source/ComplexMathFunctions/arm_cmplx_mult_cmplx_q31.c ****     mul2 = (q31_t) (((q63_t) b * d) >> 32);
 268              		.loc 1 131 5 is_stmt 1 view .LVU95
 269              		.loc 1 131 22 is_stmt 0 view .LVU96
ARM GAS  C:\Users\17832\AppData\Local\Temp\cc2OpL1S.s 			page 8


 270 0104 D317     		asrs	r3, r2, #31
 271              		.loc 1 131 32 view .LVU97
 272 0106 E517     		asrs	r5, r4, #31
 273 0108 02FB05FE 		mul	lr, r2, r5
 274 010c 04FB03E1 		mla	r1, r4, r3, lr
 275 0110 A2FB04EC 		umull	lr, ip, r2, r4
 276 0114 8C44     		add	ip, ip, r1
 277              	.LVL46:
 132:Drivers/CMSIS/DSP/Source/ComplexMathFunctions/arm_cmplx_mult_cmplx_q31.c ****     mul3 = (q31_t) (((q63_t) a * d) >> 32);
 278              		.loc 1 132 5 is_stmt 1 view .LVU98
 279              		.loc 1 132 32 is_stmt 0 view .LVU99
 280 0116 07FB05F5 		mul	r5, r7, r5
 281 011a 04FB0959 		mla	r9, r4, r9, r5
 282 011e A7FB0474 		umull	r7, r4, r7, r4
 283              	.LVL47:
 284              		.loc 1 132 32 view .LVU100
 285 0122 09EB0407 		add	r7, r9, r4
 286              	.LVL48:
 133:Drivers/CMSIS/DSP/Source/ComplexMathFunctions/arm_cmplx_mult_cmplx_q31.c ****     mul4 = (q31_t) (((q63_t) b * c) >> 32);
 287              		.loc 1 133 5 is_stmt 1 view .LVU101
 288              		.loc 1 133 32 is_stmt 0 view .LVU102
 289 0126 06FB03F4 		mul	r4, r6, r3
 290 012a 02FB0844 		mla	r4, r2, r8, r4
 291 012e A6FB0262 		umull	r6, r2, r6, r2
 292              	.LVL49:
 293              		.loc 1 133 32 view .LVU103
 294 0132 1444     		add	r4, r4, r2
 295              	.LVL50:
 134:Drivers/CMSIS/DSP/Source/ComplexMathFunctions/arm_cmplx_mult_cmplx_q31.c **** 
 135:Drivers/CMSIS/DSP/Source/ComplexMathFunctions/arm_cmplx_mult_cmplx_q31.c ****     mul1 = (mul1 >> 1);
 296              		.loc 1 135 5 is_stmt 1 view .LVU104
 136:Drivers/CMSIS/DSP/Source/ComplexMathFunctions/arm_cmplx_mult_cmplx_q31.c ****     mul2 = (mul2 >> 1);
 297              		.loc 1 136 5 view .LVU105
 298              		.loc 1 136 10 is_stmt 0 view .LVU106
 299 0134 4FEA6C0C 		asr	ip, ip, #1
 300              	.LVL51:
 137:Drivers/CMSIS/DSP/Source/ComplexMathFunctions/arm_cmplx_mult_cmplx_q31.c ****     mul3 = (mul3 >> 1);
 301              		.loc 1 137 5 is_stmt 1 view .LVU107
 138:Drivers/CMSIS/DSP/Source/ComplexMathFunctions/arm_cmplx_mult_cmplx_q31.c ****     mul4 = (mul4 >> 1);
 302              		.loc 1 138 5 view .LVU108
 303              		.loc 1 138 10 is_stmt 0 view .LVU109
 304 0138 6410     		asrs	r4, r4, #1
 305              	.LVL52:
 139:Drivers/CMSIS/DSP/Source/ComplexMathFunctions/arm_cmplx_mult_cmplx_q31.c **** 
 140:Drivers/CMSIS/DSP/Source/ComplexMathFunctions/arm_cmplx_mult_cmplx_q31.c ****     out1 = mul1 - mul2;
 306              		.loc 1 140 5 is_stmt 1 view .LVU110
 307              		.loc 1 140 10 is_stmt 0 view .LVU111
 308 013a CCEB6A03 		rsb	r3, ip, r10, asr #1
 309              	.LVL53:
 141:Drivers/CMSIS/DSP/Source/ComplexMathFunctions/arm_cmplx_mult_cmplx_q31.c ****     out2 = mul3 + mul4;
 310              		.loc 1 141 5 is_stmt 1 view .LVU112
 311              		.loc 1 141 10 is_stmt 0 view .LVU113
 312 013e 04EB6704 		add	r4, r4, r7, asr #1
 313              	.LVL54:
 142:Drivers/CMSIS/DSP/Source/ComplexMathFunctions/arm_cmplx_mult_cmplx_q31.c **** 
 143:Drivers/CMSIS/DSP/Source/ComplexMathFunctions/arm_cmplx_mult_cmplx_q31.c ****     /* store the real result in 3.29 format in the destination buffer. */
 144:Drivers/CMSIS/DSP/Source/ComplexMathFunctions/arm_cmplx_mult_cmplx_q31.c ****     *pDst++ = out1;
ARM GAS  C:\Users\17832\AppData\Local\Temp\cc2OpL1S.s 			page 9


 314              		.loc 1 144 5 is_stmt 1 view .LVU114
 315              		.loc 1 144 13 is_stmt 0 view .LVU115
 316 0142 CBF81030 		str	r3, [fp, #16]
 317              	.LVL55:
 145:Drivers/CMSIS/DSP/Source/ComplexMathFunctions/arm_cmplx_mult_cmplx_q31.c ****     /* store the imag result in 3.29 format in the destination buffer. */
 146:Drivers/CMSIS/DSP/Source/ComplexMathFunctions/arm_cmplx_mult_cmplx_q31.c ****     *pDst++ = out2;
 318              		.loc 1 146 5 is_stmt 1 view .LVU116
 319              		.loc 1 146 13 is_stmt 0 view .LVU117
 320 0146 CBF81440 		str	r4, [fp, #20]
 147:Drivers/CMSIS/DSP/Source/ComplexMathFunctions/arm_cmplx_mult_cmplx_q31.c **** 
 148:Drivers/CMSIS/DSP/Source/ComplexMathFunctions/arm_cmplx_mult_cmplx_q31.c ****     a = *pSrcA++;
 321              		.loc 1 148 5 is_stmt 1 view .LVU118
 322              	.LVL56:
 323              		.loc 1 148 7 is_stmt 0 view .LVU119
 324 014a 8769     		ldr	r7, [r0, #24]
 325              	.LVL57:
 149:Drivers/CMSIS/DSP/Source/ComplexMathFunctions/arm_cmplx_mult_cmplx_q31.c ****     b = *pSrcA++;
 326              		.loc 1 149 5 is_stmt 1 view .LVU120
 327              		.loc 1 149 7 is_stmt 0 view .LVU121
 328 014c C269     		ldr	r2, [r0, #28]
 329              	.LVL58:
 150:Drivers/CMSIS/DSP/Source/ComplexMathFunctions/arm_cmplx_mult_cmplx_q31.c ****     c = *pSrcB++;
 330              		.loc 1 150 5 is_stmt 1 view .LVU122
 331              		.loc 1 150 7 is_stmt 0 view .LVU123
 332 014e 019B     		ldr	r3, [sp, #4]
 333              	.LVL59:
 334              		.loc 1 150 7 view .LVU124
 335 0150 9E69     		ldr	r6, [r3, #24]
 336              	.LVL60:
 151:Drivers/CMSIS/DSP/Source/ComplexMathFunctions/arm_cmplx_mult_cmplx_q31.c ****     d = *pSrcB++;
 337              		.loc 1 151 5 is_stmt 1 view .LVU125
 338              		.loc 1 151 7 is_stmt 0 view .LVU126
 339 0152 DC69     		ldr	r4, [r3, #28]
 340              	.LVL61:
 152:Drivers/CMSIS/DSP/Source/ComplexMathFunctions/arm_cmplx_mult_cmplx_q31.c **** 
 153:Drivers/CMSIS/DSP/Source/ComplexMathFunctions/arm_cmplx_mult_cmplx_q31.c ****     mul1 = (q31_t) (((q63_t) a * c) >> 32);
 341              		.loc 1 153 5 is_stmt 1 view .LVU127
 342              		.loc 1 153 22 is_stmt 0 view .LVU128
 343 0154 4FEAE779 		asr	r9, r7, #31
 344              		.loc 1 153 32 view .LVU129
 345 0158 4FEAE678 		asr	r8, r6, #31
 346 015c 07FB08F3 		mul	r3, r7, r8
 347 0160 06FB0933 		mla	r3, r6, r9, r3
 348 0164 A7FB06C5 		umull	ip, r5, r7, r6
 349              	.LVL62:
 350              		.loc 1 153 32 view .LVU130
 351 0168 03EB050A 		add	r10, r3, r5
 352              	.LVL63:
 154:Drivers/CMSIS/DSP/Source/ComplexMathFunctions/arm_cmplx_mult_cmplx_q31.c ****     mul2 = (q31_t) (((q63_t) b * d) >> 32);
 353              		.loc 1 154 5 is_stmt 1 view .LVU131
 354              		.loc 1 154 22 is_stmt 0 view .LVU132
 355 016c D317     		asrs	r3, r2, #31
 356              		.loc 1 154 32 view .LVU133
 357 016e E517     		asrs	r5, r4, #31
 358 0170 02FB05FE 		mul	lr, r2, r5
 359 0174 04FB03E1 		mla	r1, r4, r3, lr
 360 0178 A2FB04EC 		umull	lr, ip, r2, r4
ARM GAS  C:\Users\17832\AppData\Local\Temp\cc2OpL1S.s 			page 10


 361 017c 8C44     		add	ip, ip, r1
 362              	.LVL64:
 155:Drivers/CMSIS/DSP/Source/ComplexMathFunctions/arm_cmplx_mult_cmplx_q31.c ****     mul3 = (q31_t) (((q63_t) a * d) >> 32);
 363              		.loc 1 155 5 is_stmt 1 view .LVU134
 364              		.loc 1 155 32 is_stmt 0 view .LVU135
 365 017e 07FB05F5 		mul	r5, r7, r5
 366 0182 04FB0959 		mla	r9, r4, r9, r5
 367 0186 A7FB0474 		umull	r7, r4, r7, r4
 368              	.LVL65:
 369              		.loc 1 155 32 view .LVU136
 370 018a 09EB0407 		add	r7, r9, r4
 371              	.LVL66:
 156:Drivers/CMSIS/DSP/Source/ComplexMathFunctions/arm_cmplx_mult_cmplx_q31.c ****     mul4 = (q31_t) (((q63_t) b * c) >> 32);
 372              		.loc 1 156 5 is_stmt 1 view .LVU137
 373              		.loc 1 156 32 is_stmt 0 view .LVU138
 374 018e 06FB03F4 		mul	r4, r6, r3
 375 0192 02FB0844 		mla	r4, r2, r8, r4
 376 0196 A6FB0262 		umull	r6, r2, r6, r2
 377              	.LVL67:
 378              		.loc 1 156 32 view .LVU139
 379 019a 1444     		add	r4, r4, r2
 380              	.LVL68:
 157:Drivers/CMSIS/DSP/Source/ComplexMathFunctions/arm_cmplx_mult_cmplx_q31.c **** 
 158:Drivers/CMSIS/DSP/Source/ComplexMathFunctions/arm_cmplx_mult_cmplx_q31.c ****     mul1 = (mul1 >> 1);
 381              		.loc 1 158 5 is_stmt 1 view .LVU140
 159:Drivers/CMSIS/DSP/Source/ComplexMathFunctions/arm_cmplx_mult_cmplx_q31.c ****     mul2 = (mul2 >> 1);
 382              		.loc 1 159 5 view .LVU141
 383              		.loc 1 159 10 is_stmt 0 view .LVU142
 384 019c 4FEA6C0C 		asr	ip, ip, #1
 385              	.LVL69:
 160:Drivers/CMSIS/DSP/Source/ComplexMathFunctions/arm_cmplx_mult_cmplx_q31.c ****     mul3 = (mul3 >> 1);
 386              		.loc 1 160 5 is_stmt 1 view .LVU143
 161:Drivers/CMSIS/DSP/Source/ComplexMathFunctions/arm_cmplx_mult_cmplx_q31.c ****     mul4 = (mul4 >> 1);
 387              		.loc 1 161 5 view .LVU144
 388              		.loc 1 161 10 is_stmt 0 view .LVU145
 389 01a0 6410     		asrs	r4, r4, #1
 390              	.LVL70:
 162:Drivers/CMSIS/DSP/Source/ComplexMathFunctions/arm_cmplx_mult_cmplx_q31.c **** 
 163:Drivers/CMSIS/DSP/Source/ComplexMathFunctions/arm_cmplx_mult_cmplx_q31.c ****     out1 = mul1 - mul2;
 391              		.loc 1 163 5 is_stmt 1 view .LVU146
 392              		.loc 1 163 10 is_stmt 0 view .LVU147
 393 01a2 CCEB6A03 		rsb	r3, ip, r10, asr #1
 394              	.LVL71:
 164:Drivers/CMSIS/DSP/Source/ComplexMathFunctions/arm_cmplx_mult_cmplx_q31.c ****     out2 = mul3 + mul4;
 395              		.loc 1 164 5 is_stmt 1 view .LVU148
 396              		.loc 1 164 10 is_stmt 0 view .LVU149
 397 01a6 04EB6704 		add	r4, r4, r7, asr #1
 398              	.LVL72:
 165:Drivers/CMSIS/DSP/Source/ComplexMathFunctions/arm_cmplx_mult_cmplx_q31.c **** 
 166:Drivers/CMSIS/DSP/Source/ComplexMathFunctions/arm_cmplx_mult_cmplx_q31.c ****     /* store the real result in 3.29 format in the destination buffer. */
 167:Drivers/CMSIS/DSP/Source/ComplexMathFunctions/arm_cmplx_mult_cmplx_q31.c ****     *pDst++ = out1;
 399              		.loc 1 167 5 is_stmt 1 view .LVU150
 400              		.loc 1 167 13 is_stmt 0 view .LVU151
 401 01aa CBF81830 		str	r3, [fp, #24]
 402              	.LVL73:
 168:Drivers/CMSIS/DSP/Source/ComplexMathFunctions/arm_cmplx_mult_cmplx_q31.c ****     /* store the imag result in 3.29 format in the destination buffer. */
 169:Drivers/CMSIS/DSP/Source/ComplexMathFunctions/arm_cmplx_mult_cmplx_q31.c ****     *pDst++ = out2;
ARM GAS  C:\Users\17832\AppData\Local\Temp\cc2OpL1S.s 			page 11


 403              		.loc 1 169 5 is_stmt 1 view .LVU152
 404              		.loc 1 169 13 is_stmt 0 view .LVU153
 405 01ae CBF81C40 		str	r4, [fp, #28]
 170:Drivers/CMSIS/DSP/Source/ComplexMathFunctions/arm_cmplx_mult_cmplx_q31.c **** 
 171:Drivers/CMSIS/DSP/Source/ComplexMathFunctions/arm_cmplx_mult_cmplx_q31.c ****     /* Decrement the blockSize loop counter */
 172:Drivers/CMSIS/DSP/Source/ComplexMathFunctions/arm_cmplx_mult_cmplx_q31.c ****     blkCnt--;
 406              		.loc 1 172 5 is_stmt 1 view .LVU154
 407              		.loc 1 172 11 is_stmt 0 view .LVU155
 408 01b2 029B     		ldr	r3, [sp, #8]
 409              	.LVL74:
 410              		.loc 1 172 11 view .LVU156
 411 01b4 013B     		subs	r3, r3, #1
 412 01b6 0293     		str	r3, [sp, #8]
 413              	.LVL75:
 169:Drivers/CMSIS/DSP/Source/ComplexMathFunctions/arm_cmplx_mult_cmplx_q31.c **** 
 414              		.loc 1 169 10 view .LVU157
 415 01b8 0BF1200B 		add	fp, fp, #32
 416              	.LVL76:
 151:Drivers/CMSIS/DSP/Source/ComplexMathFunctions/arm_cmplx_mult_cmplx_q31.c **** 
 417              		.loc 1 151 15 view .LVU158
 418 01bc 019B     		ldr	r3, [sp, #4]
 419              	.LVL77:
 151:Drivers/CMSIS/DSP/Source/ComplexMathFunctions/arm_cmplx_mult_cmplx_q31.c **** 
 420              		.loc 1 151 15 view .LVU159
 421 01be 2033     		adds	r3, r3, #32
 422              	.LVL78:
 151:Drivers/CMSIS/DSP/Source/ComplexMathFunctions/arm_cmplx_mult_cmplx_q31.c **** 
 423              		.loc 1 151 15 view .LVU160
 424 01c0 0193     		str	r3, [sp, #4]
 149:Drivers/CMSIS/DSP/Source/ComplexMathFunctions/arm_cmplx_mult_cmplx_q31.c ****     c = *pSrcB++;
 425              		.loc 1 149 15 view .LVU161
 426 01c2 2030     		adds	r0, r0, #32
 427              	.LVL79:
 428              	.L2:
  75:Drivers/CMSIS/DSP/Source/ComplexMathFunctions/arm_cmplx_mult_cmplx_q31.c ****   {
 429              		.loc 1 75 9 is_stmt 1 view .LVU162
 430 01c4 029B     		ldr	r3, [sp, #8]
 431 01c6 002B     		cmp	r3, #0
 432 01c8 7FF423AF 		bne	.L3
 173:Drivers/CMSIS/DSP/Source/ComplexMathFunctions/arm_cmplx_mult_cmplx_q31.c ****   }
 174:Drivers/CMSIS/DSP/Source/ComplexMathFunctions/arm_cmplx_mult_cmplx_q31.c **** 
 175:Drivers/CMSIS/DSP/Source/ComplexMathFunctions/arm_cmplx_mult_cmplx_q31.c ****   /* If the blockSize is not a multiple of 4, compute any remaining output samples here.
 176:Drivers/CMSIS/DSP/Source/ComplexMathFunctions/arm_cmplx_mult_cmplx_q31.c ****    ** No loop unrolling is used. */
 177:Drivers/CMSIS/DSP/Source/ComplexMathFunctions/arm_cmplx_mult_cmplx_q31.c ****   blkCnt = numSamples % 0x4U;
 433              		.loc 1 177 10 is_stmt 0 view .LVU163
 434 01cc 0199     		ldr	r1, [sp, #4]
 435              		.loc 1 177 3 is_stmt 1 view .LVU164
 436              		.loc 1 177 10 is_stmt 0 view .LVU165
 437 01ce 039B     		ldr	r3, [sp, #12]
 438 01d0 03F00303 		and	r3, r3, #3
 439              	.LVL80:
 178:Drivers/CMSIS/DSP/Source/ComplexMathFunctions/arm_cmplx_mult_cmplx_q31.c **** 
 179:Drivers/CMSIS/DSP/Source/ComplexMathFunctions/arm_cmplx_mult_cmplx_q31.c ****   while (blkCnt > 0U)
 440              		.loc 1 179 3 is_stmt 1 view .LVU166
 441 01d4 9846     		mov	r8, r3
 442 01d6 CDF808B0 		str	fp, [sp, #8]
 443              		.loc 1 179 9 is_stmt 0 view .LVU167
ARM GAS  C:\Users\17832\AppData\Local\Temp\cc2OpL1S.s 			page 12


 444 01da 3DE0     		b	.L4
 445              	.LVL81:
 446              	.L5:
 180:Drivers/CMSIS/DSP/Source/ComplexMathFunctions/arm_cmplx_mult_cmplx_q31.c ****   {
 181:Drivers/CMSIS/DSP/Source/ComplexMathFunctions/arm_cmplx_mult_cmplx_q31.c ****     /* C[2 * i] = A[2 * i] * B[2 * i] - A[2 * i + 1] * B[2 * i + 1].  */
 182:Drivers/CMSIS/DSP/Source/ComplexMathFunctions/arm_cmplx_mult_cmplx_q31.c ****     /* C[2 * i + 1] = A[2 * i] * B[2 * i + 1] + A[2 * i + 1] * B[2 * i].  */
 183:Drivers/CMSIS/DSP/Source/ComplexMathFunctions/arm_cmplx_mult_cmplx_q31.c ****     a = *pSrcA++;
 447              		.loc 1 183 5 is_stmt 1 view .LVU168
 448              		.loc 1 183 7 is_stmt 0 view .LVU169
 449 01dc 0746     		mov	r7, r0
 450 01de 57F8085B 		ldr	r5, [r7], #8
 451              	.LVL82:
 184:Drivers/CMSIS/DSP/Source/ComplexMathFunctions/arm_cmplx_mult_cmplx_q31.c ****     b = *pSrcA++;
 452              		.loc 1 184 5 is_stmt 1 view .LVU170
 453              		.loc 1 184 7 is_stmt 0 view .LVU171
 454 01e2 4268     		ldr	r2, [r0, #4]
 455              	.LVL83:
 185:Drivers/CMSIS/DSP/Source/ComplexMathFunctions/arm_cmplx_mult_cmplx_q31.c ****     c = *pSrcB++;
 456              		.loc 1 185 5 is_stmt 1 view .LVU172
 457              		.loc 1 185 7 is_stmt 0 view .LVU173
 458 01e4 8C46     		mov	ip, r1
 459 01e6 5CF8084B 		ldr	r4, [ip], #8
 460              	.LVL84:
 186:Drivers/CMSIS/DSP/Source/ComplexMathFunctions/arm_cmplx_mult_cmplx_q31.c ****     d = *pSrcB++;
 461              		.loc 1 186 5 is_stmt 1 view .LVU174
 462              		.loc 1 186 7 is_stmt 0 view .LVU175
 463 01ea 4968     		ldr	r1, [r1, #4]
 464              	.LVL85:
 187:Drivers/CMSIS/DSP/Source/ComplexMathFunctions/arm_cmplx_mult_cmplx_q31.c **** 
 188:Drivers/CMSIS/DSP/Source/ComplexMathFunctions/arm_cmplx_mult_cmplx_q31.c ****     mul1 = (q31_t) (((q63_t) a * c) >> 32);
 465              		.loc 1 188 5 is_stmt 1 view .LVU176
 466              		.loc 1 188 22 is_stmt 0 view .LVU177
 467 01ec 4FEAE57A 		asr	r10, r5, #31
 468              		.loc 1 188 32 view .LVU178
 469 01f0 4FEAE479 		asr	r9, r4, #31
 470 01f4 05FB09F3 		mul	r3, r5, r9
 471 01f8 04FB0A33 		mla	r3, r4, r10, r3
 472 01fc A5FB0460 		umull	r6, r0, r5, r4
 473 0200 03EB000B 		add	fp, r3, r0
 474              	.LVL86:
 189:Drivers/CMSIS/DSP/Source/ComplexMathFunctions/arm_cmplx_mult_cmplx_q31.c ****     mul2 = (q31_t) (((q63_t) b * d) >> 32);
 475              		.loc 1 189 5 is_stmt 1 view .LVU179
 476              		.loc 1 189 22 is_stmt 0 view .LVU180
 477 0204 D317     		asrs	r3, r2, #31
 478 0206 0193     		str	r3, [sp, #4]
 479              		.loc 1 189 32 view .LVU181
 480 0208 C817     		asrs	r0, r1, #31
 481 020a 02FB00FE 		mul	lr, r2, r0
 482 020e 01FB03E3 		mla	r3, r1, r3, lr
 483 0212 A2FB01E6 		umull	lr, r6, r2, r1
 484 0216 1E44     		add	r6, r6, r3
 485              	.LVL87:
 190:Drivers/CMSIS/DSP/Source/ComplexMathFunctions/arm_cmplx_mult_cmplx_q31.c ****     mul3 = (q31_t) (((q63_t) a * d) >> 32);
 486              		.loc 1 190 5 is_stmt 1 view .LVU182
 487              		.loc 1 190 32 is_stmt 0 view .LVU183
 488 0218 05FB00F0 		mul	r0, r5, r0
 489 021c 01FB0A0A 		mla	r10, r1, r10, r0
ARM GAS  C:\Users\17832\AppData\Local\Temp\cc2OpL1S.s 			page 13


 490 0220 A5FB0151 		umull	r5, r1, r5, r1
 491              	.LVL88:
 492              		.loc 1 190 32 view .LVU184
 493 0224 0AEB0105 		add	r5, r10, r1
 494              	.LVL89:
 191:Drivers/CMSIS/DSP/Source/ComplexMathFunctions/arm_cmplx_mult_cmplx_q31.c ****     mul4 = (q31_t) (((q63_t) b * c) >> 32);
 495              		.loc 1 191 5 is_stmt 1 view .LVU185
 496              		.loc 1 191 32 is_stmt 0 view .LVU186
 497 0228 0199     		ldr	r1, [sp, #4]
 498 022a 04FB01F1 		mul	r1, r4, r1
 499 022e 02FB0911 		mla	r1, r2, r9, r1
 500 0232 A4FB0242 		umull	r4, r2, r4, r2
 501              	.LVL90:
 502              		.loc 1 191 32 view .LVU187
 503 0236 1144     		add	r1, r1, r2
 504              	.LVL91:
 192:Drivers/CMSIS/DSP/Source/ComplexMathFunctions/arm_cmplx_mult_cmplx_q31.c **** 
 193:Drivers/CMSIS/DSP/Source/ComplexMathFunctions/arm_cmplx_mult_cmplx_q31.c ****     mul1 = (mul1 >> 1);
 505              		.loc 1 193 5 is_stmt 1 view .LVU188
 194:Drivers/CMSIS/DSP/Source/ComplexMathFunctions/arm_cmplx_mult_cmplx_q31.c ****     mul2 = (mul2 >> 1);
 506              		.loc 1 194 5 view .LVU189
 507              		.loc 1 194 10 is_stmt 0 view .LVU190
 508 0238 7610     		asrs	r6, r6, #1
 509              	.LVL92:
 195:Drivers/CMSIS/DSP/Source/ComplexMathFunctions/arm_cmplx_mult_cmplx_q31.c ****     mul3 = (mul3 >> 1);
 510              		.loc 1 195 5 is_stmt 1 view .LVU191
 196:Drivers/CMSIS/DSP/Source/ComplexMathFunctions/arm_cmplx_mult_cmplx_q31.c ****     mul4 = (mul4 >> 1);
 511              		.loc 1 196 5 view .LVU192
 512              		.loc 1 196 10 is_stmt 0 view .LVU193
 513 023a 4910     		asrs	r1, r1, #1
 514              	.LVL93:
 197:Drivers/CMSIS/DSP/Source/ComplexMathFunctions/arm_cmplx_mult_cmplx_q31.c **** 
 198:Drivers/CMSIS/DSP/Source/ComplexMathFunctions/arm_cmplx_mult_cmplx_q31.c ****     out1 = mul1 - mul2;
 515              		.loc 1 198 5 is_stmt 1 view .LVU194
 516              		.loc 1 198 10 is_stmt 0 view .LVU195
 517 023c C6EB6B06 		rsb	r6, r6, fp, asr #1
 518              	.LVL94:
 199:Drivers/CMSIS/DSP/Source/ComplexMathFunctions/arm_cmplx_mult_cmplx_q31.c ****     out2 = mul3 + mul4;
 519              		.loc 1 199 5 is_stmt 1 view .LVU196
 520              		.loc 1 199 10 is_stmt 0 view .LVU197
 521 0240 01EB6501 		add	r1, r1, r5, asr #1
 522              	.LVL95:
 200:Drivers/CMSIS/DSP/Source/ComplexMathFunctions/arm_cmplx_mult_cmplx_q31.c **** 
 201:Drivers/CMSIS/DSP/Source/ComplexMathFunctions/arm_cmplx_mult_cmplx_q31.c ****     /* store the real result in 3.29 format in the destination buffer. */
 202:Drivers/CMSIS/DSP/Source/ComplexMathFunctions/arm_cmplx_mult_cmplx_q31.c ****     *pDst++ = out1;
 523              		.loc 1 202 5 is_stmt 1 view .LVU198
 524              		.loc 1 202 13 is_stmt 0 view .LVU199
 525 0244 029A     		ldr	r2, [sp, #8]
 526              	.LVL96:
 527              		.loc 1 202 13 view .LVU200
 528 0246 1346     		mov	r3, r2
 529              	.LVL97:
 530              		.loc 1 202 13 view .LVU201
 531 0248 43F8086B 		str	r6, [r3], #8
 532              	.LVL98:
 203:Drivers/CMSIS/DSP/Source/ComplexMathFunctions/arm_cmplx_mult_cmplx_q31.c ****     /* store the imag result in 3.29 format in the destination buffer. */
 204:Drivers/CMSIS/DSP/Source/ComplexMathFunctions/arm_cmplx_mult_cmplx_q31.c ****     *pDst++ = out2;
ARM GAS  C:\Users\17832\AppData\Local\Temp\cc2OpL1S.s 			page 14


 533              		.loc 1 204 5 is_stmt 1 view .LVU202
 534              		.loc 1 204 13 is_stmt 0 view .LVU203
 535 024c 5160     		str	r1, [r2, #4]
 205:Drivers/CMSIS/DSP/Source/ComplexMathFunctions/arm_cmplx_mult_cmplx_q31.c **** 
 206:Drivers/CMSIS/DSP/Source/ComplexMathFunctions/arm_cmplx_mult_cmplx_q31.c ****     /* Decrement the blockSize loop counter */
 207:Drivers/CMSIS/DSP/Source/ComplexMathFunctions/arm_cmplx_mult_cmplx_q31.c ****     blkCnt--;
 536              		.loc 1 207 5 is_stmt 1 view .LVU204
 537              		.loc 1 207 11 is_stmt 0 view .LVU205
 538 024e 08F1FF38 		add	r8, r8, #-1
 539              	.LVL99:
 204:Drivers/CMSIS/DSP/Source/ComplexMathFunctions/arm_cmplx_mult_cmplx_q31.c **** 
 540              		.loc 1 204 10 view .LVU206
 541 0252 0293     		str	r3, [sp, #8]
 186:Drivers/CMSIS/DSP/Source/ComplexMathFunctions/arm_cmplx_mult_cmplx_q31.c **** 
 542              		.loc 1 186 15 view .LVU207
 543 0254 6146     		mov	r1, ip
 544              	.LVL100:
 184:Drivers/CMSIS/DSP/Source/ComplexMathFunctions/arm_cmplx_mult_cmplx_q31.c ****     c = *pSrcB++;
 545              		.loc 1 184 15 view .LVU208
 546 0256 3846     		mov	r0, r7
 547              	.LVL101:
 548              	.L4:
 179:Drivers/CMSIS/DSP/Source/ComplexMathFunctions/arm_cmplx_mult_cmplx_q31.c ****   {
 549              		.loc 1 179 9 is_stmt 1 view .LVU209
 550 0258 B8F1000F 		cmp	r8, #0
 551 025c BED1     		bne	.L5
 208:Drivers/CMSIS/DSP/Source/ComplexMathFunctions/arm_cmplx_mult_cmplx_q31.c ****   }
 209:Drivers/CMSIS/DSP/Source/ComplexMathFunctions/arm_cmplx_mult_cmplx_q31.c **** 
 210:Drivers/CMSIS/DSP/Source/ComplexMathFunctions/arm_cmplx_mult_cmplx_q31.c **** #else
 211:Drivers/CMSIS/DSP/Source/ComplexMathFunctions/arm_cmplx_mult_cmplx_q31.c **** 
 212:Drivers/CMSIS/DSP/Source/ComplexMathFunctions/arm_cmplx_mult_cmplx_q31.c ****   /* Run the below code for Cortex-M0 */
 213:Drivers/CMSIS/DSP/Source/ComplexMathFunctions/arm_cmplx_mult_cmplx_q31.c **** 
 214:Drivers/CMSIS/DSP/Source/ComplexMathFunctions/arm_cmplx_mult_cmplx_q31.c ****   /* loop Unrolling */
 215:Drivers/CMSIS/DSP/Source/ComplexMathFunctions/arm_cmplx_mult_cmplx_q31.c ****   blkCnt = numSamples >> 1U;
 216:Drivers/CMSIS/DSP/Source/ComplexMathFunctions/arm_cmplx_mult_cmplx_q31.c **** 
 217:Drivers/CMSIS/DSP/Source/ComplexMathFunctions/arm_cmplx_mult_cmplx_q31.c ****   /* First part of the processing with loop unrolling.  Compute 2 outputs at a time.
 218:Drivers/CMSIS/DSP/Source/ComplexMathFunctions/arm_cmplx_mult_cmplx_q31.c ****    ** a second loop below computes the remaining 1 sample. */
 219:Drivers/CMSIS/DSP/Source/ComplexMathFunctions/arm_cmplx_mult_cmplx_q31.c ****   while (blkCnt > 0U)
 220:Drivers/CMSIS/DSP/Source/ComplexMathFunctions/arm_cmplx_mult_cmplx_q31.c ****   {
 221:Drivers/CMSIS/DSP/Source/ComplexMathFunctions/arm_cmplx_mult_cmplx_q31.c ****     /* C[2 * i] = A[2 * i] * B[2 * i] - A[2 * i + 1] * B[2 * i + 1].  */
 222:Drivers/CMSIS/DSP/Source/ComplexMathFunctions/arm_cmplx_mult_cmplx_q31.c ****     /* C[2 * i + 1] = A[2 * i] * B[2 * i + 1] + A[2 * i + 1] * B[2 * i].  */
 223:Drivers/CMSIS/DSP/Source/ComplexMathFunctions/arm_cmplx_mult_cmplx_q31.c ****     a = *pSrcA++;
 224:Drivers/CMSIS/DSP/Source/ComplexMathFunctions/arm_cmplx_mult_cmplx_q31.c ****     b = *pSrcA++;
 225:Drivers/CMSIS/DSP/Source/ComplexMathFunctions/arm_cmplx_mult_cmplx_q31.c ****     c = *pSrcB++;
 226:Drivers/CMSIS/DSP/Source/ComplexMathFunctions/arm_cmplx_mult_cmplx_q31.c ****     d = *pSrcB++;
 227:Drivers/CMSIS/DSP/Source/ComplexMathFunctions/arm_cmplx_mult_cmplx_q31.c **** 
 228:Drivers/CMSIS/DSP/Source/ComplexMathFunctions/arm_cmplx_mult_cmplx_q31.c ****     mul1 = (q31_t) (((q63_t) a * c) >> 32);
 229:Drivers/CMSIS/DSP/Source/ComplexMathFunctions/arm_cmplx_mult_cmplx_q31.c ****     mul2 = (q31_t) (((q63_t) b * d) >> 32);
 230:Drivers/CMSIS/DSP/Source/ComplexMathFunctions/arm_cmplx_mult_cmplx_q31.c ****     mul3 = (q31_t) (((q63_t) a * d) >> 32);
 231:Drivers/CMSIS/DSP/Source/ComplexMathFunctions/arm_cmplx_mult_cmplx_q31.c ****     mul4 = (q31_t) (((q63_t) b * c) >> 32);
 232:Drivers/CMSIS/DSP/Source/ComplexMathFunctions/arm_cmplx_mult_cmplx_q31.c **** 
 233:Drivers/CMSIS/DSP/Source/ComplexMathFunctions/arm_cmplx_mult_cmplx_q31.c ****     mul1 = (mul1 >> 1);
 234:Drivers/CMSIS/DSP/Source/ComplexMathFunctions/arm_cmplx_mult_cmplx_q31.c ****     mul2 = (mul2 >> 1);
 235:Drivers/CMSIS/DSP/Source/ComplexMathFunctions/arm_cmplx_mult_cmplx_q31.c ****     mul3 = (mul3 >> 1);
 236:Drivers/CMSIS/DSP/Source/ComplexMathFunctions/arm_cmplx_mult_cmplx_q31.c ****     mul4 = (mul4 >> 1);
 237:Drivers/CMSIS/DSP/Source/ComplexMathFunctions/arm_cmplx_mult_cmplx_q31.c **** 
 238:Drivers/CMSIS/DSP/Source/ComplexMathFunctions/arm_cmplx_mult_cmplx_q31.c ****     out1 = mul1 - mul2;
ARM GAS  C:\Users\17832\AppData\Local\Temp\cc2OpL1S.s 			page 15


 239:Drivers/CMSIS/DSP/Source/ComplexMathFunctions/arm_cmplx_mult_cmplx_q31.c ****     out2 = mul3 + mul4;
 240:Drivers/CMSIS/DSP/Source/ComplexMathFunctions/arm_cmplx_mult_cmplx_q31.c **** 
 241:Drivers/CMSIS/DSP/Source/ComplexMathFunctions/arm_cmplx_mult_cmplx_q31.c ****     /* store the real result in 3.29 format in the destination buffer. */
 242:Drivers/CMSIS/DSP/Source/ComplexMathFunctions/arm_cmplx_mult_cmplx_q31.c ****     *pDst++ = out1;
 243:Drivers/CMSIS/DSP/Source/ComplexMathFunctions/arm_cmplx_mult_cmplx_q31.c ****     /* store the imag result in 3.29 format in the destination buffer. */
 244:Drivers/CMSIS/DSP/Source/ComplexMathFunctions/arm_cmplx_mult_cmplx_q31.c ****     *pDst++ = out2;
 245:Drivers/CMSIS/DSP/Source/ComplexMathFunctions/arm_cmplx_mult_cmplx_q31.c **** 
 246:Drivers/CMSIS/DSP/Source/ComplexMathFunctions/arm_cmplx_mult_cmplx_q31.c ****     a = *pSrcA++;
 247:Drivers/CMSIS/DSP/Source/ComplexMathFunctions/arm_cmplx_mult_cmplx_q31.c ****     b = *pSrcA++;
 248:Drivers/CMSIS/DSP/Source/ComplexMathFunctions/arm_cmplx_mult_cmplx_q31.c ****     c = *pSrcB++;
 249:Drivers/CMSIS/DSP/Source/ComplexMathFunctions/arm_cmplx_mult_cmplx_q31.c ****     d = *pSrcB++;
 250:Drivers/CMSIS/DSP/Source/ComplexMathFunctions/arm_cmplx_mult_cmplx_q31.c **** 
 251:Drivers/CMSIS/DSP/Source/ComplexMathFunctions/arm_cmplx_mult_cmplx_q31.c ****     mul1 = (q31_t) (((q63_t) a * c) >> 32);
 252:Drivers/CMSIS/DSP/Source/ComplexMathFunctions/arm_cmplx_mult_cmplx_q31.c ****     mul2 = (q31_t) (((q63_t) b * d) >> 32);
 253:Drivers/CMSIS/DSP/Source/ComplexMathFunctions/arm_cmplx_mult_cmplx_q31.c ****     mul3 = (q31_t) (((q63_t) a * d) >> 32);
 254:Drivers/CMSIS/DSP/Source/ComplexMathFunctions/arm_cmplx_mult_cmplx_q31.c ****     mul4 = (q31_t) (((q63_t) b * c) >> 32);
 255:Drivers/CMSIS/DSP/Source/ComplexMathFunctions/arm_cmplx_mult_cmplx_q31.c **** 
 256:Drivers/CMSIS/DSP/Source/ComplexMathFunctions/arm_cmplx_mult_cmplx_q31.c ****     mul1 = (mul1 >> 1);
 257:Drivers/CMSIS/DSP/Source/ComplexMathFunctions/arm_cmplx_mult_cmplx_q31.c ****     mul2 = (mul2 >> 1);
 258:Drivers/CMSIS/DSP/Source/ComplexMathFunctions/arm_cmplx_mult_cmplx_q31.c ****     mul3 = (mul3 >> 1);
 259:Drivers/CMSIS/DSP/Source/ComplexMathFunctions/arm_cmplx_mult_cmplx_q31.c ****     mul4 = (mul4 >> 1);
 260:Drivers/CMSIS/DSP/Source/ComplexMathFunctions/arm_cmplx_mult_cmplx_q31.c **** 
 261:Drivers/CMSIS/DSP/Source/ComplexMathFunctions/arm_cmplx_mult_cmplx_q31.c ****     out1 = mul1 - mul2;
 262:Drivers/CMSIS/DSP/Source/ComplexMathFunctions/arm_cmplx_mult_cmplx_q31.c ****     out2 = mul3 + mul4;
 263:Drivers/CMSIS/DSP/Source/ComplexMathFunctions/arm_cmplx_mult_cmplx_q31.c **** 
 264:Drivers/CMSIS/DSP/Source/ComplexMathFunctions/arm_cmplx_mult_cmplx_q31.c ****     /* store the real result in 3.29 format in the destination buffer. */
 265:Drivers/CMSIS/DSP/Source/ComplexMathFunctions/arm_cmplx_mult_cmplx_q31.c ****     *pDst++ = out1;
 266:Drivers/CMSIS/DSP/Source/ComplexMathFunctions/arm_cmplx_mult_cmplx_q31.c ****     /* store the imag result in 3.29 format in the destination buffer. */
 267:Drivers/CMSIS/DSP/Source/ComplexMathFunctions/arm_cmplx_mult_cmplx_q31.c ****     *pDst++ = out2;
 268:Drivers/CMSIS/DSP/Source/ComplexMathFunctions/arm_cmplx_mult_cmplx_q31.c **** 
 269:Drivers/CMSIS/DSP/Source/ComplexMathFunctions/arm_cmplx_mult_cmplx_q31.c ****     /* Decrement the blockSize loop counter */
 270:Drivers/CMSIS/DSP/Source/ComplexMathFunctions/arm_cmplx_mult_cmplx_q31.c ****     blkCnt--;
 271:Drivers/CMSIS/DSP/Source/ComplexMathFunctions/arm_cmplx_mult_cmplx_q31.c ****   }
 272:Drivers/CMSIS/DSP/Source/ComplexMathFunctions/arm_cmplx_mult_cmplx_q31.c **** 
 273:Drivers/CMSIS/DSP/Source/ComplexMathFunctions/arm_cmplx_mult_cmplx_q31.c ****   /* If the blockSize is not a multiple of 2, compute any remaining output samples here.
 274:Drivers/CMSIS/DSP/Source/ComplexMathFunctions/arm_cmplx_mult_cmplx_q31.c ****    ** No loop unrolling is used. */
 275:Drivers/CMSIS/DSP/Source/ComplexMathFunctions/arm_cmplx_mult_cmplx_q31.c ****   blkCnt = numSamples % 0x2U;
 276:Drivers/CMSIS/DSP/Source/ComplexMathFunctions/arm_cmplx_mult_cmplx_q31.c **** 
 277:Drivers/CMSIS/DSP/Source/ComplexMathFunctions/arm_cmplx_mult_cmplx_q31.c ****   while (blkCnt > 0U)
 278:Drivers/CMSIS/DSP/Source/ComplexMathFunctions/arm_cmplx_mult_cmplx_q31.c ****   {
 279:Drivers/CMSIS/DSP/Source/ComplexMathFunctions/arm_cmplx_mult_cmplx_q31.c ****     /* C[2 * i] = A[2 * i] * B[2 * i] - A[2 * i + 1] * B[2 * i + 1].  */
 280:Drivers/CMSIS/DSP/Source/ComplexMathFunctions/arm_cmplx_mult_cmplx_q31.c ****     /* C[2 * i + 1] = A[2 * i] * B[2 * i + 1] + A[2 * i + 1] * B[2 * i].  */
 281:Drivers/CMSIS/DSP/Source/ComplexMathFunctions/arm_cmplx_mult_cmplx_q31.c ****     a = *pSrcA++;
 282:Drivers/CMSIS/DSP/Source/ComplexMathFunctions/arm_cmplx_mult_cmplx_q31.c ****     b = *pSrcA++;
 283:Drivers/CMSIS/DSP/Source/ComplexMathFunctions/arm_cmplx_mult_cmplx_q31.c ****     c = *pSrcB++;
 284:Drivers/CMSIS/DSP/Source/ComplexMathFunctions/arm_cmplx_mult_cmplx_q31.c ****     d = *pSrcB++;
 285:Drivers/CMSIS/DSP/Source/ComplexMathFunctions/arm_cmplx_mult_cmplx_q31.c **** 
 286:Drivers/CMSIS/DSP/Source/ComplexMathFunctions/arm_cmplx_mult_cmplx_q31.c ****     mul1 = (q31_t) (((q63_t) a * c) >> 32);
 287:Drivers/CMSIS/DSP/Source/ComplexMathFunctions/arm_cmplx_mult_cmplx_q31.c ****     mul2 = (q31_t) (((q63_t) b * d) >> 32);
 288:Drivers/CMSIS/DSP/Source/ComplexMathFunctions/arm_cmplx_mult_cmplx_q31.c ****     mul3 = (q31_t) (((q63_t) a * d) >> 32);
 289:Drivers/CMSIS/DSP/Source/ComplexMathFunctions/arm_cmplx_mult_cmplx_q31.c ****     mul4 = (q31_t) (((q63_t) b * c) >> 32);
 290:Drivers/CMSIS/DSP/Source/ComplexMathFunctions/arm_cmplx_mult_cmplx_q31.c **** 
 291:Drivers/CMSIS/DSP/Source/ComplexMathFunctions/arm_cmplx_mult_cmplx_q31.c ****     mul1 = (mul1 >> 1);
 292:Drivers/CMSIS/DSP/Source/ComplexMathFunctions/arm_cmplx_mult_cmplx_q31.c ****     mul2 = (mul2 >> 1);
 293:Drivers/CMSIS/DSP/Source/ComplexMathFunctions/arm_cmplx_mult_cmplx_q31.c ****     mul3 = (mul3 >> 1);
 294:Drivers/CMSIS/DSP/Source/ComplexMathFunctions/arm_cmplx_mult_cmplx_q31.c ****     mul4 = (mul4 >> 1);
 295:Drivers/CMSIS/DSP/Source/ComplexMathFunctions/arm_cmplx_mult_cmplx_q31.c **** 
ARM GAS  C:\Users\17832\AppData\Local\Temp\cc2OpL1S.s 			page 16


 296:Drivers/CMSIS/DSP/Source/ComplexMathFunctions/arm_cmplx_mult_cmplx_q31.c ****     out1 = mul1 - mul2;
 297:Drivers/CMSIS/DSP/Source/ComplexMathFunctions/arm_cmplx_mult_cmplx_q31.c ****     out2 = mul3 + mul4;
 298:Drivers/CMSIS/DSP/Source/ComplexMathFunctions/arm_cmplx_mult_cmplx_q31.c **** 
 299:Drivers/CMSIS/DSP/Source/ComplexMathFunctions/arm_cmplx_mult_cmplx_q31.c ****     /* store the real result in 3.29 format in the destination buffer. */
 300:Drivers/CMSIS/DSP/Source/ComplexMathFunctions/arm_cmplx_mult_cmplx_q31.c ****     *pDst++ = out1;
 301:Drivers/CMSIS/DSP/Source/ComplexMathFunctions/arm_cmplx_mult_cmplx_q31.c ****     /* store the imag result in 3.29 format in the destination buffer. */
 302:Drivers/CMSIS/DSP/Source/ComplexMathFunctions/arm_cmplx_mult_cmplx_q31.c ****     *pDst++ = out2;
 303:Drivers/CMSIS/DSP/Source/ComplexMathFunctions/arm_cmplx_mult_cmplx_q31.c **** 
 304:Drivers/CMSIS/DSP/Source/ComplexMathFunctions/arm_cmplx_mult_cmplx_q31.c ****     /* Decrement the blockSize loop counter */
 305:Drivers/CMSIS/DSP/Source/ComplexMathFunctions/arm_cmplx_mult_cmplx_q31.c ****     blkCnt--;
 306:Drivers/CMSIS/DSP/Source/ComplexMathFunctions/arm_cmplx_mult_cmplx_q31.c ****   }
 307:Drivers/CMSIS/DSP/Source/ComplexMathFunctions/arm_cmplx_mult_cmplx_q31.c **** 
 308:Drivers/CMSIS/DSP/Source/ComplexMathFunctions/arm_cmplx_mult_cmplx_q31.c **** #endif /* #if defined (ARM_MATH_DSP) */
 309:Drivers/CMSIS/DSP/Source/ComplexMathFunctions/arm_cmplx_mult_cmplx_q31.c **** 
 310:Drivers/CMSIS/DSP/Source/ComplexMathFunctions/arm_cmplx_mult_cmplx_q31.c **** }
 552              		.loc 1 310 1 is_stmt 0 view .LVU210
 553 025e 05B0     		add	sp, sp, #20
 554              	.LCFI2:
 555              		.cfi_def_cfa_offset 36
 556              		@ sp needed
 557 0260 BDE8F08F 		pop	{r4, r5, r6, r7, r8, r9, r10, fp, pc}
 558              		.loc 1 310 1 view .LVU211
 559              		.cfi_endproc
 560              	.LFE135:
 562              		.text
 563              	.Letext0:
 564              		.file 2 "d:\\gnu arm embedded toolchain\\10 2021.10\\arm-none-eabi\\include\\machine\\_default_typ
 565              		.file 3 "d:\\gnu arm embedded toolchain\\10 2021.10\\arm-none-eabi\\include\\sys\\_stdint.h"
 566              		.file 4 "Drivers/CMSIS/DSP/Include/arm_math.h"
ARM GAS  C:\Users\17832\AppData\Local\Temp\cc2OpL1S.s 			page 17


DEFINED SYMBOLS
                            *ABS*:00000000 arm_cmplx_mult_cmplx_q31.c
C:\Users\17832\AppData\Local\Temp\cc2OpL1S.s:20     .text.arm_cmplx_mult_cmplx_q31:00000000 $t
C:\Users\17832\AppData\Local\Temp\cc2OpL1S.s:26     .text.arm_cmplx_mult_cmplx_q31:00000000 arm_cmplx_mult_cmplx_q31

NO UNDEFINED SYMBOLS
