ARM GAS  C:\Users\17832\AppData\Local\Temp\ccPg14Z3.s 			page 1


   1              		.cpu cortex-m4
   2              		.arch armv7e-m
   3              		.fpu fpv4-sp-d16
   4              		.eabi_attribute 27, 1
   5              		.eabi_attribute 28, 1
   6              		.eabi_attribute 20, 1
   7              		.eabi_attribute 21, 1
   8              		.eabi_attribute 23, 3
   9              		.eabi_attribute 24, 1
  10              		.eabi_attribute 25, 1
  11              		.eabi_attribute 26, 1
  12              		.eabi_attribute 30, 1
  13              		.eabi_attribute 34, 1
  14              		.eabi_attribute 18, 4
  15              		.file	"arm_cmplx_conj_f32.c"
  16              		.text
  17              	.Ltext0:
  18              		.cfi_sections	.debug_frame
  19              		.section	.text.arm_cmplx_conj_f32,"ax",%progbits
  20              		.align	1
  21              		.global	arm_cmplx_conj_f32
  22              		.syntax unified
  23              		.thumb
  24              		.thumb_func
  26              	arm_cmplx_conj_f32:
  27              	.LVL0:
  28              	.LFB135:
  29              		.file 1 "Drivers/CMSIS/DSP/Source/ComplexMathFunctions/arm_cmplx_conj_f32.c"
   1:Drivers/CMSIS/DSP/Source/ComplexMathFunctions/arm_cmplx_conj_f32.c **** /* ----------------------------------------------------------------------
   2:Drivers/CMSIS/DSP/Source/ComplexMathFunctions/arm_cmplx_conj_f32.c ****  * Project:      CMSIS DSP Library
   3:Drivers/CMSIS/DSP/Source/ComplexMathFunctions/arm_cmplx_conj_f32.c ****  * Title:        arm_cmplx_conj_f32.c
   4:Drivers/CMSIS/DSP/Source/ComplexMathFunctions/arm_cmplx_conj_f32.c ****  * Description:  Floating-point complex conjugate
   5:Drivers/CMSIS/DSP/Source/ComplexMathFunctions/arm_cmplx_conj_f32.c ****  *
   6:Drivers/CMSIS/DSP/Source/ComplexMathFunctions/arm_cmplx_conj_f32.c ****  * $Date:        27. January 2017
   7:Drivers/CMSIS/DSP/Source/ComplexMathFunctions/arm_cmplx_conj_f32.c ****  * $Revision:    V.1.5.1
   8:Drivers/CMSIS/DSP/Source/ComplexMathFunctions/arm_cmplx_conj_f32.c ****  *
   9:Drivers/CMSIS/DSP/Source/ComplexMathFunctions/arm_cmplx_conj_f32.c ****  * Target Processor: Cortex-M cores
  10:Drivers/CMSIS/DSP/Source/ComplexMathFunctions/arm_cmplx_conj_f32.c ****  * -------------------------------------------------------------------- */
  11:Drivers/CMSIS/DSP/Source/ComplexMathFunctions/arm_cmplx_conj_f32.c **** /*
  12:Drivers/CMSIS/DSP/Source/ComplexMathFunctions/arm_cmplx_conj_f32.c ****  * Copyright (C) 2010-2017 ARM Limited or its affiliates. All rights reserved.
  13:Drivers/CMSIS/DSP/Source/ComplexMathFunctions/arm_cmplx_conj_f32.c ****  *
  14:Drivers/CMSIS/DSP/Source/ComplexMathFunctions/arm_cmplx_conj_f32.c ****  * SPDX-License-Identifier: Apache-2.0
  15:Drivers/CMSIS/DSP/Source/ComplexMathFunctions/arm_cmplx_conj_f32.c ****  *
  16:Drivers/CMSIS/DSP/Source/ComplexMathFunctions/arm_cmplx_conj_f32.c ****  * Licensed under the Apache License, Version 2.0 (the License); you may
  17:Drivers/CMSIS/DSP/Source/ComplexMathFunctions/arm_cmplx_conj_f32.c ****  * not use this file except in compliance with the License.
  18:Drivers/CMSIS/DSP/Source/ComplexMathFunctions/arm_cmplx_conj_f32.c ****  * You may obtain a copy of the License at
  19:Drivers/CMSIS/DSP/Source/ComplexMathFunctions/arm_cmplx_conj_f32.c ****  *
  20:Drivers/CMSIS/DSP/Source/ComplexMathFunctions/arm_cmplx_conj_f32.c ****  * www.apache.org/licenses/LICENSE-2.0
  21:Drivers/CMSIS/DSP/Source/ComplexMathFunctions/arm_cmplx_conj_f32.c ****  *
  22:Drivers/CMSIS/DSP/Source/ComplexMathFunctions/arm_cmplx_conj_f32.c ****  * Unless required by applicable law or agreed to in writing, software
  23:Drivers/CMSIS/DSP/Source/ComplexMathFunctions/arm_cmplx_conj_f32.c ****  * distributed under the License is distributed on an AS IS BASIS, WITHOUT
  24:Drivers/CMSIS/DSP/Source/ComplexMathFunctions/arm_cmplx_conj_f32.c ****  * WARRANTIES OR CONDITIONS OF ANY KIND, either express or implied.
  25:Drivers/CMSIS/DSP/Source/ComplexMathFunctions/arm_cmplx_conj_f32.c ****  * See the License for the specific language governing permissions and
  26:Drivers/CMSIS/DSP/Source/ComplexMathFunctions/arm_cmplx_conj_f32.c ****  * limitations under the License.
  27:Drivers/CMSIS/DSP/Source/ComplexMathFunctions/arm_cmplx_conj_f32.c ****  */
  28:Drivers/CMSIS/DSP/Source/ComplexMathFunctions/arm_cmplx_conj_f32.c **** 
  29:Drivers/CMSIS/DSP/Source/ComplexMathFunctions/arm_cmplx_conj_f32.c **** #include "arm_math.h"
ARM GAS  C:\Users\17832\AppData\Local\Temp\ccPg14Z3.s 			page 2


  30:Drivers/CMSIS/DSP/Source/ComplexMathFunctions/arm_cmplx_conj_f32.c **** 
  31:Drivers/CMSIS/DSP/Source/ComplexMathFunctions/arm_cmplx_conj_f32.c **** /**
  32:Drivers/CMSIS/DSP/Source/ComplexMathFunctions/arm_cmplx_conj_f32.c ****  * @ingroup groupCmplxMath
  33:Drivers/CMSIS/DSP/Source/ComplexMathFunctions/arm_cmplx_conj_f32.c ****  */
  34:Drivers/CMSIS/DSP/Source/ComplexMathFunctions/arm_cmplx_conj_f32.c **** 
  35:Drivers/CMSIS/DSP/Source/ComplexMathFunctions/arm_cmplx_conj_f32.c **** /**
  36:Drivers/CMSIS/DSP/Source/ComplexMathFunctions/arm_cmplx_conj_f32.c ****  * @defgroup cmplx_conj Complex Conjugate
  37:Drivers/CMSIS/DSP/Source/ComplexMathFunctions/arm_cmplx_conj_f32.c ****  *
  38:Drivers/CMSIS/DSP/Source/ComplexMathFunctions/arm_cmplx_conj_f32.c ****  * Conjugates the elements of a complex data vector.
  39:Drivers/CMSIS/DSP/Source/ComplexMathFunctions/arm_cmplx_conj_f32.c ****  *
  40:Drivers/CMSIS/DSP/Source/ComplexMathFunctions/arm_cmplx_conj_f32.c ****  * The <code>pSrc</code> points to the source data and
  41:Drivers/CMSIS/DSP/Source/ComplexMathFunctions/arm_cmplx_conj_f32.c ****  * <code>pDst</code> points to the where the result should be written.
  42:Drivers/CMSIS/DSP/Source/ComplexMathFunctions/arm_cmplx_conj_f32.c ****  * <code>numSamples</code> specifies the number of complex samples
  43:Drivers/CMSIS/DSP/Source/ComplexMathFunctions/arm_cmplx_conj_f32.c ****  * and the data in each array is stored in an interleaved fashion
  44:Drivers/CMSIS/DSP/Source/ComplexMathFunctions/arm_cmplx_conj_f32.c ****  * (real, imag, real, imag, ...).
  45:Drivers/CMSIS/DSP/Source/ComplexMathFunctions/arm_cmplx_conj_f32.c ****  * Each array has a total of <code>2*numSamples</code> values.
  46:Drivers/CMSIS/DSP/Source/ComplexMathFunctions/arm_cmplx_conj_f32.c ****  * The underlying algorithm is used:
  47:Drivers/CMSIS/DSP/Source/ComplexMathFunctions/arm_cmplx_conj_f32.c ****  *
  48:Drivers/CMSIS/DSP/Source/ComplexMathFunctions/arm_cmplx_conj_f32.c ****  * <pre>
  49:Drivers/CMSIS/DSP/Source/ComplexMathFunctions/arm_cmplx_conj_f32.c ****  * for(n=0; n<numSamples; n++) {
  50:Drivers/CMSIS/DSP/Source/ComplexMathFunctions/arm_cmplx_conj_f32.c ****  *     pDst[(2*n)+0)] = pSrc[(2*n)+0];     // real part
  51:Drivers/CMSIS/DSP/Source/ComplexMathFunctions/arm_cmplx_conj_f32.c ****  *     pDst[(2*n)+1)] = -pSrc[(2*n)+1];    // imag part
  52:Drivers/CMSIS/DSP/Source/ComplexMathFunctions/arm_cmplx_conj_f32.c ****  * }
  53:Drivers/CMSIS/DSP/Source/ComplexMathFunctions/arm_cmplx_conj_f32.c ****  * </pre>
  54:Drivers/CMSIS/DSP/Source/ComplexMathFunctions/arm_cmplx_conj_f32.c ****  *
  55:Drivers/CMSIS/DSP/Source/ComplexMathFunctions/arm_cmplx_conj_f32.c ****  * There are separate functions for floating-point, Q15, and Q31 data types.
  56:Drivers/CMSIS/DSP/Source/ComplexMathFunctions/arm_cmplx_conj_f32.c ****  */
  57:Drivers/CMSIS/DSP/Source/ComplexMathFunctions/arm_cmplx_conj_f32.c **** 
  58:Drivers/CMSIS/DSP/Source/ComplexMathFunctions/arm_cmplx_conj_f32.c **** /**
  59:Drivers/CMSIS/DSP/Source/ComplexMathFunctions/arm_cmplx_conj_f32.c ****  * @addtogroup cmplx_conj
  60:Drivers/CMSIS/DSP/Source/ComplexMathFunctions/arm_cmplx_conj_f32.c ****  * @{
  61:Drivers/CMSIS/DSP/Source/ComplexMathFunctions/arm_cmplx_conj_f32.c ****  */
  62:Drivers/CMSIS/DSP/Source/ComplexMathFunctions/arm_cmplx_conj_f32.c **** 
  63:Drivers/CMSIS/DSP/Source/ComplexMathFunctions/arm_cmplx_conj_f32.c **** /**
  64:Drivers/CMSIS/DSP/Source/ComplexMathFunctions/arm_cmplx_conj_f32.c ****  * @brief  Floating-point complex conjugate.
  65:Drivers/CMSIS/DSP/Source/ComplexMathFunctions/arm_cmplx_conj_f32.c ****  * @param  *pSrc points to the input vector
  66:Drivers/CMSIS/DSP/Source/ComplexMathFunctions/arm_cmplx_conj_f32.c ****  * @param  *pDst points to the output vector
  67:Drivers/CMSIS/DSP/Source/ComplexMathFunctions/arm_cmplx_conj_f32.c ****  * @param  numSamples number of complex samples in each vector
  68:Drivers/CMSIS/DSP/Source/ComplexMathFunctions/arm_cmplx_conj_f32.c ****  * @return none.
  69:Drivers/CMSIS/DSP/Source/ComplexMathFunctions/arm_cmplx_conj_f32.c ****  */
  70:Drivers/CMSIS/DSP/Source/ComplexMathFunctions/arm_cmplx_conj_f32.c **** 
  71:Drivers/CMSIS/DSP/Source/ComplexMathFunctions/arm_cmplx_conj_f32.c **** void arm_cmplx_conj_f32(
  72:Drivers/CMSIS/DSP/Source/ComplexMathFunctions/arm_cmplx_conj_f32.c ****   float32_t * pSrc,
  73:Drivers/CMSIS/DSP/Source/ComplexMathFunctions/arm_cmplx_conj_f32.c ****   float32_t * pDst,
  74:Drivers/CMSIS/DSP/Source/ComplexMathFunctions/arm_cmplx_conj_f32.c ****   uint32_t numSamples)
  75:Drivers/CMSIS/DSP/Source/ComplexMathFunctions/arm_cmplx_conj_f32.c **** {
  30              		.loc 1 75 1 view -0
  31              		.cfi_startproc
  32              		@ args = 0, pretend = 0, frame = 0
  33              		@ frame_needed = 0, uses_anonymous_args = 0
  34              		@ link register save eliminated.
  35              		.loc 1 75 1 is_stmt 0 view .LVU1
  36 0000 10B4     		push	{r4}
  37              	.LCFI0:
  38              		.cfi_def_cfa_offset 4
  39              		.cfi_offset 4, -4
  76:Drivers/CMSIS/DSP/Source/ComplexMathFunctions/arm_cmplx_conj_f32.c ****   uint32_t blkCnt;                               /* loop counter */
ARM GAS  C:\Users\17832\AppData\Local\Temp\ccPg14Z3.s 			page 3


  40              		.loc 1 76 3 is_stmt 1 view .LVU2
  77:Drivers/CMSIS/DSP/Source/ComplexMathFunctions/arm_cmplx_conj_f32.c **** 
  78:Drivers/CMSIS/DSP/Source/ComplexMathFunctions/arm_cmplx_conj_f32.c **** #if defined (ARM_MATH_DSP)
  79:Drivers/CMSIS/DSP/Source/ComplexMathFunctions/arm_cmplx_conj_f32.c **** 
  80:Drivers/CMSIS/DSP/Source/ComplexMathFunctions/arm_cmplx_conj_f32.c ****   /* Run the below code for Cortex-M4 and Cortex-M3 */
  81:Drivers/CMSIS/DSP/Source/ComplexMathFunctions/arm_cmplx_conj_f32.c ****   float32_t inR1, inR2, inR3, inR4;
  41              		.loc 1 81 3 view .LVU3
  82:Drivers/CMSIS/DSP/Source/ComplexMathFunctions/arm_cmplx_conj_f32.c ****   float32_t inI1, inI2, inI3, inI4;
  42              		.loc 1 82 3 view .LVU4
  83:Drivers/CMSIS/DSP/Source/ComplexMathFunctions/arm_cmplx_conj_f32.c **** 
  84:Drivers/CMSIS/DSP/Source/ComplexMathFunctions/arm_cmplx_conj_f32.c ****   /*loop Unrolling */
  85:Drivers/CMSIS/DSP/Source/ComplexMathFunctions/arm_cmplx_conj_f32.c ****   blkCnt = numSamples >> 2U;
  43              		.loc 1 85 3 view .LVU5
  44              		.loc 1 85 10 is_stmt 0 view .LVU6
  45 0002 9308     		lsrs	r3, r2, #2
  46              	.LVL1:
  86:Drivers/CMSIS/DSP/Source/ComplexMathFunctions/arm_cmplx_conj_f32.c **** 
  87:Drivers/CMSIS/DSP/Source/ComplexMathFunctions/arm_cmplx_conj_f32.c ****   /* First part of the processing with loop unrolling.  Compute 4 outputs at a time.
  88:Drivers/CMSIS/DSP/Source/ComplexMathFunctions/arm_cmplx_conj_f32.c ****    ** a second loop below computes the remaining 1 to 3 samples. */
  89:Drivers/CMSIS/DSP/Source/ComplexMathFunctions/arm_cmplx_conj_f32.c ****   while (blkCnt > 0U)
  47              		.loc 1 89 3 is_stmt 1 view .LVU7
  48              		.loc 1 89 9 is_stmt 0 view .LVU8
  49 0004 22E0     		b	.L2
  50              	.L3:
  90:Drivers/CMSIS/DSP/Source/ComplexMathFunctions/arm_cmplx_conj_f32.c ****   {
  91:Drivers/CMSIS/DSP/Source/ComplexMathFunctions/arm_cmplx_conj_f32.c ****     /* C[0]+jC[1] = A[0]+ j (-1) A[1] */
  92:Drivers/CMSIS/DSP/Source/ComplexMathFunctions/arm_cmplx_conj_f32.c ****     /* Calculate Complex Conjugate and then store the results in the destination buffer. */
  93:Drivers/CMSIS/DSP/Source/ComplexMathFunctions/arm_cmplx_conj_f32.c ****     /* read real input samples */
  94:Drivers/CMSIS/DSP/Source/ComplexMathFunctions/arm_cmplx_conj_f32.c ****     inR1 = pSrc[0];
  51              		.loc 1 94 5 is_stmt 1 view .LVU9
  52              		.loc 1 94 10 is_stmt 0 view .LVU10
  53 0006 0468     		ldr	r4, [r0]	@ float
  54              	.LVL2:
  95:Drivers/CMSIS/DSP/Source/ComplexMathFunctions/arm_cmplx_conj_f32.c ****     /* store real samples to destination */
  96:Drivers/CMSIS/DSP/Source/ComplexMathFunctions/arm_cmplx_conj_f32.c ****     pDst[0] = inR1;
  55              		.loc 1 96 5 is_stmt 1 view .LVU11
  56              		.loc 1 96 13 is_stmt 0 view .LVU12
  57 0008 0C60     		str	r4, [r1]	@ float
  97:Drivers/CMSIS/DSP/Source/ComplexMathFunctions/arm_cmplx_conj_f32.c ****     inR2 = pSrc[2];
  58              		.loc 1 97 5 is_stmt 1 view .LVU13
  59              		.loc 1 97 10 is_stmt 0 view .LVU14
  60 000a 8468     		ldr	r4, [r0, #8]	@ float
  61              	.LVL3:
  98:Drivers/CMSIS/DSP/Source/ComplexMathFunctions/arm_cmplx_conj_f32.c ****     pDst[2] = inR2;
  62              		.loc 1 98 5 is_stmt 1 view .LVU15
  63              		.loc 1 98 13 is_stmt 0 view .LVU16
  64 000c 8C60     		str	r4, [r1, #8]	@ float
  99:Drivers/CMSIS/DSP/Source/ComplexMathFunctions/arm_cmplx_conj_f32.c ****     inR3 = pSrc[4];
  65              		.loc 1 99 5 is_stmt 1 view .LVU17
  66              		.loc 1 99 10 is_stmt 0 view .LVU18
  67 000e 0469     		ldr	r4, [r0, #16]	@ float
  68              	.LVL4:
 100:Drivers/CMSIS/DSP/Source/ComplexMathFunctions/arm_cmplx_conj_f32.c ****     pDst[4] = inR3;
  69              		.loc 1 100 5 is_stmt 1 view .LVU19
  70              		.loc 1 100 13 is_stmt 0 view .LVU20
  71 0010 0C61     		str	r4, [r1, #16]	@ float
 101:Drivers/CMSIS/DSP/Source/ComplexMathFunctions/arm_cmplx_conj_f32.c ****     inR4 = pSrc[6];
ARM GAS  C:\Users\17832\AppData\Local\Temp\ccPg14Z3.s 			page 4


  72              		.loc 1 101 5 is_stmt 1 view .LVU21
  73              		.loc 1 101 10 is_stmt 0 view .LVU22
  74 0012 8469     		ldr	r4, [r0, #24]	@ float
  75              	.LVL5:
 102:Drivers/CMSIS/DSP/Source/ComplexMathFunctions/arm_cmplx_conj_f32.c ****     pDst[6] = inR4;
  76              		.loc 1 102 5 is_stmt 1 view .LVU23
  77              		.loc 1 102 13 is_stmt 0 view .LVU24
  78 0014 8C61     		str	r4, [r1, #24]	@ float
 103:Drivers/CMSIS/DSP/Source/ComplexMathFunctions/arm_cmplx_conj_f32.c **** 
 104:Drivers/CMSIS/DSP/Source/ComplexMathFunctions/arm_cmplx_conj_f32.c ****     /* read imaginary input samples */
 105:Drivers/CMSIS/DSP/Source/ComplexMathFunctions/arm_cmplx_conj_f32.c ****     inI1 = pSrc[1];
  79              		.loc 1 105 5 is_stmt 1 view .LVU25
  80              		.loc 1 105 10 is_stmt 0 view .LVU26
  81 0016 90ED016A 		vldr.32	s12, [r0, #4]
  82              	.LVL6:
 106:Drivers/CMSIS/DSP/Source/ComplexMathFunctions/arm_cmplx_conj_f32.c ****     inI2 = pSrc[3];
  83              		.loc 1 106 5 is_stmt 1 view .LVU27
  84              		.loc 1 106 10 is_stmt 0 view .LVU28
  85 001a D0ED036A 		vldr.32	s13, [r0, #12]
  86              	.LVL7:
 107:Drivers/CMSIS/DSP/Source/ComplexMathFunctions/arm_cmplx_conj_f32.c **** 
 108:Drivers/CMSIS/DSP/Source/ComplexMathFunctions/arm_cmplx_conj_f32.c ****     /* conjugate input */
 109:Drivers/CMSIS/DSP/Source/ComplexMathFunctions/arm_cmplx_conj_f32.c ****     inI1 = -inI1;
  87              		.loc 1 109 5 is_stmt 1 view .LVU29
  88              		.loc 1 109 10 is_stmt 0 view .LVU30
  89 001e B1EE466A 		vneg.f32	s12, s12
  90              	.LVL8:
 110:Drivers/CMSIS/DSP/Source/ComplexMathFunctions/arm_cmplx_conj_f32.c **** 
 111:Drivers/CMSIS/DSP/Source/ComplexMathFunctions/arm_cmplx_conj_f32.c ****     /* read imaginary input samples */
 112:Drivers/CMSIS/DSP/Source/ComplexMathFunctions/arm_cmplx_conj_f32.c ****     inI3 = pSrc[5];
  91              		.loc 1 112 5 is_stmt 1 view .LVU31
  92              		.loc 1 112 10 is_stmt 0 view .LVU32
  93 0022 90ED057A 		vldr.32	s14, [r0, #20]
  94              	.LVL9:
 113:Drivers/CMSIS/DSP/Source/ComplexMathFunctions/arm_cmplx_conj_f32.c **** 
 114:Drivers/CMSIS/DSP/Source/ComplexMathFunctions/arm_cmplx_conj_f32.c ****     /* conjugate input */
 115:Drivers/CMSIS/DSP/Source/ComplexMathFunctions/arm_cmplx_conj_f32.c ****     inI2 = -inI2;
  95              		.loc 1 115 5 is_stmt 1 view .LVU33
  96              		.loc 1 115 10 is_stmt 0 view .LVU34
  97 0026 F1EE666A 		vneg.f32	s13, s13
  98              	.LVL10:
 116:Drivers/CMSIS/DSP/Source/ComplexMathFunctions/arm_cmplx_conj_f32.c **** 
 117:Drivers/CMSIS/DSP/Source/ComplexMathFunctions/arm_cmplx_conj_f32.c ****     /* read imaginary input samples */
 118:Drivers/CMSIS/DSP/Source/ComplexMathFunctions/arm_cmplx_conj_f32.c ****     inI4 = pSrc[7];
  99              		.loc 1 118 5 is_stmt 1 view .LVU35
 100              		.loc 1 118 10 is_stmt 0 view .LVU36
 101 002a D0ED077A 		vldr.32	s15, [r0, #28]
 102              	.LVL11:
 119:Drivers/CMSIS/DSP/Source/ComplexMathFunctions/arm_cmplx_conj_f32.c **** 
 120:Drivers/CMSIS/DSP/Source/ComplexMathFunctions/arm_cmplx_conj_f32.c ****     /* conjugate input */
 121:Drivers/CMSIS/DSP/Source/ComplexMathFunctions/arm_cmplx_conj_f32.c ****     inI3 = -inI3;
 103              		.loc 1 121 5 is_stmt 1 view .LVU37
 104              		.loc 1 121 10 is_stmt 0 view .LVU38
 105 002e B1EE477A 		vneg.f32	s14, s14
 106              	.LVL12:
 122:Drivers/CMSIS/DSP/Source/ComplexMathFunctions/arm_cmplx_conj_f32.c **** 
 123:Drivers/CMSIS/DSP/Source/ComplexMathFunctions/arm_cmplx_conj_f32.c ****     /* store imaginary samples to destination */
ARM GAS  C:\Users\17832\AppData\Local\Temp\ccPg14Z3.s 			page 5


 124:Drivers/CMSIS/DSP/Source/ComplexMathFunctions/arm_cmplx_conj_f32.c ****     pDst[1] = inI1;
 107              		.loc 1 124 5 is_stmt 1 view .LVU39
 108              		.loc 1 124 13 is_stmt 0 view .LVU40
 109 0032 81ED016A 		vstr.32	s12, [r1, #4]
 125:Drivers/CMSIS/DSP/Source/ComplexMathFunctions/arm_cmplx_conj_f32.c ****     pDst[3] = inI2;
 110              		.loc 1 125 5 is_stmt 1 view .LVU41
 111              		.loc 1 125 13 is_stmt 0 view .LVU42
 112 0036 C1ED036A 		vstr.32	s13, [r1, #12]
 126:Drivers/CMSIS/DSP/Source/ComplexMathFunctions/arm_cmplx_conj_f32.c **** 
 127:Drivers/CMSIS/DSP/Source/ComplexMathFunctions/arm_cmplx_conj_f32.c ****     /* conjugate input */
 128:Drivers/CMSIS/DSP/Source/ComplexMathFunctions/arm_cmplx_conj_f32.c ****     inI4 = -inI4;
 113              		.loc 1 128 5 is_stmt 1 view .LVU43
 114              		.loc 1 128 10 is_stmt 0 view .LVU44
 115 003a F1EE677A 		vneg.f32	s15, s15
 116              	.LVL13:
 129:Drivers/CMSIS/DSP/Source/ComplexMathFunctions/arm_cmplx_conj_f32.c **** 
 130:Drivers/CMSIS/DSP/Source/ComplexMathFunctions/arm_cmplx_conj_f32.c ****     /* store imaginary samples to destination */
 131:Drivers/CMSIS/DSP/Source/ComplexMathFunctions/arm_cmplx_conj_f32.c ****     pDst[5] = inI3;
 117              		.loc 1 131 5 is_stmt 1 view .LVU45
 118              		.loc 1 131 13 is_stmt 0 view .LVU46
 119 003e 81ED057A 		vstr.32	s14, [r1, #20]
 132:Drivers/CMSIS/DSP/Source/ComplexMathFunctions/arm_cmplx_conj_f32.c **** 
 133:Drivers/CMSIS/DSP/Source/ComplexMathFunctions/arm_cmplx_conj_f32.c ****     /* increment source pointer by 8 to process next sampels */
 134:Drivers/CMSIS/DSP/Source/ComplexMathFunctions/arm_cmplx_conj_f32.c ****     pSrc += 8U;
 120              		.loc 1 134 5 is_stmt 1 view .LVU47
 121              		.loc 1 134 10 is_stmt 0 view .LVU48
 122 0042 2030     		adds	r0, r0, #32
 123              	.LVL14:
 135:Drivers/CMSIS/DSP/Source/ComplexMathFunctions/arm_cmplx_conj_f32.c **** 
 136:Drivers/CMSIS/DSP/Source/ComplexMathFunctions/arm_cmplx_conj_f32.c ****     /* store imaginary sample to destination */
 137:Drivers/CMSIS/DSP/Source/ComplexMathFunctions/arm_cmplx_conj_f32.c ****     pDst[7] = inI4;
 124              		.loc 1 137 5 is_stmt 1 view .LVU49
 125              		.loc 1 137 13 is_stmt 0 view .LVU50
 126 0044 C1ED077A 		vstr.32	s15, [r1, #28]
 138:Drivers/CMSIS/DSP/Source/ComplexMathFunctions/arm_cmplx_conj_f32.c **** 
 139:Drivers/CMSIS/DSP/Source/ComplexMathFunctions/arm_cmplx_conj_f32.c ****     /* increment destination pointer by 8 to store next samples */
 140:Drivers/CMSIS/DSP/Source/ComplexMathFunctions/arm_cmplx_conj_f32.c ****     pDst += 8U;
 127              		.loc 1 140 5 is_stmt 1 view .LVU51
 128              		.loc 1 140 10 is_stmt 0 view .LVU52
 129 0048 2031     		adds	r1, r1, #32
 130              	.LVL15:
 141:Drivers/CMSIS/DSP/Source/ComplexMathFunctions/arm_cmplx_conj_f32.c **** 
 142:Drivers/CMSIS/DSP/Source/ComplexMathFunctions/arm_cmplx_conj_f32.c ****     /* Decrement the loop counter */
 143:Drivers/CMSIS/DSP/Source/ComplexMathFunctions/arm_cmplx_conj_f32.c ****     blkCnt--;
 131              		.loc 1 143 5 is_stmt 1 view .LVU53
 132              		.loc 1 143 11 is_stmt 0 view .LVU54
 133 004a 013B     		subs	r3, r3, #1
 134              	.LVL16:
 135              	.L2:
  89:Drivers/CMSIS/DSP/Source/ComplexMathFunctions/arm_cmplx_conj_f32.c ****   {
 136              		.loc 1 89 9 is_stmt 1 view .LVU55
 137 004c 002B     		cmp	r3, #0
 138 004e DAD1     		bne	.L3
 144:Drivers/CMSIS/DSP/Source/ComplexMathFunctions/arm_cmplx_conj_f32.c ****   }
 145:Drivers/CMSIS/DSP/Source/ComplexMathFunctions/arm_cmplx_conj_f32.c **** 
 146:Drivers/CMSIS/DSP/Source/ComplexMathFunctions/arm_cmplx_conj_f32.c ****   /* If the numSamples is not a multiple of 4, compute any remaining output samples here.
 147:Drivers/CMSIS/DSP/Source/ComplexMathFunctions/arm_cmplx_conj_f32.c ****    ** No loop unrolling is used. */
ARM GAS  C:\Users\17832\AppData\Local\Temp\ccPg14Z3.s 			page 6


 148:Drivers/CMSIS/DSP/Source/ComplexMathFunctions/arm_cmplx_conj_f32.c ****   blkCnt = numSamples % 0x4U;
 139              		.loc 1 148 3 view .LVU56
 140              		.loc 1 148 10 is_stmt 0 view .LVU57
 141 0050 02F00304 		and	r4, r2, #3
 142              	.LVL17:
 149:Drivers/CMSIS/DSP/Source/ComplexMathFunctions/arm_cmplx_conj_f32.c **** 
 150:Drivers/CMSIS/DSP/Source/ComplexMathFunctions/arm_cmplx_conj_f32.c **** #else
 151:Drivers/CMSIS/DSP/Source/ComplexMathFunctions/arm_cmplx_conj_f32.c **** 
 152:Drivers/CMSIS/DSP/Source/ComplexMathFunctions/arm_cmplx_conj_f32.c ****   /* Run the below code for Cortex-M0 */
 153:Drivers/CMSIS/DSP/Source/ComplexMathFunctions/arm_cmplx_conj_f32.c ****   blkCnt = numSamples;
 154:Drivers/CMSIS/DSP/Source/ComplexMathFunctions/arm_cmplx_conj_f32.c **** 
 155:Drivers/CMSIS/DSP/Source/ComplexMathFunctions/arm_cmplx_conj_f32.c **** #endif /* #if defined (ARM_MATH_DSP) */
 156:Drivers/CMSIS/DSP/Source/ComplexMathFunctions/arm_cmplx_conj_f32.c **** 
 157:Drivers/CMSIS/DSP/Source/ComplexMathFunctions/arm_cmplx_conj_f32.c ****   while (blkCnt > 0U)
 143              		.loc 1 157 3 is_stmt 1 view .LVU58
 144              		.loc 1 157 9 is_stmt 0 view .LVU59
 145 0054 0EE0     		b	.L4
 146              	.LVL18:
 147              	.L5:
 158:Drivers/CMSIS/DSP/Source/ComplexMathFunctions/arm_cmplx_conj_f32.c ****   {
 159:Drivers/CMSIS/DSP/Source/ComplexMathFunctions/arm_cmplx_conj_f32.c ****     /* realOut + j (imagOut) = realIn + j (-1) imagIn */
 160:Drivers/CMSIS/DSP/Source/ComplexMathFunctions/arm_cmplx_conj_f32.c ****     /* Calculate Complex Conjugate and then store the results in the destination buffer. */
 161:Drivers/CMSIS/DSP/Source/ComplexMathFunctions/arm_cmplx_conj_f32.c ****     *pDst++ = *pSrc++;
 148              		.loc 1 161 5 is_stmt 1 view .LVU60
 149              		.loc 1 161 15 is_stmt 0 view .LVU61
 150 0056 0346     		mov	r3, r0
 151 0058 53F808CB 		ldr	ip, [r3], #8	@ float
 152              		.loc 1 161 13 view .LVU62
 153 005c 0A46     		mov	r2, r1
 154 005e 42F808CB 		str	ip, [r2], #8	@ float
 162:Drivers/CMSIS/DSP/Source/ComplexMathFunctions/arm_cmplx_conj_f32.c ****     *pDst++ = -*pSrc++;
 155              		.loc 1 162 5 is_stmt 1 view .LVU63
 156              	.LVL19:
 157              		.loc 1 162 16 is_stmt 0 view .LVU64
 158 0062 D0ED017A 		vldr.32	s15, [r0, #4]
 159              	.LVL20:
 160              		.loc 1 162 15 view .LVU65
 161 0066 F1EE677A 		vneg.f32	s15, s15
 162              		.loc 1 162 13 view .LVU66
 163 006a C1ED017A 		vstr.32	s15, [r1, #4]
 163:Drivers/CMSIS/DSP/Source/ComplexMathFunctions/arm_cmplx_conj_f32.c **** 
 164:Drivers/CMSIS/DSP/Source/ComplexMathFunctions/arm_cmplx_conj_f32.c ****     /* Decrement the loop counter */
 165:Drivers/CMSIS/DSP/Source/ComplexMathFunctions/arm_cmplx_conj_f32.c ****     blkCnt--;
 164              		.loc 1 165 5 is_stmt 1 view .LVU67
 165              		.loc 1 165 11 is_stmt 0 view .LVU68
 166 006e 013C     		subs	r4, r4, #1
 167              	.LVL21:
 162:Drivers/CMSIS/DSP/Source/ComplexMathFunctions/arm_cmplx_conj_f32.c ****     *pDst++ = -*pSrc++;
 168              		.loc 1 162 10 view .LVU69
 169 0070 1146     		mov	r1, r2
 162:Drivers/CMSIS/DSP/Source/ComplexMathFunctions/arm_cmplx_conj_f32.c ****     *pDst++ = -*pSrc++;
 170              		.loc 1 162 21 view .LVU70
 171 0072 1846     		mov	r0, r3
 172              	.LVL22:
 173              	.L4:
 157:Drivers/CMSIS/DSP/Source/ComplexMathFunctions/arm_cmplx_conj_f32.c ****   {
 174              		.loc 1 157 9 is_stmt 1 view .LVU71
ARM GAS  C:\Users\17832\AppData\Local\Temp\ccPg14Z3.s 			page 7


 175 0074 002C     		cmp	r4, #0
 176 0076 EED1     		bne	.L5
 166:Drivers/CMSIS/DSP/Source/ComplexMathFunctions/arm_cmplx_conj_f32.c ****   }
 167:Drivers/CMSIS/DSP/Source/ComplexMathFunctions/arm_cmplx_conj_f32.c **** }
 177              		.loc 1 167 1 is_stmt 0 view .LVU72
 178 0078 5DF8044B 		ldr	r4, [sp], #4
 179              	.LCFI1:
 180              		.cfi_restore 4
 181              		.cfi_def_cfa_offset 0
 182              	.LVL23:
 183              		.loc 1 167 1 view .LVU73
 184 007c 7047     		bx	lr
 185              		.cfi_endproc
 186              	.LFE135:
 188              		.text
 189              	.Letext0:
 190              		.file 2 "d:\\gnu arm embedded toolchain\\10 2021.10\\arm-none-eabi\\include\\machine\\_default_typ
 191              		.file 3 "d:\\gnu arm embedded toolchain\\10 2021.10\\arm-none-eabi\\include\\sys\\_stdint.h"
 192              		.file 4 "Drivers/CMSIS/DSP/Include/arm_math.h"
ARM GAS  C:\Users\17832\AppData\Local\Temp\ccPg14Z3.s 			page 8


DEFINED SYMBOLS
                            *ABS*:00000000 arm_cmplx_conj_f32.c
C:\Users\17832\AppData\Local\Temp\ccPg14Z3.s:20     .text.arm_cmplx_conj_f32:00000000 $t
C:\Users\17832\AppData\Local\Temp\ccPg14Z3.s:26     .text.arm_cmplx_conj_f32:00000000 arm_cmplx_conj_f32

NO UNDEFINED SYMBOLS
