ARM GAS  C:\Users\17832\AppData\Local\Temp\ccmrwe1b.s 			page 1


   1              		.cpu cortex-m4
   2              		.arch armv7e-m
   3              		.fpu fpv4-sp-d16
   4              		.eabi_attribute 27, 1
   5              		.eabi_attribute 28, 1
   6              		.eabi_attribute 20, 1
   7              		.eabi_attribute 21, 1
   8              		.eabi_attribute 23, 3
   9              		.eabi_attribute 24, 1
  10              		.eabi_attribute 25, 1
  11              		.eabi_attribute 26, 1
  12              		.eabi_attribute 30, 1
  13              		.eabi_attribute 34, 1
  14              		.eabi_attribute 18, 4
  15              		.file	"arm_cmplx_dot_prod_q15.c"
  16              		.text
  17              	.Ltext0:
  18              		.cfi_sections	.debug_frame
  19              		.section	.text.arm_cmplx_dot_prod_q15,"ax",%progbits
  20              		.align	1
  21              		.global	arm_cmplx_dot_prod_q15
  22              		.syntax unified
  23              		.thumb
  24              		.thumb_func
  26              	arm_cmplx_dot_prod_q15:
  27              	.LVL0:
  28              	.LFB135:
  29              		.file 1 "Drivers/CMSIS/DSP/Source/ComplexMathFunctions/arm_cmplx_dot_prod_q15.c"
   1:Drivers/CMSIS/DSP/Source/ComplexMathFunctions/arm_cmplx_dot_prod_q15.c **** /* ----------------------------------------------------------------------
   2:Drivers/CMSIS/DSP/Source/ComplexMathFunctions/arm_cmplx_dot_prod_q15.c ****  * Project:      CMSIS DSP Library
   3:Drivers/CMSIS/DSP/Source/ComplexMathFunctions/arm_cmplx_dot_prod_q15.c ****  * Title:        arm_cmplx_dot_prod_q15.c
   4:Drivers/CMSIS/DSP/Source/ComplexMathFunctions/arm_cmplx_dot_prod_q15.c ****  * Description:  Processing function for the Q15 Complex Dot product
   5:Drivers/CMSIS/DSP/Source/ComplexMathFunctions/arm_cmplx_dot_prod_q15.c ****  *
   6:Drivers/CMSIS/DSP/Source/ComplexMathFunctions/arm_cmplx_dot_prod_q15.c ****  * $Date:        27. January 2017
   7:Drivers/CMSIS/DSP/Source/ComplexMathFunctions/arm_cmplx_dot_prod_q15.c ****  * $Revision:    V.1.5.1
   8:Drivers/CMSIS/DSP/Source/ComplexMathFunctions/arm_cmplx_dot_prod_q15.c ****  *
   9:Drivers/CMSIS/DSP/Source/ComplexMathFunctions/arm_cmplx_dot_prod_q15.c ****  * Target Processor: Cortex-M cores
  10:Drivers/CMSIS/DSP/Source/ComplexMathFunctions/arm_cmplx_dot_prod_q15.c ****  * -------------------------------------------------------------------- */
  11:Drivers/CMSIS/DSP/Source/ComplexMathFunctions/arm_cmplx_dot_prod_q15.c **** /*
  12:Drivers/CMSIS/DSP/Source/ComplexMathFunctions/arm_cmplx_dot_prod_q15.c ****  * Copyright (C) 2010-2017 ARM Limited or its affiliates. All rights reserved.
  13:Drivers/CMSIS/DSP/Source/ComplexMathFunctions/arm_cmplx_dot_prod_q15.c ****  *
  14:Drivers/CMSIS/DSP/Source/ComplexMathFunctions/arm_cmplx_dot_prod_q15.c ****  * SPDX-License-Identifier: Apache-2.0
  15:Drivers/CMSIS/DSP/Source/ComplexMathFunctions/arm_cmplx_dot_prod_q15.c ****  *
  16:Drivers/CMSIS/DSP/Source/ComplexMathFunctions/arm_cmplx_dot_prod_q15.c ****  * Licensed under the Apache License, Version 2.0 (the License); you may
  17:Drivers/CMSIS/DSP/Source/ComplexMathFunctions/arm_cmplx_dot_prod_q15.c ****  * not use this file except in compliance with the License.
  18:Drivers/CMSIS/DSP/Source/ComplexMathFunctions/arm_cmplx_dot_prod_q15.c ****  * You may obtain a copy of the License at
  19:Drivers/CMSIS/DSP/Source/ComplexMathFunctions/arm_cmplx_dot_prod_q15.c ****  *
  20:Drivers/CMSIS/DSP/Source/ComplexMathFunctions/arm_cmplx_dot_prod_q15.c ****  * www.apache.org/licenses/LICENSE-2.0
  21:Drivers/CMSIS/DSP/Source/ComplexMathFunctions/arm_cmplx_dot_prod_q15.c ****  *
  22:Drivers/CMSIS/DSP/Source/ComplexMathFunctions/arm_cmplx_dot_prod_q15.c ****  * Unless required by applicable law or agreed to in writing, software
  23:Drivers/CMSIS/DSP/Source/ComplexMathFunctions/arm_cmplx_dot_prod_q15.c ****  * distributed under the License is distributed on an AS IS BASIS, WITHOUT
  24:Drivers/CMSIS/DSP/Source/ComplexMathFunctions/arm_cmplx_dot_prod_q15.c ****  * WARRANTIES OR CONDITIONS OF ANY KIND, either express or implied.
  25:Drivers/CMSIS/DSP/Source/ComplexMathFunctions/arm_cmplx_dot_prod_q15.c ****  * See the License for the specific language governing permissions and
  26:Drivers/CMSIS/DSP/Source/ComplexMathFunctions/arm_cmplx_dot_prod_q15.c ****  * limitations under the License.
  27:Drivers/CMSIS/DSP/Source/ComplexMathFunctions/arm_cmplx_dot_prod_q15.c ****  */
  28:Drivers/CMSIS/DSP/Source/ComplexMathFunctions/arm_cmplx_dot_prod_q15.c **** 
  29:Drivers/CMSIS/DSP/Source/ComplexMathFunctions/arm_cmplx_dot_prod_q15.c **** #include "arm_math.h"
ARM GAS  C:\Users\17832\AppData\Local\Temp\ccmrwe1b.s 			page 2


  30:Drivers/CMSIS/DSP/Source/ComplexMathFunctions/arm_cmplx_dot_prod_q15.c **** 
  31:Drivers/CMSIS/DSP/Source/ComplexMathFunctions/arm_cmplx_dot_prod_q15.c **** /**
  32:Drivers/CMSIS/DSP/Source/ComplexMathFunctions/arm_cmplx_dot_prod_q15.c ****  * @ingroup groupCmplxMath
  33:Drivers/CMSIS/DSP/Source/ComplexMathFunctions/arm_cmplx_dot_prod_q15.c ****  */
  34:Drivers/CMSIS/DSP/Source/ComplexMathFunctions/arm_cmplx_dot_prod_q15.c **** 
  35:Drivers/CMSIS/DSP/Source/ComplexMathFunctions/arm_cmplx_dot_prod_q15.c **** /**
  36:Drivers/CMSIS/DSP/Source/ComplexMathFunctions/arm_cmplx_dot_prod_q15.c ****  * @addtogroup cmplx_dot_prod
  37:Drivers/CMSIS/DSP/Source/ComplexMathFunctions/arm_cmplx_dot_prod_q15.c ****  * @{
  38:Drivers/CMSIS/DSP/Source/ComplexMathFunctions/arm_cmplx_dot_prod_q15.c ****  */
  39:Drivers/CMSIS/DSP/Source/ComplexMathFunctions/arm_cmplx_dot_prod_q15.c **** 
  40:Drivers/CMSIS/DSP/Source/ComplexMathFunctions/arm_cmplx_dot_prod_q15.c **** /**
  41:Drivers/CMSIS/DSP/Source/ComplexMathFunctions/arm_cmplx_dot_prod_q15.c ****  * @brief  Q15 complex dot product
  42:Drivers/CMSIS/DSP/Source/ComplexMathFunctions/arm_cmplx_dot_prod_q15.c ****  * @param  *pSrcA points to the first input vector
  43:Drivers/CMSIS/DSP/Source/ComplexMathFunctions/arm_cmplx_dot_prod_q15.c ****  * @param  *pSrcB points to the second input vector
  44:Drivers/CMSIS/DSP/Source/ComplexMathFunctions/arm_cmplx_dot_prod_q15.c ****  * @param  numSamples number of complex samples in each vector
  45:Drivers/CMSIS/DSP/Source/ComplexMathFunctions/arm_cmplx_dot_prod_q15.c ****  * @param  *realResult real part of the result returned here
  46:Drivers/CMSIS/DSP/Source/ComplexMathFunctions/arm_cmplx_dot_prod_q15.c ****  * @param  *imagResult imaginary part of the result returned here
  47:Drivers/CMSIS/DSP/Source/ComplexMathFunctions/arm_cmplx_dot_prod_q15.c ****  * @return none.
  48:Drivers/CMSIS/DSP/Source/ComplexMathFunctions/arm_cmplx_dot_prod_q15.c ****  *
  49:Drivers/CMSIS/DSP/Source/ComplexMathFunctions/arm_cmplx_dot_prod_q15.c ****  * <b>Scaling and Overflow Behavior:</b>
  50:Drivers/CMSIS/DSP/Source/ComplexMathFunctions/arm_cmplx_dot_prod_q15.c ****  * \par
  51:Drivers/CMSIS/DSP/Source/ComplexMathFunctions/arm_cmplx_dot_prod_q15.c ****  * The function is implemented using an internal 64-bit accumulator.
  52:Drivers/CMSIS/DSP/Source/ComplexMathFunctions/arm_cmplx_dot_prod_q15.c ****  * The intermediate 1.15 by 1.15 multiplications are performed with full precision and yield a 2.30
  53:Drivers/CMSIS/DSP/Source/ComplexMathFunctions/arm_cmplx_dot_prod_q15.c ****  * These are accumulated in a 64-bit accumulator with 34.30 precision.
  54:Drivers/CMSIS/DSP/Source/ComplexMathFunctions/arm_cmplx_dot_prod_q15.c ****  * As a final step, the accumulators are converted to 8.24 format.
  55:Drivers/CMSIS/DSP/Source/ComplexMathFunctions/arm_cmplx_dot_prod_q15.c ****  * The return results <code>realResult</code> and <code>imagResult</code> are in 8.24 format.
  56:Drivers/CMSIS/DSP/Source/ComplexMathFunctions/arm_cmplx_dot_prod_q15.c ****  */
  57:Drivers/CMSIS/DSP/Source/ComplexMathFunctions/arm_cmplx_dot_prod_q15.c **** 
  58:Drivers/CMSIS/DSP/Source/ComplexMathFunctions/arm_cmplx_dot_prod_q15.c **** void arm_cmplx_dot_prod_q15(
  59:Drivers/CMSIS/DSP/Source/ComplexMathFunctions/arm_cmplx_dot_prod_q15.c ****   q15_t * pSrcA,
  60:Drivers/CMSIS/DSP/Source/ComplexMathFunctions/arm_cmplx_dot_prod_q15.c ****   q15_t * pSrcB,
  61:Drivers/CMSIS/DSP/Source/ComplexMathFunctions/arm_cmplx_dot_prod_q15.c ****   uint32_t numSamples,
  62:Drivers/CMSIS/DSP/Source/ComplexMathFunctions/arm_cmplx_dot_prod_q15.c ****   q31_t * realResult,
  63:Drivers/CMSIS/DSP/Source/ComplexMathFunctions/arm_cmplx_dot_prod_q15.c ****   q31_t * imagResult)
  64:Drivers/CMSIS/DSP/Source/ComplexMathFunctions/arm_cmplx_dot_prod_q15.c **** {
  30              		.loc 1 64 1 view -0
  31              		.cfi_startproc
  32              		@ args = 4, pretend = 0, frame = 0
  33              		@ frame_needed = 0, uses_anonymous_args = 0
  34              		.loc 1 64 1 is_stmt 0 view .LVU1
  35 0000 2DE9F04F 		push	{r4, r5, r6, r7, r8, r9, r10, fp, lr}
  36              	.LCFI0:
  37              		.cfi_def_cfa_offset 36
  38              		.cfi_offset 4, -36
  39              		.cfi_offset 5, -32
  40              		.cfi_offset 6, -28
  41              		.cfi_offset 7, -24
  42              		.cfi_offset 8, -20
  43              		.cfi_offset 9, -16
  44              		.cfi_offset 10, -12
  45              		.cfi_offset 11, -8
  46              		.cfi_offset 14, -4
  47 0004 9B46     		mov	fp, r3
  65:Drivers/CMSIS/DSP/Source/ComplexMathFunctions/arm_cmplx_dot_prod_q15.c ****   q63_t real_sum = 0, imag_sum = 0;              /* Temporary result storage */
  48              		.loc 1 65 3 is_stmt 1 view .LVU2
  49              	.LVL1:
  66:Drivers/CMSIS/DSP/Source/ComplexMathFunctions/arm_cmplx_dot_prod_q15.c ****   q15_t a0,b0,c0,d0;
ARM GAS  C:\Users\17832\AppData\Local\Temp\ccmrwe1b.s 			page 3


  50              		.loc 1 66 3 view .LVU3
  67:Drivers/CMSIS/DSP/Source/ComplexMathFunctions/arm_cmplx_dot_prod_q15.c **** 
  68:Drivers/CMSIS/DSP/Source/ComplexMathFunctions/arm_cmplx_dot_prod_q15.c **** #if defined (ARM_MATH_DSP)
  69:Drivers/CMSIS/DSP/Source/ComplexMathFunctions/arm_cmplx_dot_prod_q15.c **** 
  70:Drivers/CMSIS/DSP/Source/ComplexMathFunctions/arm_cmplx_dot_prod_q15.c ****   /* Run the below code for Cortex-M4 and Cortex-M3 */
  71:Drivers/CMSIS/DSP/Source/ComplexMathFunctions/arm_cmplx_dot_prod_q15.c ****   uint32_t blkCnt;                               /* loop counter */
  51              		.loc 1 71 3 view .LVU4
  72:Drivers/CMSIS/DSP/Source/ComplexMathFunctions/arm_cmplx_dot_prod_q15.c **** 
  73:Drivers/CMSIS/DSP/Source/ComplexMathFunctions/arm_cmplx_dot_prod_q15.c **** 
  74:Drivers/CMSIS/DSP/Source/ComplexMathFunctions/arm_cmplx_dot_prod_q15.c ****   /*loop Unrolling */
  75:Drivers/CMSIS/DSP/Source/ComplexMathFunctions/arm_cmplx_dot_prod_q15.c ****   blkCnt = numSamples >> 2U;
  52              		.loc 1 75 3 view .LVU5
  53              		.loc 1 75 10 is_stmt 0 view .LVU6
  54 0006 9408     		lsrs	r4, r2, #2
  55              	.LVL2:
  76:Drivers/CMSIS/DSP/Source/ComplexMathFunctions/arm_cmplx_dot_prod_q15.c **** 
  77:Drivers/CMSIS/DSP/Source/ComplexMathFunctions/arm_cmplx_dot_prod_q15.c ****   /* First part of the processing with loop unrolling.  Compute 4 outputs at a time.
  78:Drivers/CMSIS/DSP/Source/ComplexMathFunctions/arm_cmplx_dot_prod_q15.c ****    ** a second loop below computes the remaining 1 to 3 samples. */
  79:Drivers/CMSIS/DSP/Source/ComplexMathFunctions/arm_cmplx_dot_prod_q15.c ****   while (blkCnt > 0U)
  56              		.loc 1 79 3 is_stmt 1 view .LVU7
  65:Drivers/CMSIS/DSP/Source/ComplexMathFunctions/arm_cmplx_dot_prod_q15.c ****   q15_t a0,b0,c0,d0;
  57              		.loc 1 65 23 is_stmt 0 view .LVU8
  58 0008 0023     		movs	r3, #0
  59              	.LVL3:
  65:Drivers/CMSIS/DSP/Source/ComplexMathFunctions/arm_cmplx_dot_prod_q15.c ****   q15_t a0,b0,c0,d0;
  60              		.loc 1 65 23 view .LVU9
  61 000a 9C46     		mov	ip, r3
  65:Drivers/CMSIS/DSP/Source/ComplexMathFunctions/arm_cmplx_dot_prod_q15.c ****   q15_t a0,b0,c0,d0;
  62              		.loc 1 65 9 view .LVU10
  63 000c 1D46     		mov	r5, r3
  64 000e 1E46     		mov	r6, r3
  65              		.loc 1 79 9 view .LVU11
  66 0010 7DE0     		b	.L2
  67              	.LVL4:
  68              	.L3:
  80:Drivers/CMSIS/DSP/Source/ComplexMathFunctions/arm_cmplx_dot_prod_q15.c ****   {
  81:Drivers/CMSIS/DSP/Source/ComplexMathFunctions/arm_cmplx_dot_prod_q15.c ****       a0 = *pSrcA++;
  69              		.loc 1 81 7 is_stmt 1 view .LVU12
  70              		.loc 1 81 10 is_stmt 0 view .LVU13
  71 0012 B0F900E0 		ldrsh	lr, [r0]
  72              	.LVL5:
  82:Drivers/CMSIS/DSP/Source/ComplexMathFunctions/arm_cmplx_dot_prod_q15.c ****       b0 = *pSrcA++;
  73              		.loc 1 82 7 is_stmt 1 view .LVU14
  74              		.loc 1 82 10 is_stmt 0 view .LVU15
  75 0016 B0F90290 		ldrsh	r9, [r0, #2]
  76              	.LVL6:
  83:Drivers/CMSIS/DSP/Source/ComplexMathFunctions/arm_cmplx_dot_prod_q15.c ****       c0 = *pSrcB++;
  77              		.loc 1 83 7 is_stmt 1 view .LVU16
  78              		.loc 1 83 10 is_stmt 0 view .LVU17
  79 001a B1F90080 		ldrsh	r8, [r1]
  80              	.LVL7:
  84:Drivers/CMSIS/DSP/Source/ComplexMathFunctions/arm_cmplx_dot_prod_q15.c ****       d0 = *pSrcB++;
  81              		.loc 1 84 7 is_stmt 1 view .LVU18
  82              		.loc 1 84 10 is_stmt 0 view .LVU19
  83 001e B1F902A0 		ldrsh	r10, [r1, #2]
  84              	.LVL8:
  85:Drivers/CMSIS/DSP/Source/ComplexMathFunctions/arm_cmplx_dot_prod_q15.c **** 
ARM GAS  C:\Users\17832\AppData\Local\Temp\ccmrwe1b.s 			page 4


  86:Drivers/CMSIS/DSP/Source/ComplexMathFunctions/arm_cmplx_dot_prod_q15.c ****       real_sum += (q31_t)a0 * c0;
  85              		.loc 1 86 7 is_stmt 1 view .LVU20
  86              		.loc 1 86 29 is_stmt 0 view .LVU21
  87 0022 08FB0EF7 		mul	r7, r8, lr
  88              		.loc 1 86 16 view .LVU22
  89 0026 7D19     		adds	r5, r7, r5
  90              	.LVL9:
  91              		.loc 1 86 16 view .LVU23
  92 0028 46EBE777 		adc	r7, r6, r7, asr #31
  93              	.LVL10:
  87:Drivers/CMSIS/DSP/Source/ComplexMathFunctions/arm_cmplx_dot_prod_q15.c ****       imag_sum += (q31_t)a0 * d0;
  94              		.loc 1 87 7 is_stmt 1 view .LVU24
  95              		.loc 1 87 29 is_stmt 0 view .LVU25
  96 002c 0AFB0EFE 		mul	lr, r10, lr
  97              	.LVL11:
  98              		.loc 1 87 16 view .LVU26
  99 0030 1EEB0303 		adds	r3, lr, r3
 100              	.LVL12:
 101              		.loc 1 87 16 view .LVU27
 102 0034 4CEBEE7C 		adc	ip, ip, lr, asr #31
 103              	.LVL13:
  88:Drivers/CMSIS/DSP/Source/ComplexMathFunctions/arm_cmplx_dot_prod_q15.c ****       real_sum -= (q31_t)b0 * d0;
 104              		.loc 1 88 7 is_stmt 1 view .LVU28
 105              		.loc 1 88 29 is_stmt 0 view .LVU29
 106 0038 09FB0AFA 		mul	r10, r9, r10
 107              	.LVL14:
 108              		.loc 1 88 16 view .LVU30
 109 003c B5EB0A05 		subs	r5, r5, r10
 110              	.LVL15:
 111              		.loc 1 88 16 view .LVU31
 112 0040 67EBEA77 		sbc	r7, r7, r10, asr #31
 113              	.LVL16:
  89:Drivers/CMSIS/DSP/Source/ComplexMathFunctions/arm_cmplx_dot_prod_q15.c ****       imag_sum += (q31_t)b0 * c0;
 114              		.loc 1 89 7 is_stmt 1 view .LVU32
 115              		.loc 1 89 29 is_stmt 0 view .LVU33
 116 0044 09FB08F8 		mul	r8, r9, r8
 117              	.LVL17:
 118              		.loc 1 89 16 view .LVU34
 119 0048 18EB0303 		adds	r3, r8, r3
 120              	.LVL18:
 121              		.loc 1 89 16 view .LVU35
 122 004c 4CEBE87C 		adc	ip, ip, r8, asr #31
 123              	.LVL19:
  90:Drivers/CMSIS/DSP/Source/ComplexMathFunctions/arm_cmplx_dot_prod_q15.c **** 
  91:Drivers/CMSIS/DSP/Source/ComplexMathFunctions/arm_cmplx_dot_prod_q15.c ****       a0 = *pSrcA++;
 124              		.loc 1 91 7 is_stmt 1 view .LVU36
 125              		.loc 1 91 10 is_stmt 0 view .LVU37
 126 0050 B0F904E0 		ldrsh	lr, [r0, #4]
 127              	.LVL20:
  92:Drivers/CMSIS/DSP/Source/ComplexMathFunctions/arm_cmplx_dot_prod_q15.c ****       b0 = *pSrcA++;
 128              		.loc 1 92 7 is_stmt 1 view .LVU38
 129              		.loc 1 92 10 is_stmt 0 view .LVU39
 130 0054 B0F90690 		ldrsh	r9, [r0, #6]
 131              	.LVL21:
  93:Drivers/CMSIS/DSP/Source/ComplexMathFunctions/arm_cmplx_dot_prod_q15.c ****       c0 = *pSrcB++;
 132              		.loc 1 93 7 is_stmt 1 view .LVU40
 133              		.loc 1 93 10 is_stmt 0 view .LVU41
ARM GAS  C:\Users\17832\AppData\Local\Temp\ccmrwe1b.s 			page 5


 134 0058 B1F90480 		ldrsh	r8, [r1, #4]
 135              	.LVL22:
  94:Drivers/CMSIS/DSP/Source/ComplexMathFunctions/arm_cmplx_dot_prod_q15.c ****       d0 = *pSrcB++;
 136              		.loc 1 94 7 is_stmt 1 view .LVU42
 137              		.loc 1 94 10 is_stmt 0 view .LVU43
 138 005c B1F906A0 		ldrsh	r10, [r1, #6]
 139              	.LVL23:
  95:Drivers/CMSIS/DSP/Source/ComplexMathFunctions/arm_cmplx_dot_prod_q15.c **** 
  96:Drivers/CMSIS/DSP/Source/ComplexMathFunctions/arm_cmplx_dot_prod_q15.c ****       real_sum += (q31_t)a0 * c0;
 140              		.loc 1 96 7 is_stmt 1 view .LVU44
 141              		.loc 1 96 29 is_stmt 0 view .LVU45
 142 0060 08FB0EF6 		mul	r6, r8, lr
 143              		.loc 1 96 16 view .LVU46
 144 0064 7519     		adds	r5, r6, r5
 145              	.LVL24:
 146              		.loc 1 96 16 view .LVU47
 147 0066 47EBE676 		adc	r6, r7, r6, asr #31
 148              	.LVL25:
  97:Drivers/CMSIS/DSP/Source/ComplexMathFunctions/arm_cmplx_dot_prod_q15.c ****       imag_sum += (q31_t)a0 * d0;
 149              		.loc 1 97 7 is_stmt 1 view .LVU48
 150              		.loc 1 97 29 is_stmt 0 view .LVU49
 151 006a 0AFB0EFE 		mul	lr, r10, lr
 152              	.LVL26:
 153              		.loc 1 97 16 view .LVU50
 154 006e 1EEB0303 		adds	r3, lr, r3
 155              	.LVL27:
 156              		.loc 1 97 16 view .LVU51
 157 0072 4CEBEE7C 		adc	ip, ip, lr, asr #31
 158              	.LVL28:
  98:Drivers/CMSIS/DSP/Source/ComplexMathFunctions/arm_cmplx_dot_prod_q15.c ****       real_sum -= (q31_t)b0 * d0;
 159              		.loc 1 98 7 is_stmt 1 view .LVU52
 160              		.loc 1 98 29 is_stmt 0 view .LVU53
 161 0076 09FB0AFA 		mul	r10, r9, r10
 162              	.LVL29:
 163              		.loc 1 98 16 view .LVU54
 164 007a B5EB0A05 		subs	r5, r5, r10
 165              	.LVL30:
 166              		.loc 1 98 16 view .LVU55
 167 007e 66EBEA76 		sbc	r6, r6, r10, asr #31
 168              	.LVL31:
  99:Drivers/CMSIS/DSP/Source/ComplexMathFunctions/arm_cmplx_dot_prod_q15.c ****       imag_sum += (q31_t)b0 * c0;
 169              		.loc 1 99 7 is_stmt 1 view .LVU56
 170              		.loc 1 99 29 is_stmt 0 view .LVU57
 171 0082 09FB08F8 		mul	r8, r9, r8
 172              	.LVL32:
 173              		.loc 1 99 16 view .LVU58
 174 0086 18EB0303 		adds	r3, r8, r3
 175              	.LVL33:
 176              		.loc 1 99 16 view .LVU59
 177 008a 4CEBE87C 		adc	ip, ip, r8, asr #31
 178              	.LVL34:
 100:Drivers/CMSIS/DSP/Source/ComplexMathFunctions/arm_cmplx_dot_prod_q15.c **** 
 101:Drivers/CMSIS/DSP/Source/ComplexMathFunctions/arm_cmplx_dot_prod_q15.c ****       a0 = *pSrcA++;
 179              		.loc 1 101 7 is_stmt 1 view .LVU60
 180              		.loc 1 101 10 is_stmt 0 view .LVU61
 181 008e B0F908E0 		ldrsh	lr, [r0, #8]
 182              	.LVL35:
ARM GAS  C:\Users\17832\AppData\Local\Temp\ccmrwe1b.s 			page 6


 102:Drivers/CMSIS/DSP/Source/ComplexMathFunctions/arm_cmplx_dot_prod_q15.c ****       b0 = *pSrcA++;
 183              		.loc 1 102 7 is_stmt 1 view .LVU62
 184              		.loc 1 102 10 is_stmt 0 view .LVU63
 185 0092 B0F90A80 		ldrsh	r8, [r0, #10]
 186              	.LVL36:
 103:Drivers/CMSIS/DSP/Source/ComplexMathFunctions/arm_cmplx_dot_prod_q15.c ****       c0 = *pSrcB++;
 187              		.loc 1 103 7 is_stmt 1 view .LVU64
 188              		.loc 1 103 10 is_stmt 0 view .LVU65
 189 0096 B1F90870 		ldrsh	r7, [r1, #8]
 190              	.LVL37:
 104:Drivers/CMSIS/DSP/Source/ComplexMathFunctions/arm_cmplx_dot_prod_q15.c ****       d0 = *pSrcB++;
 191              		.loc 1 104 7 is_stmt 1 view .LVU66
 192              		.loc 1 104 10 is_stmt 0 view .LVU67
 193 009a B1F90A90 		ldrsh	r9, [r1, #10]
 194              	.LVL38:
 105:Drivers/CMSIS/DSP/Source/ComplexMathFunctions/arm_cmplx_dot_prod_q15.c **** 
 106:Drivers/CMSIS/DSP/Source/ComplexMathFunctions/arm_cmplx_dot_prod_q15.c ****       real_sum += (q31_t)a0 * c0;
 195              		.loc 1 106 7 is_stmt 1 view .LVU68
 196              		.loc 1 106 29 is_stmt 0 view .LVU69
 197 009e 07FB0EFA 		mul	r10, r7, lr
 198              		.loc 1 106 16 view .LVU70
 199 00a2 1AEB0505 		adds	r5, r10, r5
 200              	.LVL39:
 201              		.loc 1 106 16 view .LVU71
 202 00a6 46EBEA76 		adc	r6, r6, r10, asr #31
 203              	.LVL40:
 107:Drivers/CMSIS/DSP/Source/ComplexMathFunctions/arm_cmplx_dot_prod_q15.c ****       imag_sum += (q31_t)a0 * d0;
 204              		.loc 1 107 7 is_stmt 1 view .LVU72
 205              		.loc 1 107 29 is_stmt 0 view .LVU73
 206 00aa 09FB0EFE 		mul	lr, r9, lr
 207              	.LVL41:
 208              		.loc 1 107 16 view .LVU74
 209 00ae 1EEB0303 		adds	r3, lr, r3
 210              	.LVL42:
 211              		.loc 1 107 16 view .LVU75
 212 00b2 4CEBEE7C 		adc	ip, ip, lr, asr #31
 213              	.LVL43:
 108:Drivers/CMSIS/DSP/Source/ComplexMathFunctions/arm_cmplx_dot_prod_q15.c ****       real_sum -= (q31_t)b0 * d0;
 214              		.loc 1 108 7 is_stmt 1 view .LVU76
 215              		.loc 1 108 29 is_stmt 0 view .LVU77
 216 00b6 08FB09FA 		mul	r10, r8, r9
 217              		.loc 1 108 16 view .LVU78
 218 00ba B5EB0A05 		subs	r5, r5, r10
 219              	.LVL44:
 220              		.loc 1 108 16 view .LVU79
 221 00be 66EBEA76 		sbc	r6, r6, r10, asr #31
 222              	.LVL45:
 109:Drivers/CMSIS/DSP/Source/ComplexMathFunctions/arm_cmplx_dot_prod_q15.c ****       imag_sum += (q31_t)b0 * c0;
 223              		.loc 1 109 7 is_stmt 1 view .LVU80
 224              		.loc 1 109 29 is_stmt 0 view .LVU81
 225 00c2 08FB07F7 		mul	r7, r8, r7
 226              	.LVL46:
 227              		.loc 1 109 16 view .LVU82
 228 00c6 FB18     		adds	r3, r7, r3
 229              	.LVL47:
 230              		.loc 1 109 16 view .LVU83
 231 00c8 4CEBE77C 		adc	ip, ip, r7, asr #31
ARM GAS  C:\Users\17832\AppData\Local\Temp\ccmrwe1b.s 			page 7


 232              	.LVL48:
 110:Drivers/CMSIS/DSP/Source/ComplexMathFunctions/arm_cmplx_dot_prod_q15.c **** 
 111:Drivers/CMSIS/DSP/Source/ComplexMathFunctions/arm_cmplx_dot_prod_q15.c ****       a0 = *pSrcA++;
 233              		.loc 1 111 7 is_stmt 1 view .LVU84
 234              		.loc 1 111 10 is_stmt 0 view .LVU85
 235 00cc B0F90CE0 		ldrsh	lr, [r0, #12]
 236              	.LVL49:
 112:Drivers/CMSIS/DSP/Source/ComplexMathFunctions/arm_cmplx_dot_prod_q15.c ****       b0 = *pSrcA++;
 237              		.loc 1 112 7 is_stmt 1 view .LVU86
 238              		.loc 1 112 10 is_stmt 0 view .LVU87
 239 00d0 B0F90E80 		ldrsh	r8, [r0, #14]
 240              	.LVL50:
 113:Drivers/CMSIS/DSP/Source/ComplexMathFunctions/arm_cmplx_dot_prod_q15.c ****       c0 = *pSrcB++;
 241              		.loc 1 113 7 is_stmt 1 view .LVU88
 242              		.loc 1 113 10 is_stmt 0 view .LVU89
 243 00d4 B1F90C70 		ldrsh	r7, [r1, #12]
 244              	.LVL51:
 114:Drivers/CMSIS/DSP/Source/ComplexMathFunctions/arm_cmplx_dot_prod_q15.c ****       d0 = *pSrcB++;
 245              		.loc 1 114 7 is_stmt 1 view .LVU90
 246              		.loc 1 114 10 is_stmt 0 view .LVU91
 247 00d8 B1F90E90 		ldrsh	r9, [r1, #14]
 248              	.LVL52:
 115:Drivers/CMSIS/DSP/Source/ComplexMathFunctions/arm_cmplx_dot_prod_q15.c **** 
 116:Drivers/CMSIS/DSP/Source/ComplexMathFunctions/arm_cmplx_dot_prod_q15.c ****       real_sum += (q31_t)a0 * c0;
 249              		.loc 1 116 7 is_stmt 1 view .LVU92
 250              		.loc 1 116 29 is_stmt 0 view .LVU93
 251 00dc 07FB0EFA 		mul	r10, r7, lr
 252              		.loc 1 116 16 view .LVU94
 253 00e0 1AEB0505 		adds	r5, r10, r5
 254              	.LVL53:
 255              		.loc 1 116 16 view .LVU95
 256 00e4 46EBEA7A 		adc	r10, r6, r10, asr #31
 257              	.LVL54:
 117:Drivers/CMSIS/DSP/Source/ComplexMathFunctions/arm_cmplx_dot_prod_q15.c ****       imag_sum += (q31_t)a0 * d0;
 258              		.loc 1 117 7 is_stmt 1 view .LVU96
 259              		.loc 1 117 29 is_stmt 0 view .LVU97
 260 00e8 09FB0EFE 		mul	lr, r9, lr
 261              	.LVL55:
 262              		.loc 1 117 16 view .LVU98
 263 00ec 1EEB0303 		adds	r3, lr, r3
 264              	.LVL56:
 265              		.loc 1 117 16 view .LVU99
 266 00f0 4CEBEE7C 		adc	ip, ip, lr, asr #31
 267              	.LVL57:
 118:Drivers/CMSIS/DSP/Source/ComplexMathFunctions/arm_cmplx_dot_prod_q15.c ****       real_sum -= (q31_t)b0 * d0;
 268              		.loc 1 118 7 is_stmt 1 view .LVU100
 269              		.loc 1 118 29 is_stmt 0 view .LVU101
 270 00f4 08FB09F6 		mul	r6, r8, r9
 271              		.loc 1 118 16 view .LVU102
 272 00f8 AD1B     		subs	r5, r5, r6
 273              	.LVL58:
 274              		.loc 1 118 16 view .LVU103
 275 00fa 6AEBE676 		sbc	r6, r10, r6, asr #31
 276              	.LVL59:
 119:Drivers/CMSIS/DSP/Source/ComplexMathFunctions/arm_cmplx_dot_prod_q15.c ****       imag_sum += (q31_t)b0 * c0;
 277              		.loc 1 119 7 is_stmt 1 view .LVU104
 278              		.loc 1 119 29 is_stmt 0 view .LVU105
ARM GAS  C:\Users\17832\AppData\Local\Temp\ccmrwe1b.s 			page 8


 279 00fe 08FB07F7 		mul	r7, r8, r7
 280              	.LVL60:
 281              		.loc 1 119 16 view .LVU106
 282 0102 FB18     		adds	r3, r7, r3
 283              	.LVL61:
 284              		.loc 1 119 16 view .LVU107
 285 0104 4CEBE77C 		adc	ip, ip, r7, asr #31
 286              	.LVL62:
 120:Drivers/CMSIS/DSP/Source/ComplexMathFunctions/arm_cmplx_dot_prod_q15.c **** 
 121:Drivers/CMSIS/DSP/Source/ComplexMathFunctions/arm_cmplx_dot_prod_q15.c ****       /* Decrement the loop counter */
 122:Drivers/CMSIS/DSP/Source/ComplexMathFunctions/arm_cmplx_dot_prod_q15.c ****       blkCnt--;
 287              		.loc 1 122 7 is_stmt 1 view .LVU108
 288              		.loc 1 122 13 is_stmt 0 view .LVU109
 289 0108 013C     		subs	r4, r4, #1
 290              	.LVL63:
 114:Drivers/CMSIS/DSP/Source/ComplexMathFunctions/arm_cmplx_dot_prod_q15.c **** 
 291              		.loc 1 114 18 view .LVU110
 292 010a 1031     		adds	r1, r1, #16
 293              	.LVL64:
 112:Drivers/CMSIS/DSP/Source/ComplexMathFunctions/arm_cmplx_dot_prod_q15.c ****       c0 = *pSrcB++;
 294              		.loc 1 112 18 view .LVU111
 295 010c 1030     		adds	r0, r0, #16
 296              	.LVL65:
 297              	.L2:
  79:Drivers/CMSIS/DSP/Source/ComplexMathFunctions/arm_cmplx_dot_prod_q15.c ****   {
 298              		.loc 1 79 9 is_stmt 1 view .LVU112
 299 010e 002C     		cmp	r4, #0
 300 0110 7FF47FAF 		bne	.L3
 123:Drivers/CMSIS/DSP/Source/ComplexMathFunctions/arm_cmplx_dot_prod_q15.c ****   }
 124:Drivers/CMSIS/DSP/Source/ComplexMathFunctions/arm_cmplx_dot_prod_q15.c **** 
 125:Drivers/CMSIS/DSP/Source/ComplexMathFunctions/arm_cmplx_dot_prod_q15.c ****   /* If the numSamples is not a multiple of 4, compute any remaining output samples here.
 126:Drivers/CMSIS/DSP/Source/ComplexMathFunctions/arm_cmplx_dot_prod_q15.c ****    ** No loop unrolling is used. */
 127:Drivers/CMSIS/DSP/Source/ComplexMathFunctions/arm_cmplx_dot_prod_q15.c ****   blkCnt = numSamples % 0x4U;
 301              		.loc 1 127 3 view .LVU113
 302              		.loc 1 127 10 is_stmt 0 view .LVU114
 303 0114 02F00302 		and	r2, r2, #3
 304              	.LVL66:
 128:Drivers/CMSIS/DSP/Source/ComplexMathFunctions/arm_cmplx_dot_prod_q15.c **** 
 129:Drivers/CMSIS/DSP/Source/ComplexMathFunctions/arm_cmplx_dot_prod_q15.c ****   while (blkCnt > 0U)
 305              		.loc 1 129 3 is_stmt 1 view .LVU115
 306              		.loc 1 129 9 is_stmt 0 view .LVU116
 307 0118 21E0     		b	.L4
 308              	.L5:
 130:Drivers/CMSIS/DSP/Source/ComplexMathFunctions/arm_cmplx_dot_prod_q15.c ****   {
 131:Drivers/CMSIS/DSP/Source/ComplexMathFunctions/arm_cmplx_dot_prod_q15.c ****       a0 = *pSrcA++;
 309              		.loc 1 131 7 is_stmt 1 view .LVU117
 310              	.LVL67:
 311              		.loc 1 131 10 is_stmt 0 view .LVU118
 312 011a 0746     		mov	r7, r0
 313 011c 37F9044B 		ldrsh	r4, [r7], #4
 314              	.LVL68:
 132:Drivers/CMSIS/DSP/Source/ComplexMathFunctions/arm_cmplx_dot_prod_q15.c ****       b0 = *pSrcA++;
 315              		.loc 1 132 7 is_stmt 1 view .LVU119
 316              		.loc 1 132 10 is_stmt 0 view .LVU120
 317 0120 B0F90280 		ldrsh	r8, [r0, #2]
 318              	.LVL69:
 133:Drivers/CMSIS/DSP/Source/ComplexMathFunctions/arm_cmplx_dot_prod_q15.c ****       c0 = *pSrcB++;
ARM GAS  C:\Users\17832\AppData\Local\Temp\ccmrwe1b.s 			page 9


 319              		.loc 1 133 7 is_stmt 1 view .LVU121
 320              		.loc 1 133 10 is_stmt 0 view .LVU122
 321 0124 8E46     		mov	lr, r1
 322 0126 3EF9040B 		ldrsh	r0, [lr], #4
 323              	.LVL70:
 134:Drivers/CMSIS/DSP/Source/ComplexMathFunctions/arm_cmplx_dot_prod_q15.c ****       d0 = *pSrcB++;
 324              		.loc 1 134 7 is_stmt 1 view .LVU123
 325              		.loc 1 134 10 is_stmt 0 view .LVU124
 326 012a B1F90210 		ldrsh	r1, [r1, #2]
 327              	.LVL71:
 135:Drivers/CMSIS/DSP/Source/ComplexMathFunctions/arm_cmplx_dot_prod_q15.c **** 
 136:Drivers/CMSIS/DSP/Source/ComplexMathFunctions/arm_cmplx_dot_prod_q15.c ****       real_sum += (q31_t)a0 * c0;
 328              		.loc 1 136 7 is_stmt 1 view .LVU125
 329              		.loc 1 136 29 is_stmt 0 view .LVU126
 330 012e 00FB04F9 		mul	r9, r0, r4
 331              		.loc 1 136 16 view .LVU127
 332 0132 19EB0505 		adds	r5, r9, r5
 333              	.LVL72:
 334              		.loc 1 136 16 view .LVU128
 335 0136 46EBE976 		adc	r6, r6, r9, asr #31
 336              	.LVL73:
 137:Drivers/CMSIS/DSP/Source/ComplexMathFunctions/arm_cmplx_dot_prod_q15.c ****       imag_sum += (q31_t)a0 * d0;
 337              		.loc 1 137 7 is_stmt 1 view .LVU129
 338              		.loc 1 137 29 is_stmt 0 view .LVU130
 339 013a 01FB04F4 		mul	r4, r1, r4
 340              	.LVL74:
 341              		.loc 1 137 16 view .LVU131
 342 013e E318     		adds	r3, r4, r3
 343              	.LVL75:
 344              		.loc 1 137 16 view .LVU132
 345 0140 4CEBE47C 		adc	ip, ip, r4, asr #31
 346              	.LVL76:
 138:Drivers/CMSIS/DSP/Source/ComplexMathFunctions/arm_cmplx_dot_prod_q15.c ****       real_sum -= (q31_t)b0 * d0;
 347              		.loc 1 138 7 is_stmt 1 view .LVU133
 348              		.loc 1 138 29 is_stmt 0 view .LVU134
 349 0144 08FB01F1 		mul	r1, r8, r1
 350              	.LVL77:
 351              		.loc 1 138 16 view .LVU135
 352 0148 6D1A     		subs	r5, r5, r1
 353              	.LVL78:
 354              		.loc 1 138 16 view .LVU136
 355 014a 66EBE176 		sbc	r6, r6, r1, asr #31
 356              	.LVL79:
 139:Drivers/CMSIS/DSP/Source/ComplexMathFunctions/arm_cmplx_dot_prod_q15.c ****       imag_sum += (q31_t)b0 * c0;
 357              		.loc 1 139 7 is_stmt 1 view .LVU137
 358              		.loc 1 139 29 is_stmt 0 view .LVU138
 359 014e 08FB00F0 		mul	r0, r8, r0
 360              	.LVL80:
 361              		.loc 1 139 16 view .LVU139
 362 0152 C318     		adds	r3, r0, r3
 363              	.LVL81:
 364              		.loc 1 139 16 view .LVU140
 365 0154 4CEBE07C 		adc	ip, ip, r0, asr #31
 366              	.LVL82:
 140:Drivers/CMSIS/DSP/Source/ComplexMathFunctions/arm_cmplx_dot_prod_q15.c **** 
 141:Drivers/CMSIS/DSP/Source/ComplexMathFunctions/arm_cmplx_dot_prod_q15.c ****       /* Decrement the loop counter */
 142:Drivers/CMSIS/DSP/Source/ComplexMathFunctions/arm_cmplx_dot_prod_q15.c ****       blkCnt--;
ARM GAS  C:\Users\17832\AppData\Local\Temp\ccmrwe1b.s 			page 10


 367              		.loc 1 142 7 is_stmt 1 view .LVU141
 368              		.loc 1 142 13 is_stmt 0 view .LVU142
 369 0158 013A     		subs	r2, r2, #1
 370              	.LVL83:
 134:Drivers/CMSIS/DSP/Source/ComplexMathFunctions/arm_cmplx_dot_prod_q15.c **** 
 371              		.loc 1 134 18 view .LVU143
 372 015a 7146     		mov	r1, lr
 132:Drivers/CMSIS/DSP/Source/ComplexMathFunctions/arm_cmplx_dot_prod_q15.c ****       c0 = *pSrcB++;
 373              		.loc 1 132 18 view .LVU144
 374 015c 3846     		mov	r0, r7
 375              	.LVL84:
 376              	.L4:
 129:Drivers/CMSIS/DSP/Source/ComplexMathFunctions/arm_cmplx_dot_prod_q15.c ****   {
 377              		.loc 1 129 9 is_stmt 1 view .LVU145
 378 015e 002A     		cmp	r2, #0
 379 0160 DBD1     		bne	.L5
 143:Drivers/CMSIS/DSP/Source/ComplexMathFunctions/arm_cmplx_dot_prod_q15.c ****   }
 144:Drivers/CMSIS/DSP/Source/ComplexMathFunctions/arm_cmplx_dot_prod_q15.c **** 
 145:Drivers/CMSIS/DSP/Source/ComplexMathFunctions/arm_cmplx_dot_prod_q15.c **** #else
 146:Drivers/CMSIS/DSP/Source/ComplexMathFunctions/arm_cmplx_dot_prod_q15.c **** 
 147:Drivers/CMSIS/DSP/Source/ComplexMathFunctions/arm_cmplx_dot_prod_q15.c ****   /* Run the below code for Cortex-M0 */
 148:Drivers/CMSIS/DSP/Source/ComplexMathFunctions/arm_cmplx_dot_prod_q15.c **** 
 149:Drivers/CMSIS/DSP/Source/ComplexMathFunctions/arm_cmplx_dot_prod_q15.c ****   while (numSamples > 0U)
 150:Drivers/CMSIS/DSP/Source/ComplexMathFunctions/arm_cmplx_dot_prod_q15.c ****   {
 151:Drivers/CMSIS/DSP/Source/ComplexMathFunctions/arm_cmplx_dot_prod_q15.c ****       a0 = *pSrcA++;
 152:Drivers/CMSIS/DSP/Source/ComplexMathFunctions/arm_cmplx_dot_prod_q15.c ****       b0 = *pSrcA++;
 153:Drivers/CMSIS/DSP/Source/ComplexMathFunctions/arm_cmplx_dot_prod_q15.c ****       c0 = *pSrcB++;
 154:Drivers/CMSIS/DSP/Source/ComplexMathFunctions/arm_cmplx_dot_prod_q15.c ****       d0 = *pSrcB++;
 155:Drivers/CMSIS/DSP/Source/ComplexMathFunctions/arm_cmplx_dot_prod_q15.c **** 
 156:Drivers/CMSIS/DSP/Source/ComplexMathFunctions/arm_cmplx_dot_prod_q15.c ****       real_sum += a0 * c0;
 157:Drivers/CMSIS/DSP/Source/ComplexMathFunctions/arm_cmplx_dot_prod_q15.c ****       imag_sum += a0 * d0;
 158:Drivers/CMSIS/DSP/Source/ComplexMathFunctions/arm_cmplx_dot_prod_q15.c ****       real_sum -= b0 * d0;
 159:Drivers/CMSIS/DSP/Source/ComplexMathFunctions/arm_cmplx_dot_prod_q15.c ****       imag_sum += b0 * c0;
 160:Drivers/CMSIS/DSP/Source/ComplexMathFunctions/arm_cmplx_dot_prod_q15.c **** 
 161:Drivers/CMSIS/DSP/Source/ComplexMathFunctions/arm_cmplx_dot_prod_q15.c **** 
 162:Drivers/CMSIS/DSP/Source/ComplexMathFunctions/arm_cmplx_dot_prod_q15.c ****       /* Decrement the loop counter */
 163:Drivers/CMSIS/DSP/Source/ComplexMathFunctions/arm_cmplx_dot_prod_q15.c ****       numSamples--;
 164:Drivers/CMSIS/DSP/Source/ComplexMathFunctions/arm_cmplx_dot_prod_q15.c ****   }
 165:Drivers/CMSIS/DSP/Source/ComplexMathFunctions/arm_cmplx_dot_prod_q15.c **** 
 166:Drivers/CMSIS/DSP/Source/ComplexMathFunctions/arm_cmplx_dot_prod_q15.c **** #endif /* #if defined (ARM_MATH_DSP) */
 167:Drivers/CMSIS/DSP/Source/ComplexMathFunctions/arm_cmplx_dot_prod_q15.c **** 
 168:Drivers/CMSIS/DSP/Source/ComplexMathFunctions/arm_cmplx_dot_prod_q15.c ****   /* Store the real and imaginary results in 8.24 format  */
 169:Drivers/CMSIS/DSP/Source/ComplexMathFunctions/arm_cmplx_dot_prod_q15.c ****   /* Convert real data in 34.30 to 8.24 by 6 right shifts */
 170:Drivers/CMSIS/DSP/Source/ComplexMathFunctions/arm_cmplx_dot_prod_q15.c ****   *realResult = (q31_t) (real_sum >> 6);
 380              		.loc 1 170 3 view .LVU146
 381              		.loc 1 170 35 is_stmt 0 view .LVU147
 382 0162 AD09     		lsrs	r5, r5, #6
 383              	.LVL85:
 384              		.loc 1 170 35 view .LVU148
 385 0164 45EA8665 		orr	r5, r5, r6, lsl #26
 386              		.loc 1 170 15 view .LVU149
 387 0168 CBF80050 		str	r5, [fp]
 171:Drivers/CMSIS/DSP/Source/ComplexMathFunctions/arm_cmplx_dot_prod_q15.c ****   /* Convert imaginary data in 34.30 to 8.24 by 6 right shifts */
 172:Drivers/CMSIS/DSP/Source/ComplexMathFunctions/arm_cmplx_dot_prod_q15.c ****   *imagResult = (q31_t) (imag_sum >> 6);
 388              		.loc 1 172 3 is_stmt 1 view .LVU150
 389              		.loc 1 172 35 is_stmt 0 view .LVU151
 390 016c 9B09     		lsrs	r3, r3, #6
ARM GAS  C:\Users\17832\AppData\Local\Temp\ccmrwe1b.s 			page 11


 391              	.LVL86:
 392              		.loc 1 172 35 view .LVU152
 393 016e 43EA8C63 		orr	r3, r3, ip, lsl #26
 394              		.loc 1 172 15 view .LVU153
 395 0172 099A     		ldr	r2, [sp, #36]
 396              	.LVL87:
 397              		.loc 1 172 15 view .LVU154
 398 0174 1360     		str	r3, [r2]
 173:Drivers/CMSIS/DSP/Source/ComplexMathFunctions/arm_cmplx_dot_prod_q15.c **** }
 399              		.loc 1 173 1 view .LVU155
 400 0176 BDE8F08F 		pop	{r4, r5, r6, r7, r8, r9, r10, fp, pc}
 401              		.loc 1 173 1 view .LVU156
 402              		.cfi_endproc
 403              	.LFE135:
 405              		.text
 406              	.Letext0:
 407              		.file 2 "d:\\gnu arm embedded toolchain\\10 2021.10\\arm-none-eabi\\include\\machine\\_default_typ
 408              		.file 3 "d:\\gnu arm embedded toolchain\\10 2021.10\\arm-none-eabi\\include\\sys\\_stdint.h"
 409              		.file 4 "Drivers/CMSIS/DSP/Include/arm_math.h"
ARM GAS  C:\Users\17832\AppData\Local\Temp\ccmrwe1b.s 			page 12


DEFINED SYMBOLS
                            *ABS*:00000000 arm_cmplx_dot_prod_q15.c
C:\Users\17832\AppData\Local\Temp\ccmrwe1b.s:20     .text.arm_cmplx_dot_prod_q15:00000000 $t
C:\Users\17832\AppData\Local\Temp\ccmrwe1b.s:26     .text.arm_cmplx_dot_prod_q15:00000000 arm_cmplx_dot_prod_q15

NO UNDEFINED SYMBOLS
