ARM GAS  C:\Users\17832\AppData\Local\Temp\ccIgcbEX.s 			page 1


   1              		.cpu cortex-m4
   2              		.arch armv7e-m
   3              		.fpu fpv4-sp-d16
   4              		.eabi_attribute 27, 1
   5              		.eabi_attribute 28, 1
   6              		.eabi_attribute 20, 1
   7              		.eabi_attribute 21, 1
   8              		.eabi_attribute 23, 3
   9              		.eabi_attribute 24, 1
  10              		.eabi_attribute 25, 1
  11              		.eabi_attribute 26, 1
  12              		.eabi_attribute 30, 1
  13              		.eabi_attribute 34, 1
  14              		.eabi_attribute 18, 4
  15              		.file	"inet_chksum.c"
  16              		.text
  17              	.Ltext0:
  18              		.cfi_sections	.debug_frame
  19              		.section	.text.lwip_standard_chksum,"ax",%progbits
  20              		.align	1
  21              		.global	lwip_standard_chksum
  22              		.syntax unified
  23              		.thumb
  24              		.thumb_func
  26              	lwip_standard_chksum:
  27              	.LVL0:
  28              	.LFB156:
  29              		.file 1 "Middlewares/Third_Party/LwIP/src/core/inet_chksum.c"
   1:Middlewares/Third_Party/LwIP/src/core/inet_chksum.c **** /**
   2:Middlewares/Third_Party/LwIP/src/core/inet_chksum.c ****  * @file
   3:Middlewares/Third_Party/LwIP/src/core/inet_chksum.c ****  * Internet checksum functions.\n
   4:Middlewares/Third_Party/LwIP/src/core/inet_chksum.c ****  *
   5:Middlewares/Third_Party/LwIP/src/core/inet_chksum.c ****  * These are some reference implementations of the checksum algorithm, with the
   6:Middlewares/Third_Party/LwIP/src/core/inet_chksum.c ****  * aim of being simple, correct and fully portable. Checksumming is the
   7:Middlewares/Third_Party/LwIP/src/core/inet_chksum.c ****  * first thing you would want to optimize for your platform. If you create
   8:Middlewares/Third_Party/LwIP/src/core/inet_chksum.c ****  * your own version, link it in and in your cc.h put:
   9:Middlewares/Third_Party/LwIP/src/core/inet_chksum.c ****  *
  10:Middlewares/Third_Party/LwIP/src/core/inet_chksum.c ****  * \#define LWIP_CHKSUM your_checksum_routine
  11:Middlewares/Third_Party/LwIP/src/core/inet_chksum.c ****  *
  12:Middlewares/Third_Party/LwIP/src/core/inet_chksum.c ****  * Or you can select from the implementations below by defining
  13:Middlewares/Third_Party/LwIP/src/core/inet_chksum.c ****  * LWIP_CHKSUM_ALGORITHM to 1, 2 or 3.
  14:Middlewares/Third_Party/LwIP/src/core/inet_chksum.c ****  */
  15:Middlewares/Third_Party/LwIP/src/core/inet_chksum.c **** 
  16:Middlewares/Third_Party/LwIP/src/core/inet_chksum.c **** /*
  17:Middlewares/Third_Party/LwIP/src/core/inet_chksum.c ****  * Copyright (c) 2001-2004 Swedish Institute of Computer Science.
  18:Middlewares/Third_Party/LwIP/src/core/inet_chksum.c ****  * All rights reserved.
  19:Middlewares/Third_Party/LwIP/src/core/inet_chksum.c ****  *
  20:Middlewares/Third_Party/LwIP/src/core/inet_chksum.c ****  * Redistribution and use in source and binary forms, with or without modification,
  21:Middlewares/Third_Party/LwIP/src/core/inet_chksum.c ****  * are permitted provided that the following conditions are met:
  22:Middlewares/Third_Party/LwIP/src/core/inet_chksum.c ****  *
  23:Middlewares/Third_Party/LwIP/src/core/inet_chksum.c ****  * 1. Redistributions of source code must retain the above copyright notice,
  24:Middlewares/Third_Party/LwIP/src/core/inet_chksum.c ****  *    this list of conditions and the following disclaimer.
  25:Middlewares/Third_Party/LwIP/src/core/inet_chksum.c ****  * 2. Redistributions in binary form must reproduce the above copyright notice,
  26:Middlewares/Third_Party/LwIP/src/core/inet_chksum.c ****  *    this list of conditions and the following disclaimer in the documentation
  27:Middlewares/Third_Party/LwIP/src/core/inet_chksum.c ****  *    and/or other materials provided with the distribution.
  28:Middlewares/Third_Party/LwIP/src/core/inet_chksum.c ****  * 3. The name of the author may not be used to endorse or promote products
  29:Middlewares/Third_Party/LwIP/src/core/inet_chksum.c ****  *    derived from this software without specific prior written permission.
ARM GAS  C:\Users\17832\AppData\Local\Temp\ccIgcbEX.s 			page 2


  30:Middlewares/Third_Party/LwIP/src/core/inet_chksum.c ****  *
  31:Middlewares/Third_Party/LwIP/src/core/inet_chksum.c ****  * THIS SOFTWARE IS PROVIDED BY THE AUTHOR ``AS IS'' AND ANY EXPRESS OR IMPLIED
  32:Middlewares/Third_Party/LwIP/src/core/inet_chksum.c ****  * WARRANTIES, INCLUDING, BUT NOT LIMITED TO, THE IMPLIED WARRANTIES OF
  33:Middlewares/Third_Party/LwIP/src/core/inet_chksum.c ****  * MERCHANTABILITY AND FITNESS FOR A PARTICULAR PURPOSE ARE DISCLAIMED. IN NO EVENT
  34:Middlewares/Third_Party/LwIP/src/core/inet_chksum.c ****  * SHALL THE AUTHOR BE LIABLE FOR ANY DIRECT, INDIRECT, INCIDENTAL, SPECIAL,
  35:Middlewares/Third_Party/LwIP/src/core/inet_chksum.c ****  * EXEMPLARY, OR CONSEQUENTIAL DAMAGES (INCLUDING, BUT NOT LIMITED TO, PROCUREMENT
  36:Middlewares/Third_Party/LwIP/src/core/inet_chksum.c ****  * OF SUBSTITUTE GOODS OR SERVICES; LOSS OF USE, DATA, OR PROFITS; OR BUSINESS
  37:Middlewares/Third_Party/LwIP/src/core/inet_chksum.c ****  * INTERRUPTION) HOWEVER CAUSED AND ON ANY THEORY OF LIABILITY, WHETHER IN
  38:Middlewares/Third_Party/LwIP/src/core/inet_chksum.c ****  * CONTRACT, STRICT LIABILITY, OR TORT (INCLUDING NEGLIGENCE OR OTHERWISE) ARISING
  39:Middlewares/Third_Party/LwIP/src/core/inet_chksum.c ****  * IN ANY WAY OUT OF THE USE OF THIS SOFTWARE, EVEN IF ADVISED OF THE POSSIBILITY
  40:Middlewares/Third_Party/LwIP/src/core/inet_chksum.c ****  * OF SUCH DAMAGE.
  41:Middlewares/Third_Party/LwIP/src/core/inet_chksum.c ****  *
  42:Middlewares/Third_Party/LwIP/src/core/inet_chksum.c ****  * This file is part of the lwIP TCP/IP stack.
  43:Middlewares/Third_Party/LwIP/src/core/inet_chksum.c ****  *
  44:Middlewares/Third_Party/LwIP/src/core/inet_chksum.c ****  * Author: Adam Dunkels <adam@sics.se>
  45:Middlewares/Third_Party/LwIP/src/core/inet_chksum.c ****  *
  46:Middlewares/Third_Party/LwIP/src/core/inet_chksum.c ****  */
  47:Middlewares/Third_Party/LwIP/src/core/inet_chksum.c **** 
  48:Middlewares/Third_Party/LwIP/src/core/inet_chksum.c **** #include "lwip/opt.h"
  49:Middlewares/Third_Party/LwIP/src/core/inet_chksum.c **** 
  50:Middlewares/Third_Party/LwIP/src/core/inet_chksum.c **** #include "lwip/inet_chksum.h"
  51:Middlewares/Third_Party/LwIP/src/core/inet_chksum.c **** #include "lwip/def.h"
  52:Middlewares/Third_Party/LwIP/src/core/inet_chksum.c **** #include "lwip/ip_addr.h"
  53:Middlewares/Third_Party/LwIP/src/core/inet_chksum.c **** 
  54:Middlewares/Third_Party/LwIP/src/core/inet_chksum.c **** #include <string.h>
  55:Middlewares/Third_Party/LwIP/src/core/inet_chksum.c **** 
  56:Middlewares/Third_Party/LwIP/src/core/inet_chksum.c **** #ifndef LWIP_CHKSUM
  57:Middlewares/Third_Party/LwIP/src/core/inet_chksum.c **** # define LWIP_CHKSUM lwip_standard_chksum
  58:Middlewares/Third_Party/LwIP/src/core/inet_chksum.c **** # ifndef LWIP_CHKSUM_ALGORITHM
  59:Middlewares/Third_Party/LwIP/src/core/inet_chksum.c **** #  define LWIP_CHKSUM_ALGORITHM 2
  60:Middlewares/Third_Party/LwIP/src/core/inet_chksum.c **** # endif
  61:Middlewares/Third_Party/LwIP/src/core/inet_chksum.c **** u16_t lwip_standard_chksum(const void *dataptr, int len);
  62:Middlewares/Third_Party/LwIP/src/core/inet_chksum.c **** #endif
  63:Middlewares/Third_Party/LwIP/src/core/inet_chksum.c **** /* If none set: */
  64:Middlewares/Third_Party/LwIP/src/core/inet_chksum.c **** #ifndef LWIP_CHKSUM_ALGORITHM
  65:Middlewares/Third_Party/LwIP/src/core/inet_chksum.c **** # define LWIP_CHKSUM_ALGORITHM 0
  66:Middlewares/Third_Party/LwIP/src/core/inet_chksum.c **** #endif
  67:Middlewares/Third_Party/LwIP/src/core/inet_chksum.c **** 
  68:Middlewares/Third_Party/LwIP/src/core/inet_chksum.c **** #if (LWIP_CHKSUM_ALGORITHM == 1) /* Version #1 */
  69:Middlewares/Third_Party/LwIP/src/core/inet_chksum.c **** /**
  70:Middlewares/Third_Party/LwIP/src/core/inet_chksum.c ****  * lwip checksum
  71:Middlewares/Third_Party/LwIP/src/core/inet_chksum.c ****  *
  72:Middlewares/Third_Party/LwIP/src/core/inet_chksum.c ****  * @param dataptr points to start of data to be summed at any boundary
  73:Middlewares/Third_Party/LwIP/src/core/inet_chksum.c ****  * @param len length of data to be summed
  74:Middlewares/Third_Party/LwIP/src/core/inet_chksum.c ****  * @return host order (!) lwip checksum (non-inverted Internet sum)
  75:Middlewares/Third_Party/LwIP/src/core/inet_chksum.c ****  *
  76:Middlewares/Third_Party/LwIP/src/core/inet_chksum.c ****  * @note accumulator size limits summable length to 64k
  77:Middlewares/Third_Party/LwIP/src/core/inet_chksum.c ****  * @note host endianess is irrelevant (p3 RFC1071)
  78:Middlewares/Third_Party/LwIP/src/core/inet_chksum.c ****  */
  79:Middlewares/Third_Party/LwIP/src/core/inet_chksum.c **** u16_t
  80:Middlewares/Third_Party/LwIP/src/core/inet_chksum.c **** lwip_standard_chksum(const void *dataptr, int len)
  81:Middlewares/Third_Party/LwIP/src/core/inet_chksum.c **** {
  82:Middlewares/Third_Party/LwIP/src/core/inet_chksum.c ****   u32_t acc;
  83:Middlewares/Third_Party/LwIP/src/core/inet_chksum.c ****   u16_t src;
  84:Middlewares/Third_Party/LwIP/src/core/inet_chksum.c ****   const u8_t *octetptr;
  85:Middlewares/Third_Party/LwIP/src/core/inet_chksum.c **** 
  86:Middlewares/Third_Party/LwIP/src/core/inet_chksum.c ****   acc = 0;
ARM GAS  C:\Users\17832\AppData\Local\Temp\ccIgcbEX.s 			page 3


  87:Middlewares/Third_Party/LwIP/src/core/inet_chksum.c ****   /* dataptr may be at odd or even addresses */
  88:Middlewares/Third_Party/LwIP/src/core/inet_chksum.c ****   octetptr = (const u8_t *)dataptr;
  89:Middlewares/Third_Party/LwIP/src/core/inet_chksum.c ****   while (len > 1) {
  90:Middlewares/Third_Party/LwIP/src/core/inet_chksum.c ****     /* declare first octet as most significant
  91:Middlewares/Third_Party/LwIP/src/core/inet_chksum.c ****        thus assume network order, ignoring host order */
  92:Middlewares/Third_Party/LwIP/src/core/inet_chksum.c ****     src = (*octetptr) << 8;
  93:Middlewares/Third_Party/LwIP/src/core/inet_chksum.c ****     octetptr++;
  94:Middlewares/Third_Party/LwIP/src/core/inet_chksum.c ****     /* declare second octet as least significant */
  95:Middlewares/Third_Party/LwIP/src/core/inet_chksum.c ****     src |= (*octetptr);
  96:Middlewares/Third_Party/LwIP/src/core/inet_chksum.c ****     octetptr++;
  97:Middlewares/Third_Party/LwIP/src/core/inet_chksum.c ****     acc += src;
  98:Middlewares/Third_Party/LwIP/src/core/inet_chksum.c ****     len -= 2;
  99:Middlewares/Third_Party/LwIP/src/core/inet_chksum.c ****   }
 100:Middlewares/Third_Party/LwIP/src/core/inet_chksum.c ****   if (len > 0) {
 101:Middlewares/Third_Party/LwIP/src/core/inet_chksum.c ****     /* accumulate remaining octet */
 102:Middlewares/Third_Party/LwIP/src/core/inet_chksum.c ****     src = (*octetptr) << 8;
 103:Middlewares/Third_Party/LwIP/src/core/inet_chksum.c ****     acc += src;
 104:Middlewares/Third_Party/LwIP/src/core/inet_chksum.c ****   }
 105:Middlewares/Third_Party/LwIP/src/core/inet_chksum.c ****   /* add deferred carry bits */
 106:Middlewares/Third_Party/LwIP/src/core/inet_chksum.c ****   acc = (acc >> 16) + (acc & 0x0000ffffUL);
 107:Middlewares/Third_Party/LwIP/src/core/inet_chksum.c ****   if ((acc & 0xffff0000UL) != 0) {
 108:Middlewares/Third_Party/LwIP/src/core/inet_chksum.c ****     acc = (acc >> 16) + (acc & 0x0000ffffUL);
 109:Middlewares/Third_Party/LwIP/src/core/inet_chksum.c ****   }
 110:Middlewares/Third_Party/LwIP/src/core/inet_chksum.c ****   /* This maybe a little confusing: reorder sum using lwip_htons()
 111:Middlewares/Third_Party/LwIP/src/core/inet_chksum.c ****      instead of lwip_ntohs() since it has a little less call overhead.
 112:Middlewares/Third_Party/LwIP/src/core/inet_chksum.c ****      The caller must invert bits for Internet sum ! */
 113:Middlewares/Third_Party/LwIP/src/core/inet_chksum.c ****   return lwip_htons((u16_t)acc);
 114:Middlewares/Third_Party/LwIP/src/core/inet_chksum.c **** }
 115:Middlewares/Third_Party/LwIP/src/core/inet_chksum.c **** #endif
 116:Middlewares/Third_Party/LwIP/src/core/inet_chksum.c **** 
 117:Middlewares/Third_Party/LwIP/src/core/inet_chksum.c **** #if (LWIP_CHKSUM_ALGORITHM == 2) /* Alternative version #2 */
 118:Middlewares/Third_Party/LwIP/src/core/inet_chksum.c **** /*
 119:Middlewares/Third_Party/LwIP/src/core/inet_chksum.c ****  * Curt McDowell
 120:Middlewares/Third_Party/LwIP/src/core/inet_chksum.c ****  * Broadcom Corp.
 121:Middlewares/Third_Party/LwIP/src/core/inet_chksum.c ****  * csm@broadcom.com
 122:Middlewares/Third_Party/LwIP/src/core/inet_chksum.c ****  *
 123:Middlewares/Third_Party/LwIP/src/core/inet_chksum.c ****  * IP checksum two bytes at a time with support for
 124:Middlewares/Third_Party/LwIP/src/core/inet_chksum.c ****  * unaligned buffer.
 125:Middlewares/Third_Party/LwIP/src/core/inet_chksum.c ****  * Works for len up to and including 0x20000.
 126:Middlewares/Third_Party/LwIP/src/core/inet_chksum.c ****  * by Curt McDowell, Broadcom Corp. 12/08/2005
 127:Middlewares/Third_Party/LwIP/src/core/inet_chksum.c ****  *
 128:Middlewares/Third_Party/LwIP/src/core/inet_chksum.c ****  * @param dataptr points to start of data to be summed at any boundary
 129:Middlewares/Third_Party/LwIP/src/core/inet_chksum.c ****  * @param len length of data to be summed
 130:Middlewares/Third_Party/LwIP/src/core/inet_chksum.c ****  * @return host order (!) lwip checksum (non-inverted Internet sum)
 131:Middlewares/Third_Party/LwIP/src/core/inet_chksum.c ****  */
 132:Middlewares/Third_Party/LwIP/src/core/inet_chksum.c **** u16_t
 133:Middlewares/Third_Party/LwIP/src/core/inet_chksum.c **** lwip_standard_chksum(const void *dataptr, int len)
 134:Middlewares/Third_Party/LwIP/src/core/inet_chksum.c **** {
  30              		.loc 1 134 1 view -0
  31              		.cfi_startproc
  32              		@ args = 0, pretend = 0, frame = 8
  33              		@ frame_needed = 0, uses_anonymous_args = 0
  34              		@ link register save eliminated.
  35              		.loc 1 134 1 is_stmt 0 view .LVU1
  36 0000 10B4     		push	{r4}
  37              	.LCFI0:
  38              		.cfi_def_cfa_offset 4
ARM GAS  C:\Users\17832\AppData\Local\Temp\ccIgcbEX.s 			page 4


  39              		.cfi_offset 4, -4
  40 0002 83B0     		sub	sp, sp, #12
  41              	.LCFI1:
  42              		.cfi_def_cfa_offset 16
 135:Middlewares/Third_Party/LwIP/src/core/inet_chksum.c ****   const u8_t *pb = (const u8_t *)dataptr;
  43              		.loc 1 135 3 is_stmt 1 view .LVU2
  44              	.LVL1:
 136:Middlewares/Third_Party/LwIP/src/core/inet_chksum.c ****   const u16_t *ps;
  45              		.loc 1 136 3 view .LVU3
 137:Middlewares/Third_Party/LwIP/src/core/inet_chksum.c ****   u16_t t = 0;
  46              		.loc 1 137 3 view .LVU4
  47              		.loc 1 137 9 is_stmt 0 view .LVU5
  48 0004 0023     		movs	r3, #0
  49 0006 ADF80630 		strh	r3, [sp, #6]	@ movhi
 138:Middlewares/Third_Party/LwIP/src/core/inet_chksum.c ****   u32_t sum = 0;
  50              		.loc 1 138 3 is_stmt 1 view .LVU6
  51              	.LVL2:
 139:Middlewares/Third_Party/LwIP/src/core/inet_chksum.c ****   int odd = ((mem_ptr_t)pb & 1);
  52              		.loc 1 139 3 view .LVU7
 140:Middlewares/Third_Party/LwIP/src/core/inet_chksum.c **** 
 141:Middlewares/Third_Party/LwIP/src/core/inet_chksum.c ****   /* Get aligned to u16_t */
 142:Middlewares/Third_Party/LwIP/src/core/inet_chksum.c ****   if (odd && len > 0) {
  53              		.loc 1 142 3 view .LVU8
  54              		.loc 1 142 6 is_stmt 0 view .LVU9
  55 000a 10F00104 		ands	r4, r0, #1
  56              	.LVL3:
  57              		.loc 1 142 6 view .LVU10
  58 000e 06D0     		beq	.L2
  59              		.loc 1 142 11 discriminator 1 view .LVU11
  60 0010 9942     		cmp	r1, r3
  61 0012 04DD     		ble	.L2
 143:Middlewares/Third_Party/LwIP/src/core/inet_chksum.c ****     ((u8_t *)&t)[1] = *pb++;
  62              		.loc 1 143 5 is_stmt 1 view .LVU12
  63              	.LVL4:
  64              		.loc 1 143 23 is_stmt 0 view .LVU13
  65 0014 10F8013B 		ldrb	r3, [r0], #1	@ zero_extendqisi2
  66              	.LVL5:
  67              		.loc 1 143 21 view .LVU14
  68 0018 8DF80730 		strb	r3, [sp, #7]
 144:Middlewares/Third_Party/LwIP/src/core/inet_chksum.c ****     len--;
  69              		.loc 1 144 5 is_stmt 1 view .LVU15
  70              		.loc 1 144 8 is_stmt 0 view .LVU16
  71 001c 0139     		subs	r1, r1, #1
  72              	.LVL6:
  73              	.L2:
 145:Middlewares/Third_Party/LwIP/src/core/inet_chksum.c ****   }
 146:Middlewares/Third_Party/LwIP/src/core/inet_chksum.c **** 
 147:Middlewares/Third_Party/LwIP/src/core/inet_chksum.c ****   /* Add the bulk of the data */
 148:Middlewares/Third_Party/LwIP/src/core/inet_chksum.c ****   ps = (const u16_t *)(const void *)pb;
  74              		.loc 1 148 3 is_stmt 1 view .LVU17
 149:Middlewares/Third_Party/LwIP/src/core/inet_chksum.c ****   while (len > 1) {
  75              		.loc 1 149 3 view .LVU18
 138:Middlewares/Third_Party/LwIP/src/core/inet_chksum.c ****   int odd = ((mem_ptr_t)pb & 1);
  76              		.loc 1 138 9 is_stmt 0 view .LVU19
  77 001e 0023     		movs	r3, #0
  78              		.loc 1 149 9 view .LVU20
  79 0020 03E0     		b	.L3
ARM GAS  C:\Users\17832\AppData\Local\Temp\ccIgcbEX.s 			page 5


  80              	.LVL7:
  81              	.L4:
 150:Middlewares/Third_Party/LwIP/src/core/inet_chksum.c ****     sum += *ps++;
  82              		.loc 1 150 5 is_stmt 1 view .LVU21
  83              		.loc 1 150 12 is_stmt 0 view .LVU22
  84 0022 30F8022B 		ldrh	r2, [r0], #2
  85              	.LVL8:
  86              		.loc 1 150 9 view .LVU23
  87 0026 1344     		add	r3, r3, r2
  88              	.LVL9:
 151:Middlewares/Third_Party/LwIP/src/core/inet_chksum.c ****     len -= 2;
  89              		.loc 1 151 5 is_stmt 1 view .LVU24
  90              		.loc 1 151 9 is_stmt 0 view .LVU25
  91 0028 0239     		subs	r1, r1, #2
  92              	.LVL10:
  93              	.L3:
 149:Middlewares/Third_Party/LwIP/src/core/inet_chksum.c ****     sum += *ps++;
  94              		.loc 1 149 9 is_stmt 1 view .LVU26
  95 002a 0129     		cmp	r1, #1
  96 002c F9DC     		bgt	.L4
 152:Middlewares/Third_Party/LwIP/src/core/inet_chksum.c ****   }
 153:Middlewares/Third_Party/LwIP/src/core/inet_chksum.c **** 
 154:Middlewares/Third_Party/LwIP/src/core/inet_chksum.c ****   /* Consume left-over byte, if any */
 155:Middlewares/Third_Party/LwIP/src/core/inet_chksum.c ****   if (len > 0) {
  97              		.loc 1 155 3 view .LVU27
  98              		.loc 1 155 6 is_stmt 0 view .LVU28
  99 002e 0029     		cmp	r1, #0
 100 0030 02DD     		ble	.L5
 156:Middlewares/Third_Party/LwIP/src/core/inet_chksum.c ****     ((u8_t *)&t)[0] = *(const u8_t *)ps;
 101              		.loc 1 156 5 is_stmt 1 view .LVU29
 102              		.loc 1 156 23 is_stmt 0 view .LVU30
 103 0032 0278     		ldrb	r2, [r0]	@ zero_extendqisi2
 104              		.loc 1 156 21 view .LVU31
 105 0034 8DF80620 		strb	r2, [sp, #6]
 106              	.L5:
 157:Middlewares/Third_Party/LwIP/src/core/inet_chksum.c ****   }
 158:Middlewares/Third_Party/LwIP/src/core/inet_chksum.c **** 
 159:Middlewares/Third_Party/LwIP/src/core/inet_chksum.c ****   /* Add end bytes */
 160:Middlewares/Third_Party/LwIP/src/core/inet_chksum.c ****   sum += t;
 107              		.loc 1 160 3 is_stmt 1 view .LVU32
 108              		.loc 1 160 7 is_stmt 0 view .LVU33
 109 0038 BDF80600 		ldrh	r0, [sp, #6]
 110              	.LVL11:
 111              		.loc 1 160 7 view .LVU34
 112 003c 0344     		add	r3, r3, r0
 113              	.LVL12:
 161:Middlewares/Third_Party/LwIP/src/core/inet_chksum.c **** 
 162:Middlewares/Third_Party/LwIP/src/core/inet_chksum.c ****   /* Fold 32-bit sum to 16 bits
 163:Middlewares/Third_Party/LwIP/src/core/inet_chksum.c ****      calling this twice is probably faster than if statements... */
 164:Middlewares/Third_Party/LwIP/src/core/inet_chksum.c ****   sum = FOLD_U32T(sum);
 114              		.loc 1 164 3 is_stmt 1 view .LVU35
 115              		.loc 1 164 9 is_stmt 0 view .LVU36
 116 003e 98B2     		uxth	r0, r3
 117              		.loc 1 164 7 view .LVU37
 118 0040 00EB1343 		add	r3, r0, r3, lsr #16
 119              	.LVL13:
 165:Middlewares/Third_Party/LwIP/src/core/inet_chksum.c ****   sum = FOLD_U32T(sum);
ARM GAS  C:\Users\17832\AppData\Local\Temp\ccIgcbEX.s 			page 6


 120              		.loc 1 165 3 is_stmt 1 view .LVU38
 121              		.loc 1 165 9 is_stmt 0 view .LVU39
 122 0044 98B2     		uxth	r0, r3
 123              		.loc 1 165 7 view .LVU40
 124 0046 00EB1340 		add	r0, r0, r3, lsr #16
 125              	.LVL14:
 166:Middlewares/Third_Party/LwIP/src/core/inet_chksum.c **** 
 167:Middlewares/Third_Party/LwIP/src/core/inet_chksum.c ****   /* Swap if alignment was odd */
 168:Middlewares/Third_Party/LwIP/src/core/inet_chksum.c ****   if (odd) {
 126              		.loc 1 168 3 is_stmt 1 view .LVU41
 127              		.loc 1 168 6 is_stmt 0 view .LVU42
 128 004a 24B1     		cbz	r4, .L6
 169:Middlewares/Third_Party/LwIP/src/core/inet_chksum.c ****     sum = SWAP_BYTES_IN_WORD(sum);
 129              		.loc 1 169 5 is_stmt 1 view .LVU43
 130              		.loc 1 169 11 is_stmt 0 view .LVU44
 131 004c 0302     		lsls	r3, r0, #8
 132 004e 9BB2     		uxth	r3, r3
 133 0050 C0F30720 		ubfx	r0, r0, #8, #8
 134              	.LVL15:
 135              		.loc 1 169 9 view .LVU45
 136 0054 1843     		orrs	r0, r0, r3
 137              	.LVL16:
 138              	.L6:
 170:Middlewares/Third_Party/LwIP/src/core/inet_chksum.c ****   }
 171:Middlewares/Third_Party/LwIP/src/core/inet_chksum.c **** 
 172:Middlewares/Third_Party/LwIP/src/core/inet_chksum.c ****   return (u16_t)sum;
 139              		.loc 1 172 3 is_stmt 1 view .LVU46
 173:Middlewares/Third_Party/LwIP/src/core/inet_chksum.c **** }
 140              		.loc 1 173 1 is_stmt 0 view .LVU47
 141 0056 80B2     		uxth	r0, r0
 142              	.LVL17:
 143              		.loc 1 173 1 view .LVU48
 144 0058 03B0     		add	sp, sp, #12
 145              	.LCFI2:
 146              		.cfi_def_cfa_offset 4
 147              		@ sp needed
 148 005a 5DF8044B 		ldr	r4, [sp], #4
 149              	.LCFI3:
 150              		.cfi_restore 4
 151              		.cfi_def_cfa_offset 0
 152              	.LVL18:
 153              		.loc 1 173 1 view .LVU49
 154 005e 7047     		bx	lr
 155              		.cfi_endproc
 156              	.LFE156:
 158              		.section	.text.inet_cksum_pseudo_base,"ax",%progbits
 159              		.align	1
 160              		.syntax unified
 161              		.thumb
 162              		.thumb_func
 164              	inet_cksum_pseudo_base:
 165              	.LVL19:
 166              	.LFB157:
 174:Middlewares/Third_Party/LwIP/src/core/inet_chksum.c **** #endif
 175:Middlewares/Third_Party/LwIP/src/core/inet_chksum.c **** 
 176:Middlewares/Third_Party/LwIP/src/core/inet_chksum.c **** #if (LWIP_CHKSUM_ALGORITHM == 3) /* Alternative version #3 */
 177:Middlewares/Third_Party/LwIP/src/core/inet_chksum.c **** /**
ARM GAS  C:\Users\17832\AppData\Local\Temp\ccIgcbEX.s 			page 7


 178:Middlewares/Third_Party/LwIP/src/core/inet_chksum.c ****  * An optimized checksum routine. Basically, it uses loop-unrolling on
 179:Middlewares/Third_Party/LwIP/src/core/inet_chksum.c ****  * the checksum loop, treating the head and tail bytes specially, whereas
 180:Middlewares/Third_Party/LwIP/src/core/inet_chksum.c ****  * the inner loop acts on 8 bytes at a time.
 181:Middlewares/Third_Party/LwIP/src/core/inet_chksum.c ****  *
 182:Middlewares/Third_Party/LwIP/src/core/inet_chksum.c ****  * @arg start of buffer to be checksummed. May be an odd byte address.
 183:Middlewares/Third_Party/LwIP/src/core/inet_chksum.c ****  * @len number of bytes in the buffer to be checksummed.
 184:Middlewares/Third_Party/LwIP/src/core/inet_chksum.c ****  * @return host order (!) lwip checksum (non-inverted Internet sum)
 185:Middlewares/Third_Party/LwIP/src/core/inet_chksum.c ****  *
 186:Middlewares/Third_Party/LwIP/src/core/inet_chksum.c ****  * by Curt McDowell, Broadcom Corp. December 8th, 2005
 187:Middlewares/Third_Party/LwIP/src/core/inet_chksum.c ****  */
 188:Middlewares/Third_Party/LwIP/src/core/inet_chksum.c **** u16_t
 189:Middlewares/Third_Party/LwIP/src/core/inet_chksum.c **** lwip_standard_chksum(const void *dataptr, int len)
 190:Middlewares/Third_Party/LwIP/src/core/inet_chksum.c **** {
 191:Middlewares/Third_Party/LwIP/src/core/inet_chksum.c ****   const u8_t *pb = (const u8_t *)dataptr;
 192:Middlewares/Third_Party/LwIP/src/core/inet_chksum.c ****   const u16_t *ps;
 193:Middlewares/Third_Party/LwIP/src/core/inet_chksum.c ****   u16_t t = 0;
 194:Middlewares/Third_Party/LwIP/src/core/inet_chksum.c ****   const u32_t *pl;
 195:Middlewares/Third_Party/LwIP/src/core/inet_chksum.c ****   u32_t sum = 0, tmp;
 196:Middlewares/Third_Party/LwIP/src/core/inet_chksum.c ****   /* starts at odd byte address? */
 197:Middlewares/Third_Party/LwIP/src/core/inet_chksum.c ****   int odd = ((mem_ptr_t)pb & 1);
 198:Middlewares/Third_Party/LwIP/src/core/inet_chksum.c **** 
 199:Middlewares/Third_Party/LwIP/src/core/inet_chksum.c ****   if (odd && len > 0) {
 200:Middlewares/Third_Party/LwIP/src/core/inet_chksum.c ****     ((u8_t *)&t)[1] = *pb++;
 201:Middlewares/Third_Party/LwIP/src/core/inet_chksum.c ****     len--;
 202:Middlewares/Third_Party/LwIP/src/core/inet_chksum.c ****   }
 203:Middlewares/Third_Party/LwIP/src/core/inet_chksum.c **** 
 204:Middlewares/Third_Party/LwIP/src/core/inet_chksum.c ****   ps = (const u16_t *)(const void *)pb;
 205:Middlewares/Third_Party/LwIP/src/core/inet_chksum.c **** 
 206:Middlewares/Third_Party/LwIP/src/core/inet_chksum.c ****   if (((mem_ptr_t)ps & 3) && len > 1) {
 207:Middlewares/Third_Party/LwIP/src/core/inet_chksum.c ****     sum += *ps++;
 208:Middlewares/Third_Party/LwIP/src/core/inet_chksum.c ****     len -= 2;
 209:Middlewares/Third_Party/LwIP/src/core/inet_chksum.c ****   }
 210:Middlewares/Third_Party/LwIP/src/core/inet_chksum.c **** 
 211:Middlewares/Third_Party/LwIP/src/core/inet_chksum.c ****   pl = (const u32_t *)(const void *)ps;
 212:Middlewares/Third_Party/LwIP/src/core/inet_chksum.c **** 
 213:Middlewares/Third_Party/LwIP/src/core/inet_chksum.c ****   while (len > 7)  {
 214:Middlewares/Third_Party/LwIP/src/core/inet_chksum.c ****     tmp = sum + *pl++;          /* ping */
 215:Middlewares/Third_Party/LwIP/src/core/inet_chksum.c ****     if (tmp < sum) {
 216:Middlewares/Third_Party/LwIP/src/core/inet_chksum.c ****       tmp++;                    /* add back carry */
 217:Middlewares/Third_Party/LwIP/src/core/inet_chksum.c ****     }
 218:Middlewares/Third_Party/LwIP/src/core/inet_chksum.c **** 
 219:Middlewares/Third_Party/LwIP/src/core/inet_chksum.c ****     sum = tmp + *pl++;          /* pong */
 220:Middlewares/Third_Party/LwIP/src/core/inet_chksum.c ****     if (sum < tmp) {
 221:Middlewares/Third_Party/LwIP/src/core/inet_chksum.c ****       sum++;                    /* add back carry */
 222:Middlewares/Third_Party/LwIP/src/core/inet_chksum.c ****     }
 223:Middlewares/Third_Party/LwIP/src/core/inet_chksum.c **** 
 224:Middlewares/Third_Party/LwIP/src/core/inet_chksum.c ****     len -= 8;
 225:Middlewares/Third_Party/LwIP/src/core/inet_chksum.c ****   }
 226:Middlewares/Third_Party/LwIP/src/core/inet_chksum.c **** 
 227:Middlewares/Third_Party/LwIP/src/core/inet_chksum.c ****   /* make room in upper bits */
 228:Middlewares/Third_Party/LwIP/src/core/inet_chksum.c ****   sum = FOLD_U32T(sum);
 229:Middlewares/Third_Party/LwIP/src/core/inet_chksum.c **** 
 230:Middlewares/Third_Party/LwIP/src/core/inet_chksum.c ****   ps = (const u16_t *)pl;
 231:Middlewares/Third_Party/LwIP/src/core/inet_chksum.c **** 
 232:Middlewares/Third_Party/LwIP/src/core/inet_chksum.c ****   /* 16-bit aligned word remaining? */
 233:Middlewares/Third_Party/LwIP/src/core/inet_chksum.c ****   while (len > 1) {
 234:Middlewares/Third_Party/LwIP/src/core/inet_chksum.c ****     sum += *ps++;
ARM GAS  C:\Users\17832\AppData\Local\Temp\ccIgcbEX.s 			page 8


 235:Middlewares/Third_Party/LwIP/src/core/inet_chksum.c ****     len -= 2;
 236:Middlewares/Third_Party/LwIP/src/core/inet_chksum.c ****   }
 237:Middlewares/Third_Party/LwIP/src/core/inet_chksum.c **** 
 238:Middlewares/Third_Party/LwIP/src/core/inet_chksum.c ****   /* dangling tail byte remaining? */
 239:Middlewares/Third_Party/LwIP/src/core/inet_chksum.c ****   if (len > 0) {                /* include odd byte */
 240:Middlewares/Third_Party/LwIP/src/core/inet_chksum.c ****     ((u8_t *)&t)[0] = *(const u8_t *)ps;
 241:Middlewares/Third_Party/LwIP/src/core/inet_chksum.c ****   }
 242:Middlewares/Third_Party/LwIP/src/core/inet_chksum.c **** 
 243:Middlewares/Third_Party/LwIP/src/core/inet_chksum.c ****   sum += t;                     /* add end bytes */
 244:Middlewares/Third_Party/LwIP/src/core/inet_chksum.c **** 
 245:Middlewares/Third_Party/LwIP/src/core/inet_chksum.c ****   /* Fold 32-bit sum to 16 bits
 246:Middlewares/Third_Party/LwIP/src/core/inet_chksum.c ****      calling this twice is probably faster than if statements... */
 247:Middlewares/Third_Party/LwIP/src/core/inet_chksum.c ****   sum = FOLD_U32T(sum);
 248:Middlewares/Third_Party/LwIP/src/core/inet_chksum.c ****   sum = FOLD_U32T(sum);
 249:Middlewares/Third_Party/LwIP/src/core/inet_chksum.c **** 
 250:Middlewares/Third_Party/LwIP/src/core/inet_chksum.c ****   if (odd) {
 251:Middlewares/Third_Party/LwIP/src/core/inet_chksum.c ****     sum = SWAP_BYTES_IN_WORD(sum);
 252:Middlewares/Third_Party/LwIP/src/core/inet_chksum.c ****   }
 253:Middlewares/Third_Party/LwIP/src/core/inet_chksum.c **** 
 254:Middlewares/Third_Party/LwIP/src/core/inet_chksum.c ****   return (u16_t)sum;
 255:Middlewares/Third_Party/LwIP/src/core/inet_chksum.c **** }
 256:Middlewares/Third_Party/LwIP/src/core/inet_chksum.c **** #endif
 257:Middlewares/Third_Party/LwIP/src/core/inet_chksum.c **** 
 258:Middlewares/Third_Party/LwIP/src/core/inet_chksum.c **** /** Parts of the pseudo checksum which are common to IPv4 and IPv6 */
 259:Middlewares/Third_Party/LwIP/src/core/inet_chksum.c **** static u16_t
 260:Middlewares/Third_Party/LwIP/src/core/inet_chksum.c **** inet_cksum_pseudo_base(struct pbuf *p, u8_t proto, u16_t proto_len, u32_t acc)
 261:Middlewares/Third_Party/LwIP/src/core/inet_chksum.c **** {
 167              		.loc 1 261 1 is_stmt 1 view -0
 168              		.cfi_startproc
 169              		@ args = 0, pretend = 0, frame = 0
 170              		@ frame_needed = 0, uses_anonymous_args = 0
 171              		.loc 1 261 1 is_stmt 0 view .LVU51
 172 0000 2DE9F041 		push	{r4, r5, r6, r7, r8, lr}
 173              	.LCFI4:
 174              		.cfi_def_cfa_offset 24
 175              		.cfi_offset 4, -24
 176              		.cfi_offset 5, -20
 177              		.cfi_offset 6, -16
 178              		.cfi_offset 7, -12
 179              		.cfi_offset 8, -8
 180              		.cfi_offset 14, -4
 181 0004 0546     		mov	r5, r0
 182 0006 8846     		mov	r8, r1
 183 0008 1746     		mov	r7, r2
 184 000a 1C46     		mov	r4, r3
 262:Middlewares/Third_Party/LwIP/src/core/inet_chksum.c ****   struct pbuf *q;
 185              		.loc 1 262 3 is_stmt 1 view .LVU52
 263:Middlewares/Third_Party/LwIP/src/core/inet_chksum.c ****   int swapped = 0;
 186              		.loc 1 263 3 view .LVU53
 187              	.LVL20:
 264:Middlewares/Third_Party/LwIP/src/core/inet_chksum.c **** 
 265:Middlewares/Third_Party/LwIP/src/core/inet_chksum.c ****   /* iterate through all pbuf in chain */
 266:Middlewares/Third_Party/LwIP/src/core/inet_chksum.c ****   for (q = p; q != NULL; q = q->next) {
 188              		.loc 1 266 3 view .LVU54
 263:Middlewares/Third_Party/LwIP/src/core/inet_chksum.c ****   int swapped = 0;
 189              		.loc 1 263 7 is_stmt 0 view .LVU55
 190 000c 0026     		movs	r6, #0
ARM GAS  C:\Users\17832\AppData\Local\Temp\ccIgcbEX.s 			page 9


 191              		.loc 1 266 3 view .LVU56
 192 000e 00E0     		b	.L9
 193              	.LVL21:
 194              	.L10:
 195              		.loc 1 266 26 is_stmt 1 discriminator 2 view .LVU57
 196              		.loc 1 266 28 is_stmt 0 discriminator 2 view .LVU58
 197 0010 2D68     		ldr	r5, [r5]
 198              	.LVL22:
 199              	.L9:
 200              		.loc 1 266 15 is_stmt 1 discriminator 1 view .LVU59
 201              		.loc 1 266 3 is_stmt 0 discriminator 1 view .LVU60
 202 0012 B5B1     		cbz	r5, .L14
 267:Middlewares/Third_Party/LwIP/src/core/inet_chksum.c ****     LWIP_DEBUGF(INET_DEBUG, ("inet_chksum_pseudo(): checksumming pbuf %p (has next %p) \n",
 268:Middlewares/Third_Party/LwIP/src/core/inet_chksum.c ****                              (void *)q, (void *)q->next));
 203              		.loc 1 268 58 is_stmt 1 view .LVU61
 269:Middlewares/Third_Party/LwIP/src/core/inet_chksum.c ****     acc += LWIP_CHKSUM(q->payload, q->len);
 204              		.loc 1 269 5 view .LVU62
 205              		.loc 1 269 12 is_stmt 0 view .LVU63
 206 0014 6989     		ldrh	r1, [r5, #10]
 207 0016 6868     		ldr	r0, [r5, #4]
 208 0018 FFF7FEFF 		bl	lwip_standard_chksum
 209              	.LVL23:
 210              		.loc 1 269 9 view .LVU64
 211 001c 0444     		add	r4, r4, r0
 212              	.LVL24:
 270:Middlewares/Third_Party/LwIP/src/core/inet_chksum.c ****     /*LWIP_DEBUGF(INET_DEBUG, ("inet_chksum_pseudo(): unwrapped lwip_chksum()=%"X32_F" \n", acc));*
 271:Middlewares/Third_Party/LwIP/src/core/inet_chksum.c ****     /* just executing this next line is probably faster that the if statement needed
 272:Middlewares/Third_Party/LwIP/src/core/inet_chksum.c ****        to check whether we really need to execute it, and does no harm */
 273:Middlewares/Third_Party/LwIP/src/core/inet_chksum.c ****     acc = FOLD_U32T(acc);
 213              		.loc 1 273 5 is_stmt 1 view .LVU65
 214              		.loc 1 273 11 is_stmt 0 view .LVU66
 215 001e A3B2     		uxth	r3, r4
 216              		.loc 1 273 9 view .LVU67
 217 0020 03EB1444 		add	r4, r3, r4, lsr #16
 218              	.LVL25:
 274:Middlewares/Third_Party/LwIP/src/core/inet_chksum.c ****     if (q->len % 2 != 0) {
 219              		.loc 1 274 5 is_stmt 1 view .LVU68
 220              		.loc 1 274 10 is_stmt 0 view .LVU69
 221 0024 6B89     		ldrh	r3, [r5, #10]
 222              		.loc 1 274 8 view .LVU70
 223 0026 13F0010F 		tst	r3, #1
 224 002a F1D0     		beq	.L10
 275:Middlewares/Third_Party/LwIP/src/core/inet_chksum.c ****       swapped = !swapped;
 225              		.loc 1 275 7 is_stmt 1 view .LVU71
 226              		.loc 1 275 17 is_stmt 0 view .LVU72
 227 002c 86F00106 		eor	r6, r6, #1
 228              	.LVL26:
 276:Middlewares/Third_Party/LwIP/src/core/inet_chksum.c ****       acc = SWAP_BYTES_IN_WORD(acc);
 229              		.loc 1 276 7 is_stmt 1 view .LVU73
 230              		.loc 1 276 13 is_stmt 0 view .LVU74
 231 0030 4FEA042C 		lsl	ip, r4, #8
 232 0034 1FFA8CFC 		uxth	ip, ip
 233 0038 C4F30724 		ubfx	r4, r4, #8, #8
 234              	.LVL27:
 235              		.loc 1 276 11 view .LVU75
 236 003c 4CEA0404 		orr	r4, ip, r4
 237              	.LVL28:
ARM GAS  C:\Users\17832\AppData\Local\Temp\ccIgcbEX.s 			page 10


 238              		.loc 1 276 11 view .LVU76
 239 0040 E6E7     		b	.L10
 240              	.L14:
 277:Middlewares/Third_Party/LwIP/src/core/inet_chksum.c ****     }
 278:Middlewares/Third_Party/LwIP/src/core/inet_chksum.c ****     /*LWIP_DEBUGF(INET_DEBUG, ("inet_chksum_pseudo(): wrapped lwip_chksum()=%"X32_F" \n", acc));*/
 279:Middlewares/Third_Party/LwIP/src/core/inet_chksum.c ****   }
 280:Middlewares/Third_Party/LwIP/src/core/inet_chksum.c **** 
 281:Middlewares/Third_Party/LwIP/src/core/inet_chksum.c ****   if (swapped) {
 241              		.loc 1 281 3 is_stmt 1 view .LVU77
 242              		.loc 1 281 6 is_stmt 0 view .LVU78
 243 0042 26B1     		cbz	r6, .L12
 282:Middlewares/Third_Party/LwIP/src/core/inet_chksum.c ****     acc = SWAP_BYTES_IN_WORD(acc);
 244              		.loc 1 282 5 is_stmt 1 view .LVU79
 245              		.loc 1 282 11 is_stmt 0 view .LVU80
 246 0044 2202     		lsls	r2, r4, #8
 247 0046 92B2     		uxth	r2, r2
 248 0048 C4F30724 		ubfx	r4, r4, #8, #8
 249              	.LVL29:
 250              		.loc 1 282 9 view .LVU81
 251 004c 1443     		orrs	r4, r4, r2
 252              	.LVL30:
 253              	.L12:
 283:Middlewares/Third_Party/LwIP/src/core/inet_chksum.c ****   }
 284:Middlewares/Third_Party/LwIP/src/core/inet_chksum.c **** 
 285:Middlewares/Third_Party/LwIP/src/core/inet_chksum.c ****   acc += (u32_t)lwip_htons((u16_t)proto);
 254              		.loc 1 285 3 is_stmt 1 view .LVU82
 255              		.loc 1 285 17 is_stmt 0 view .LVU83
 256 004e 4046     		mov	r0, r8
 257 0050 FFF7FEFF 		bl	lwip_htons
 258              	.LVL31:
 259              		.loc 1 285 7 view .LVU84
 260 0054 0444     		add	r4, r4, r0
 261              	.LVL32:
 286:Middlewares/Third_Party/LwIP/src/core/inet_chksum.c ****   acc += (u32_t)lwip_htons(proto_len);
 262              		.loc 1 286 3 is_stmt 1 view .LVU85
 263              		.loc 1 286 17 is_stmt 0 view .LVU86
 264 0056 3846     		mov	r0, r7
 265 0058 FFF7FEFF 		bl	lwip_htons
 266              	.LVL33:
 267              		.loc 1 286 7 view .LVU87
 268 005c 2044     		add	r0, r0, r4
 269              	.LVL34:
 287:Middlewares/Third_Party/LwIP/src/core/inet_chksum.c **** 
 288:Middlewares/Third_Party/LwIP/src/core/inet_chksum.c ****   /* Fold 32-bit sum to 16 bits
 289:Middlewares/Third_Party/LwIP/src/core/inet_chksum.c ****      calling this twice is probably faster than if statements... */
 290:Middlewares/Third_Party/LwIP/src/core/inet_chksum.c ****   acc = FOLD_U32T(acc);
 270              		.loc 1 290 3 is_stmt 1 view .LVU88
 271              		.loc 1 290 9 is_stmt 0 view .LVU89
 272 005e 84B2     		uxth	r4, r0
 273              		.loc 1 290 7 view .LVU90
 274 0060 04EB1044 		add	r4, r4, r0, lsr #16
 275              	.LVL35:
 291:Middlewares/Third_Party/LwIP/src/core/inet_chksum.c ****   acc = FOLD_U32T(acc);
 276              		.loc 1 291 3 is_stmt 1 view .LVU91
 277              		.loc 1 291 9 is_stmt 0 view .LVU92
 278 0064 A0B2     		uxth	r0, r4
 279              		.loc 1 291 7 view .LVU93
ARM GAS  C:\Users\17832\AppData\Local\Temp\ccIgcbEX.s 			page 11


 280 0066 00EB1440 		add	r0, r0, r4, lsr #16
 281              	.LVL36:
 292:Middlewares/Third_Party/LwIP/src/core/inet_chksum.c ****   LWIP_DEBUGF(INET_DEBUG, ("inet_chksum_pseudo(): pbuf chain lwip_chksum()=%"X32_F"\n", acc));
 282              		.loc 1 292 94 is_stmt 1 view .LVU94
 293:Middlewares/Third_Party/LwIP/src/core/inet_chksum.c ****   return (u16_t)~(acc & 0xffffUL);
 283              		.loc 1 293 3 view .LVU95
 284              		.loc 1 293 10 is_stmt 0 view .LVU96
 285 006a C043     		mvns	r0, r0
 286              	.LVL37:
 294:Middlewares/Third_Party/LwIP/src/core/inet_chksum.c **** }
 287              		.loc 1 294 1 view .LVU97
 288 006c 80B2     		uxth	r0, r0
 289              	.LVL38:
 290              		.loc 1 294 1 view .LVU98
 291 006e BDE8F081 		pop	{r4, r5, r6, r7, r8, pc}
 292              		.loc 1 294 1 view .LVU99
 293              		.cfi_endproc
 294              	.LFE157:
 296              		.section	.rodata.inet_cksum_pseudo_partial_base.str1.4,"aMS",%progbits,1
 297              		.align	2
 298              	.LC0:
 299 0000 4D696464 		.ascii	"Middlewares/Third_Party/LwIP/src/core/inet_chksum.c"
 299      6C657761 
 299      7265732F 
 299      54686972 
 299      645F5061 
 300 0033 00       		.ascii	"\000"
 301              		.align	2
 302              	.LC1:
 303 0034 64656C65 		.ascii	"delete me\000"
 303      7465206D 
 303      6500
 304 003e 0000     		.align	2
 305              	.LC2:
 306 0040 41737365 		.ascii	"Assertion \"%s\" failed at line %d in %s\012\000"
 306      7274696F 
 306      6E202225 
 306      73222066 
 306      61696C65 
 307              		.section	.text.inet_cksum_pseudo_partial_base,"ax",%progbits
 308              		.align	1
 309              		.syntax unified
 310              		.thumb
 311              		.thumb_func
 313              	inet_cksum_pseudo_partial_base:
 314              	.LVL39:
 315              	.LFB160:
 295:Middlewares/Third_Party/LwIP/src/core/inet_chksum.c **** 
 296:Middlewares/Third_Party/LwIP/src/core/inet_chksum.c **** #if LWIP_IPV4
 297:Middlewares/Third_Party/LwIP/src/core/inet_chksum.c **** /* inet_chksum_pseudo:
 298:Middlewares/Third_Party/LwIP/src/core/inet_chksum.c ****  *
 299:Middlewares/Third_Party/LwIP/src/core/inet_chksum.c ****  * Calculates the IPv4 pseudo Internet checksum used by TCP and UDP for a pbuf chain.
 300:Middlewares/Third_Party/LwIP/src/core/inet_chksum.c ****  * IP addresses are expected to be in network byte order.
 301:Middlewares/Third_Party/LwIP/src/core/inet_chksum.c ****  *
 302:Middlewares/Third_Party/LwIP/src/core/inet_chksum.c ****  * @param p chain of pbufs over that a checksum should be calculated (ip data part)
 303:Middlewares/Third_Party/LwIP/src/core/inet_chksum.c ****  * @param src source ip address (used for checksum of pseudo header)
 304:Middlewares/Third_Party/LwIP/src/core/inet_chksum.c ****  * @param dst destination ip address (used for checksum of pseudo header)
ARM GAS  C:\Users\17832\AppData\Local\Temp\ccIgcbEX.s 			page 12


 305:Middlewares/Third_Party/LwIP/src/core/inet_chksum.c ****  * @param proto ip protocol (used for checksum of pseudo header)
 306:Middlewares/Third_Party/LwIP/src/core/inet_chksum.c ****  * @param proto_len length of the ip data part (used for checksum of pseudo header)
 307:Middlewares/Third_Party/LwIP/src/core/inet_chksum.c ****  * @return checksum (as u16_t) to be saved directly in the protocol header
 308:Middlewares/Third_Party/LwIP/src/core/inet_chksum.c ****  */
 309:Middlewares/Third_Party/LwIP/src/core/inet_chksum.c **** u16_t
 310:Middlewares/Third_Party/LwIP/src/core/inet_chksum.c **** inet_chksum_pseudo(struct pbuf *p, u8_t proto, u16_t proto_len,
 311:Middlewares/Third_Party/LwIP/src/core/inet_chksum.c ****                    const ip4_addr_t *src, const ip4_addr_t *dest)
 312:Middlewares/Third_Party/LwIP/src/core/inet_chksum.c **** {
 313:Middlewares/Third_Party/LwIP/src/core/inet_chksum.c ****   u32_t acc;
 314:Middlewares/Third_Party/LwIP/src/core/inet_chksum.c ****   u32_t addr;
 315:Middlewares/Third_Party/LwIP/src/core/inet_chksum.c **** 
 316:Middlewares/Third_Party/LwIP/src/core/inet_chksum.c ****   addr = ip4_addr_get_u32(src);
 317:Middlewares/Third_Party/LwIP/src/core/inet_chksum.c ****   acc = (addr & 0xffffUL);
 318:Middlewares/Third_Party/LwIP/src/core/inet_chksum.c ****   acc = (u32_t)(acc + ((addr >> 16) & 0xffffUL));
 319:Middlewares/Third_Party/LwIP/src/core/inet_chksum.c ****   addr = ip4_addr_get_u32(dest);
 320:Middlewares/Third_Party/LwIP/src/core/inet_chksum.c ****   acc = (u32_t)(acc + (addr & 0xffffUL));
 321:Middlewares/Third_Party/LwIP/src/core/inet_chksum.c ****   acc = (u32_t)(acc + ((addr >> 16) & 0xffffUL));
 322:Middlewares/Third_Party/LwIP/src/core/inet_chksum.c ****   /* fold down to 16 bits */
 323:Middlewares/Third_Party/LwIP/src/core/inet_chksum.c ****   acc = FOLD_U32T(acc);
 324:Middlewares/Third_Party/LwIP/src/core/inet_chksum.c ****   acc = FOLD_U32T(acc);
 325:Middlewares/Third_Party/LwIP/src/core/inet_chksum.c **** 
 326:Middlewares/Third_Party/LwIP/src/core/inet_chksum.c ****   return inet_cksum_pseudo_base(p, proto, proto_len, acc);
 327:Middlewares/Third_Party/LwIP/src/core/inet_chksum.c **** }
 328:Middlewares/Third_Party/LwIP/src/core/inet_chksum.c **** #endif /* LWIP_IPV4 */
 329:Middlewares/Third_Party/LwIP/src/core/inet_chksum.c **** 
 330:Middlewares/Third_Party/LwIP/src/core/inet_chksum.c **** #if LWIP_IPV6
 331:Middlewares/Third_Party/LwIP/src/core/inet_chksum.c **** /**
 332:Middlewares/Third_Party/LwIP/src/core/inet_chksum.c ****  * Calculates the checksum with IPv6 pseudo header used by TCP and UDP for a pbuf chain.
 333:Middlewares/Third_Party/LwIP/src/core/inet_chksum.c ****  * IPv6 addresses are expected to be in network byte order.
 334:Middlewares/Third_Party/LwIP/src/core/inet_chksum.c ****  *
 335:Middlewares/Third_Party/LwIP/src/core/inet_chksum.c ****  * @param p chain of pbufs over that a checksum should be calculated (ip data part)
 336:Middlewares/Third_Party/LwIP/src/core/inet_chksum.c ****  * @param proto ipv6 protocol/next header (used for checksum of pseudo header)
 337:Middlewares/Third_Party/LwIP/src/core/inet_chksum.c ****  * @param proto_len length of the ipv6 payload (used for checksum of pseudo header)
 338:Middlewares/Third_Party/LwIP/src/core/inet_chksum.c ****  * @param src source ipv6 address (used for checksum of pseudo header)
 339:Middlewares/Third_Party/LwIP/src/core/inet_chksum.c ****  * @param dest destination ipv6 address (used for checksum of pseudo header)
 340:Middlewares/Third_Party/LwIP/src/core/inet_chksum.c ****  * @return checksum (as u16_t) to be saved directly in the protocol header
 341:Middlewares/Third_Party/LwIP/src/core/inet_chksum.c ****  */
 342:Middlewares/Third_Party/LwIP/src/core/inet_chksum.c **** u16_t
 343:Middlewares/Third_Party/LwIP/src/core/inet_chksum.c **** ip6_chksum_pseudo(struct pbuf *p, u8_t proto, u16_t proto_len,
 344:Middlewares/Third_Party/LwIP/src/core/inet_chksum.c ****                   const ip6_addr_t *src, const ip6_addr_t *dest)
 345:Middlewares/Third_Party/LwIP/src/core/inet_chksum.c **** {
 346:Middlewares/Third_Party/LwIP/src/core/inet_chksum.c ****   u32_t acc = 0;
 347:Middlewares/Third_Party/LwIP/src/core/inet_chksum.c ****   u32_t addr;
 348:Middlewares/Third_Party/LwIP/src/core/inet_chksum.c ****   u8_t addr_part;
 349:Middlewares/Third_Party/LwIP/src/core/inet_chksum.c **** 
 350:Middlewares/Third_Party/LwIP/src/core/inet_chksum.c ****   for (addr_part = 0; addr_part < 4; addr_part++) {
 351:Middlewares/Third_Party/LwIP/src/core/inet_chksum.c ****     addr = src->addr[addr_part];
 352:Middlewares/Third_Party/LwIP/src/core/inet_chksum.c ****     acc = (u32_t)(acc + (addr & 0xffffUL));
 353:Middlewares/Third_Party/LwIP/src/core/inet_chksum.c ****     acc = (u32_t)(acc + ((addr >> 16) & 0xffffUL));
 354:Middlewares/Third_Party/LwIP/src/core/inet_chksum.c ****     addr = dest->addr[addr_part];
 355:Middlewares/Third_Party/LwIP/src/core/inet_chksum.c ****     acc = (u32_t)(acc + (addr & 0xffffUL));
 356:Middlewares/Third_Party/LwIP/src/core/inet_chksum.c ****     acc = (u32_t)(acc + ((addr >> 16) & 0xffffUL));
 357:Middlewares/Third_Party/LwIP/src/core/inet_chksum.c ****   }
 358:Middlewares/Third_Party/LwIP/src/core/inet_chksum.c ****   /* fold down to 16 bits */
 359:Middlewares/Third_Party/LwIP/src/core/inet_chksum.c ****   acc = FOLD_U32T(acc);
 360:Middlewares/Third_Party/LwIP/src/core/inet_chksum.c ****   acc = FOLD_U32T(acc);
 361:Middlewares/Third_Party/LwIP/src/core/inet_chksum.c **** 
ARM GAS  C:\Users\17832\AppData\Local\Temp\ccIgcbEX.s 			page 13


 362:Middlewares/Third_Party/LwIP/src/core/inet_chksum.c ****   return inet_cksum_pseudo_base(p, proto, proto_len, acc);
 363:Middlewares/Third_Party/LwIP/src/core/inet_chksum.c **** }
 364:Middlewares/Third_Party/LwIP/src/core/inet_chksum.c **** #endif /* LWIP_IPV6 */
 365:Middlewares/Third_Party/LwIP/src/core/inet_chksum.c **** 
 366:Middlewares/Third_Party/LwIP/src/core/inet_chksum.c **** /* ip_chksum_pseudo:
 367:Middlewares/Third_Party/LwIP/src/core/inet_chksum.c ****  *
 368:Middlewares/Third_Party/LwIP/src/core/inet_chksum.c ****  * Calculates the IPv4 or IPv6 pseudo Internet checksum used by TCP and UDP for a pbuf chain.
 369:Middlewares/Third_Party/LwIP/src/core/inet_chksum.c ****  * IP addresses are expected to be in network byte order.
 370:Middlewares/Third_Party/LwIP/src/core/inet_chksum.c ****  *
 371:Middlewares/Third_Party/LwIP/src/core/inet_chksum.c ****  * @param p chain of pbufs over that a checksum should be calculated (ip data part)
 372:Middlewares/Third_Party/LwIP/src/core/inet_chksum.c ****  * @param src source ip address (used for checksum of pseudo header)
 373:Middlewares/Third_Party/LwIP/src/core/inet_chksum.c ****  * @param dst destination ip address (used for checksum of pseudo header)
 374:Middlewares/Third_Party/LwIP/src/core/inet_chksum.c ****  * @param proto ip protocol (used for checksum of pseudo header)
 375:Middlewares/Third_Party/LwIP/src/core/inet_chksum.c ****  * @param proto_len length of the ip data part (used for checksum of pseudo header)
 376:Middlewares/Third_Party/LwIP/src/core/inet_chksum.c ****  * @return checksum (as u16_t) to be saved directly in the protocol header
 377:Middlewares/Third_Party/LwIP/src/core/inet_chksum.c ****  */
 378:Middlewares/Third_Party/LwIP/src/core/inet_chksum.c **** u16_t
 379:Middlewares/Third_Party/LwIP/src/core/inet_chksum.c **** ip_chksum_pseudo(struct pbuf *p, u8_t proto, u16_t proto_len,
 380:Middlewares/Third_Party/LwIP/src/core/inet_chksum.c ****                  const ip_addr_t *src, const ip_addr_t *dest)
 381:Middlewares/Third_Party/LwIP/src/core/inet_chksum.c **** {
 382:Middlewares/Third_Party/LwIP/src/core/inet_chksum.c **** #if LWIP_IPV6
 383:Middlewares/Third_Party/LwIP/src/core/inet_chksum.c ****   if (IP_IS_V6(dest)) {
 384:Middlewares/Third_Party/LwIP/src/core/inet_chksum.c ****     return ip6_chksum_pseudo(p, proto, proto_len, ip_2_ip6(src), ip_2_ip6(dest));
 385:Middlewares/Third_Party/LwIP/src/core/inet_chksum.c ****   }
 386:Middlewares/Third_Party/LwIP/src/core/inet_chksum.c **** #endif /* LWIP_IPV6 */
 387:Middlewares/Third_Party/LwIP/src/core/inet_chksum.c **** #if LWIP_IPV4 && LWIP_IPV6
 388:Middlewares/Third_Party/LwIP/src/core/inet_chksum.c ****   else
 389:Middlewares/Third_Party/LwIP/src/core/inet_chksum.c **** #endif /* LWIP_IPV4 && LWIP_IPV6 */
 390:Middlewares/Third_Party/LwIP/src/core/inet_chksum.c **** #if LWIP_IPV4
 391:Middlewares/Third_Party/LwIP/src/core/inet_chksum.c ****   {
 392:Middlewares/Third_Party/LwIP/src/core/inet_chksum.c ****     return inet_chksum_pseudo(p, proto, proto_len, ip_2_ip4(src), ip_2_ip4(dest));
 393:Middlewares/Third_Party/LwIP/src/core/inet_chksum.c ****   }
 394:Middlewares/Third_Party/LwIP/src/core/inet_chksum.c **** #endif /* LWIP_IPV4 */
 395:Middlewares/Third_Party/LwIP/src/core/inet_chksum.c **** }
 396:Middlewares/Third_Party/LwIP/src/core/inet_chksum.c **** 
 397:Middlewares/Third_Party/LwIP/src/core/inet_chksum.c **** /** Parts of the pseudo checksum which are common to IPv4 and IPv6 */
 398:Middlewares/Third_Party/LwIP/src/core/inet_chksum.c **** static u16_t
 399:Middlewares/Third_Party/LwIP/src/core/inet_chksum.c **** inet_cksum_pseudo_partial_base(struct pbuf *p, u8_t proto, u16_t proto_len,
 400:Middlewares/Third_Party/LwIP/src/core/inet_chksum.c ****                                u16_t chksum_len, u32_t acc)
 401:Middlewares/Third_Party/LwIP/src/core/inet_chksum.c **** {
 316              		.loc 1 401 1 is_stmt 1 view -0
 317              		.cfi_startproc
 318              		@ args = 4, pretend = 0, frame = 0
 319              		@ frame_needed = 0, uses_anonymous_args = 0
 320              		.loc 1 401 1 is_stmt 0 view .LVU101
 321 0000 2DE9F84F 		push	{r3, r4, r5, r6, r7, r8, r9, r10, fp, lr}
 322              	.LCFI5:
 323              		.cfi_def_cfa_offset 40
 324              		.cfi_offset 3, -40
 325              		.cfi_offset 4, -36
 326              		.cfi_offset 5, -32
 327              		.cfi_offset 6, -28
 328              		.cfi_offset 7, -24
 329              		.cfi_offset 8, -20
 330              		.cfi_offset 9, -16
 331              		.cfi_offset 10, -12
 332              		.cfi_offset 11, -8
ARM GAS  C:\Users\17832\AppData\Local\Temp\ccIgcbEX.s 			page 14


 333              		.cfi_offset 14, -4
 334 0004 0546     		mov	r5, r0
 335 0006 8846     		mov	r8, r1
 336 0008 9146     		mov	r9, r2
 337 000a 1F46     		mov	r7, r3
 338 000c 0A9C     		ldr	r4, [sp, #40]
 402:Middlewares/Third_Party/LwIP/src/core/inet_chksum.c ****   struct pbuf *q;
 339              		.loc 1 402 3 is_stmt 1 view .LVU102
 403:Middlewares/Third_Party/LwIP/src/core/inet_chksum.c ****   int swapped = 0;
 340              		.loc 1 403 3 view .LVU103
 341              	.LVL40:
 404:Middlewares/Third_Party/LwIP/src/core/inet_chksum.c ****   u16_t chklen;
 342              		.loc 1 404 3 view .LVU104
 405:Middlewares/Third_Party/LwIP/src/core/inet_chksum.c **** 
 406:Middlewares/Third_Party/LwIP/src/core/inet_chksum.c ****   /* iterate through all pbuf in chain */
 407:Middlewares/Third_Party/LwIP/src/core/inet_chksum.c ****   for (q = p; (q != NULL) && (chksum_len > 0); q = q->next) {
 343              		.loc 1 407 3 view .LVU105
 403:Middlewares/Third_Party/LwIP/src/core/inet_chksum.c ****   u16_t chklen;
 344              		.loc 1 403 7 is_stmt 0 view .LVU106
 345 000e 0026     		movs	r6, #0
 346              		.loc 1 407 3 view .LVU107
 347 0010 08E0     		b	.L16
 348              	.LVL41:
 349              	.L25:
 408:Middlewares/Third_Party/LwIP/src/core/inet_chksum.c ****     LWIP_DEBUGF(INET_DEBUG, ("inet_chksum_pseudo(): checksumming pbuf %p (has next %p) \n",
 409:Middlewares/Third_Party/LwIP/src/core/inet_chksum.c ****                              (void *)q, (void *)q->next));
 410:Middlewares/Third_Party/LwIP/src/core/inet_chksum.c ****     chklen = q->len;
 411:Middlewares/Third_Party/LwIP/src/core/inet_chksum.c ****     if (chklen > chksum_len) {
 412:Middlewares/Third_Party/LwIP/src/core/inet_chksum.c ****       chklen = chksum_len;
 413:Middlewares/Third_Party/LwIP/src/core/inet_chksum.c ****     }
 414:Middlewares/Third_Party/LwIP/src/core/inet_chksum.c ****     acc += LWIP_CHKSUM(q->payload, chklen);
 415:Middlewares/Third_Party/LwIP/src/core/inet_chksum.c ****     chksum_len = (u16_t)(chksum_len - chklen);
 416:Middlewares/Third_Party/LwIP/src/core/inet_chksum.c ****     LWIP_ASSERT("delete me", chksum_len < 0x7fff);
 350              		.loc 1 416 5 is_stmt 1 discriminator 1 view .LVU108
 351              		.loc 1 416 5 discriminator 1 view .LVU109
 352 0012 234B     		ldr	r3, .L26
 353 0014 4FF4D072 		mov	r2, #416
 354 0018 2249     		ldr	r1, .L26+4
 355 001a 2348     		ldr	r0, .L26+8
 356 001c FFF7FEFF 		bl	printf
 357              	.LVL42:
 358 0020 14E0     		b	.L18
 359              	.LVL43:
 360              	.L19:
 407:Middlewares/Third_Party/LwIP/src/core/inet_chksum.c ****     LWIP_DEBUGF(INET_DEBUG, ("inet_chksum_pseudo(): checksumming pbuf %p (has next %p) \n",
 361              		.loc 1 407 48 discriminator 2 view .LVU110
 407:Middlewares/Third_Party/LwIP/src/core/inet_chksum.c ****     LWIP_DEBUGF(INET_DEBUG, ("inet_chksum_pseudo(): checksumming pbuf %p (has next %p) \n",
 362              		.loc 1 407 50 is_stmt 0 discriminator 2 view .LVU111
 363 0022 2D68     		ldr	r5, [r5]
 364              	.LVL44:
 365              	.L16:
 407:Middlewares/Third_Party/LwIP/src/core/inet_chksum.c ****     LWIP_DEBUGF(INET_DEBUG, ("inet_chksum_pseudo(): checksumming pbuf %p (has next %p) \n",
 366              		.loc 1 407 15 is_stmt 1 discriminator 1 view .LVU112
 407:Middlewares/Third_Party/LwIP/src/core/inet_chksum.c ****     LWIP_DEBUGF(INET_DEBUG, ("inet_chksum_pseudo(): checksumming pbuf %p (has next %p) \n",
 367              		.loc 1 407 3 is_stmt 0 discriminator 1 view .LVU113
 368 0024 1DB3     		cbz	r5, .L20
 407:Middlewares/Third_Party/LwIP/src/core/inet_chksum.c ****     LWIP_DEBUGF(INET_DEBUG, ("inet_chksum_pseudo(): checksumming pbuf %p (has next %p) \n",
ARM GAS  C:\Users\17832\AppData\Local\Temp\ccIgcbEX.s 			page 15


 369              		.loc 1 407 27 discriminator 3 view .LVU114
 370 0026 17B3     		cbz	r7, .L20
 409:Middlewares/Third_Party/LwIP/src/core/inet_chksum.c ****     chklen = q->len;
 371              		.loc 1 409 58 is_stmt 1 view .LVU115
 410:Middlewares/Third_Party/LwIP/src/core/inet_chksum.c ****     if (chklen > chksum_len) {
 372              		.loc 1 410 5 view .LVU116
 410:Middlewares/Third_Party/LwIP/src/core/inet_chksum.c ****     if (chklen > chksum_len) {
 373              		.loc 1 410 12 is_stmt 0 view .LVU117
 374 0028 B5F80AB0 		ldrh	fp, [r5, #10]
 375              	.LVL45:
 411:Middlewares/Third_Party/LwIP/src/core/inet_chksum.c ****       chklen = chksum_len;
 376              		.loc 1 411 5 is_stmt 1 view .LVU118
 411:Middlewares/Third_Party/LwIP/src/core/inet_chksum.c ****       chklen = chksum_len;
 377              		.loc 1 411 8 is_stmt 0 view .LVU119
 378 002c 5F45     		cmp	r7, fp
 379 002e 00D2     		bcs	.L17
 412:Middlewares/Third_Party/LwIP/src/core/inet_chksum.c ****     }
 380              		.loc 1 412 14 view .LVU120
 381 0030 BB46     		mov	fp, r7
 382              	.LVL46:
 383              	.L17:
 414:Middlewares/Third_Party/LwIP/src/core/inet_chksum.c ****     chksum_len = (u16_t)(chksum_len - chklen);
 384              		.loc 1 414 5 is_stmt 1 view .LVU121
 414:Middlewares/Third_Party/LwIP/src/core/inet_chksum.c ****     chksum_len = (u16_t)(chksum_len - chklen);
 385              		.loc 1 414 12 is_stmt 0 view .LVU122
 386 0032 5946     		mov	r1, fp
 387 0034 6868     		ldr	r0, [r5, #4]
 388 0036 FFF7FEFF 		bl	lwip_standard_chksum
 389              	.LVL47:
 414:Middlewares/Third_Party/LwIP/src/core/inet_chksum.c ****     chksum_len = (u16_t)(chksum_len - chklen);
 390              		.loc 1 414 9 view .LVU123
 391 003a 00EB040A 		add	r10, r0, r4
 392              	.LVL48:
 415:Middlewares/Third_Party/LwIP/src/core/inet_chksum.c ****     LWIP_ASSERT("delete me", chksum_len < 0x7fff);
 393              		.loc 1 415 5 is_stmt 1 view .LVU124
 415:Middlewares/Third_Party/LwIP/src/core/inet_chksum.c ****     LWIP_ASSERT("delete me", chksum_len < 0x7fff);
 394              		.loc 1 415 16 is_stmt 0 view .LVU125
 395 003e A7EB0B03 		sub	r3, r7, fp
 396 0042 9FB2     		uxth	r7, r3
 397              	.LVL49:
 398              		.loc 1 416 5 is_stmt 1 view .LVU126
 399              		.loc 1 416 5 view .LVU127
 400 0044 47F6FE73 		movw	r3, #32766
 401 0048 9F42     		cmp	r7, r3
 402 004a E2D8     		bhi	.L25
 403              	.L18:
 404              		.loc 1 416 5 discriminator 3 view .LVU128
 405              		.loc 1 416 5 discriminator 3 view .LVU129
 417:Middlewares/Third_Party/LwIP/src/core/inet_chksum.c ****     /*LWIP_DEBUGF(INET_DEBUG, ("inet_chksum_pseudo(): unwrapped lwip_chksum()=%"X32_F" \n", acc));*
 418:Middlewares/Third_Party/LwIP/src/core/inet_chksum.c ****     /* fold the upper bit down */
 419:Middlewares/Third_Party/LwIP/src/core/inet_chksum.c ****     acc = FOLD_U32T(acc);
 406              		.loc 1 419 5 discriminator 3 view .LVU130
 407              		.loc 1 419 11 is_stmt 0 discriminator 3 view .LVU131
 408 004c 1FFA8AF4 		uxth	r4, r10
 409              		.loc 1 419 9 discriminator 3 view .LVU132
 410 0050 04EB1A44 		add	r4, r4, r10, lsr #16
 411              	.LVL50:
ARM GAS  C:\Users\17832\AppData\Local\Temp\ccIgcbEX.s 			page 16


 420:Middlewares/Third_Party/LwIP/src/core/inet_chksum.c ****     if (q->len % 2 != 0) {
 412              		.loc 1 420 5 is_stmt 1 discriminator 3 view .LVU133
 413              		.loc 1 420 10 is_stmt 0 discriminator 3 view .LVU134
 414 0054 B5F80AC0 		ldrh	ip, [r5, #10]
 415              		.loc 1 420 8 discriminator 3 view .LVU135
 416 0058 1CF0010F 		tst	ip, #1
 417 005c E1D0     		beq	.L19
 421:Middlewares/Third_Party/LwIP/src/core/inet_chksum.c ****       swapped = !swapped;
 418              		.loc 1 421 7 is_stmt 1 view .LVU136
 419              		.loc 1 421 17 is_stmt 0 view .LVU137
 420 005e 86F00106 		eor	r6, r6, #1
 421              	.LVL51:
 422:Middlewares/Third_Party/LwIP/src/core/inet_chksum.c ****       acc = SWAP_BYTES_IN_WORD(acc);
 422              		.loc 1 422 7 is_stmt 1 view .LVU138
 423              		.loc 1 422 13 is_stmt 0 view .LVU139
 424 0062 2302     		lsls	r3, r4, #8
 425 0064 9BB2     		uxth	r3, r3
 426 0066 C4F30724 		ubfx	r4, r4, #8, #8
 427              	.LVL52:
 428              		.loc 1 422 11 view .LVU140
 429 006a 1C43     		orrs	r4, r4, r3
 430              	.LVL53:
 431              		.loc 1 422 11 view .LVU141
 432 006c D9E7     		b	.L19
 433              	.LVL54:
 434              	.L20:
 423:Middlewares/Third_Party/LwIP/src/core/inet_chksum.c ****     }
 424:Middlewares/Third_Party/LwIP/src/core/inet_chksum.c ****     /*LWIP_DEBUGF(INET_DEBUG, ("inet_chksum_pseudo(): wrapped lwip_chksum()=%"X32_F" \n", acc));*/
 425:Middlewares/Third_Party/LwIP/src/core/inet_chksum.c ****   }
 426:Middlewares/Third_Party/LwIP/src/core/inet_chksum.c **** 
 427:Middlewares/Third_Party/LwIP/src/core/inet_chksum.c ****   if (swapped) {
 435              		.loc 1 427 3 is_stmt 1 view .LVU142
 436              		.loc 1 427 6 is_stmt 0 view .LVU143
 437 006e 26B1     		cbz	r6, .L22
 428:Middlewares/Third_Party/LwIP/src/core/inet_chksum.c ****     acc = SWAP_BYTES_IN_WORD(acc);
 438              		.loc 1 428 5 is_stmt 1 view .LVU144
 439              		.loc 1 428 11 is_stmt 0 view .LVU145
 440 0070 2302     		lsls	r3, r4, #8
 441 0072 9BB2     		uxth	r3, r3
 442 0074 C4F30724 		ubfx	r4, r4, #8, #8
 443              	.LVL55:
 444              		.loc 1 428 9 view .LVU146
 445 0078 1C43     		orrs	r4, r4, r3
 446              	.LVL56:
 447              	.L22:
 429:Middlewares/Third_Party/LwIP/src/core/inet_chksum.c ****   }
 430:Middlewares/Third_Party/LwIP/src/core/inet_chksum.c **** 
 431:Middlewares/Third_Party/LwIP/src/core/inet_chksum.c ****   acc += (u32_t)lwip_htons((u16_t)proto);
 448              		.loc 1 431 3 is_stmt 1 view .LVU147
 449              		.loc 1 431 17 is_stmt 0 view .LVU148
 450 007a 4046     		mov	r0, r8
 451 007c FFF7FEFF 		bl	lwip_htons
 452              	.LVL57:
 453              		.loc 1 431 7 view .LVU149
 454 0080 0444     		add	r4, r4, r0
 455              	.LVL58:
 432:Middlewares/Third_Party/LwIP/src/core/inet_chksum.c ****   acc += (u32_t)lwip_htons(proto_len);
ARM GAS  C:\Users\17832\AppData\Local\Temp\ccIgcbEX.s 			page 17


 456              		.loc 1 432 3 is_stmt 1 view .LVU150
 457              		.loc 1 432 17 is_stmt 0 view .LVU151
 458 0082 4846     		mov	r0, r9
 459 0084 FFF7FEFF 		bl	lwip_htons
 460              	.LVL59:
 461              		.loc 1 432 7 view .LVU152
 462 0088 2044     		add	r0, r0, r4
 463              	.LVL60:
 433:Middlewares/Third_Party/LwIP/src/core/inet_chksum.c **** 
 434:Middlewares/Third_Party/LwIP/src/core/inet_chksum.c ****   /* Fold 32-bit sum to 16 bits
 435:Middlewares/Third_Party/LwIP/src/core/inet_chksum.c ****      calling this twice is probably faster than if statements... */
 436:Middlewares/Third_Party/LwIP/src/core/inet_chksum.c ****   acc = FOLD_U32T(acc);
 464              		.loc 1 436 3 is_stmt 1 view .LVU153
 465              		.loc 1 436 9 is_stmt 0 view .LVU154
 466 008a 84B2     		uxth	r4, r0
 467              		.loc 1 436 7 view .LVU155
 468 008c 04EB1044 		add	r4, r4, r0, lsr #16
 469              	.LVL61:
 437:Middlewares/Third_Party/LwIP/src/core/inet_chksum.c ****   acc = FOLD_U32T(acc);
 470              		.loc 1 437 3 is_stmt 1 view .LVU156
 471              		.loc 1 437 9 is_stmt 0 view .LVU157
 472 0090 A0B2     		uxth	r0, r4
 473              		.loc 1 437 7 view .LVU158
 474 0092 00EB1440 		add	r0, r0, r4, lsr #16
 475              	.LVL62:
 438:Middlewares/Third_Party/LwIP/src/core/inet_chksum.c ****   LWIP_DEBUGF(INET_DEBUG, ("inet_chksum_pseudo(): pbuf chain lwip_chksum()=%"X32_F"\n", acc));
 476              		.loc 1 438 94 is_stmt 1 view .LVU159
 439:Middlewares/Third_Party/LwIP/src/core/inet_chksum.c ****   return (u16_t)~(acc & 0xffffUL);
 477              		.loc 1 439 3 view .LVU160
 478              		.loc 1 439 10 is_stmt 0 view .LVU161
 479 0096 C043     		mvns	r0, r0
 480              	.LVL63:
 440:Middlewares/Third_Party/LwIP/src/core/inet_chksum.c **** }
 481              		.loc 1 440 1 view .LVU162
 482 0098 80B2     		uxth	r0, r0
 483              	.LVL64:
 484              		.loc 1 440 1 view .LVU163
 485 009a BDE8F88F 		pop	{r3, r4, r5, r6, r7, r8, r9, r10, fp, pc}
 486              	.LVL65:
 487              	.L27:
 488              		.loc 1 440 1 view .LVU164
 489 009e 00BF     		.align	2
 490              	.L26:
 491 00a0 00000000 		.word	.LC0
 492 00a4 34000000 		.word	.LC1
 493 00a8 40000000 		.word	.LC2
 494              		.cfi_endproc
 495              	.LFE160:
 497              		.section	.text.inet_chksum_pseudo,"ax",%progbits
 498              		.align	1
 499              		.global	inet_chksum_pseudo
 500              		.syntax unified
 501              		.thumb
 502              		.thumb_func
 504              	inet_chksum_pseudo:
 505              	.LVL66:
 506              	.LFB158:
ARM GAS  C:\Users\17832\AppData\Local\Temp\ccIgcbEX.s 			page 18


 312:Middlewares/Third_Party/LwIP/src/core/inet_chksum.c ****   u32_t acc;
 507              		.loc 1 312 1 is_stmt 1 view -0
 508              		.cfi_startproc
 509              		@ args = 4, pretend = 0, frame = 0
 510              		@ frame_needed = 0, uses_anonymous_args = 0
 312:Middlewares/Third_Party/LwIP/src/core/inet_chksum.c ****   u32_t acc;
 511              		.loc 1 312 1 is_stmt 0 view .LVU166
 512 0000 10B5     		push	{r4, lr}
 513              	.LCFI6:
 514              		.cfi_def_cfa_offset 8
 515              		.cfi_offset 4, -8
 516              		.cfi_offset 14, -4
 313:Middlewares/Third_Party/LwIP/src/core/inet_chksum.c ****   u32_t addr;
 517              		.loc 1 313 3 is_stmt 1 view .LVU167
 314:Middlewares/Third_Party/LwIP/src/core/inet_chksum.c **** 
 518              		.loc 1 314 3 view .LVU168
 316:Middlewares/Third_Party/LwIP/src/core/inet_chksum.c ****   acc = (addr & 0xffffUL);
 519              		.loc 1 316 3 view .LVU169
 316:Middlewares/Third_Party/LwIP/src/core/inet_chksum.c ****   acc = (addr & 0xffffUL);
 520              		.loc 1 316 8 is_stmt 0 view .LVU170
 521 0002 1B68     		ldr	r3, [r3]
 522              	.LVL67:
 317:Middlewares/Third_Party/LwIP/src/core/inet_chksum.c ****   acc = (u32_t)(acc + ((addr >> 16) & 0xffffUL));
 523              		.loc 1 317 3 is_stmt 1 view .LVU171
 318:Middlewares/Third_Party/LwIP/src/core/inet_chksum.c ****   addr = ip4_addr_get_u32(dest);
 524              		.loc 1 318 3 view .LVU172
 318:Middlewares/Third_Party/LwIP/src/core/inet_chksum.c ****   addr = ip4_addr_get_u32(dest);
 525              		.loc 1 318 30 is_stmt 0 view .LVU173
 526 0004 1C0C     		lsrs	r4, r3, #16
 318:Middlewares/Third_Party/LwIP/src/core/inet_chksum.c ****   addr = ip4_addr_get_u32(dest);
 527              		.loc 1 318 7 view .LVU174
 528 0006 14FA83F3 		uxtah	r3, r4, r3
 529              	.LVL68:
 319:Middlewares/Third_Party/LwIP/src/core/inet_chksum.c ****   acc = (u32_t)(acc + (addr & 0xffffUL));
 530              		.loc 1 319 3 is_stmt 1 view .LVU175
 319:Middlewares/Third_Party/LwIP/src/core/inet_chksum.c ****   acc = (u32_t)(acc + (addr & 0xffffUL));
 531              		.loc 1 319 8 is_stmt 0 view .LVU176
 532 000a 029C     		ldr	r4, [sp, #8]
 533 000c 2468     		ldr	r4, [r4]
 534              	.LVL69:
 320:Middlewares/Third_Party/LwIP/src/core/inet_chksum.c ****   acc = (u32_t)(acc + ((addr >> 16) & 0xffffUL));
 535              		.loc 1 320 3 is_stmt 1 view .LVU177
 320:Middlewares/Third_Party/LwIP/src/core/inet_chksum.c ****   acc = (u32_t)(acc + ((addr >> 16) & 0xffffUL));
 536              		.loc 1 320 7 is_stmt 0 view .LVU178
 537 000e 13FA84F3 		uxtah	r3, r3, r4
 538              	.LVL70:
 321:Middlewares/Third_Party/LwIP/src/core/inet_chksum.c ****   /* fold down to 16 bits */
 539              		.loc 1 321 3 is_stmt 1 view .LVU179
 321:Middlewares/Third_Party/LwIP/src/core/inet_chksum.c ****   /* fold down to 16 bits */
 540              		.loc 1 321 7 is_stmt 0 view .LVU180
 541 0012 03EB1443 		add	r3, r3, r4, lsr #16
 542              	.LVL71:
 323:Middlewares/Third_Party/LwIP/src/core/inet_chksum.c ****   acc = FOLD_U32T(acc);
 543              		.loc 1 323 3 is_stmt 1 view .LVU181
 323:Middlewares/Third_Party/LwIP/src/core/inet_chksum.c ****   acc = FOLD_U32T(acc);
 544              		.loc 1 323 9 is_stmt 0 view .LVU182
 545 0016 1FFA83FC 		uxth	ip, r3
ARM GAS  C:\Users\17832\AppData\Local\Temp\ccIgcbEX.s 			page 19


 323:Middlewares/Third_Party/LwIP/src/core/inet_chksum.c ****   acc = FOLD_U32T(acc);
 546              		.loc 1 323 7 view .LVU183
 547 001a 0CEB1343 		add	r3, ip, r3, lsr #16
 548              	.LVL72:
 324:Middlewares/Third_Party/LwIP/src/core/inet_chksum.c **** 
 549              		.loc 1 324 3 is_stmt 1 view .LVU184
 324:Middlewares/Third_Party/LwIP/src/core/inet_chksum.c **** 
 550              		.loc 1 324 9 is_stmt 0 view .LVU185
 551 001e 9CB2     		uxth	r4, r3
 552              	.LVL73:
 326:Middlewares/Third_Party/LwIP/src/core/inet_chksum.c **** }
 553              		.loc 1 326 3 is_stmt 1 view .LVU186
 326:Middlewares/Third_Party/LwIP/src/core/inet_chksum.c **** }
 554              		.loc 1 326 10 is_stmt 0 view .LVU187
 555 0020 04EB1343 		add	r3, r4, r3, lsr #16
 556              	.LVL74:
 326:Middlewares/Third_Party/LwIP/src/core/inet_chksum.c **** }
 557              		.loc 1 326 10 view .LVU188
 558 0024 FFF7FEFF 		bl	inet_cksum_pseudo_base
 559              	.LVL75:
 327:Middlewares/Third_Party/LwIP/src/core/inet_chksum.c **** #endif /* LWIP_IPV4 */
 560              		.loc 1 327 1 view .LVU189
 561 0028 10BD     		pop	{r4, pc}
 327:Middlewares/Third_Party/LwIP/src/core/inet_chksum.c **** #endif /* LWIP_IPV4 */
 562              		.loc 1 327 1 view .LVU190
 563              		.cfi_endproc
 564              	.LFE158:
 566              		.section	.text.ip_chksum_pseudo,"ax",%progbits
 567              		.align	1
 568              		.global	ip_chksum_pseudo
 569              		.syntax unified
 570              		.thumb
 571              		.thumb_func
 573              	ip_chksum_pseudo:
 574              	.LVL76:
 575              	.LFB159:
 381:Middlewares/Third_Party/LwIP/src/core/inet_chksum.c **** #if LWIP_IPV6
 576              		.loc 1 381 1 is_stmt 1 view -0
 577              		.cfi_startproc
 578              		@ args = 4, pretend = 0, frame = 0
 579              		@ frame_needed = 0, uses_anonymous_args = 0
 381:Middlewares/Third_Party/LwIP/src/core/inet_chksum.c **** #if LWIP_IPV6
 580              		.loc 1 381 1 is_stmt 0 view .LVU192
 581 0000 10B5     		push	{r4, lr}
 582              	.LCFI7:
 583              		.cfi_def_cfa_offset 8
 584              		.cfi_offset 4, -8
 585              		.cfi_offset 14, -4
 586 0002 82B0     		sub	sp, sp, #8
 587              	.LCFI8:
 588              		.cfi_def_cfa_offset 16
 392:Middlewares/Third_Party/LwIP/src/core/inet_chksum.c ****   }
 589              		.loc 1 392 5 is_stmt 1 view .LVU193
 392:Middlewares/Third_Party/LwIP/src/core/inet_chksum.c ****   }
 590              		.loc 1 392 12 is_stmt 0 view .LVU194
 591 0004 049C     		ldr	r4, [sp, #16]
 592 0006 0094     		str	r4, [sp]
ARM GAS  C:\Users\17832\AppData\Local\Temp\ccIgcbEX.s 			page 20


 593 0008 FFF7FEFF 		bl	inet_chksum_pseudo
 594              	.LVL77:
 395:Middlewares/Third_Party/LwIP/src/core/inet_chksum.c **** 
 595              		.loc 1 395 1 view .LVU195
 596 000c 02B0     		add	sp, sp, #8
 597              	.LCFI9:
 598              		.cfi_def_cfa_offset 8
 599              		@ sp needed
 600 000e 10BD     		pop	{r4, pc}
 395:Middlewares/Third_Party/LwIP/src/core/inet_chksum.c **** 
 601              		.loc 1 395 1 view .LVU196
 602              		.cfi_endproc
 603              	.LFE159:
 605              		.section	.text.inet_chksum_pseudo_partial,"ax",%progbits
 606              		.align	1
 607              		.global	inet_chksum_pseudo_partial
 608              		.syntax unified
 609              		.thumb
 610              		.thumb_func
 612              	inet_chksum_pseudo_partial:
 613              	.LVL78:
 614              	.LFB161:
 441:Middlewares/Third_Party/LwIP/src/core/inet_chksum.c **** 
 442:Middlewares/Third_Party/LwIP/src/core/inet_chksum.c **** #if LWIP_IPV4
 443:Middlewares/Third_Party/LwIP/src/core/inet_chksum.c **** /* inet_chksum_pseudo_partial:
 444:Middlewares/Third_Party/LwIP/src/core/inet_chksum.c ****  *
 445:Middlewares/Third_Party/LwIP/src/core/inet_chksum.c ****  * Calculates the IPv4 pseudo Internet checksum used by TCP and UDP for a pbuf chain.
 446:Middlewares/Third_Party/LwIP/src/core/inet_chksum.c ****  * IP addresses are expected to be in network byte order.
 447:Middlewares/Third_Party/LwIP/src/core/inet_chksum.c ****  *
 448:Middlewares/Third_Party/LwIP/src/core/inet_chksum.c ****  * @param p chain of pbufs over that a checksum should be calculated (ip data part)
 449:Middlewares/Third_Party/LwIP/src/core/inet_chksum.c ****  * @param src source ip address (used for checksum of pseudo header)
 450:Middlewares/Third_Party/LwIP/src/core/inet_chksum.c ****  * @param dst destination ip address (used for checksum of pseudo header)
 451:Middlewares/Third_Party/LwIP/src/core/inet_chksum.c ****  * @param proto ip protocol (used for checksum of pseudo header)
 452:Middlewares/Third_Party/LwIP/src/core/inet_chksum.c ****  * @param proto_len length of the ip data part (used for checksum of pseudo header)
 453:Middlewares/Third_Party/LwIP/src/core/inet_chksum.c ****  * @return checksum (as u16_t) to be saved directly in the protocol header
 454:Middlewares/Third_Party/LwIP/src/core/inet_chksum.c ****  */
 455:Middlewares/Third_Party/LwIP/src/core/inet_chksum.c **** u16_t
 456:Middlewares/Third_Party/LwIP/src/core/inet_chksum.c **** inet_chksum_pseudo_partial(struct pbuf *p, u8_t proto, u16_t proto_len,
 457:Middlewares/Third_Party/LwIP/src/core/inet_chksum.c ****                            u16_t chksum_len, const ip4_addr_t *src, const ip4_addr_t *dest)
 458:Middlewares/Third_Party/LwIP/src/core/inet_chksum.c **** {
 615              		.loc 1 458 1 is_stmt 1 view -0
 616              		.cfi_startproc
 617              		@ args = 8, pretend = 0, frame = 0
 618              		@ frame_needed = 0, uses_anonymous_args = 0
 619              		.loc 1 458 1 is_stmt 0 view .LVU198
 620 0000 10B5     		push	{r4, lr}
 621              	.LCFI10:
 622              		.cfi_def_cfa_offset 8
 623              		.cfi_offset 4, -8
 624              		.cfi_offset 14, -4
 625 0002 82B0     		sub	sp, sp, #8
 626              	.LCFI11:
 627              		.cfi_def_cfa_offset 16
 459:Middlewares/Third_Party/LwIP/src/core/inet_chksum.c ****   u32_t acc;
 628              		.loc 1 459 3 is_stmt 1 view .LVU199
 460:Middlewares/Third_Party/LwIP/src/core/inet_chksum.c ****   u32_t addr;
 629              		.loc 1 460 3 view .LVU200
ARM GAS  C:\Users\17832\AppData\Local\Temp\ccIgcbEX.s 			page 21


 461:Middlewares/Third_Party/LwIP/src/core/inet_chksum.c **** 
 462:Middlewares/Third_Party/LwIP/src/core/inet_chksum.c ****   addr = ip4_addr_get_u32(src);
 630              		.loc 1 462 3 view .LVU201
 631              		.loc 1 462 8 is_stmt 0 view .LVU202
 632 0004 049C     		ldr	r4, [sp, #16]
 633 0006 2468     		ldr	r4, [r4]
 634              	.LVL79:
 463:Middlewares/Third_Party/LwIP/src/core/inet_chksum.c ****   acc = (addr & 0xffffUL);
 635              		.loc 1 463 3 is_stmt 1 view .LVU203
 464:Middlewares/Third_Party/LwIP/src/core/inet_chksum.c ****   acc = (u32_t)(acc + ((addr >> 16) & 0xffffUL));
 636              		.loc 1 464 3 view .LVU204
 637              		.loc 1 464 30 is_stmt 0 view .LVU205
 638 0008 4FEA144C 		lsr	ip, r4, #16
 639              		.loc 1 464 7 view .LVU206
 640 000c 1CFA84FC 		uxtah	ip, ip, r4
 641              	.LVL80:
 465:Middlewares/Third_Party/LwIP/src/core/inet_chksum.c ****   addr = ip4_addr_get_u32(dest);
 642              		.loc 1 465 3 is_stmt 1 view .LVU207
 643              		.loc 1 465 8 is_stmt 0 view .LVU208
 644 0010 059C     		ldr	r4, [sp, #20]
 645              	.LVL81:
 646              		.loc 1 465 8 view .LVU209
 647 0012 2468     		ldr	r4, [r4]
 648              	.LVL82:
 466:Middlewares/Third_Party/LwIP/src/core/inet_chksum.c ****   acc = (u32_t)(acc + (addr & 0xffffUL));
 649              		.loc 1 466 3 is_stmt 1 view .LVU210
 650              		.loc 1 466 7 is_stmt 0 view .LVU211
 651 0014 1CFA84FC 		uxtah	ip, ip, r4
 652              	.LVL83:
 467:Middlewares/Third_Party/LwIP/src/core/inet_chksum.c ****   acc = (u32_t)(acc + ((addr >> 16) & 0xffffUL));
 653              		.loc 1 467 3 is_stmt 1 view .LVU212
 654              		.loc 1 467 7 is_stmt 0 view .LVU213
 655 0018 0CEB144C 		add	ip, ip, r4, lsr #16
 656              	.LVL84:
 468:Middlewares/Third_Party/LwIP/src/core/inet_chksum.c ****   /* fold down to 16 bits */
 469:Middlewares/Third_Party/LwIP/src/core/inet_chksum.c ****   acc = FOLD_U32T(acc);
 657              		.loc 1 469 3 is_stmt 1 view .LVU214
 658              		.loc 1 469 9 is_stmt 0 view .LVU215
 659 001c 1FFA8CF4 		uxth	r4, ip
 660              	.LVL85:
 661              		.loc 1 469 7 view .LVU216
 662 0020 04EB1C4C 		add	ip, r4, ip, lsr #16
 663              	.LVL86:
 470:Middlewares/Third_Party/LwIP/src/core/inet_chksum.c ****   acc = FOLD_U32T(acc);
 664              		.loc 1 470 3 is_stmt 1 view .LVU217
 665              		.loc 1 470 9 is_stmt 0 view .LVU218
 666 0024 1FFA8CF4 		uxth	r4, ip
 667              		.loc 1 470 7 view .LVU219
 668 0028 04EB1C44 		add	r4, r4, ip, lsr #16
 669              	.LVL87:
 471:Middlewares/Third_Party/LwIP/src/core/inet_chksum.c **** 
 472:Middlewares/Third_Party/LwIP/src/core/inet_chksum.c ****   return inet_cksum_pseudo_partial_base(p, proto, proto_len, chksum_len, acc);
 670              		.loc 1 472 3 is_stmt 1 view .LVU220
 671              		.loc 1 472 10 is_stmt 0 view .LVU221
 672 002c 0094     		str	r4, [sp]
 673              	.LVL88:
 674              		.loc 1 472 10 view .LVU222
ARM GAS  C:\Users\17832\AppData\Local\Temp\ccIgcbEX.s 			page 22


 675 002e FFF7FEFF 		bl	inet_cksum_pseudo_partial_base
 676              	.LVL89:
 473:Middlewares/Third_Party/LwIP/src/core/inet_chksum.c **** }
 677              		.loc 1 473 1 view .LVU223
 678 0032 02B0     		add	sp, sp, #8
 679              	.LCFI12:
 680              		.cfi_def_cfa_offset 8
 681              		@ sp needed
 682 0034 10BD     		pop	{r4, pc}
 683              		.loc 1 473 1 view .LVU224
 684              		.cfi_endproc
 685              	.LFE161:
 687              		.section	.text.ip_chksum_pseudo_partial,"ax",%progbits
 688              		.align	1
 689              		.global	ip_chksum_pseudo_partial
 690              		.syntax unified
 691              		.thumb
 692              		.thumb_func
 694              	ip_chksum_pseudo_partial:
 695              	.LVL90:
 696              	.LFB162:
 474:Middlewares/Third_Party/LwIP/src/core/inet_chksum.c **** #endif /* LWIP_IPV4 */
 475:Middlewares/Third_Party/LwIP/src/core/inet_chksum.c **** 
 476:Middlewares/Third_Party/LwIP/src/core/inet_chksum.c **** #if LWIP_IPV6
 477:Middlewares/Third_Party/LwIP/src/core/inet_chksum.c **** /**
 478:Middlewares/Third_Party/LwIP/src/core/inet_chksum.c ****  * Calculates the checksum with IPv6 pseudo header used by TCP and UDP for a pbuf chain.
 479:Middlewares/Third_Party/LwIP/src/core/inet_chksum.c ****  * IPv6 addresses are expected to be in network byte order. Will only compute for a
 480:Middlewares/Third_Party/LwIP/src/core/inet_chksum.c ****  * portion of the payload.
 481:Middlewares/Third_Party/LwIP/src/core/inet_chksum.c ****  *
 482:Middlewares/Third_Party/LwIP/src/core/inet_chksum.c ****  * @param p chain of pbufs over that a checksum should be calculated (ip data part)
 483:Middlewares/Third_Party/LwIP/src/core/inet_chksum.c ****  * @param proto ipv6 protocol/next header (used for checksum of pseudo header)
 484:Middlewares/Third_Party/LwIP/src/core/inet_chksum.c ****  * @param proto_len length of the ipv6 payload (used for checksum of pseudo header)
 485:Middlewares/Third_Party/LwIP/src/core/inet_chksum.c ****  * @param chksum_len number of payload bytes used to compute chksum
 486:Middlewares/Third_Party/LwIP/src/core/inet_chksum.c ****  * @param src source ipv6 address (used for checksum of pseudo header)
 487:Middlewares/Third_Party/LwIP/src/core/inet_chksum.c ****  * @param dest destination ipv6 address (used for checksum of pseudo header)
 488:Middlewares/Third_Party/LwIP/src/core/inet_chksum.c ****  * @return checksum (as u16_t) to be saved directly in the protocol header
 489:Middlewares/Third_Party/LwIP/src/core/inet_chksum.c ****  */
 490:Middlewares/Third_Party/LwIP/src/core/inet_chksum.c **** u16_t
 491:Middlewares/Third_Party/LwIP/src/core/inet_chksum.c **** ip6_chksum_pseudo_partial(struct pbuf *p, u8_t proto, u16_t proto_len,
 492:Middlewares/Third_Party/LwIP/src/core/inet_chksum.c ****                           u16_t chksum_len, const ip6_addr_t *src, const ip6_addr_t *dest)
 493:Middlewares/Third_Party/LwIP/src/core/inet_chksum.c **** {
 494:Middlewares/Third_Party/LwIP/src/core/inet_chksum.c ****   u32_t acc = 0;
 495:Middlewares/Third_Party/LwIP/src/core/inet_chksum.c ****   u32_t addr;
 496:Middlewares/Third_Party/LwIP/src/core/inet_chksum.c ****   u8_t addr_part;
 497:Middlewares/Third_Party/LwIP/src/core/inet_chksum.c **** 
 498:Middlewares/Third_Party/LwIP/src/core/inet_chksum.c ****   for (addr_part = 0; addr_part < 4; addr_part++) {
 499:Middlewares/Third_Party/LwIP/src/core/inet_chksum.c ****     addr = src->addr[addr_part];
 500:Middlewares/Third_Party/LwIP/src/core/inet_chksum.c ****     acc = (u32_t)(acc + (addr & 0xffffUL));
 501:Middlewares/Third_Party/LwIP/src/core/inet_chksum.c ****     acc = (u32_t)(acc + ((addr >> 16) & 0xffffUL));
 502:Middlewares/Third_Party/LwIP/src/core/inet_chksum.c ****     addr = dest->addr[addr_part];
 503:Middlewares/Third_Party/LwIP/src/core/inet_chksum.c ****     acc = (u32_t)(acc + (addr & 0xffffUL));
 504:Middlewares/Third_Party/LwIP/src/core/inet_chksum.c ****     acc = (u32_t)(acc + ((addr >> 16) & 0xffffUL));
 505:Middlewares/Third_Party/LwIP/src/core/inet_chksum.c ****   }
 506:Middlewares/Third_Party/LwIP/src/core/inet_chksum.c ****   /* fold down to 16 bits */
 507:Middlewares/Third_Party/LwIP/src/core/inet_chksum.c ****   acc = FOLD_U32T(acc);
 508:Middlewares/Third_Party/LwIP/src/core/inet_chksum.c ****   acc = FOLD_U32T(acc);
 509:Middlewares/Third_Party/LwIP/src/core/inet_chksum.c **** 
ARM GAS  C:\Users\17832\AppData\Local\Temp\ccIgcbEX.s 			page 23


 510:Middlewares/Third_Party/LwIP/src/core/inet_chksum.c ****   return inet_cksum_pseudo_partial_base(p, proto, proto_len, chksum_len, acc);
 511:Middlewares/Third_Party/LwIP/src/core/inet_chksum.c **** }
 512:Middlewares/Third_Party/LwIP/src/core/inet_chksum.c **** #endif /* LWIP_IPV6 */
 513:Middlewares/Third_Party/LwIP/src/core/inet_chksum.c **** 
 514:Middlewares/Third_Party/LwIP/src/core/inet_chksum.c **** /* ip_chksum_pseudo_partial:
 515:Middlewares/Third_Party/LwIP/src/core/inet_chksum.c ****  *
 516:Middlewares/Third_Party/LwIP/src/core/inet_chksum.c ****  * Calculates the IPv4 or IPv6 pseudo Internet checksum used by TCP and UDP for a pbuf chain.
 517:Middlewares/Third_Party/LwIP/src/core/inet_chksum.c ****  *
 518:Middlewares/Third_Party/LwIP/src/core/inet_chksum.c ****  * @param p chain of pbufs over that a checksum should be calculated (ip data part)
 519:Middlewares/Third_Party/LwIP/src/core/inet_chksum.c ****  * @param src source ip address (used for checksum of pseudo header)
 520:Middlewares/Third_Party/LwIP/src/core/inet_chksum.c ****  * @param dst destination ip address (used for checksum of pseudo header)
 521:Middlewares/Third_Party/LwIP/src/core/inet_chksum.c ****  * @param proto ip protocol (used for checksum of pseudo header)
 522:Middlewares/Third_Party/LwIP/src/core/inet_chksum.c ****  * @param proto_len length of the ip data part (used for checksum of pseudo header)
 523:Middlewares/Third_Party/LwIP/src/core/inet_chksum.c ****  * @return checksum (as u16_t) to be saved directly in the protocol header
 524:Middlewares/Third_Party/LwIP/src/core/inet_chksum.c ****  */
 525:Middlewares/Third_Party/LwIP/src/core/inet_chksum.c **** u16_t
 526:Middlewares/Third_Party/LwIP/src/core/inet_chksum.c **** ip_chksum_pseudo_partial(struct pbuf *p, u8_t proto, u16_t proto_len,
 527:Middlewares/Third_Party/LwIP/src/core/inet_chksum.c ****                          u16_t chksum_len, const ip_addr_t *src, const ip_addr_t *dest)
 528:Middlewares/Third_Party/LwIP/src/core/inet_chksum.c **** {
 697              		.loc 1 528 1 is_stmt 1 view -0
 698              		.cfi_startproc
 699              		@ args = 8, pretend = 0, frame = 0
 700              		@ frame_needed = 0, uses_anonymous_args = 0
 701              		.loc 1 528 1 is_stmt 0 view .LVU226
 702 0000 10B5     		push	{r4, lr}
 703              	.LCFI13:
 704              		.cfi_def_cfa_offset 8
 705              		.cfi_offset 4, -8
 706              		.cfi_offset 14, -4
 707 0002 82B0     		sub	sp, sp, #8
 708              	.LCFI14:
 709              		.cfi_def_cfa_offset 16
 529:Middlewares/Third_Party/LwIP/src/core/inet_chksum.c **** #if LWIP_IPV6
 530:Middlewares/Third_Party/LwIP/src/core/inet_chksum.c ****   if (IP_IS_V6(dest)) {
 531:Middlewares/Third_Party/LwIP/src/core/inet_chksum.c ****     return ip6_chksum_pseudo_partial(p, proto, proto_len, chksum_len, ip_2_ip6(src), ip_2_ip6(dest)
 532:Middlewares/Third_Party/LwIP/src/core/inet_chksum.c ****   }
 533:Middlewares/Third_Party/LwIP/src/core/inet_chksum.c **** #endif /* LWIP_IPV6 */
 534:Middlewares/Third_Party/LwIP/src/core/inet_chksum.c **** #if LWIP_IPV4 && LWIP_IPV6
 535:Middlewares/Third_Party/LwIP/src/core/inet_chksum.c ****   else
 536:Middlewares/Third_Party/LwIP/src/core/inet_chksum.c **** #endif /* LWIP_IPV4 && LWIP_IPV6 */
 537:Middlewares/Third_Party/LwIP/src/core/inet_chksum.c **** #if LWIP_IPV4
 538:Middlewares/Third_Party/LwIP/src/core/inet_chksum.c ****   {
 539:Middlewares/Third_Party/LwIP/src/core/inet_chksum.c ****     return inet_chksum_pseudo_partial(p, proto, proto_len, chksum_len, ip_2_ip4(src), ip_2_ip4(dest
 710              		.loc 1 539 5 is_stmt 1 view .LVU227
 711              		.loc 1 539 12 is_stmt 0 view .LVU228
 712 0004 059C     		ldr	r4, [sp, #20]
 713 0006 0194     		str	r4, [sp, #4]
 714 0008 049C     		ldr	r4, [sp, #16]
 715 000a 0094     		str	r4, [sp]
 716 000c FFF7FEFF 		bl	inet_chksum_pseudo_partial
 717              	.LVL91:
 540:Middlewares/Third_Party/LwIP/src/core/inet_chksum.c ****   }
 541:Middlewares/Third_Party/LwIP/src/core/inet_chksum.c **** #endif /* LWIP_IPV4 */
 542:Middlewares/Third_Party/LwIP/src/core/inet_chksum.c **** }
 718              		.loc 1 542 1 view .LVU229
 719 0010 02B0     		add	sp, sp, #8
 720              	.LCFI15:
ARM GAS  C:\Users\17832\AppData\Local\Temp\ccIgcbEX.s 			page 24


 721              		.cfi_def_cfa_offset 8
 722              		@ sp needed
 723 0012 10BD     		pop	{r4, pc}
 724              		.loc 1 542 1 view .LVU230
 725              		.cfi_endproc
 726              	.LFE162:
 728              		.section	.text.inet_chksum,"ax",%progbits
 729              		.align	1
 730              		.global	inet_chksum
 731              		.syntax unified
 732              		.thumb
 733              		.thumb_func
 735              	inet_chksum:
 736              	.LVL92:
 737              	.LFB163:
 543:Middlewares/Third_Party/LwIP/src/core/inet_chksum.c **** 
 544:Middlewares/Third_Party/LwIP/src/core/inet_chksum.c **** /* inet_chksum:
 545:Middlewares/Third_Party/LwIP/src/core/inet_chksum.c ****  *
 546:Middlewares/Third_Party/LwIP/src/core/inet_chksum.c ****  * Calculates the Internet checksum over a portion of memory. Used primarily for IP
 547:Middlewares/Third_Party/LwIP/src/core/inet_chksum.c ****  * and ICMP.
 548:Middlewares/Third_Party/LwIP/src/core/inet_chksum.c ****  *
 549:Middlewares/Third_Party/LwIP/src/core/inet_chksum.c ****  * @param dataptr start of the buffer to calculate the checksum (no alignment needed)
 550:Middlewares/Third_Party/LwIP/src/core/inet_chksum.c ****  * @param len length of the buffer to calculate the checksum
 551:Middlewares/Third_Party/LwIP/src/core/inet_chksum.c ****  * @return checksum (as u16_t) to be saved directly in the protocol header
 552:Middlewares/Third_Party/LwIP/src/core/inet_chksum.c ****  */
 553:Middlewares/Third_Party/LwIP/src/core/inet_chksum.c **** 
 554:Middlewares/Third_Party/LwIP/src/core/inet_chksum.c **** u16_t
 555:Middlewares/Third_Party/LwIP/src/core/inet_chksum.c **** inet_chksum(const void *dataptr, u16_t len)
 556:Middlewares/Third_Party/LwIP/src/core/inet_chksum.c **** {
 738              		.loc 1 556 1 is_stmt 1 view -0
 739              		.cfi_startproc
 740              		@ args = 0, pretend = 0, frame = 0
 741              		@ frame_needed = 0, uses_anonymous_args = 0
 742              		.loc 1 556 1 is_stmt 0 view .LVU232
 743 0000 08B5     		push	{r3, lr}
 744              	.LCFI16:
 745              		.cfi_def_cfa_offset 8
 746              		.cfi_offset 3, -8
 747              		.cfi_offset 14, -4
 557:Middlewares/Third_Party/LwIP/src/core/inet_chksum.c ****   return (u16_t)~(unsigned int)LWIP_CHKSUM(dataptr, len);
 748              		.loc 1 557 3 is_stmt 1 view .LVU233
 749              		.loc 1 557 32 is_stmt 0 view .LVU234
 750 0002 FFF7FEFF 		bl	lwip_standard_chksum
 751              	.LVL93:
 752              		.loc 1 557 10 view .LVU235
 753 0006 C043     		mvns	r0, r0
 558:Middlewares/Third_Party/LwIP/src/core/inet_chksum.c **** }
 754              		.loc 1 558 1 view .LVU236
 755 0008 80B2     		uxth	r0, r0
 756 000a 08BD     		pop	{r3, pc}
 757              		.cfi_endproc
 758              	.LFE163:
 760              		.section	.text.inet_chksum_pbuf,"ax",%progbits
 761              		.align	1
 762              		.global	inet_chksum_pbuf
 763              		.syntax unified
 764              		.thumb
ARM GAS  C:\Users\17832\AppData\Local\Temp\ccIgcbEX.s 			page 25


 765              		.thumb_func
 767              	inet_chksum_pbuf:
 768              	.LVL94:
 769              	.LFB164:
 559:Middlewares/Third_Party/LwIP/src/core/inet_chksum.c **** 
 560:Middlewares/Third_Party/LwIP/src/core/inet_chksum.c **** /**
 561:Middlewares/Third_Party/LwIP/src/core/inet_chksum.c ****  * Calculate a checksum over a chain of pbufs (without pseudo-header, much like
 562:Middlewares/Third_Party/LwIP/src/core/inet_chksum.c ****  * inet_chksum only pbufs are used).
 563:Middlewares/Third_Party/LwIP/src/core/inet_chksum.c ****  *
 564:Middlewares/Third_Party/LwIP/src/core/inet_chksum.c ****  * @param p pbuf chain over that the checksum should be calculated
 565:Middlewares/Third_Party/LwIP/src/core/inet_chksum.c ****  * @return checksum (as u16_t) to be saved directly in the protocol header
 566:Middlewares/Third_Party/LwIP/src/core/inet_chksum.c ****  */
 567:Middlewares/Third_Party/LwIP/src/core/inet_chksum.c **** u16_t
 568:Middlewares/Third_Party/LwIP/src/core/inet_chksum.c **** inet_chksum_pbuf(struct pbuf *p)
 569:Middlewares/Third_Party/LwIP/src/core/inet_chksum.c **** {
 770              		.loc 1 569 1 is_stmt 1 view -0
 771              		.cfi_startproc
 772              		@ args = 0, pretend = 0, frame = 0
 773              		@ frame_needed = 0, uses_anonymous_args = 0
 774              		.loc 1 569 1 is_stmt 0 view .LVU238
 775 0000 70B5     		push	{r4, r5, r6, lr}
 776              	.LCFI17:
 777              		.cfi_def_cfa_offset 16
 778              		.cfi_offset 4, -16
 779              		.cfi_offset 5, -12
 780              		.cfi_offset 6, -8
 781              		.cfi_offset 14, -4
 782 0002 0546     		mov	r5, r0
 570:Middlewares/Third_Party/LwIP/src/core/inet_chksum.c ****   u32_t acc;
 783              		.loc 1 570 3 is_stmt 1 view .LVU239
 571:Middlewares/Third_Party/LwIP/src/core/inet_chksum.c ****   struct pbuf *q;
 784              		.loc 1 571 3 view .LVU240
 572:Middlewares/Third_Party/LwIP/src/core/inet_chksum.c ****   int swapped = 0;
 785              		.loc 1 572 3 view .LVU241
 786              	.LVL95:
 573:Middlewares/Third_Party/LwIP/src/core/inet_chksum.c **** 
 574:Middlewares/Third_Party/LwIP/src/core/inet_chksum.c ****   acc = 0;
 787              		.loc 1 574 3 view .LVU242
 575:Middlewares/Third_Party/LwIP/src/core/inet_chksum.c ****   for (q = p; q != NULL; q = q->next) {
 788              		.loc 1 575 3 view .LVU243
 572:Middlewares/Third_Party/LwIP/src/core/inet_chksum.c ****   int swapped = 0;
 789              		.loc 1 572 7 is_stmt 0 view .LVU244
 790 0004 0026     		movs	r6, #0
 574:Middlewares/Third_Party/LwIP/src/core/inet_chksum.c ****   for (q = p; q != NULL; q = q->next) {
 791              		.loc 1 574 7 view .LVU245
 792 0006 3446     		mov	r4, r6
 793              		.loc 1 575 3 view .LVU246
 794 0008 00E0     		b	.L39
 795              	.LVL96:
 796              	.L40:
 797              		.loc 1 575 26 is_stmt 1 discriminator 2 view .LVU247
 798              		.loc 1 575 28 is_stmt 0 discriminator 2 view .LVU248
 799 000a 2D68     		ldr	r5, [r5]
 800              	.LVL97:
 801              	.L39:
 802              		.loc 1 575 15 is_stmt 1 discriminator 1 view .LVU249
 803              		.loc 1 575 3 is_stmt 0 discriminator 1 view .LVU250
ARM GAS  C:\Users\17832\AppData\Local\Temp\ccIgcbEX.s 			page 26


 804 000c 9DB1     		cbz	r5, .L44
 576:Middlewares/Third_Party/LwIP/src/core/inet_chksum.c ****     acc += LWIP_CHKSUM(q->payload, q->len);
 805              		.loc 1 576 5 is_stmt 1 view .LVU251
 806              		.loc 1 576 12 is_stmt 0 view .LVU252
 807 000e 6989     		ldrh	r1, [r5, #10]
 808 0010 6868     		ldr	r0, [r5, #4]
 809 0012 FFF7FEFF 		bl	lwip_standard_chksum
 810              	.LVL98:
 811              		.loc 1 576 9 view .LVU253
 812 0016 0444     		add	r4, r4, r0
 813              	.LVL99:
 577:Middlewares/Third_Party/LwIP/src/core/inet_chksum.c ****     acc = FOLD_U32T(acc);
 814              		.loc 1 577 5 is_stmt 1 view .LVU254
 815              		.loc 1 577 11 is_stmt 0 view .LVU255
 816 0018 A0B2     		uxth	r0, r4
 817              		.loc 1 577 9 view .LVU256
 818 001a 00EB1444 		add	r4, r0, r4, lsr #16
 819              	.LVL100:
 578:Middlewares/Third_Party/LwIP/src/core/inet_chksum.c ****     if (q->len % 2 != 0) {
 820              		.loc 1 578 5 is_stmt 1 view .LVU257
 821              		.loc 1 578 10 is_stmt 0 view .LVU258
 822 001e 6B89     		ldrh	r3, [r5, #10]
 823              		.loc 1 578 8 view .LVU259
 824 0020 13F0010F 		tst	r3, #1
 825 0024 F1D0     		beq	.L40
 579:Middlewares/Third_Party/LwIP/src/core/inet_chksum.c ****       swapped = !swapped;
 826              		.loc 1 579 7 is_stmt 1 view .LVU260
 827              		.loc 1 579 17 is_stmt 0 view .LVU261
 828 0026 86F00106 		eor	r6, r6, #1
 829              	.LVL101:
 580:Middlewares/Third_Party/LwIP/src/core/inet_chksum.c ****       acc = SWAP_BYTES_IN_WORD(acc);
 830              		.loc 1 580 7 is_stmt 1 view .LVU262
 831              		.loc 1 580 13 is_stmt 0 view .LVU263
 832 002a 2302     		lsls	r3, r4, #8
 833 002c 9BB2     		uxth	r3, r3
 834 002e C4F30724 		ubfx	r4, r4, #8, #8
 835              	.LVL102:
 836              		.loc 1 580 11 view .LVU264
 837 0032 1C43     		orrs	r4, r4, r3
 838              	.LVL103:
 839              		.loc 1 580 11 view .LVU265
 840 0034 E9E7     		b	.L40
 841              	.L44:
 581:Middlewares/Third_Party/LwIP/src/core/inet_chksum.c ****     }
 582:Middlewares/Third_Party/LwIP/src/core/inet_chksum.c ****   }
 583:Middlewares/Third_Party/LwIP/src/core/inet_chksum.c **** 
 584:Middlewares/Third_Party/LwIP/src/core/inet_chksum.c ****   if (swapped) {
 842              		.loc 1 584 3 is_stmt 1 view .LVU266
 843              		.loc 1 584 6 is_stmt 0 view .LVU267
 844 0036 26B1     		cbz	r6, .L42
 585:Middlewares/Third_Party/LwIP/src/core/inet_chksum.c ****     acc = SWAP_BYTES_IN_WORD(acc);
 845              		.loc 1 585 5 is_stmt 1 view .LVU268
 846              		.loc 1 585 11 is_stmt 0 view .LVU269
 847 0038 2302     		lsls	r3, r4, #8
 848 003a 9BB2     		uxth	r3, r3
 849 003c C4F30724 		ubfx	r4, r4, #8, #8
 850              	.LVL104:
ARM GAS  C:\Users\17832\AppData\Local\Temp\ccIgcbEX.s 			page 27


 851              		.loc 1 585 9 view .LVU270
 852 0040 1C43     		orrs	r4, r4, r3
 853              	.LVL105:
 854              	.L42:
 586:Middlewares/Third_Party/LwIP/src/core/inet_chksum.c ****   }
 587:Middlewares/Third_Party/LwIP/src/core/inet_chksum.c ****   return (u16_t)~(acc & 0xffffUL);
 855              		.loc 1 587 3 is_stmt 1 view .LVU271
 856              		.loc 1 587 10 is_stmt 0 view .LVU272
 857 0042 E043     		mvns	r0, r4
 588:Middlewares/Third_Party/LwIP/src/core/inet_chksum.c **** }
 858              		.loc 1 588 1 view .LVU273
 859 0044 80B2     		uxth	r0, r0
 860 0046 70BD     		pop	{r4, r5, r6, pc}
 861              		.loc 1 588 1 view .LVU274
 862              		.cfi_endproc
 863              	.LFE164:
 865              		.text
 866              	.Letext0:
 867              		.file 2 "d:\\gnu arm embedded toolchain\\10 2021.10\\arm-none-eabi\\include\\machine\\_default_typ
 868              		.file 3 "d:\\gnu arm embedded toolchain\\10 2021.10\\arm-none-eabi\\include\\sys\\_stdint.h"
 869              		.file 4 "Middlewares/Third_Party/LwIP/src/include/lwip/arch.h"
 870              		.file 5 "Middlewares/Third_Party/LwIP/src/include/lwip/pbuf.h"
 871              		.file 6 "Middlewares/Third_Party/LwIP/src/include/lwip/ip4_addr.h"
 872              		.file 7 "Middlewares/Third_Party/LwIP/src/include/lwip/ip_addr.h"
 873              		.file 8 "d:\\gnu arm embedded toolchain\\10 2021.10\\arm-none-eabi\\include\\stdio.h"
 874              		.file 9 "Middlewares/Third_Party/LwIP/src/include/lwip/def.h"
ARM GAS  C:\Users\17832\AppData\Local\Temp\ccIgcbEX.s 			page 28


DEFINED SYMBOLS
                            *ABS*:00000000 inet_chksum.c
C:\Users\17832\AppData\Local\Temp\ccIgcbEX.s:20     .text.lwip_standard_chksum:00000000 $t
C:\Users\17832\AppData\Local\Temp\ccIgcbEX.s:26     .text.lwip_standard_chksum:00000000 lwip_standard_chksum
C:\Users\17832\AppData\Local\Temp\ccIgcbEX.s:159    .text.inet_cksum_pseudo_base:00000000 $t
C:\Users\17832\AppData\Local\Temp\ccIgcbEX.s:164    .text.inet_cksum_pseudo_base:00000000 inet_cksum_pseudo_base
C:\Users\17832\AppData\Local\Temp\ccIgcbEX.s:297    .rodata.inet_cksum_pseudo_partial_base.str1.4:00000000 $d
C:\Users\17832\AppData\Local\Temp\ccIgcbEX.s:308    .text.inet_cksum_pseudo_partial_base:00000000 $t
C:\Users\17832\AppData\Local\Temp\ccIgcbEX.s:313    .text.inet_cksum_pseudo_partial_base:00000000 inet_cksum_pseudo_partial_base
C:\Users\17832\AppData\Local\Temp\ccIgcbEX.s:491    .text.inet_cksum_pseudo_partial_base:000000a0 $d
C:\Users\17832\AppData\Local\Temp\ccIgcbEX.s:498    .text.inet_chksum_pseudo:00000000 $t
C:\Users\17832\AppData\Local\Temp\ccIgcbEX.s:504    .text.inet_chksum_pseudo:00000000 inet_chksum_pseudo
C:\Users\17832\AppData\Local\Temp\ccIgcbEX.s:567    .text.ip_chksum_pseudo:00000000 $t
C:\Users\17832\AppData\Local\Temp\ccIgcbEX.s:573    .text.ip_chksum_pseudo:00000000 ip_chksum_pseudo
C:\Users\17832\AppData\Local\Temp\ccIgcbEX.s:606    .text.inet_chksum_pseudo_partial:00000000 $t
C:\Users\17832\AppData\Local\Temp\ccIgcbEX.s:612    .text.inet_chksum_pseudo_partial:00000000 inet_chksum_pseudo_partial
C:\Users\17832\AppData\Local\Temp\ccIgcbEX.s:688    .text.ip_chksum_pseudo_partial:00000000 $t
C:\Users\17832\AppData\Local\Temp\ccIgcbEX.s:694    .text.ip_chksum_pseudo_partial:00000000 ip_chksum_pseudo_partial
C:\Users\17832\AppData\Local\Temp\ccIgcbEX.s:729    .text.inet_chksum:00000000 $t
C:\Users\17832\AppData\Local\Temp\ccIgcbEX.s:735    .text.inet_chksum:00000000 inet_chksum
C:\Users\17832\AppData\Local\Temp\ccIgcbEX.s:761    .text.inet_chksum_pbuf:00000000 $t
C:\Users\17832\AppData\Local\Temp\ccIgcbEX.s:767    .text.inet_chksum_pbuf:00000000 inet_chksum_pbuf

UNDEFINED SYMBOLS
lwip_htons
printf
