ARM GAS  C:\Users\17832\AppData\Local\Temp\cc0wduXw.s 			page 1


   1              		.cpu cortex-m4
   2              		.arch armv7e-m
   3              		.fpu fpv4-sp-d16
   4              		.eabi_attribute 27, 1
   5              		.eabi_attribute 28, 1
   6              		.eabi_attribute 20, 1
   7              		.eabi_attribute 21, 1
   8              		.eabi_attribute 23, 3
   9              		.eabi_attribute 24, 1
  10              		.eabi_attribute 25, 1
  11              		.eabi_attribute 26, 1
  12              		.eabi_attribute 30, 1
  13              		.eabi_attribute 34, 1
  14              		.eabi_attribute 18, 4
  15              		.file	"ip4_addr.c"
  16              		.text
  17              	.Ltext0:
  18              		.cfi_sections	.debug_frame
  19              		.section	.text.ip4_addr_isbroadcast_u32,"ax",%progbits
  20              		.align	1
  21              		.global	ip4_addr_isbroadcast_u32
  22              		.syntax unified
  23              		.thumb
  24              		.thumb_func
  26              	ip4_addr_isbroadcast_u32:
  27              	.LVL0:
  28              	.LFB156:
  29              		.file 1 "Middlewares/Third_Party/LwIP/src/core/ipv4/ip4_addr.c"
   1:Middlewares/Third_Party/LwIP/src/core/ipv4/ip4_addr.c **** /**
   2:Middlewares/Third_Party/LwIP/src/core/ipv4/ip4_addr.c ****  * @file
   3:Middlewares/Third_Party/LwIP/src/core/ipv4/ip4_addr.c ****  * This is the IPv4 address tools implementation.
   4:Middlewares/Third_Party/LwIP/src/core/ipv4/ip4_addr.c ****  *
   5:Middlewares/Third_Party/LwIP/src/core/ipv4/ip4_addr.c ****  */
   6:Middlewares/Third_Party/LwIP/src/core/ipv4/ip4_addr.c **** 
   7:Middlewares/Third_Party/LwIP/src/core/ipv4/ip4_addr.c **** /*
   8:Middlewares/Third_Party/LwIP/src/core/ipv4/ip4_addr.c ****  * Copyright (c) 2001-2004 Swedish Institute of Computer Science.
   9:Middlewares/Third_Party/LwIP/src/core/ipv4/ip4_addr.c ****  * All rights reserved.
  10:Middlewares/Third_Party/LwIP/src/core/ipv4/ip4_addr.c ****  *
  11:Middlewares/Third_Party/LwIP/src/core/ipv4/ip4_addr.c ****  * Redistribution and use in source and binary forms, with or without modification,
  12:Middlewares/Third_Party/LwIP/src/core/ipv4/ip4_addr.c ****  * are permitted provided that the following conditions are met:
  13:Middlewares/Third_Party/LwIP/src/core/ipv4/ip4_addr.c ****  *
  14:Middlewares/Third_Party/LwIP/src/core/ipv4/ip4_addr.c ****  * 1. Redistributions of source code must retain the above copyright notice,
  15:Middlewares/Third_Party/LwIP/src/core/ipv4/ip4_addr.c ****  *    this list of conditions and the following disclaimer.
  16:Middlewares/Third_Party/LwIP/src/core/ipv4/ip4_addr.c ****  * 2. Redistributions in binary form must reproduce the above copyright notice,
  17:Middlewares/Third_Party/LwIP/src/core/ipv4/ip4_addr.c ****  *    this list of conditions and the following disclaimer in the documentation
  18:Middlewares/Third_Party/LwIP/src/core/ipv4/ip4_addr.c ****  *    and/or other materials provided with the distribution.
  19:Middlewares/Third_Party/LwIP/src/core/ipv4/ip4_addr.c ****  * 3. The name of the author may not be used to endorse or promote products
  20:Middlewares/Third_Party/LwIP/src/core/ipv4/ip4_addr.c ****  *    derived from this software without specific prior written permission.
  21:Middlewares/Third_Party/LwIP/src/core/ipv4/ip4_addr.c ****  *
  22:Middlewares/Third_Party/LwIP/src/core/ipv4/ip4_addr.c ****  * THIS SOFTWARE IS PROVIDED BY THE AUTHOR ``AS IS'' AND ANY EXPRESS OR IMPLIED
  23:Middlewares/Third_Party/LwIP/src/core/ipv4/ip4_addr.c ****  * WARRANTIES, INCLUDING, BUT NOT LIMITED TO, THE IMPLIED WARRANTIES OF
  24:Middlewares/Third_Party/LwIP/src/core/ipv4/ip4_addr.c ****  * MERCHANTABILITY AND FITNESS FOR A PARTICULAR PURPOSE ARE DISCLAIMED. IN NO EVENT
  25:Middlewares/Third_Party/LwIP/src/core/ipv4/ip4_addr.c ****  * SHALL THE AUTHOR BE LIABLE FOR ANY DIRECT, INDIRECT, INCIDENTAL, SPECIAL,
  26:Middlewares/Third_Party/LwIP/src/core/ipv4/ip4_addr.c ****  * EXEMPLARY, OR CONSEQUENTIAL DAMAGES (INCLUDING, BUT NOT LIMITED TO, PROCUREMENT
  27:Middlewares/Third_Party/LwIP/src/core/ipv4/ip4_addr.c ****  * OF SUBSTITUTE GOODS OR SERVICES; LOSS OF USE, DATA, OR PROFITS; OR BUSINESS
  28:Middlewares/Third_Party/LwIP/src/core/ipv4/ip4_addr.c ****  * INTERRUPTION) HOWEVER CAUSED AND ON ANY THEORY OF LIABILITY, WHETHER IN
  29:Middlewares/Third_Party/LwIP/src/core/ipv4/ip4_addr.c ****  * CONTRACT, STRICT LIABILITY, OR TORT (INCLUDING NEGLIGENCE OR OTHERWISE) ARISING
ARM GAS  C:\Users\17832\AppData\Local\Temp\cc0wduXw.s 			page 2


  30:Middlewares/Third_Party/LwIP/src/core/ipv4/ip4_addr.c ****  * IN ANY WAY OUT OF THE USE OF THIS SOFTWARE, EVEN IF ADVISED OF THE POSSIBILITY
  31:Middlewares/Third_Party/LwIP/src/core/ipv4/ip4_addr.c ****  * OF SUCH DAMAGE.
  32:Middlewares/Third_Party/LwIP/src/core/ipv4/ip4_addr.c ****  *
  33:Middlewares/Third_Party/LwIP/src/core/ipv4/ip4_addr.c ****  * This file is part of the lwIP TCP/IP stack.
  34:Middlewares/Third_Party/LwIP/src/core/ipv4/ip4_addr.c ****  *
  35:Middlewares/Third_Party/LwIP/src/core/ipv4/ip4_addr.c ****  * Author: Adam Dunkels <adam@sics.se>
  36:Middlewares/Third_Party/LwIP/src/core/ipv4/ip4_addr.c ****  *
  37:Middlewares/Third_Party/LwIP/src/core/ipv4/ip4_addr.c ****  */
  38:Middlewares/Third_Party/LwIP/src/core/ipv4/ip4_addr.c **** 
  39:Middlewares/Third_Party/LwIP/src/core/ipv4/ip4_addr.c **** #include "lwip/opt.h"
  40:Middlewares/Third_Party/LwIP/src/core/ipv4/ip4_addr.c **** 
  41:Middlewares/Third_Party/LwIP/src/core/ipv4/ip4_addr.c **** #if LWIP_IPV4
  42:Middlewares/Third_Party/LwIP/src/core/ipv4/ip4_addr.c **** 
  43:Middlewares/Third_Party/LwIP/src/core/ipv4/ip4_addr.c **** #include "lwip/ip_addr.h"
  44:Middlewares/Third_Party/LwIP/src/core/ipv4/ip4_addr.c **** #include "lwip/netif.h"
  45:Middlewares/Third_Party/LwIP/src/core/ipv4/ip4_addr.c **** 
  46:Middlewares/Third_Party/LwIP/src/core/ipv4/ip4_addr.c **** /* used by IP4_ADDR_ANY and IP_ADDR_BROADCAST in ip_addr.h */
  47:Middlewares/Third_Party/LwIP/src/core/ipv4/ip4_addr.c **** const ip_addr_t ip_addr_any = IPADDR4_INIT(IPADDR_ANY);
  48:Middlewares/Third_Party/LwIP/src/core/ipv4/ip4_addr.c **** const ip_addr_t ip_addr_broadcast = IPADDR4_INIT(IPADDR_BROADCAST);
  49:Middlewares/Third_Party/LwIP/src/core/ipv4/ip4_addr.c **** 
  50:Middlewares/Third_Party/LwIP/src/core/ipv4/ip4_addr.c **** /**
  51:Middlewares/Third_Party/LwIP/src/core/ipv4/ip4_addr.c ****  * Determine if an address is a broadcast address on a network interface
  52:Middlewares/Third_Party/LwIP/src/core/ipv4/ip4_addr.c ****  *
  53:Middlewares/Third_Party/LwIP/src/core/ipv4/ip4_addr.c ****  * @param addr address to be checked
  54:Middlewares/Third_Party/LwIP/src/core/ipv4/ip4_addr.c ****  * @param netif the network interface against which the address is checked
  55:Middlewares/Third_Party/LwIP/src/core/ipv4/ip4_addr.c ****  * @return returns non-zero if the address is a broadcast address
  56:Middlewares/Third_Party/LwIP/src/core/ipv4/ip4_addr.c ****  */
  57:Middlewares/Third_Party/LwIP/src/core/ipv4/ip4_addr.c **** u8_t
  58:Middlewares/Third_Party/LwIP/src/core/ipv4/ip4_addr.c **** ip4_addr_isbroadcast_u32(u32_t addr, const struct netif *netif)
  59:Middlewares/Third_Party/LwIP/src/core/ipv4/ip4_addr.c **** {
  30              		.loc 1 59 1 view -0
  31              		.cfi_startproc
  32              		@ args = 0, pretend = 0, frame = 0
  33              		@ frame_needed = 0, uses_anonymous_args = 0
  34              		@ link register save eliminated.
  35              		.loc 1 59 1 is_stmt 0 view .LVU1
  36 0000 0346     		mov	r3, r0
  60:Middlewares/Third_Party/LwIP/src/core/ipv4/ip4_addr.c ****   ip4_addr_t ipaddr;
  37              		.loc 1 60 3 is_stmt 1 view .LVU2
  61:Middlewares/Third_Party/LwIP/src/core/ipv4/ip4_addr.c ****   ip4_addr_set_u32(&ipaddr, addr);
  38              		.loc 1 61 3 view .LVU3
  62:Middlewares/Third_Party/LwIP/src/core/ipv4/ip4_addr.c **** 
  63:Middlewares/Third_Party/LwIP/src/core/ipv4/ip4_addr.c ****   /* all ones (broadcast) or all zeroes (old skool broadcast) */
  64:Middlewares/Third_Party/LwIP/src/core/ipv4/ip4_addr.c ****   if ((~addr == IPADDR_ANY) ||
  39              		.loc 1 64 3 view .LVU4
  40              		.loc 1 64 29 is_stmt 0 view .LVU5
  41 0002 421E     		subs	r2, r0, #1
  42              		.loc 1 64 6 view .LVU6
  43 0004 12F1030F 		cmn	r2, #3
  44 0008 12D8     		bhi	.L3
  65:Middlewares/Third_Party/LwIP/src/core/ipv4/ip4_addr.c ****       (addr == IPADDR_ANY)) {
  66:Middlewares/Third_Party/LwIP/src/core/ipv4/ip4_addr.c ****     return 1;
  67:Middlewares/Third_Party/LwIP/src/core/ipv4/ip4_addr.c ****     /* no broadcast support on this network interface? */
  68:Middlewares/Third_Party/LwIP/src/core/ipv4/ip4_addr.c ****   } else if ((netif->flags & NETIF_FLAG_BROADCAST) == 0) {
  45              		.loc 1 68 10 is_stmt 1 view .LVU7
  46              		.loc 1 68 20 is_stmt 0 view .LVU8
  47 000a 91F82D00 		ldrb	r0, [r1, #45]	@ zero_extendqisi2
ARM GAS  C:\Users\17832\AppData\Local\Temp\cc0wduXw.s 			page 3


  48              	.LVL1:
  49              		.loc 1 68 13 view .LVU9
  50 000e 10F00200 		ands	r0, r0, #2
  51 0012 14D0     		beq	.L2
  69:Middlewares/Third_Party/LwIP/src/core/ipv4/ip4_addr.c ****     /* the given address cannot be a broadcast address
  70:Middlewares/Third_Party/LwIP/src/core/ipv4/ip4_addr.c ****      * nor can we check against any broadcast addresses */
  71:Middlewares/Third_Party/LwIP/src/core/ipv4/ip4_addr.c ****     return 0;
  72:Middlewares/Third_Party/LwIP/src/core/ipv4/ip4_addr.c ****     /* address matches network interface address exactly? => no broadcast */
  73:Middlewares/Third_Party/LwIP/src/core/ipv4/ip4_addr.c ****   } else if (addr == ip4_addr_get_u32(netif_ip4_addr(netif))) {
  52              		.loc 1 73 10 is_stmt 1 view .LVU10
  53              		.loc 1 73 22 is_stmt 0 view .LVU11
  54 0014 4A68     		ldr	r2, [r1, #4]
  55              		.loc 1 73 13 view .LVU12
  56 0016 9A42     		cmp	r2, r3
  57 0018 0CD0     		beq	.L4
  74:Middlewares/Third_Party/LwIP/src/core/ipv4/ip4_addr.c ****     return 0;
  75:Middlewares/Third_Party/LwIP/src/core/ipv4/ip4_addr.c ****     /*  on the same (sub) network... */
  76:Middlewares/Third_Party/LwIP/src/core/ipv4/ip4_addr.c ****   } else if (ip4_addr_netcmp(&ipaddr, netif_ip4_addr(netif), netif_ip4_netmask(netif))
  58              		.loc 1 76 10 is_stmt 1 view .LVU13
  59              		.loc 1 76 14 is_stmt 0 view .LVU14
  60 001a 8868     		ldr	r0, [r1, #8]
  61 001c 5A40     		eors	r2, r2, r3
  62              		.loc 1 76 13 view .LVU15
  63 001e 0242     		tst	r2, r0
  64 0020 0AD1     		bne	.L5
  77:Middlewares/Third_Party/LwIP/src/core/ipv4/ip4_addr.c ****              /* ...and host identifier bits are all ones? =>... */
  78:Middlewares/Third_Party/LwIP/src/core/ipv4/ip4_addr.c ****              && ((addr & ~ip4_addr_get_u32(netif_ip4_netmask(netif))) ==
  65              		.loc 1 78 26 view .LVU16
  66 0022 C243     		mvns	r2, r0
  67              		.loc 1 78 24 view .LVU17
  68 0024 23EA0003 		bic	r3, r3, r0
  69              	.LVL2:
  70              		.loc 1 78 14 view .LVU18
  71 0028 9A42     		cmp	r2, r3
  72 002a 07D0     		beq	.L6
  79:Middlewares/Third_Party/LwIP/src/core/ipv4/ip4_addr.c ****                  (IPADDR_BROADCAST & ~ip4_addr_get_u32(netif_ip4_netmask(netif))))) {
  80:Middlewares/Third_Party/LwIP/src/core/ipv4/ip4_addr.c ****     /* => network broadcast address */
  81:Middlewares/Third_Party/LwIP/src/core/ipv4/ip4_addr.c ****     return 1;
  82:Middlewares/Third_Party/LwIP/src/core/ipv4/ip4_addr.c ****   } else {
  83:Middlewares/Third_Party/LwIP/src/core/ipv4/ip4_addr.c ****     return 0;
  73              		.loc 1 83 12 view .LVU19
  74 002c 0020     		movs	r0, #0
  75 002e 7047     		bx	lr
  76              	.LVL3:
  77              	.L3:
  66:Middlewares/Third_Party/LwIP/src/core/ipv4/ip4_addr.c ****     /* no broadcast support on this network interface? */
  78              		.loc 1 66 12 view .LVU20
  79 0030 0120     		movs	r0, #1
  80              	.LVL4:
  66:Middlewares/Third_Party/LwIP/src/core/ipv4/ip4_addr.c ****     /* no broadcast support on this network interface? */
  81              		.loc 1 66 12 view .LVU21
  82 0032 7047     		bx	lr
  83              	.L4:
  74:Middlewares/Third_Party/LwIP/src/core/ipv4/ip4_addr.c ****     /*  on the same (sub) network... */
  84              		.loc 1 74 12 view .LVU22
  85 0034 0020     		movs	r0, #0
  86 0036 7047     		bx	lr
ARM GAS  C:\Users\17832\AppData\Local\Temp\cc0wduXw.s 			page 4


  87              	.L5:
  88              		.loc 1 83 12 view .LVU23
  89 0038 0020     		movs	r0, #0
  90 003a 7047     		bx	lr
  91              	.LVL5:
  92              	.L6:
  81:Middlewares/Third_Party/LwIP/src/core/ipv4/ip4_addr.c ****   } else {
  93              		.loc 1 81 12 view .LVU24
  94 003c 0120     		movs	r0, #1
  95              	.L2:
  84:Middlewares/Third_Party/LwIP/src/core/ipv4/ip4_addr.c ****   }
  85:Middlewares/Third_Party/LwIP/src/core/ipv4/ip4_addr.c **** }
  96              		.loc 1 85 1 view .LVU25
  97 003e 7047     		bx	lr
  98              		.cfi_endproc
  99              	.LFE156:
 101              		.section	.text.ip4_addr_netmask_valid,"ax",%progbits
 102              		.align	1
 103              		.global	ip4_addr_netmask_valid
 104              		.syntax unified
 105              		.thumb
 106              		.thumb_func
 108              	ip4_addr_netmask_valid:
 109              	.LVL6:
 110              	.LFB157:
  86:Middlewares/Third_Party/LwIP/src/core/ipv4/ip4_addr.c **** 
  87:Middlewares/Third_Party/LwIP/src/core/ipv4/ip4_addr.c **** /** Checks if a netmask is valid (starting with ones, then only zeros)
  88:Middlewares/Third_Party/LwIP/src/core/ipv4/ip4_addr.c ****  *
  89:Middlewares/Third_Party/LwIP/src/core/ipv4/ip4_addr.c ****  * @param netmask the IPv4 netmask to check (in network byte order!)
  90:Middlewares/Third_Party/LwIP/src/core/ipv4/ip4_addr.c ****  * @return 1 if the netmask is valid, 0 if it is not
  91:Middlewares/Third_Party/LwIP/src/core/ipv4/ip4_addr.c ****  */
  92:Middlewares/Third_Party/LwIP/src/core/ipv4/ip4_addr.c **** u8_t
  93:Middlewares/Third_Party/LwIP/src/core/ipv4/ip4_addr.c **** ip4_addr_netmask_valid(u32_t netmask)
  94:Middlewares/Third_Party/LwIP/src/core/ipv4/ip4_addr.c **** {
 111              		.loc 1 94 1 is_stmt 1 view -0
 112              		.cfi_startproc
 113              		@ args = 0, pretend = 0, frame = 0
 114              		@ frame_needed = 0, uses_anonymous_args = 0
 115              		.loc 1 94 1 is_stmt 0 view .LVU27
 116 0000 08B5     		push	{r3, lr}
 117              	.LCFI0:
 118              		.cfi_def_cfa_offset 8
 119              		.cfi_offset 3, -8
 120              		.cfi_offset 14, -4
  95:Middlewares/Third_Party/LwIP/src/core/ipv4/ip4_addr.c ****   u32_t mask;
 121              		.loc 1 95 3 is_stmt 1 view .LVU28
  96:Middlewares/Third_Party/LwIP/src/core/ipv4/ip4_addr.c ****   u32_t nm_hostorder = lwip_htonl(netmask);
 122              		.loc 1 96 3 view .LVU29
 123              		.loc 1 96 24 is_stmt 0 view .LVU30
 124 0002 FFF7FEFF 		bl	lwip_htonl
 125              	.LVL7:
  97:Middlewares/Third_Party/LwIP/src/core/ipv4/ip4_addr.c **** 
  98:Middlewares/Third_Party/LwIP/src/core/ipv4/ip4_addr.c ****   /* first, check for the first zero */
  99:Middlewares/Third_Party/LwIP/src/core/ipv4/ip4_addr.c ****   for (mask = 1UL << 31 ; mask != 0; mask >>= 1) {
 126              		.loc 1 99 3 is_stmt 1 view .LVU31
 127              		.loc 1 99 13 is_stmt 0 view .LVU32
 128 0006 4FF00043 		mov	r3, #-2147483648
ARM GAS  C:\Users\17832\AppData\Local\Temp\cc0wduXw.s 			page 5


 129              	.LVL8:
 130              	.L8:
 131              		.loc 1 99 27 is_stmt 1 discriminator 1 view .LVU33
 132              		.loc 1 99 3 is_stmt 0 discriminator 1 view .LVU34
 133 000a 1BB1     		cbz	r3, .L12
 100:Middlewares/Third_Party/LwIP/src/core/ipv4/ip4_addr.c ****     if ((nm_hostorder & mask) == 0) {
 134              		.loc 1 100 5 is_stmt 1 view .LVU35
 135              		.loc 1 100 8 is_stmt 0 view .LVU36
 136 000c 0342     		tst	r3, r0
 137 000e 01D0     		beq	.L12
  99:Middlewares/Third_Party/LwIP/src/core/ipv4/ip4_addr.c ****     if ((nm_hostorder & mask) == 0) {
 138              		.loc 1 99 38 is_stmt 1 discriminator 2 view .LVU37
  99:Middlewares/Third_Party/LwIP/src/core/ipv4/ip4_addr.c ****     if ((nm_hostorder & mask) == 0) {
 139              		.loc 1 99 43 is_stmt 0 discriminator 2 view .LVU38
 140 0010 5B08     		lsrs	r3, r3, #1
 141              	.LVL9:
  99:Middlewares/Third_Party/LwIP/src/core/ipv4/ip4_addr.c ****     if ((nm_hostorder & mask) == 0) {
 142              		.loc 1 99 43 discriminator 2 view .LVU39
 143 0012 FAE7     		b	.L8
 144              	.L12:
 101:Middlewares/Third_Party/LwIP/src/core/ipv4/ip4_addr.c ****       break;
 102:Middlewares/Third_Party/LwIP/src/core/ipv4/ip4_addr.c ****     }
 103:Middlewares/Third_Party/LwIP/src/core/ipv4/ip4_addr.c ****   }
 104:Middlewares/Third_Party/LwIP/src/core/ipv4/ip4_addr.c ****   /* then check that there is no one */
 105:Middlewares/Third_Party/LwIP/src/core/ipv4/ip4_addr.c ****   for (; mask != 0; mask >>= 1) {
 145              		.loc 1 105 10 is_stmt 1 discriminator 1 view .LVU40
 146              		.loc 1 105 3 is_stmt 0 discriminator 1 view .LVU41
 147 0014 1BB1     		cbz	r3, .L16
 106:Middlewares/Third_Party/LwIP/src/core/ipv4/ip4_addr.c ****     if ((nm_hostorder & mask) != 0) {
 148              		.loc 1 106 5 is_stmt 1 view .LVU42
 149              		.loc 1 106 8 is_stmt 0 view .LVU43
 150 0016 0342     		tst	r3, r0
 151 0018 03D1     		bne	.L14
 105:Middlewares/Third_Party/LwIP/src/core/ipv4/ip4_addr.c ****     if ((nm_hostorder & mask) != 0) {
 152              		.loc 1 105 21 is_stmt 1 view .LVU44
 105:Middlewares/Third_Party/LwIP/src/core/ipv4/ip4_addr.c ****     if ((nm_hostorder & mask) != 0) {
 153              		.loc 1 105 26 is_stmt 0 view .LVU45
 154 001a 5B08     		lsrs	r3, r3, #1
 155              	.LVL10:
 105:Middlewares/Third_Party/LwIP/src/core/ipv4/ip4_addr.c ****     if ((nm_hostorder & mask) != 0) {
 156              		.loc 1 105 26 view .LVU46
 157 001c FAE7     		b	.L12
 158              	.L16:
 107:Middlewares/Third_Party/LwIP/src/core/ipv4/ip4_addr.c ****       /* there is a one after the first zero -> invalid */
 108:Middlewares/Third_Party/LwIP/src/core/ipv4/ip4_addr.c ****       return 0;
 109:Middlewares/Third_Party/LwIP/src/core/ipv4/ip4_addr.c ****     }
 110:Middlewares/Third_Party/LwIP/src/core/ipv4/ip4_addr.c ****   }
 111:Middlewares/Third_Party/LwIP/src/core/ipv4/ip4_addr.c ****   /* no one after the first zero -> valid */
 112:Middlewares/Third_Party/LwIP/src/core/ipv4/ip4_addr.c ****   return 1;
 159              		.loc 1 112 10 view .LVU47
 160 001e 0120     		movs	r0, #1
 161              	.LVL11:
 162              	.L11:
 113:Middlewares/Third_Party/LwIP/src/core/ipv4/ip4_addr.c **** }
 163              		.loc 1 113 1 view .LVU48
 164 0020 08BD     		pop	{r3, pc}
 165              	.LVL12:
ARM GAS  C:\Users\17832\AppData\Local\Temp\cc0wduXw.s 			page 6


 166              	.L14:
 108:Middlewares/Third_Party/LwIP/src/core/ipv4/ip4_addr.c ****     }
 167              		.loc 1 108 14 view .LVU49
 168 0022 0020     		movs	r0, #0
 169              	.LVL13:
 108:Middlewares/Third_Party/LwIP/src/core/ipv4/ip4_addr.c ****     }
 170              		.loc 1 108 14 view .LVU50
 171 0024 FCE7     		b	.L11
 172              		.cfi_endproc
 173              	.LFE157:
 175              		.section	.rodata.ip4addr_aton.str1.4,"aMS",%progbits,1
 176              		.align	2
 177              	.LC0:
 178 0000 4D696464 		.ascii	"Middlewares/Third_Party/LwIP/src/core/ipv4/ip4_addr"
 178      6C657761 
 178      7265732F 
 178      54686972 
 178      645F5061 
 179 0033 2E6300   		.ascii	".c\000"
 180 0036 0000     		.align	2
 181              	.LC1:
 182 0038 756E6861 		.ascii	"unhandled\000"
 182      6E646C65 
 182      6400
 183 0042 0000     		.align	2
 184              	.LC2:
 185 0044 41737365 		.ascii	"Assertion \"%s\" failed at line %d in %s\012\000"
 185      7274696F 
 185      6E202225 
 185      73222066 
 185      61696C65 
 186              		.section	.text.ip4addr_aton,"ax",%progbits
 187              		.align	1
 188              		.global	ip4addr_aton
 189              		.syntax unified
 190              		.thumb
 191              		.thumb_func
 193              	ip4addr_aton:
 194              	.LVL14:
 195              	.LFB159:
 114:Middlewares/Third_Party/LwIP/src/core/ipv4/ip4_addr.c **** 
 115:Middlewares/Third_Party/LwIP/src/core/ipv4/ip4_addr.c **** /**
 116:Middlewares/Third_Party/LwIP/src/core/ipv4/ip4_addr.c ****  * Ascii internet address interpretation routine.
 117:Middlewares/Third_Party/LwIP/src/core/ipv4/ip4_addr.c ****  * The value returned is in network order.
 118:Middlewares/Third_Party/LwIP/src/core/ipv4/ip4_addr.c ****  *
 119:Middlewares/Third_Party/LwIP/src/core/ipv4/ip4_addr.c ****  * @param cp IP address in ascii representation (e.g. "127.0.0.1")
 120:Middlewares/Third_Party/LwIP/src/core/ipv4/ip4_addr.c ****  * @return ip address in network order
 121:Middlewares/Third_Party/LwIP/src/core/ipv4/ip4_addr.c ****  */
 122:Middlewares/Third_Party/LwIP/src/core/ipv4/ip4_addr.c **** u32_t
 123:Middlewares/Third_Party/LwIP/src/core/ipv4/ip4_addr.c **** ipaddr_addr(const char *cp)
 124:Middlewares/Third_Party/LwIP/src/core/ipv4/ip4_addr.c **** {
 125:Middlewares/Third_Party/LwIP/src/core/ipv4/ip4_addr.c ****   ip4_addr_t val;
 126:Middlewares/Third_Party/LwIP/src/core/ipv4/ip4_addr.c **** 
 127:Middlewares/Third_Party/LwIP/src/core/ipv4/ip4_addr.c ****   if (ip4addr_aton(cp, &val)) {
 128:Middlewares/Third_Party/LwIP/src/core/ipv4/ip4_addr.c ****     return ip4_addr_get_u32(&val);
 129:Middlewares/Third_Party/LwIP/src/core/ipv4/ip4_addr.c ****   }
 130:Middlewares/Third_Party/LwIP/src/core/ipv4/ip4_addr.c ****   return (IPADDR_NONE);
ARM GAS  C:\Users\17832\AppData\Local\Temp\cc0wduXw.s 			page 7


 131:Middlewares/Third_Party/LwIP/src/core/ipv4/ip4_addr.c **** }
 132:Middlewares/Third_Party/LwIP/src/core/ipv4/ip4_addr.c **** 
 133:Middlewares/Third_Party/LwIP/src/core/ipv4/ip4_addr.c **** /**
 134:Middlewares/Third_Party/LwIP/src/core/ipv4/ip4_addr.c ****  * Check whether "cp" is a valid ascii representation
 135:Middlewares/Third_Party/LwIP/src/core/ipv4/ip4_addr.c ****  * of an Internet address and convert to a binary address.
 136:Middlewares/Third_Party/LwIP/src/core/ipv4/ip4_addr.c ****  * Returns 1 if the address is valid, 0 if not.
 137:Middlewares/Third_Party/LwIP/src/core/ipv4/ip4_addr.c ****  * This replaces inet_addr, the return value from which
 138:Middlewares/Third_Party/LwIP/src/core/ipv4/ip4_addr.c ****  * cannot distinguish between failure and a local broadcast address.
 139:Middlewares/Third_Party/LwIP/src/core/ipv4/ip4_addr.c ****  *
 140:Middlewares/Third_Party/LwIP/src/core/ipv4/ip4_addr.c ****  * @param cp IP address in ascii representation (e.g. "127.0.0.1")
 141:Middlewares/Third_Party/LwIP/src/core/ipv4/ip4_addr.c ****  * @param addr pointer to which to save the ip address in network order
 142:Middlewares/Third_Party/LwIP/src/core/ipv4/ip4_addr.c ****  * @return 1 if cp could be converted to addr, 0 on failure
 143:Middlewares/Third_Party/LwIP/src/core/ipv4/ip4_addr.c ****  */
 144:Middlewares/Third_Party/LwIP/src/core/ipv4/ip4_addr.c **** int
 145:Middlewares/Third_Party/LwIP/src/core/ipv4/ip4_addr.c **** ip4addr_aton(const char *cp, ip4_addr_t *addr)
 146:Middlewares/Third_Party/LwIP/src/core/ipv4/ip4_addr.c **** {
 196              		.loc 1 146 1 is_stmt 1 view -0
 197              		.cfi_startproc
 198              		@ args = 0, pretend = 0, frame = 16
 199              		@ frame_needed = 0, uses_anonymous_args = 0
 200              		.loc 1 146 1 is_stmt 0 view .LVU52
 201 0000 30B5     		push	{r4, r5, lr}
 202              	.LCFI1:
 203              		.cfi_def_cfa_offset 12
 204              		.cfi_offset 4, -12
 205              		.cfi_offset 5, -8
 206              		.cfi_offset 14, -4
 207 0002 85B0     		sub	sp, sp, #20
 208              	.LCFI2:
 209              		.cfi_def_cfa_offset 32
 210 0004 0D46     		mov	r5, r1
 147:Middlewares/Third_Party/LwIP/src/core/ipv4/ip4_addr.c ****   u32_t val;
 211              		.loc 1 147 3 is_stmt 1 view .LVU53
 148:Middlewares/Third_Party/LwIP/src/core/ipv4/ip4_addr.c ****   u8_t base;
 212              		.loc 1 148 3 view .LVU54
 149:Middlewares/Third_Party/LwIP/src/core/ipv4/ip4_addr.c ****   char c;
 213              		.loc 1 149 3 view .LVU55
 150:Middlewares/Third_Party/LwIP/src/core/ipv4/ip4_addr.c ****   u32_t parts[4];
 214              		.loc 1 150 3 view .LVU56
 151:Middlewares/Third_Party/LwIP/src/core/ipv4/ip4_addr.c ****   u32_t *pp = parts;
 215              		.loc 1 151 3 view .LVU57
 216              	.LVL15:
 152:Middlewares/Third_Party/LwIP/src/core/ipv4/ip4_addr.c **** 
 153:Middlewares/Third_Party/LwIP/src/core/ipv4/ip4_addr.c ****   c = *cp;
 217              		.loc 1 153 3 view .LVU58
 218              		.loc 1 153 5 is_stmt 0 view .LVU59
 219 0006 0378     		ldrb	r3, [r0]	@ zero_extendqisi2
 220              	.LVL16:
 151:Middlewares/Third_Party/LwIP/src/core/ipv4/ip4_addr.c ****   u32_t *pp = parts;
 221              		.loc 1 151 10 view .LVU60
 222 0008 EE46     		mov	lr, sp
 223 000a 38E0     		b	.L27
 224              	.LVL17:
 225              	.L53:
 154:Middlewares/Third_Party/LwIP/src/core/ipv4/ip4_addr.c ****   for (;;) {
 155:Middlewares/Third_Party/LwIP/src/core/ipv4/ip4_addr.c ****     /*
 156:Middlewares/Third_Party/LwIP/src/core/ipv4/ip4_addr.c ****      * Collect number up to ``.''.
ARM GAS  C:\Users\17832\AppData\Local\Temp\cc0wduXw.s 			page 8


 157:Middlewares/Third_Party/LwIP/src/core/ipv4/ip4_addr.c ****      * Values are specified as for C:
 158:Middlewares/Third_Party/LwIP/src/core/ipv4/ip4_addr.c ****      * 0x=hex, 0=octal, 1-9=decimal.
 159:Middlewares/Third_Party/LwIP/src/core/ipv4/ip4_addr.c ****      */
 160:Middlewares/Third_Party/LwIP/src/core/ipv4/ip4_addr.c ****     if (!lwip_isdigit(c)) {
 161:Middlewares/Third_Party/LwIP/src/core/ipv4/ip4_addr.c ****       return 0;
 162:Middlewares/Third_Party/LwIP/src/core/ipv4/ip4_addr.c ****     }
 163:Middlewares/Third_Party/LwIP/src/core/ipv4/ip4_addr.c ****     val = 0;
 164:Middlewares/Third_Party/LwIP/src/core/ipv4/ip4_addr.c ****     base = 10;
 165:Middlewares/Third_Party/LwIP/src/core/ipv4/ip4_addr.c ****     if (c == '0') {
 166:Middlewares/Third_Party/LwIP/src/core/ipv4/ip4_addr.c ****       c = *++cp;
 226              		.loc 1 166 7 is_stmt 1 view .LVU61
 227              		.loc 1 166 9 is_stmt 0 view .LVU62
 228 000c 421C     		adds	r2, r0, #1
 229              	.LVL18:
 230              		.loc 1 166 9 view .LVU63
 231 000e 4378     		ldrb	r3, [r0, #1]	@ zero_extendqisi2
 232              	.LVL19:
 167:Middlewares/Third_Party/LwIP/src/core/ipv4/ip4_addr.c ****       if (c == 'x' || c == 'X') {
 233              		.loc 1 167 7 is_stmt 1 view .LVU64
 234              		.loc 1 167 10 is_stmt 0 view .LVU65
 235 0010 782B     		cmp	r3, #120
 236 0012 04D0     		beq	.L20
 237              		.loc 1 167 20 discriminator 1 view .LVU66
 238 0014 582B     		cmp	r3, #88
 239 0016 02D0     		beq	.L20
 166:Middlewares/Third_Party/LwIP/src/core/ipv4/ip4_addr.c ****       if (c == 'x' || c == 'X') {
 240              		.loc 1 166 9 view .LVU67
 241 0018 1046     		mov	r0, r2
 168:Middlewares/Third_Party/LwIP/src/core/ipv4/ip4_addr.c ****         base = 16;
 169:Middlewares/Third_Party/LwIP/src/core/ipv4/ip4_addr.c ****         c = *++cp;
 170:Middlewares/Third_Party/LwIP/src/core/ipv4/ip4_addr.c ****       } else {
 171:Middlewares/Third_Party/LwIP/src/core/ipv4/ip4_addr.c ****         base = 8;
 242              		.loc 1 171 14 view .LVU68
 243 001a 0821     		movs	r1, #8
 244 001c 37E0     		b	.L19
 245              	.L20:
 168:Middlewares/Third_Party/LwIP/src/core/ipv4/ip4_addr.c ****         base = 16;
 246              		.loc 1 168 9 is_stmt 1 view .LVU69
 247              	.LVL20:
 169:Middlewares/Third_Party/LwIP/src/core/ipv4/ip4_addr.c ****       } else {
 248              		.loc 1 169 9 view .LVU70
 169:Middlewares/Third_Party/LwIP/src/core/ipv4/ip4_addr.c ****       } else {
 249              		.loc 1 169 11 is_stmt 0 view .LVU71
 250 001e 8378     		ldrb	r3, [r0, #2]	@ zero_extendqisi2
 251              	.LVL21:
 169:Middlewares/Third_Party/LwIP/src/core/ipv4/ip4_addr.c ****       } else {
 252              		.loc 1 169 11 view .LVU72
 253 0020 0230     		adds	r0, r0, #2
 254              	.LVL22:
 168:Middlewares/Third_Party/LwIP/src/core/ipv4/ip4_addr.c ****         base = 16;
 255              		.loc 1 168 14 view .LVU73
 256 0022 1021     		movs	r1, #16
 169:Middlewares/Third_Party/LwIP/src/core/ipv4/ip4_addr.c ****       } else {
 257              		.loc 1 169 11 view .LVU74
 258 0024 33E0     		b	.L19
 259              	.LVL23:
 260              	.L22:
ARM GAS  C:\Users\17832\AppData\Local\Temp\cc0wduXw.s 			page 9


 172:Middlewares/Third_Party/LwIP/src/core/ipv4/ip4_addr.c ****       }
 173:Middlewares/Third_Party/LwIP/src/core/ipv4/ip4_addr.c ****     }
 174:Middlewares/Third_Party/LwIP/src/core/ipv4/ip4_addr.c ****     for (;;) {
 175:Middlewares/Third_Party/LwIP/src/core/ipv4/ip4_addr.c ****       if (lwip_isdigit(c)) {
 176:Middlewares/Third_Party/LwIP/src/core/ipv4/ip4_addr.c ****         val = (val * base) + (u32_t)(c - '0');
 177:Middlewares/Third_Party/LwIP/src/core/ipv4/ip4_addr.c ****         c = *++cp;
 178:Middlewares/Third_Party/LwIP/src/core/ipv4/ip4_addr.c ****       } else if (base == 16 && lwip_isxdigit(c)) {
 261              		.loc 1 178 14 is_stmt 1 view .LVU75
 262              		.loc 1 178 17 is_stmt 0 view .LVU76
 263 0026 1029     		cmp	r1, #16
 264 0028 1ED1     		bne	.L24
 265              		.loc 1 178 29 discriminator 1 view .LVU77
 266 002a 1CF0440F 		tst	ip, #68
 267 002e 1BD0     		beq	.L24
 179:Middlewares/Third_Party/LwIP/src/core/ipv4/ip4_addr.c ****         val = (val << 4) | (u32_t)(c + 10 - (lwip_islower(c) ? 'a' : 'A'));
 268              		.loc 1 179 9 is_stmt 1 view .LVU78
 269              		.loc 1 179 20 is_stmt 0 view .LVU79
 270 0030 2401     		lsls	r4, r4, #4
 271              	.LVL24:
 272              		.loc 1 179 38 view .LVU80
 273 0032 03F10A02 		add	r2, r3, #10
 274              		.loc 1 179 68 view .LVU81
 275 0036 0CF0030C 		and	ip, ip, #3
 276 003a BCF1020F 		cmp	ip, #2
 277 003e 11D0     		beq	.L52
 278 0040 4123     		movs	r3, #65
 279              	.LVL25:
 280              	.L25:
 281              		.loc 1 179 43 discriminator 4 view .LVU82
 282 0042 D21A     		subs	r2, r2, r3
 283              		.loc 1 179 13 discriminator 4 view .LVU83
 284 0044 1443     		orrs	r4, r4, r2
 285              	.LVL26:
 180:Middlewares/Third_Party/LwIP/src/core/ipv4/ip4_addr.c ****         c = *++cp;
 286              		.loc 1 180 9 is_stmt 1 discriminator 4 view .LVU84
 287              		.loc 1 180 11 is_stmt 0 discriminator 4 view .LVU85
 288 0046 10F8013F 		ldrb	r3, [r0, #1]!	@ zero_extendqisi2
 289              	.LVL27:
 290              	.L21:
 174:Middlewares/Third_Party/LwIP/src/core/ipv4/ip4_addr.c ****       if (lwip_isdigit(c)) {
 291              		.loc 1 174 5 is_stmt 1 view .LVU86
 175:Middlewares/Third_Party/LwIP/src/core/ipv4/ip4_addr.c ****         val = (val * base) + (u32_t)(c - '0');
 292              		.loc 1 175 7 view .LVU87
 175:Middlewares/Third_Party/LwIP/src/core/ipv4/ip4_addr.c ****         val = (val * base) + (u32_t)(c - '0');
 293              		.loc 1 175 11 is_stmt 0 view .LVU88
 294 004a 434A     		ldr	r2, .L54
 295 004c 13F802C0 		ldrb	ip, [r3, r2]	@ zero_extendqisi2
 175:Middlewares/Third_Party/LwIP/src/core/ipv4/ip4_addr.c ****         val = (val * base) + (u32_t)(c - '0');
 296              		.loc 1 175 10 view .LVU89
 297 0050 1CF0040F 		tst	ip, #4
 298 0054 E7D0     		beq	.L22
 176:Middlewares/Third_Party/LwIP/src/core/ipv4/ip4_addr.c ****         c = *++cp;
 299              		.loc 1 176 9 is_stmt 1 view .LVU90
 176:Middlewares/Third_Party/LwIP/src/core/ipv4/ip4_addr.c ****         c = *++cp;
 300              		.loc 1 176 28 is_stmt 0 view .LVU91
 301 0056 04FB0133 		mla	r3, r4, r1, r3
 302              	.LVL28:
ARM GAS  C:\Users\17832\AppData\Local\Temp\cc0wduXw.s 			page 10


 176:Middlewares/Third_Party/LwIP/src/core/ipv4/ip4_addr.c ****         c = *++cp;
 303              		.loc 1 176 13 view .LVU92
 304 005a A3F13004 		sub	r4, r3, #48
 305              	.LVL29:
 177:Middlewares/Third_Party/LwIP/src/core/ipv4/ip4_addr.c ****       } else if (base == 16 && lwip_isxdigit(c)) {
 306              		.loc 1 177 9 is_stmt 1 view .LVU93
 177:Middlewares/Third_Party/LwIP/src/core/ipv4/ip4_addr.c ****       } else if (base == 16 && lwip_isxdigit(c)) {
 307              		.loc 1 177 11 is_stmt 0 view .LVU94
 308 005e 10F8013F 		ldrb	r3, [r0, #1]!	@ zero_extendqisi2
 309              	.LVL30:
 177:Middlewares/Third_Party/LwIP/src/core/ipv4/ip4_addr.c ****       } else if (base == 16 && lwip_isxdigit(c)) {
 310              		.loc 1 177 11 view .LVU95
 311 0062 F2E7     		b	.L21
 312              	.LVL31:
 313              	.L52:
 179:Middlewares/Third_Party/LwIP/src/core/ipv4/ip4_addr.c ****         c = *++cp;
 314              		.loc 1 179 68 view .LVU96
 315 0064 6123     		movs	r3, #97
 316              	.LVL32:
 179:Middlewares/Third_Party/LwIP/src/core/ipv4/ip4_addr.c ****         c = *++cp;
 317              		.loc 1 179 68 view .LVU97
 318 0066 ECE7     		b	.L25
 319              	.LVL33:
 320              	.L24:
 181:Middlewares/Third_Party/LwIP/src/core/ipv4/ip4_addr.c ****       } else {
 182:Middlewares/Third_Party/LwIP/src/core/ipv4/ip4_addr.c ****         break;
 183:Middlewares/Third_Party/LwIP/src/core/ipv4/ip4_addr.c ****       }
 184:Middlewares/Third_Party/LwIP/src/core/ipv4/ip4_addr.c ****     }
 185:Middlewares/Third_Party/LwIP/src/core/ipv4/ip4_addr.c ****     if (c == '.') {
 321              		.loc 1 185 5 is_stmt 1 view .LVU98
 322              		.loc 1 185 8 is_stmt 0 view .LVU99
 323 0068 2E2B     		cmp	r3, #46
 324 006a 12D1     		bne	.L26
 186:Middlewares/Third_Party/LwIP/src/core/ipv4/ip4_addr.c ****       /*
 187:Middlewares/Third_Party/LwIP/src/core/ipv4/ip4_addr.c ****        * Internet format:
 188:Middlewares/Third_Party/LwIP/src/core/ipv4/ip4_addr.c ****        *  a.b.c.d
 189:Middlewares/Third_Party/LwIP/src/core/ipv4/ip4_addr.c ****        *  a.b.c   (with c treated as 16 bits)
 190:Middlewares/Third_Party/LwIP/src/core/ipv4/ip4_addr.c ****        *  a.b (with b treated as 24 bits)
 191:Middlewares/Third_Party/LwIP/src/core/ipv4/ip4_addr.c ****        */
 192:Middlewares/Third_Party/LwIP/src/core/ipv4/ip4_addr.c ****       if (pp >= parts + 3) {
 325              		.loc 1 192 7 is_stmt 1 view .LVU100
 326              		.loc 1 192 10 is_stmt 0 view .LVU101
 327 006c 03AB     		add	r3, sp, #12
 328              	.LVL34:
 329              		.loc 1 192 10 view .LVU102
 330 006e 9E45     		cmp	lr, r3
 331 0070 58D2     		bcs	.L39
 193:Middlewares/Third_Party/LwIP/src/core/ipv4/ip4_addr.c ****         return 0;
 194:Middlewares/Third_Party/LwIP/src/core/ipv4/ip4_addr.c ****       }
 195:Middlewares/Third_Party/LwIP/src/core/ipv4/ip4_addr.c ****       *pp++ = val;
 332              		.loc 1 195 7 is_stmt 1 view .LVU103
 333              		.loc 1 195 10 is_stmt 0 view .LVU104
 334 0072 7246     		mov	r2, lr
 335              	.LVL35:
 336              		.loc 1 195 13 view .LVU105
 337 0074 42F8044B 		str	r4, [r2], #4
 338              	.LVL36:
ARM GAS  C:\Users\17832\AppData\Local\Temp\cc0wduXw.s 			page 11


 196:Middlewares/Third_Party/LwIP/src/core/ipv4/ip4_addr.c ****       c = *++cp;
 339              		.loc 1 196 7 is_stmt 1 view .LVU106
 340              		.loc 1 196 9 is_stmt 0 view .LVU107
 341 0078 4378     		ldrb	r3, [r0, #1]	@ zero_extendqisi2
 342              	.LVL37:
 154:Middlewares/Third_Party/LwIP/src/core/ipv4/ip4_addr.c ****     /*
 343              		.loc 1 154 9 is_stmt 1 view .LVU108
 195:Middlewares/Third_Party/LwIP/src/core/ipv4/ip4_addr.c ****       c = *++cp;
 344              		.loc 1 195 10 is_stmt 0 view .LVU109
 345 007a 9646     		mov	lr, r2
 346              		.loc 1 196 9 view .LVU110
 347 007c 0130     		adds	r0, r0, #1
 348              	.LVL38:
 349              	.L27:
 154:Middlewares/Third_Party/LwIP/src/core/ipv4/ip4_addr.c ****     /*
 350              		.loc 1 154 3 is_stmt 1 view .LVU111
 160:Middlewares/Third_Party/LwIP/src/core/ipv4/ip4_addr.c ****       return 0;
 351              		.loc 1 160 5 view .LVU112
 160:Middlewares/Third_Party/LwIP/src/core/ipv4/ip4_addr.c ****       return 0;
 352              		.loc 1 160 10 is_stmt 0 view .LVU113
 353 007e 364A     		ldr	r2, .L54
 354 0080 9A5C     		ldrb	r2, [r3, r2]	@ zero_extendqisi2
 160:Middlewares/Third_Party/LwIP/src/core/ipv4/ip4_addr.c ****       return 0;
 355              		.loc 1 160 8 view .LVU114
 356 0082 12F0040F 		tst	r2, #4
 357 0086 4BD0     		beq	.L35
 163:Middlewares/Third_Party/LwIP/src/core/ipv4/ip4_addr.c ****     base = 10;
 358              		.loc 1 163 5 is_stmt 1 view .LVU115
 359              	.LVL39:
 164:Middlewares/Third_Party/LwIP/src/core/ipv4/ip4_addr.c ****     if (c == '0') {
 360              		.loc 1 164 5 view .LVU116
 165:Middlewares/Third_Party/LwIP/src/core/ipv4/ip4_addr.c ****       c = *++cp;
 361              		.loc 1 165 5 view .LVU117
 165:Middlewares/Third_Party/LwIP/src/core/ipv4/ip4_addr.c ****       c = *++cp;
 362              		.loc 1 165 8 is_stmt 0 view .LVU118
 363 0088 302B     		cmp	r3, #48
 364 008a BFD0     		beq	.L53
 164:Middlewares/Third_Party/LwIP/src/core/ipv4/ip4_addr.c ****     if (c == '0') {
 365              		.loc 1 164 10 view .LVU119
 366 008c 0A21     		movs	r1, #10
 367              	.LVL40:
 368              	.L19:
 171:Middlewares/Third_Party/LwIP/src/core/ipv4/ip4_addr.c ****       }
 369              		.loc 1 171 14 view .LVU120
 370 008e 0024     		movs	r4, #0
 371 0090 DBE7     		b	.L21
 372              	.LVL41:
 373              	.L26:
 197:Middlewares/Third_Party/LwIP/src/core/ipv4/ip4_addr.c ****     } else {
 198:Middlewares/Third_Party/LwIP/src/core/ipv4/ip4_addr.c ****       break;
 199:Middlewares/Third_Party/LwIP/src/core/ipv4/ip4_addr.c ****     }
 200:Middlewares/Third_Party/LwIP/src/core/ipv4/ip4_addr.c ****   }
 201:Middlewares/Third_Party/LwIP/src/core/ipv4/ip4_addr.c ****   /*
 202:Middlewares/Third_Party/LwIP/src/core/ipv4/ip4_addr.c ****    * Check for trailing characters.
 203:Middlewares/Third_Party/LwIP/src/core/ipv4/ip4_addr.c ****    */
 204:Middlewares/Third_Party/LwIP/src/core/ipv4/ip4_addr.c ****   if (c != '\0' && !lwip_isspace(c)) {
 374              		.loc 1 204 3 is_stmt 1 view .LVU121
ARM GAS  C:\Users\17832\AppData\Local\Temp\cc0wduXw.s 			page 12


 375              		.loc 1 204 6 is_stmt 0 view .LVU122
 376 0092 13B1     		cbz	r3, .L28
 377              		.loc 1 204 17 discriminator 1 view .LVU123
 378 0094 1CF0080F 		tst	ip, #8
 379 0098 47D0     		beq	.L40
 380              	.L28:
 205:Middlewares/Third_Party/LwIP/src/core/ipv4/ip4_addr.c ****     return 0;
 206:Middlewares/Third_Party/LwIP/src/core/ipv4/ip4_addr.c ****   }
 207:Middlewares/Third_Party/LwIP/src/core/ipv4/ip4_addr.c ****   /*
 208:Middlewares/Third_Party/LwIP/src/core/ipv4/ip4_addr.c ****    * Concoct the address according to
 209:Middlewares/Third_Party/LwIP/src/core/ipv4/ip4_addr.c ****    * the number of parts specified.
 210:Middlewares/Third_Party/LwIP/src/core/ipv4/ip4_addr.c ****    */
 211:Middlewares/Third_Party/LwIP/src/core/ipv4/ip4_addr.c ****   switch (pp - parts + 1) {
 381              		.loc 1 211 3 is_stmt 1 view .LVU124
 382              		.loc 1 211 14 is_stmt 0 view .LVU125
 383 009a 6846     		mov	r0, sp
 384              	.LVL42:
 385              		.loc 1 211 14 view .LVU126
 386 009c AEEB0000 		sub	r0, lr, r0
 387 00a0 8010     		asrs	r0, r0, #2
 388              		.loc 1 211 22 view .LVU127
 389 00a2 0130     		adds	r0, r0, #1
 390              		.loc 1 211 3 view .LVU128
 391 00a4 0428     		cmp	r0, #4
 392 00a6 34D8     		bhi	.L29
 393 00a8 DFE800F0 		tbb	[pc, r0]
 394              	.LVL43:
 395              	.L31:
 396 00ac 3D       		.byte	(.L17-.L31)/2
 397 00ad 0B       		.byte	(.L34-.L31)/2
 398 00ae 03       		.byte	(.L33-.L31)/2
 399 00af 13       		.byte	(.L32-.L31)/2
 400 00b0 21       		.byte	(.L30-.L31)/2
 401 00b1 00       		.p2align 1
 402              	.L33:
 212:Middlewares/Third_Party/LwIP/src/core/ipv4/ip4_addr.c **** 
 213:Middlewares/Third_Party/LwIP/src/core/ipv4/ip4_addr.c ****     case 0:
 214:Middlewares/Third_Party/LwIP/src/core/ipv4/ip4_addr.c ****       return 0;       /* initial nondigit */
 215:Middlewares/Third_Party/LwIP/src/core/ipv4/ip4_addr.c **** 
 216:Middlewares/Third_Party/LwIP/src/core/ipv4/ip4_addr.c ****     case 1:             /* a -- 32 bits */
 217:Middlewares/Third_Party/LwIP/src/core/ipv4/ip4_addr.c ****       break;
 218:Middlewares/Third_Party/LwIP/src/core/ipv4/ip4_addr.c **** 
 219:Middlewares/Third_Party/LwIP/src/core/ipv4/ip4_addr.c ****     case 2:             /* a.b -- 8.24 bits */
 220:Middlewares/Third_Party/LwIP/src/core/ipv4/ip4_addr.c ****       if (val > 0xffffffUL) {
 403              		.loc 1 220 7 is_stmt 1 view .LVU129
 404              		.loc 1 220 10 is_stmt 0 view .LVU130
 405 00b2 B4F1807F 		cmp	r4, #16777216
 406 00b6 3AD2     		bcs	.L41
 221:Middlewares/Third_Party/LwIP/src/core/ipv4/ip4_addr.c ****         return 0;
 222:Middlewares/Third_Party/LwIP/src/core/ipv4/ip4_addr.c ****       }
 223:Middlewares/Third_Party/LwIP/src/core/ipv4/ip4_addr.c ****       if (parts[0] > 0xff) {
 407              		.loc 1 223 7 is_stmt 1 view .LVU131
 408              		.loc 1 223 16 is_stmt 0 view .LVU132
 409 00b8 009B     		ldr	r3, [sp]
 410              		.loc 1 223 10 view .LVU133
 411 00ba FF2B     		cmp	r3, #255
 412 00bc 39D8     		bhi	.L42
ARM GAS  C:\Users\17832\AppData\Local\Temp\cc0wduXw.s 			page 13


 224:Middlewares/Third_Party/LwIP/src/core/ipv4/ip4_addr.c ****         return 0;
 225:Middlewares/Third_Party/LwIP/src/core/ipv4/ip4_addr.c ****       }
 226:Middlewares/Third_Party/LwIP/src/core/ipv4/ip4_addr.c ****       val |= parts[0] << 24;
 413              		.loc 1 226 7 is_stmt 1 view .LVU134
 414              		.loc 1 226 11 is_stmt 0 view .LVU135
 415 00be 44EA0364 		orr	r4, r4, r3, lsl #24
 416              	.LVL44:
 227:Middlewares/Third_Party/LwIP/src/core/ipv4/ip4_addr.c ****       break;
 417              		.loc 1 227 7 is_stmt 1 view .LVU136
 418              	.L34:
 228:Middlewares/Third_Party/LwIP/src/core/ipv4/ip4_addr.c **** 
 229:Middlewares/Third_Party/LwIP/src/core/ipv4/ip4_addr.c ****     case 3:             /* a.b.c -- 8.8.16 bits */
 230:Middlewares/Third_Party/LwIP/src/core/ipv4/ip4_addr.c ****       if (val > 0xffff) {
 231:Middlewares/Third_Party/LwIP/src/core/ipv4/ip4_addr.c ****         return 0;
 232:Middlewares/Third_Party/LwIP/src/core/ipv4/ip4_addr.c ****       }
 233:Middlewares/Third_Party/LwIP/src/core/ipv4/ip4_addr.c ****       if ((parts[0] > 0xff) || (parts[1] > 0xff)) {
 234:Middlewares/Third_Party/LwIP/src/core/ipv4/ip4_addr.c ****         return 0;
 235:Middlewares/Third_Party/LwIP/src/core/ipv4/ip4_addr.c ****       }
 236:Middlewares/Third_Party/LwIP/src/core/ipv4/ip4_addr.c ****       val |= (parts[0] << 24) | (parts[1] << 16);
 237:Middlewares/Third_Party/LwIP/src/core/ipv4/ip4_addr.c ****       break;
 238:Middlewares/Third_Party/LwIP/src/core/ipv4/ip4_addr.c **** 
 239:Middlewares/Third_Party/LwIP/src/core/ipv4/ip4_addr.c ****     case 4:             /* a.b.c.d -- 8.8.8.8 bits */
 240:Middlewares/Third_Party/LwIP/src/core/ipv4/ip4_addr.c ****       if (val > 0xff) {
 241:Middlewares/Third_Party/LwIP/src/core/ipv4/ip4_addr.c ****         return 0;
 242:Middlewares/Third_Party/LwIP/src/core/ipv4/ip4_addr.c ****       }
 243:Middlewares/Third_Party/LwIP/src/core/ipv4/ip4_addr.c ****       if ((parts[0] > 0xff) || (parts[1] > 0xff) || (parts[2] > 0xff)) {
 244:Middlewares/Third_Party/LwIP/src/core/ipv4/ip4_addr.c ****         return 0;
 245:Middlewares/Third_Party/LwIP/src/core/ipv4/ip4_addr.c ****       }
 246:Middlewares/Third_Party/LwIP/src/core/ipv4/ip4_addr.c ****       val |= (parts[0] << 24) | (parts[1] << 16) | (parts[2] << 8);
 247:Middlewares/Third_Party/LwIP/src/core/ipv4/ip4_addr.c ****       break;
 248:Middlewares/Third_Party/LwIP/src/core/ipv4/ip4_addr.c ****     default:
 249:Middlewares/Third_Party/LwIP/src/core/ipv4/ip4_addr.c ****       LWIP_ASSERT("unhandled", 0);
 250:Middlewares/Third_Party/LwIP/src/core/ipv4/ip4_addr.c ****       break;
 251:Middlewares/Third_Party/LwIP/src/core/ipv4/ip4_addr.c ****   }
 252:Middlewares/Third_Party/LwIP/src/core/ipv4/ip4_addr.c ****   if (addr) {
 419              		.loc 1 252 3 view .LVU137
 420              		.loc 1 252 6 is_stmt 0 view .LVU138
 421 00c2 002D     		cmp	r5, #0
 422 00c4 45D0     		beq	.L50
 253:Middlewares/Third_Party/LwIP/src/core/ipv4/ip4_addr.c ****     ip4_addr_set_u32(addr, lwip_htonl(val));
 423              		.loc 1 253 5 is_stmt 1 view .LVU139
 424 00c6 2046     		mov	r0, r4
 425 00c8 FFF7FEFF 		bl	lwip_htonl
 426              	.LVL45:
 427 00cc 2860     		str	r0, [r5]
 254:Middlewares/Third_Party/LwIP/src/core/ipv4/ip4_addr.c ****   }
 255:Middlewares/Third_Party/LwIP/src/core/ipv4/ip4_addr.c ****   return 1;
 428              		.loc 1 255 10 is_stmt 0 view .LVU140
 429 00ce 0120     		movs	r0, #1
 430 00d0 29E0     		b	.L17
 431              	.LVL46:
 432              	.L32:
 230:Middlewares/Third_Party/LwIP/src/core/ipv4/ip4_addr.c ****         return 0;
 433              		.loc 1 230 7 is_stmt 1 view .LVU141
 230:Middlewares/Third_Party/LwIP/src/core/ipv4/ip4_addr.c ****         return 0;
 434              		.loc 1 230 10 is_stmt 0 view .LVU142
 435 00d2 B4F5803F 		cmp	r4, #65536
ARM GAS  C:\Users\17832\AppData\Local\Temp\cc0wduXw.s 			page 14


 436 00d6 2ED2     		bcs	.L43
 233:Middlewares/Third_Party/LwIP/src/core/ipv4/ip4_addr.c ****         return 0;
 437              		.loc 1 233 7 is_stmt 1 view .LVU143
 233:Middlewares/Third_Party/LwIP/src/core/ipv4/ip4_addr.c ****         return 0;
 438              		.loc 1 233 17 is_stmt 0 view .LVU144
 439 00d8 009A     		ldr	r2, [sp]
 233:Middlewares/Third_Party/LwIP/src/core/ipv4/ip4_addr.c ****         return 0;
 440              		.loc 1 233 10 view .LVU145
 441 00da FF2A     		cmp	r2, #255
 442 00dc 2DD8     		bhi	.L44
 233:Middlewares/Third_Party/LwIP/src/core/ipv4/ip4_addr.c ****         return 0;
 443              		.loc 1 233 38 discriminator 1 view .LVU146
 444 00de 019B     		ldr	r3, [sp, #4]
 233:Middlewares/Third_Party/LwIP/src/core/ipv4/ip4_addr.c ****         return 0;
 445              		.loc 1 233 29 discriminator 1 view .LVU147
 446 00e0 FF2B     		cmp	r3, #255
 447 00e2 2CD8     		bhi	.L45
 236:Middlewares/Third_Party/LwIP/src/core/ipv4/ip4_addr.c ****       break;
 448              		.loc 1 236 7 is_stmt 1 view .LVU148
 236:Middlewares/Third_Party/LwIP/src/core/ipv4/ip4_addr.c ****       break;
 449              		.loc 1 236 43 is_stmt 0 view .LVU149
 450 00e4 1B04     		lsls	r3, r3, #16
 236:Middlewares/Third_Party/LwIP/src/core/ipv4/ip4_addr.c ****       break;
 451              		.loc 1 236 31 view .LVU150
 452 00e6 43EA0263 		orr	r3, r3, r2, lsl #24
 236:Middlewares/Third_Party/LwIP/src/core/ipv4/ip4_addr.c ****       break;
 453              		.loc 1 236 11 view .LVU151
 454 00ea 1C43     		orrs	r4, r4, r3
 455              	.LVL47:
 237:Middlewares/Third_Party/LwIP/src/core/ipv4/ip4_addr.c **** 
 456              		.loc 1 237 7 is_stmt 1 view .LVU152
 457 00ec E9E7     		b	.L34
 458              	.L30:
 240:Middlewares/Third_Party/LwIP/src/core/ipv4/ip4_addr.c ****         return 0;
 459              		.loc 1 240 7 view .LVU153
 240:Middlewares/Third_Party/LwIP/src/core/ipv4/ip4_addr.c ****         return 0;
 460              		.loc 1 240 10 is_stmt 0 view .LVU154
 461 00ee FF2C     		cmp	r4, #255
 462 00f0 27D8     		bhi	.L46
 243:Middlewares/Third_Party/LwIP/src/core/ipv4/ip4_addr.c ****         return 0;
 463              		.loc 1 243 7 is_stmt 1 view .LVU155
 243:Middlewares/Third_Party/LwIP/src/core/ipv4/ip4_addr.c ****         return 0;
 464              		.loc 1 243 17 is_stmt 0 view .LVU156
 465 00f2 0099     		ldr	r1, [sp]
 466              	.LVL48:
 243:Middlewares/Third_Party/LwIP/src/core/ipv4/ip4_addr.c ****         return 0;
 467              		.loc 1 243 10 view .LVU157
 468 00f4 FF29     		cmp	r1, #255
 469 00f6 26D8     		bhi	.L47
 243:Middlewares/Third_Party/LwIP/src/core/ipv4/ip4_addr.c ****         return 0;
 470              		.loc 1 243 38 discriminator 1 view .LVU158
 471 00f8 019B     		ldr	r3, [sp, #4]
 243:Middlewares/Third_Party/LwIP/src/core/ipv4/ip4_addr.c ****         return 0;
 472              		.loc 1 243 29 discriminator 1 view .LVU159
 473 00fa FF2B     		cmp	r3, #255
 474 00fc 25D8     		bhi	.L48
 243:Middlewares/Third_Party/LwIP/src/core/ipv4/ip4_addr.c ****         return 0;
ARM GAS  C:\Users\17832\AppData\Local\Temp\cc0wduXw.s 			page 15


 475              		.loc 1 243 59 discriminator 2 view .LVU160
 476 00fe 029A     		ldr	r2, [sp, #8]
 243:Middlewares/Third_Party/LwIP/src/core/ipv4/ip4_addr.c ****         return 0;
 477              		.loc 1 243 50 discriminator 2 view .LVU161
 478 0100 FF2A     		cmp	r2, #255
 479 0102 24D8     		bhi	.L49
 246:Middlewares/Third_Party/LwIP/src/core/ipv4/ip4_addr.c ****       break;
 480              		.loc 1 246 7 is_stmt 1 view .LVU162
 246:Middlewares/Third_Party/LwIP/src/core/ipv4/ip4_addr.c ****       break;
 481              		.loc 1 246 43 is_stmt 0 view .LVU163
 482 0104 1B04     		lsls	r3, r3, #16
 246:Middlewares/Third_Party/LwIP/src/core/ipv4/ip4_addr.c ****       break;
 483              		.loc 1 246 31 view .LVU164
 484 0106 43EA0163 		orr	r3, r3, r1, lsl #24
 246:Middlewares/Third_Party/LwIP/src/core/ipv4/ip4_addr.c ****       break;
 485              		.loc 1 246 50 view .LVU165
 486 010a 43EA0223 		orr	r3, r3, r2, lsl #8
 246:Middlewares/Third_Party/LwIP/src/core/ipv4/ip4_addr.c ****       break;
 487              		.loc 1 246 11 view .LVU166
 488 010e 1C43     		orrs	r4, r4, r3
 489              	.LVL49:
 247:Middlewares/Third_Party/LwIP/src/core/ipv4/ip4_addr.c ****     default:
 490              		.loc 1 247 7 is_stmt 1 view .LVU167
 491 0110 D7E7     		b	.L34
 492              	.LVL50:
 493              	.L29:
 249:Middlewares/Third_Party/LwIP/src/core/ipv4/ip4_addr.c ****       break;
 494              		.loc 1 249 7 discriminator 1 view .LVU168
 249:Middlewares/Third_Party/LwIP/src/core/ipv4/ip4_addr.c ****       break;
 495              		.loc 1 249 7 discriminator 1 view .LVU169
 249:Middlewares/Third_Party/LwIP/src/core/ipv4/ip4_addr.c ****       break;
 496              		.loc 1 249 7 discriminator 1 view .LVU170
 249:Middlewares/Third_Party/LwIP/src/core/ipv4/ip4_addr.c ****       break;
 497              		.loc 1 249 7 discriminator 1 view .LVU171
 498 0112 124B     		ldr	r3, .L54+4
 499 0114 F922     		movs	r2, #249
 500 0116 1249     		ldr	r1, .L54+8
 501              	.LVL51:
 249:Middlewares/Third_Party/LwIP/src/core/ipv4/ip4_addr.c ****       break;
 502              		.loc 1 249 7 is_stmt 0 discriminator 1 view .LVU172
 503 0118 1248     		ldr	r0, .L54+12
 504 011a FFF7FEFF 		bl	printf
 505              	.LVL52:
 249:Middlewares/Third_Party/LwIP/src/core/ipv4/ip4_addr.c ****       break;
 506              		.loc 1 249 7 is_stmt 1 discriminator 1 view .LVU173
 249:Middlewares/Third_Party/LwIP/src/core/ipv4/ip4_addr.c ****       break;
 507              		.loc 1 249 7 discriminator 1 view .LVU174
 250:Middlewares/Third_Party/LwIP/src/core/ipv4/ip4_addr.c ****   }
 508              		.loc 1 250 7 discriminator 1 view .LVU175
 509 011e D0E7     		b	.L34
 510              	.LVL53:
 511              	.L35:
 161:Middlewares/Third_Party/LwIP/src/core/ipv4/ip4_addr.c ****     }
 512              		.loc 1 161 14 is_stmt 0 view .LVU176
 513 0120 0020     		movs	r0, #0
 514              	.LVL54:
 161:Middlewares/Third_Party/LwIP/src/core/ipv4/ip4_addr.c ****     }
ARM GAS  C:\Users\17832\AppData\Local\Temp\cc0wduXw.s 			page 16


 515              		.loc 1 161 14 view .LVU177
 516 0122 00E0     		b	.L17
 517              	.LVL55:
 518              	.L39:
 193:Middlewares/Third_Party/LwIP/src/core/ipv4/ip4_addr.c ****       }
 519              		.loc 1 193 16 view .LVU178
 520 0124 0020     		movs	r0, #0
 521              	.LVL56:
 522              	.L17:
 256:Middlewares/Third_Party/LwIP/src/core/ipv4/ip4_addr.c **** }
 523              		.loc 1 256 1 view .LVU179
 524 0126 05B0     		add	sp, sp, #20
 525              	.LCFI3:
 526              		.cfi_remember_state
 527              		.cfi_def_cfa_offset 12
 528              		@ sp needed
 529 0128 30BD     		pop	{r4, r5, pc}
 530              	.LVL57:
 531              	.L40:
 532              	.LCFI4:
 533              		.cfi_restore_state
 205:Middlewares/Third_Party/LwIP/src/core/ipv4/ip4_addr.c ****   }
 534              		.loc 1 205 12 view .LVU180
 535 012a 0020     		movs	r0, #0
 536              	.LVL58:
 205:Middlewares/Third_Party/LwIP/src/core/ipv4/ip4_addr.c ****   }
 537              		.loc 1 205 12 view .LVU181
 538 012c FBE7     		b	.L17
 539              	.LVL59:
 540              	.L41:
 221:Middlewares/Third_Party/LwIP/src/core/ipv4/ip4_addr.c ****       }
 541              		.loc 1 221 16 view .LVU182
 542 012e 0020     		movs	r0, #0
 543 0130 F9E7     		b	.L17
 544              	.L42:
 224:Middlewares/Third_Party/LwIP/src/core/ipv4/ip4_addr.c ****       }
 545              		.loc 1 224 16 view .LVU183
 546 0132 0020     		movs	r0, #0
 547 0134 F7E7     		b	.L17
 548              	.L43:
 231:Middlewares/Third_Party/LwIP/src/core/ipv4/ip4_addr.c ****       }
 549              		.loc 1 231 16 view .LVU184
 550 0136 0020     		movs	r0, #0
 551 0138 F5E7     		b	.L17
 552              	.L44:
 234:Middlewares/Third_Party/LwIP/src/core/ipv4/ip4_addr.c ****       }
 553              		.loc 1 234 16 view .LVU185
 554 013a 0020     		movs	r0, #0
 555 013c F3E7     		b	.L17
 556              	.L45:
 557 013e 0020     		movs	r0, #0
 558 0140 F1E7     		b	.L17
 559              	.L46:
 241:Middlewares/Third_Party/LwIP/src/core/ipv4/ip4_addr.c ****       }
 560              		.loc 1 241 16 view .LVU186
 561 0142 0020     		movs	r0, #0
 562 0144 EFE7     		b	.L17
ARM GAS  C:\Users\17832\AppData\Local\Temp\cc0wduXw.s 			page 17


 563              	.LVL60:
 564              	.L47:
 244:Middlewares/Third_Party/LwIP/src/core/ipv4/ip4_addr.c ****       }
 565              		.loc 1 244 16 view .LVU187
 566 0146 0020     		movs	r0, #0
 567 0148 EDE7     		b	.L17
 568              	.L48:
 569 014a 0020     		movs	r0, #0
 570 014c EBE7     		b	.L17
 571              	.L49:
 572 014e 0020     		movs	r0, #0
 573 0150 E9E7     		b	.L17
 574              	.LVL61:
 575              	.L50:
 255:Middlewares/Third_Party/LwIP/src/core/ipv4/ip4_addr.c **** }
 576              		.loc 1 255 10 view .LVU188
 577 0152 0120     		movs	r0, #1
 578 0154 E7E7     		b	.L17
 579              	.L55:
 580 0156 00BF     		.align	2
 581              	.L54:
 582 0158 01000000 		.word	_ctype_+1
 583 015c 00000000 		.word	.LC0
 584 0160 38000000 		.word	.LC1
 585 0164 44000000 		.word	.LC2
 586              		.cfi_endproc
 587              	.LFE159:
 589              		.section	.text.ipaddr_addr,"ax",%progbits
 590              		.align	1
 591              		.global	ipaddr_addr
 592              		.syntax unified
 593              		.thumb
 594              		.thumb_func
 596              	ipaddr_addr:
 597              	.LVL62:
 598              	.LFB158:
 124:Middlewares/Third_Party/LwIP/src/core/ipv4/ip4_addr.c ****   ip4_addr_t val;
 599              		.loc 1 124 1 is_stmt 1 view -0
 600              		.cfi_startproc
 601              		@ args = 0, pretend = 0, frame = 8
 602              		@ frame_needed = 0, uses_anonymous_args = 0
 124:Middlewares/Third_Party/LwIP/src/core/ipv4/ip4_addr.c ****   ip4_addr_t val;
 603              		.loc 1 124 1 is_stmt 0 view .LVU190
 604 0000 00B5     		push	{lr}
 605              	.LCFI5:
 606              		.cfi_def_cfa_offset 4
 607              		.cfi_offset 14, -4
 608 0002 83B0     		sub	sp, sp, #12
 609              	.LCFI6:
 610              		.cfi_def_cfa_offset 16
 125:Middlewares/Third_Party/LwIP/src/core/ipv4/ip4_addr.c **** 
 611              		.loc 1 125 3 is_stmt 1 view .LVU191
 127:Middlewares/Third_Party/LwIP/src/core/ipv4/ip4_addr.c ****     return ip4_addr_get_u32(&val);
 612              		.loc 1 127 3 view .LVU192
 127:Middlewares/Third_Party/LwIP/src/core/ipv4/ip4_addr.c ****     return ip4_addr_get_u32(&val);
 613              		.loc 1 127 7 is_stmt 0 view .LVU193
 614 0004 01A9     		add	r1, sp, #4
ARM GAS  C:\Users\17832\AppData\Local\Temp\cc0wduXw.s 			page 18


 615 0006 FFF7FEFF 		bl	ip4addr_aton
 616              	.LVL63:
 127:Middlewares/Third_Party/LwIP/src/core/ipv4/ip4_addr.c ****     return ip4_addr_get_u32(&val);
 617              		.loc 1 127 6 view .LVU194
 618 000a 20B9     		cbnz	r0, .L60
 130:Middlewares/Third_Party/LwIP/src/core/ipv4/ip4_addr.c **** }
 619              		.loc 1 130 10 view .LVU195
 620 000c 4FF0FF30 		mov	r0, #-1
 621              	.L56:
 131:Middlewares/Third_Party/LwIP/src/core/ipv4/ip4_addr.c **** 
 622              		.loc 1 131 1 view .LVU196
 623 0010 03B0     		add	sp, sp, #12
 624              	.LCFI7:
 625              		.cfi_remember_state
 626              		.cfi_def_cfa_offset 4
 627              		@ sp needed
 628 0012 5DF804FB 		ldr	pc, [sp], #4
 629              	.L60:
 630              	.LCFI8:
 631              		.cfi_restore_state
 128:Middlewares/Third_Party/LwIP/src/core/ipv4/ip4_addr.c ****   }
 632              		.loc 1 128 5 is_stmt 1 view .LVU197
 128:Middlewares/Third_Party/LwIP/src/core/ipv4/ip4_addr.c ****   }
 633              		.loc 1 128 12 is_stmt 0 view .LVU198
 634 0016 0198     		ldr	r0, [sp, #4]
 635 0018 FAE7     		b	.L56
 636              		.cfi_endproc
 637              	.LFE158:
 639              		.section	.text.ip4addr_ntoa_r,"ax",%progbits
 640              		.align	1
 641              		.global	ip4addr_ntoa_r
 642              		.syntax unified
 643              		.thumb
 644              		.thumb_func
 646              	ip4addr_ntoa_r:
 647              	.LVL64:
 648              	.LFB161:
 257:Middlewares/Third_Party/LwIP/src/core/ipv4/ip4_addr.c **** 
 258:Middlewares/Third_Party/LwIP/src/core/ipv4/ip4_addr.c **** /**
 259:Middlewares/Third_Party/LwIP/src/core/ipv4/ip4_addr.c ****  * Convert numeric IP address into decimal dotted ASCII representation.
 260:Middlewares/Third_Party/LwIP/src/core/ipv4/ip4_addr.c ****  * returns ptr to static buffer; not reentrant!
 261:Middlewares/Third_Party/LwIP/src/core/ipv4/ip4_addr.c ****  *
 262:Middlewares/Third_Party/LwIP/src/core/ipv4/ip4_addr.c ****  * @param addr ip address in network order to convert
 263:Middlewares/Third_Party/LwIP/src/core/ipv4/ip4_addr.c ****  * @return pointer to a global static (!) buffer that holds the ASCII
 264:Middlewares/Third_Party/LwIP/src/core/ipv4/ip4_addr.c ****  *         representation of addr
 265:Middlewares/Third_Party/LwIP/src/core/ipv4/ip4_addr.c ****  */
 266:Middlewares/Third_Party/LwIP/src/core/ipv4/ip4_addr.c **** char *
 267:Middlewares/Third_Party/LwIP/src/core/ipv4/ip4_addr.c **** ip4addr_ntoa(const ip4_addr_t *addr)
 268:Middlewares/Third_Party/LwIP/src/core/ipv4/ip4_addr.c **** {
 269:Middlewares/Third_Party/LwIP/src/core/ipv4/ip4_addr.c ****   static char str[IP4ADDR_STRLEN_MAX];
 270:Middlewares/Third_Party/LwIP/src/core/ipv4/ip4_addr.c ****   return ip4addr_ntoa_r(addr, str, IP4ADDR_STRLEN_MAX);
 271:Middlewares/Third_Party/LwIP/src/core/ipv4/ip4_addr.c **** }
 272:Middlewares/Third_Party/LwIP/src/core/ipv4/ip4_addr.c **** 
 273:Middlewares/Third_Party/LwIP/src/core/ipv4/ip4_addr.c **** /**
 274:Middlewares/Third_Party/LwIP/src/core/ipv4/ip4_addr.c ****  * Same as ip4addr_ntoa, but reentrant since a user-supplied buffer is used.
 275:Middlewares/Third_Party/LwIP/src/core/ipv4/ip4_addr.c ****  *
 276:Middlewares/Third_Party/LwIP/src/core/ipv4/ip4_addr.c ****  * @param addr ip address in network order to convert
ARM GAS  C:\Users\17832\AppData\Local\Temp\cc0wduXw.s 			page 19


 277:Middlewares/Third_Party/LwIP/src/core/ipv4/ip4_addr.c ****  * @param buf target buffer where the string is stored
 278:Middlewares/Third_Party/LwIP/src/core/ipv4/ip4_addr.c ****  * @param buflen length of buf
 279:Middlewares/Third_Party/LwIP/src/core/ipv4/ip4_addr.c ****  * @return either pointer to buf which now holds the ASCII
 280:Middlewares/Third_Party/LwIP/src/core/ipv4/ip4_addr.c ****  *         representation of addr or NULL if buf was too small
 281:Middlewares/Third_Party/LwIP/src/core/ipv4/ip4_addr.c ****  */
 282:Middlewares/Third_Party/LwIP/src/core/ipv4/ip4_addr.c **** char *
 283:Middlewares/Third_Party/LwIP/src/core/ipv4/ip4_addr.c **** ip4addr_ntoa_r(const ip4_addr_t *addr, char *buf, int buflen)
 284:Middlewares/Third_Party/LwIP/src/core/ipv4/ip4_addr.c **** {
 649              		.loc 1 284 1 is_stmt 1 view -0
 650              		.cfi_startproc
 651              		@ args = 0, pretend = 0, frame = 8
 652              		@ frame_needed = 0, uses_anonymous_args = 0
 653              		.loc 1 284 1 is_stmt 0 view .LVU200
 654 0000 F0B5     		push	{r4, r5, r6, r7, lr}
 655              	.LCFI9:
 656              		.cfi_def_cfa_offset 20
 657              		.cfi_offset 4, -20
 658              		.cfi_offset 5, -16
 659              		.cfi_offset 6, -12
 660              		.cfi_offset 7, -8
 661              		.cfi_offset 14, -4
 662 0002 83B0     		sub	sp, sp, #12
 663              	.LCFI10:
 664              		.cfi_def_cfa_offset 32
 285:Middlewares/Third_Party/LwIP/src/core/ipv4/ip4_addr.c ****   u32_t s_addr;
 665              		.loc 1 285 3 is_stmt 1 view .LVU201
 286:Middlewares/Third_Party/LwIP/src/core/ipv4/ip4_addr.c ****   char inv[3];
 666              		.loc 1 286 3 view .LVU202
 287:Middlewares/Third_Party/LwIP/src/core/ipv4/ip4_addr.c ****   char *rp;
 667              		.loc 1 287 3 view .LVU203
 288:Middlewares/Third_Party/LwIP/src/core/ipv4/ip4_addr.c ****   u8_t *ap;
 668              		.loc 1 288 3 view .LVU204
 289:Middlewares/Third_Party/LwIP/src/core/ipv4/ip4_addr.c ****   u8_t rem;
 669              		.loc 1 289 3 view .LVU205
 290:Middlewares/Third_Party/LwIP/src/core/ipv4/ip4_addr.c ****   u8_t n;
 670              		.loc 1 290 3 view .LVU206
 291:Middlewares/Third_Party/LwIP/src/core/ipv4/ip4_addr.c ****   u8_t i;
 671              		.loc 1 291 3 view .LVU207
 292:Middlewares/Third_Party/LwIP/src/core/ipv4/ip4_addr.c ****   int len = 0;
 672              		.loc 1 292 3 view .LVU208
 673              	.LVL65:
 293:Middlewares/Third_Party/LwIP/src/core/ipv4/ip4_addr.c **** 
 294:Middlewares/Third_Party/LwIP/src/core/ipv4/ip4_addr.c ****   s_addr = ip4_addr_get_u32(addr);
 674              		.loc 1 294 3 view .LVU209
 675              		.loc 1 294 12 is_stmt 0 view .LVU210
 676 0004 0368     		ldr	r3, [r0]
 677              		.loc 1 294 10 view .LVU211
 678 0006 0193     		str	r3, [sp, #4]
 295:Middlewares/Third_Party/LwIP/src/core/ipv4/ip4_addr.c **** 
 296:Middlewares/Third_Party/LwIP/src/core/ipv4/ip4_addr.c ****   rp = buf;
 679              		.loc 1 296 3 is_stmt 1 view .LVU212
 680              	.LVL66:
 297:Middlewares/Third_Party/LwIP/src/core/ipv4/ip4_addr.c ****   ap = (u8_t *)&s_addr;
 681              		.loc 1 297 3 view .LVU213
 298:Middlewares/Third_Party/LwIP/src/core/ipv4/ip4_addr.c ****   for (n = 0; n < 4; n++) {
 682              		.loc 1 298 3 view .LVU214
 296:Middlewares/Third_Party/LwIP/src/core/ipv4/ip4_addr.c ****   ap = (u8_t *)&s_addr;
ARM GAS  C:\Users\17832\AppData\Local\Temp\cc0wduXw.s 			page 20


 683              		.loc 1 296 6 is_stmt 0 view .LVU215
 684 0008 8E46     		mov	lr, r1
 292:Middlewares/Third_Party/LwIP/src/core/ipv4/ip4_addr.c **** 
 685              		.loc 1 292 7 view .LVU216
 686 000a 0024     		movs	r4, #0
 687              		.loc 1 298 10 view .LVU217
 688 000c 2646     		mov	r6, r4
 297:Middlewares/Third_Party/LwIP/src/core/ipv4/ip4_addr.c ****   for (n = 0; n < 4; n++) {
 689              		.loc 1 297 6 view .LVU218
 690 000e 01AD     		add	r5, sp, #4
 691              	.LVL67:
 692              	.L62:
 693              		.loc 1 298 15 is_stmt 1 discriminator 1 view .LVU219
 694              		.loc 1 298 3 is_stmt 0 discriminator 1 view .LVU220
 695 0010 032E     		cmp	r6, #3
 696 0012 37D8     		bhi	.L71
 299:Middlewares/Third_Party/LwIP/src/core/ipv4/ip4_addr.c ****     i = 0;
 697              		.loc 1 299 7 view .LVU221
 698 0014 0020     		movs	r0, #0
 699              	.L63:
 700              	.LVL68:
 300:Middlewares/Third_Party/LwIP/src/core/ipv4/ip4_addr.c ****     do {
 701              		.loc 1 300 5 is_stmt 1 discriminator 1 view .LVU222
 301:Middlewares/Third_Party/LwIP/src/core/ipv4/ip4_addr.c ****       rem = *ap % (u8_t)10;
 702              		.loc 1 301 7 discriminator 1 view .LVU223
 703              		.loc 1 301 13 is_stmt 0 discriminator 1 view .LVU224
 704 0016 95F800C0 		ldrb	ip, [r5]	@ zero_extendqisi2
 705              		.loc 1 301 11 discriminator 1 view .LVU225
 706 001a 1E4B     		ldr	r3, .L74
 707 001c A3FB0C73 		umull	r7, r3, r3, ip
 708 0020 DB08     		lsrs	r3, r3, #3
 709 0022 03EB8307 		add	r7, r3, r3, lsl #2
 710 0026 ACEB470C 		sub	ip, ip, r7, lsl #1
 711 002a 5FFA8CFC 		uxtb	ip, ip
 712              	.LVL69:
 302:Middlewares/Third_Party/LwIP/src/core/ipv4/ip4_addr.c ****       *ap /= (u8_t)10;
 713              		.loc 1 302 7 is_stmt 1 discriminator 1 view .LVU226
 714              		.loc 1 302 11 is_stmt 0 discriminator 1 view .LVU227
 715 002e DBB2     		uxtb	r3, r3
 716 0030 2B70     		strb	r3, [r5]
 303:Middlewares/Third_Party/LwIP/src/core/ipv4/ip4_addr.c ****       inv[i++] = (char)('0' + rem);
 717              		.loc 1 303 7 is_stmt 1 discriminator 1 view .LVU228
 718 0032 0746     		mov	r7, r0
 719              		.loc 1 303 12 is_stmt 0 discriminator 1 view .LVU229
 720 0034 0130     		adds	r0, r0, #1
 721              	.LVL70:
 722              		.loc 1 303 12 discriminator 1 view .LVU230
 723 0036 C0B2     		uxtb	r0, r0
 724              	.LVL71:
 725              		.loc 1 303 18 discriminator 1 view .LVU231
 726 0038 0CF1300C 		add	ip, ip, #48
 727              	.LVL72:
 728              		.loc 1 303 16 discriminator 1 view .LVU232
 729 003c 0837     		adds	r7, r7, #8
 730 003e 6F44     		add	r7, sp, r7
 731 0040 07F808CC 		strb	ip, [r7, #-8]
 304:Middlewares/Third_Party/LwIP/src/core/ipv4/ip4_addr.c ****     } while (*ap);
ARM GAS  C:\Users\17832\AppData\Local\Temp\cc0wduXw.s 			page 21


 732              		.loc 1 304 13 is_stmt 1 discriminator 1 view .LVU233
 733              		.loc 1 304 5 is_stmt 0 discriminator 1 view .LVU234
 734 0044 002B     		cmp	r3, #0
 735 0046 E6D1     		bne	.L63
 736 0048 08E0     		b	.L64
 737              	.LVL73:
 738              	.L73:
 305:Middlewares/Third_Party/LwIP/src/core/ipv4/ip4_addr.c ****     while (i--) {
 306:Middlewares/Third_Party/LwIP/src/core/ipv4/ip4_addr.c ****       if (len++ >= buflen) {
 307:Middlewares/Third_Party/LwIP/src/core/ipv4/ip4_addr.c ****         return NULL;
 308:Middlewares/Third_Party/LwIP/src/core/ipv4/ip4_addr.c ****       }
 309:Middlewares/Third_Party/LwIP/src/core/ipv4/ip4_addr.c ****       *rp++ = inv[i];
 739              		.loc 1 309 7 is_stmt 1 view .LVU235
 740              		.loc 1 309 18 is_stmt 0 view .LVU236
 741 004a 03F10804 		add	r4, r3, #8
 742 004e 6C44     		add	r4, sp, r4
 743 0050 14F8084C 		ldrb	r4, [r4, #-8]	@ zero_extendqisi2
 744              		.loc 1 309 13 view .LVU237
 745 0054 0EF8014B 		strb	r4, [lr], #1
 746              	.LVL74:
 306:Middlewares/Third_Party/LwIP/src/core/ipv4/ip4_addr.c ****         return NULL;
 747              		.loc 1 306 14 view .LVU238
 748 0058 0446     		mov	r4, r0
 305:Middlewares/Third_Party/LwIP/src/core/ipv4/ip4_addr.c ****     while (i--) {
 749              		.loc 1 305 13 view .LVU239
 750 005a 1846     		mov	r0, r3
 751              	.LVL75:
 752              	.L64:
 305:Middlewares/Third_Party/LwIP/src/core/ipv4/ip4_addr.c ****     while (i--) {
 753              		.loc 1 305 11 is_stmt 1 view .LVU240
 305:Middlewares/Third_Party/LwIP/src/core/ipv4/ip4_addr.c ****     while (i--) {
 754              		.loc 1 305 13 is_stmt 0 view .LVU241
 755 005c 431E     		subs	r3, r0, #1
 756 005e DBB2     		uxtb	r3, r3
 757              	.LVL76:
 305:Middlewares/Third_Party/LwIP/src/core/ipv4/ip4_addr.c ****     while (i--) {
 758              		.loc 1 305 11 view .LVU242
 759 0060 28B1     		cbz	r0, .L72
 306:Middlewares/Third_Party/LwIP/src/core/ipv4/ip4_addr.c ****         return NULL;
 760              		.loc 1 306 7 is_stmt 1 view .LVU243
 306:Middlewares/Third_Party/LwIP/src/core/ipv4/ip4_addr.c ****         return NULL;
 761              		.loc 1 306 14 is_stmt 0 view .LVU244
 762 0062 601C     		adds	r0, r4, #1
 763              	.LVL77:
 306:Middlewares/Third_Party/LwIP/src/core/ipv4/ip4_addr.c ****         return NULL;
 764              		.loc 1 306 10 view .LVU245
 765 0064 9442     		cmp	r4, r2
 766 0066 F0DB     		blt	.L73
 307:Middlewares/Third_Party/LwIP/src/core/ipv4/ip4_addr.c ****       }
 767              		.loc 1 307 16 view .LVU246
 768 0068 0020     		movs	r0, #0
 769              	.LVL78:
 770              	.L61:
 310:Middlewares/Third_Party/LwIP/src/core/ipv4/ip4_addr.c ****     }
 311:Middlewares/Third_Party/LwIP/src/core/ipv4/ip4_addr.c ****     if (len++ >= buflen) {
 312:Middlewares/Third_Party/LwIP/src/core/ipv4/ip4_addr.c ****       return NULL;
 313:Middlewares/Third_Party/LwIP/src/core/ipv4/ip4_addr.c ****     }
ARM GAS  C:\Users\17832\AppData\Local\Temp\cc0wduXw.s 			page 22


 314:Middlewares/Third_Party/LwIP/src/core/ipv4/ip4_addr.c ****     *rp++ = '.';
 315:Middlewares/Third_Party/LwIP/src/core/ipv4/ip4_addr.c ****     ap++;
 316:Middlewares/Third_Party/LwIP/src/core/ipv4/ip4_addr.c ****   }
 317:Middlewares/Third_Party/LwIP/src/core/ipv4/ip4_addr.c ****   *--rp = 0;
 318:Middlewares/Third_Party/LwIP/src/core/ipv4/ip4_addr.c ****   return buf;
 319:Middlewares/Third_Party/LwIP/src/core/ipv4/ip4_addr.c **** }
 771              		.loc 1 319 1 view .LVU247
 772 006a 03B0     		add	sp, sp, #12
 773              	.LCFI11:
 774              		.cfi_remember_state
 775              		.cfi_def_cfa_offset 20
 776              		@ sp needed
 777 006c F0BD     		pop	{r4, r5, r6, r7, pc}
 778              	.LVL79:
 779              	.L72:
 780              	.LCFI12:
 781              		.cfi_restore_state
 311:Middlewares/Third_Party/LwIP/src/core/ipv4/ip4_addr.c ****       return NULL;
 782              		.loc 1 311 5 is_stmt 1 view .LVU248
 311:Middlewares/Third_Party/LwIP/src/core/ipv4/ip4_addr.c ****       return NULL;
 783              		.loc 1 311 12 is_stmt 0 view .LVU249
 784 006e 631C     		adds	r3, r4, #1
 785              	.LVL80:
 311:Middlewares/Third_Party/LwIP/src/core/ipv4/ip4_addr.c ****       return NULL;
 786              		.loc 1 311 8 view .LVU250
 787 0070 9442     		cmp	r4, r2
 788 0072 0CDA     		bge	.L68
 314:Middlewares/Third_Party/LwIP/src/core/ipv4/ip4_addr.c ****     ap++;
 789              		.loc 1 314 5 is_stmt 1 discriminator 2 view .LVU251
 790              	.LVL81:
 314:Middlewares/Third_Party/LwIP/src/core/ipv4/ip4_addr.c ****     ap++;
 791              		.loc 1 314 11 is_stmt 0 discriminator 2 view .LVU252
 792 0074 2E20     		movs	r0, #46
 793              	.LVL82:
 314:Middlewares/Third_Party/LwIP/src/core/ipv4/ip4_addr.c ****     ap++;
 794              		.loc 1 314 11 discriminator 2 view .LVU253
 795 0076 0EF8010B 		strb	r0, [lr], #1
 796              	.LVL83:
 315:Middlewares/Third_Party/LwIP/src/core/ipv4/ip4_addr.c ****   }
 797              		.loc 1 315 5 is_stmt 1 discriminator 2 view .LVU254
 315:Middlewares/Third_Party/LwIP/src/core/ipv4/ip4_addr.c ****   }
 798              		.loc 1 315 7 is_stmt 0 discriminator 2 view .LVU255
 799 007a 0135     		adds	r5, r5, #1
 800              	.LVL84:
 298:Middlewares/Third_Party/LwIP/src/core/ipv4/ip4_addr.c ****     i = 0;
 801              		.loc 1 298 22 is_stmt 1 discriminator 2 view .LVU256
 298:Middlewares/Third_Party/LwIP/src/core/ipv4/ip4_addr.c ****     i = 0;
 802              		.loc 1 298 23 is_stmt 0 discriminator 2 view .LVU257
 803 007c 0136     		adds	r6, r6, #1
 804              	.LVL85:
 298:Middlewares/Third_Party/LwIP/src/core/ipv4/ip4_addr.c ****     i = 0;
 805              		.loc 1 298 23 discriminator 2 view .LVU258
 806 007e F6B2     		uxtb	r6, r6
 807              	.LVL86:
 311:Middlewares/Third_Party/LwIP/src/core/ipv4/ip4_addr.c ****       return NULL;
 808              		.loc 1 311 12 discriminator 2 view .LVU259
 809 0080 1C46     		mov	r4, r3
ARM GAS  C:\Users\17832\AppData\Local\Temp\cc0wduXw.s 			page 23


 810 0082 C5E7     		b	.L62
 811              	.LVL87:
 812              	.L71:
 317:Middlewares/Third_Party/LwIP/src/core/ipv4/ip4_addr.c ****   return buf;
 813              		.loc 1 317 3 is_stmt 1 view .LVU260
 317:Middlewares/Third_Party/LwIP/src/core/ipv4/ip4_addr.c ****   return buf;
 814              		.loc 1 317 9 is_stmt 0 view .LVU261
 815 0084 0023     		movs	r3, #0
 816 0086 0EF8013C 		strb	r3, [lr, #-1]
 318:Middlewares/Third_Party/LwIP/src/core/ipv4/ip4_addr.c **** }
 817              		.loc 1 318 3 is_stmt 1 view .LVU262
 318:Middlewares/Third_Party/LwIP/src/core/ipv4/ip4_addr.c **** }
 818              		.loc 1 318 10 is_stmt 0 view .LVU263
 819 008a 0846     		mov	r0, r1
 820 008c EDE7     		b	.L61
 821              	.LVL88:
 822              	.L68:
 312:Middlewares/Third_Party/LwIP/src/core/ipv4/ip4_addr.c ****     }
 823              		.loc 1 312 14 view .LVU264
 824 008e 0020     		movs	r0, #0
 825              	.LVL89:
 312:Middlewares/Third_Party/LwIP/src/core/ipv4/ip4_addr.c ****     }
 826              		.loc 1 312 14 view .LVU265
 827 0090 EBE7     		b	.L61
 828              	.L75:
 829 0092 00BF     		.align	2
 830              	.L74:
 831 0094 CDCCCCCC 		.word	-858993459
 832              		.cfi_endproc
 833              	.LFE161:
 835              		.section	.text.ip4addr_ntoa,"ax",%progbits
 836              		.align	1
 837              		.global	ip4addr_ntoa
 838              		.syntax unified
 839              		.thumb
 840              		.thumb_func
 842              	ip4addr_ntoa:
 843              	.LVL90:
 844              	.LFB160:
 268:Middlewares/Third_Party/LwIP/src/core/ipv4/ip4_addr.c ****   static char str[IP4ADDR_STRLEN_MAX];
 845              		.loc 1 268 1 is_stmt 1 view -0
 846              		.cfi_startproc
 847              		@ args = 0, pretend = 0, frame = 0
 848              		@ frame_needed = 0, uses_anonymous_args = 0
 268:Middlewares/Third_Party/LwIP/src/core/ipv4/ip4_addr.c ****   static char str[IP4ADDR_STRLEN_MAX];
 849              		.loc 1 268 1 is_stmt 0 view .LVU267
 850 0000 08B5     		push	{r3, lr}
 851              	.LCFI13:
 852              		.cfi_def_cfa_offset 8
 853              		.cfi_offset 3, -8
 854              		.cfi_offset 14, -4
 269:Middlewares/Third_Party/LwIP/src/core/ipv4/ip4_addr.c ****   return ip4addr_ntoa_r(addr, str, IP4ADDR_STRLEN_MAX);
 855              		.loc 1 269 3 is_stmt 1 view .LVU268
 270:Middlewares/Third_Party/LwIP/src/core/ipv4/ip4_addr.c **** }
 856              		.loc 1 270 3 view .LVU269
 270:Middlewares/Third_Party/LwIP/src/core/ipv4/ip4_addr.c **** }
 857              		.loc 1 270 10 is_stmt 0 view .LVU270
ARM GAS  C:\Users\17832\AppData\Local\Temp\cc0wduXw.s 			page 24


 858 0002 1022     		movs	r2, #16
 859 0004 0149     		ldr	r1, .L78
 860 0006 FFF7FEFF 		bl	ip4addr_ntoa_r
 861              	.LVL91:
 271:Middlewares/Third_Party/LwIP/src/core/ipv4/ip4_addr.c **** 
 862              		.loc 1 271 1 view .LVU271
 863 000a 08BD     		pop	{r3, pc}
 864              	.L79:
 865              		.align	2
 866              	.L78:
 867 000c 00000000 		.word	.LANCHOR0
 868              		.cfi_endproc
 869              	.LFE160:
 871              		.global	ip_addr_broadcast
 872              		.global	ip_addr_any
 873              		.section	.bss.str.0,"aw",%nobits
 874              		.align	2
 875              		.set	.LANCHOR0,. + 0
 878              	str.0:
 879 0000 00000000 		.space	16
 879      00000000 
 879      00000000 
 879      00000000 
 880              		.section	.rodata.ip_addr_any,"a"
 881              		.align	2
 884              	ip_addr_any:
 885 0000 00000000 		.space	4
 886              		.section	.rodata.ip_addr_broadcast,"a"
 887              		.align	2
 890              	ip_addr_broadcast:
 891 0000 FFFFFFFF 		.word	-1
 892              		.text
 893              	.Letext0:
 894              		.file 2 "d:\\gnu arm embedded toolchain\\10 2021.10\\arm-none-eabi\\include\\machine\\_default_typ
 895              		.file 3 "d:\\gnu arm embedded toolchain\\10 2021.10\\arm-none-eabi\\include\\sys\\_stdint.h"
 896              		.file 4 "Middlewares/Third_Party/LwIP/src/include/lwip/arch.h"
 897              		.file 5 "Middlewares/Third_Party/LwIP/src/include/lwip/ip4_addr.h"
 898              		.file 6 "Middlewares/Third_Party/LwIP/src/include/lwip/ip_addr.h"
 899              		.file 7 "d:\\gnu arm embedded toolchain\\10 2021.10\\arm-none-eabi\\include\\ctype.h"
 900              		.file 8 "Middlewares/Third_Party/LwIP/src/include/lwip/err.h"
 901              		.file 9 "Middlewares/Third_Party/LwIP/src/include/lwip/pbuf.h"
 902              		.file 10 "Middlewares/Third_Party/LwIP/src/include/lwip/netif.h"
 903              		.file 11 "Middlewares/Third_Party/LwIP/src/include/lwip/def.h"
 904              		.file 12 "d:\\gnu arm embedded toolchain\\10 2021.10\\arm-none-eabi\\include\\stdio.h"
 905              		.file 13 "Middlewares/Third_Party/LwIP/src/include/lwip/memp.h"
ARM GAS  C:\Users\17832\AppData\Local\Temp\cc0wduXw.s 			page 25


DEFINED SYMBOLS
                            *ABS*:00000000 ip4_addr.c
C:\Users\17832\AppData\Local\Temp\cc0wduXw.s:20     .text.ip4_addr_isbroadcast_u32:00000000 $t
C:\Users\17832\AppData\Local\Temp\cc0wduXw.s:26     .text.ip4_addr_isbroadcast_u32:00000000 ip4_addr_isbroadcast_u32
C:\Users\17832\AppData\Local\Temp\cc0wduXw.s:102    .text.ip4_addr_netmask_valid:00000000 $t
C:\Users\17832\AppData\Local\Temp\cc0wduXw.s:108    .text.ip4_addr_netmask_valid:00000000 ip4_addr_netmask_valid
C:\Users\17832\AppData\Local\Temp\cc0wduXw.s:176    .rodata.ip4addr_aton.str1.4:00000000 $d
C:\Users\17832\AppData\Local\Temp\cc0wduXw.s:187    .text.ip4addr_aton:00000000 $t
C:\Users\17832\AppData\Local\Temp\cc0wduXw.s:193    .text.ip4addr_aton:00000000 ip4addr_aton
C:\Users\17832\AppData\Local\Temp\cc0wduXw.s:396    .text.ip4addr_aton:000000ac $d
C:\Users\17832\AppData\Local\Temp\cc0wduXw.s:582    .text.ip4addr_aton:00000158 $d
C:\Users\17832\AppData\Local\Temp\cc0wduXw.s:590    .text.ipaddr_addr:00000000 $t
C:\Users\17832\AppData\Local\Temp\cc0wduXw.s:596    .text.ipaddr_addr:00000000 ipaddr_addr
C:\Users\17832\AppData\Local\Temp\cc0wduXw.s:640    .text.ip4addr_ntoa_r:00000000 $t
C:\Users\17832\AppData\Local\Temp\cc0wduXw.s:646    .text.ip4addr_ntoa_r:00000000 ip4addr_ntoa_r
C:\Users\17832\AppData\Local\Temp\cc0wduXw.s:831    .text.ip4addr_ntoa_r:00000094 $d
C:\Users\17832\AppData\Local\Temp\cc0wduXw.s:836    .text.ip4addr_ntoa:00000000 $t
C:\Users\17832\AppData\Local\Temp\cc0wduXw.s:842    .text.ip4addr_ntoa:00000000 ip4addr_ntoa
C:\Users\17832\AppData\Local\Temp\cc0wduXw.s:867    .text.ip4addr_ntoa:0000000c $d
C:\Users\17832\AppData\Local\Temp\cc0wduXw.s:890    .rodata.ip_addr_broadcast:00000000 ip_addr_broadcast
C:\Users\17832\AppData\Local\Temp\cc0wduXw.s:884    .rodata.ip_addr_any:00000000 ip_addr_any
C:\Users\17832\AppData\Local\Temp\cc0wduXw.s:874    .bss.str.0:00000000 $d
C:\Users\17832\AppData\Local\Temp\cc0wduXw.s:878    .bss.str.0:00000000 str.0
C:\Users\17832\AppData\Local\Temp\cc0wduXw.s:881    .rodata.ip_addr_any:00000000 $d
C:\Users\17832\AppData\Local\Temp\cc0wduXw.s:887    .rodata.ip_addr_broadcast:00000000 $d
C:\Users\17832\AppData\Local\Temp\cc0wduXw.s:401    .text.ip4addr_aton:000000b1 $d
C:\Users\17832\AppData\Local\Temp\cc0wduXw.s:401    .text.ip4addr_aton:000000b2 $t

UNDEFINED SYMBOLS
lwip_htonl
printf
_ctype_
