ARM GAS  C:\Users\ADMINI~1\AppData\Local\Temp\ccSl0jd5.s 			page 1


   1              		.cpu cortex-m4
   2              		.arch armv7e-m
   3              		.fpu fpv4-sp-d16
   4              		.eabi_attribute 27, 1
   5              		.eabi_attribute 28, 1
   6              		.eabi_attribute 20, 1
   7              		.eabi_attribute 21, 1
   8              		.eabi_attribute 23, 3
   9              		.eabi_attribute 24, 1
  10              		.eabi_attribute 25, 1
  11              		.eabi_attribute 26, 1
  12              		.eabi_attribute 30, 1
  13              		.eabi_attribute 34, 1
  14              		.eabi_attribute 18, 4
  15              		.file	"lv_async.c"
  16              		.text
  17              	.Ltext0:
  18              		.cfi_sections	.debug_frame
  19              		.section	.text.lv_async_timer_cb,"ax",%progbits
  20              		.align	1
  21              		.syntax unified
  22              		.thumb
  23              		.thumb_func
  25              	lv_async_timer_cb:
  26              	.LVL0:
  27              	.LFB2:
  28              		.file 1 "Middlewares/LVGL/GUI/lvgl/src/misc/lv_async.c"
   1:Middlewares/LVGL/GUI/lvgl/src/misc/lv_async.c **** /**
   2:Middlewares/LVGL/GUI/lvgl/src/misc/lv_async.c ****  * @file lv_async.c
   3:Middlewares/LVGL/GUI/lvgl/src/misc/lv_async.c ****  *
   4:Middlewares/LVGL/GUI/lvgl/src/misc/lv_async.c ****  */
   5:Middlewares/LVGL/GUI/lvgl/src/misc/lv_async.c **** 
   6:Middlewares/LVGL/GUI/lvgl/src/misc/lv_async.c **** /*********************
   7:Middlewares/LVGL/GUI/lvgl/src/misc/lv_async.c ****  *      INCLUDES
   8:Middlewares/LVGL/GUI/lvgl/src/misc/lv_async.c ****  *********************/
   9:Middlewares/LVGL/GUI/lvgl/src/misc/lv_async.c **** 
  10:Middlewares/LVGL/GUI/lvgl/src/misc/lv_async.c **** #include "lv_async.h"
  11:Middlewares/LVGL/GUI/lvgl/src/misc/lv_async.c **** #include "lv_mem.h"
  12:Middlewares/LVGL/GUI/lvgl/src/misc/lv_async.c **** #include "lv_timer.h"
  13:Middlewares/LVGL/GUI/lvgl/src/misc/lv_async.c **** 
  14:Middlewares/LVGL/GUI/lvgl/src/misc/lv_async.c **** /*********************
  15:Middlewares/LVGL/GUI/lvgl/src/misc/lv_async.c ****  *      DEFINES
  16:Middlewares/LVGL/GUI/lvgl/src/misc/lv_async.c ****  *********************/
  17:Middlewares/LVGL/GUI/lvgl/src/misc/lv_async.c **** 
  18:Middlewares/LVGL/GUI/lvgl/src/misc/lv_async.c **** /**********************
  19:Middlewares/LVGL/GUI/lvgl/src/misc/lv_async.c ****  *      TYPEDEFS
  20:Middlewares/LVGL/GUI/lvgl/src/misc/lv_async.c ****  **********************/
  21:Middlewares/LVGL/GUI/lvgl/src/misc/lv_async.c **** 
  22:Middlewares/LVGL/GUI/lvgl/src/misc/lv_async.c **** typedef struct _lv_async_info_t {
  23:Middlewares/LVGL/GUI/lvgl/src/misc/lv_async.c ****     lv_async_cb_t cb;
  24:Middlewares/LVGL/GUI/lvgl/src/misc/lv_async.c ****     void * user_data;
  25:Middlewares/LVGL/GUI/lvgl/src/misc/lv_async.c **** } lv_async_info_t;
  26:Middlewares/LVGL/GUI/lvgl/src/misc/lv_async.c **** 
  27:Middlewares/LVGL/GUI/lvgl/src/misc/lv_async.c **** /**********************
  28:Middlewares/LVGL/GUI/lvgl/src/misc/lv_async.c ****  *  STATIC PROTOTYPES
  29:Middlewares/LVGL/GUI/lvgl/src/misc/lv_async.c ****  **********************/
  30:Middlewares/LVGL/GUI/lvgl/src/misc/lv_async.c **** 
ARM GAS  C:\Users\ADMINI~1\AppData\Local\Temp\ccSl0jd5.s 			page 2


  31:Middlewares/LVGL/GUI/lvgl/src/misc/lv_async.c **** static void lv_async_timer_cb(lv_timer_t * timer);
  32:Middlewares/LVGL/GUI/lvgl/src/misc/lv_async.c **** 
  33:Middlewares/LVGL/GUI/lvgl/src/misc/lv_async.c **** /**********************
  34:Middlewares/LVGL/GUI/lvgl/src/misc/lv_async.c ****  *  STATIC VARIABLES
  35:Middlewares/LVGL/GUI/lvgl/src/misc/lv_async.c ****  **********************/
  36:Middlewares/LVGL/GUI/lvgl/src/misc/lv_async.c **** 
  37:Middlewares/LVGL/GUI/lvgl/src/misc/lv_async.c **** /**********************
  38:Middlewares/LVGL/GUI/lvgl/src/misc/lv_async.c ****  *      MACROS
  39:Middlewares/LVGL/GUI/lvgl/src/misc/lv_async.c ****  **********************/
  40:Middlewares/LVGL/GUI/lvgl/src/misc/lv_async.c **** 
  41:Middlewares/LVGL/GUI/lvgl/src/misc/lv_async.c **** /**********************
  42:Middlewares/LVGL/GUI/lvgl/src/misc/lv_async.c ****  *   GLOBAL FUNCTIONS
  43:Middlewares/LVGL/GUI/lvgl/src/misc/lv_async.c ****  **********************/
  44:Middlewares/LVGL/GUI/lvgl/src/misc/lv_async.c **** 
  45:Middlewares/LVGL/GUI/lvgl/src/misc/lv_async.c **** lv_res_t lv_async_call(lv_async_cb_t async_xcb, void * user_data)
  46:Middlewares/LVGL/GUI/lvgl/src/misc/lv_async.c **** {
  47:Middlewares/LVGL/GUI/lvgl/src/misc/lv_async.c ****     /*Allocate an info structure*/
  48:Middlewares/LVGL/GUI/lvgl/src/misc/lv_async.c ****     lv_async_info_t * info = lv_mem_alloc(sizeof(lv_async_info_t));
  49:Middlewares/LVGL/GUI/lvgl/src/misc/lv_async.c **** 
  50:Middlewares/LVGL/GUI/lvgl/src/misc/lv_async.c ****     if(info == NULL)
  51:Middlewares/LVGL/GUI/lvgl/src/misc/lv_async.c ****         return LV_RES_INV;
  52:Middlewares/LVGL/GUI/lvgl/src/misc/lv_async.c **** 
  53:Middlewares/LVGL/GUI/lvgl/src/misc/lv_async.c ****     /*Create a new timer*/
  54:Middlewares/LVGL/GUI/lvgl/src/misc/lv_async.c ****     lv_timer_t * timer = lv_timer_create(lv_async_timer_cb, 0, info);
  55:Middlewares/LVGL/GUI/lvgl/src/misc/lv_async.c **** 
  56:Middlewares/LVGL/GUI/lvgl/src/misc/lv_async.c ****     if(timer == NULL) {
  57:Middlewares/LVGL/GUI/lvgl/src/misc/lv_async.c ****         lv_mem_free(info);
  58:Middlewares/LVGL/GUI/lvgl/src/misc/lv_async.c ****         return LV_RES_INV;
  59:Middlewares/LVGL/GUI/lvgl/src/misc/lv_async.c ****     }
  60:Middlewares/LVGL/GUI/lvgl/src/misc/lv_async.c **** 
  61:Middlewares/LVGL/GUI/lvgl/src/misc/lv_async.c ****     info->cb = async_xcb;
  62:Middlewares/LVGL/GUI/lvgl/src/misc/lv_async.c ****     info->user_data = user_data;
  63:Middlewares/LVGL/GUI/lvgl/src/misc/lv_async.c **** 
  64:Middlewares/LVGL/GUI/lvgl/src/misc/lv_async.c ****     lv_timer_set_repeat_count(timer, 1);
  65:Middlewares/LVGL/GUI/lvgl/src/misc/lv_async.c ****     return LV_RES_OK;
  66:Middlewares/LVGL/GUI/lvgl/src/misc/lv_async.c **** }
  67:Middlewares/LVGL/GUI/lvgl/src/misc/lv_async.c **** 
  68:Middlewares/LVGL/GUI/lvgl/src/misc/lv_async.c **** /**********************
  69:Middlewares/LVGL/GUI/lvgl/src/misc/lv_async.c ****  *   STATIC FUNCTIONS
  70:Middlewares/LVGL/GUI/lvgl/src/misc/lv_async.c ****  **********************/
  71:Middlewares/LVGL/GUI/lvgl/src/misc/lv_async.c **** 
  72:Middlewares/LVGL/GUI/lvgl/src/misc/lv_async.c **** static void lv_async_timer_cb(lv_timer_t * timer)
  73:Middlewares/LVGL/GUI/lvgl/src/misc/lv_async.c **** {
  29              		.loc 1 73 1 view -0
  30              		.cfi_startproc
  31              		@ args = 0, pretend = 0, frame = 0
  32              		@ frame_needed = 0, uses_anonymous_args = 0
  33              		.loc 1 73 1 is_stmt 0 view .LVU1
  34 0000 10B5     		push	{r4, lr}
  35              	.LCFI0:
  36              		.cfi_def_cfa_offset 8
  37              		.cfi_offset 4, -8
  38              		.cfi_offset 14, -4
  74:Middlewares/LVGL/GUI/lvgl/src/misc/lv_async.c ****     lv_async_info_t * info = (lv_async_info_t *)timer->user_data;
  39              		.loc 1 74 5 is_stmt 1 view .LVU2
  40              		.loc 1 74 23 is_stmt 0 view .LVU3
  41 0002 C468     		ldr	r4, [r0, #12]
ARM GAS  C:\Users\ADMINI~1\AppData\Local\Temp\ccSl0jd5.s 			page 3


  42              	.LVL1:
  75:Middlewares/LVGL/GUI/lvgl/src/misc/lv_async.c **** 
  76:Middlewares/LVGL/GUI/lvgl/src/misc/lv_async.c ****     info->cb(info->user_data);
  43              		.loc 1 76 5 is_stmt 1 view .LVU4
  44              		.loc 1 76 9 is_stmt 0 view .LVU5
  45 0004 2368     		ldr	r3, [r4]
  46              		.loc 1 76 5 view .LVU6
  47 0006 6068     		ldr	r0, [r4, #4]
  48              	.LVL2:
  49              		.loc 1 76 5 view .LVU7
  50 0008 9847     		blx	r3
  51              	.LVL3:
  77:Middlewares/LVGL/GUI/lvgl/src/misc/lv_async.c ****     lv_mem_free(info);
  52              		.loc 1 77 5 is_stmt 1 view .LVU8
  53 000a 2046     		mov	r0, r4
  54 000c FFF7FEFF 		bl	lv_mem_free
  55              	.LVL4:
  78:Middlewares/LVGL/GUI/lvgl/src/misc/lv_async.c **** }
  56              		.loc 1 78 1 is_stmt 0 view .LVU9
  57 0010 10BD     		pop	{r4, pc}
  58              		.loc 1 78 1 view .LVU10
  59              		.cfi_endproc
  60              	.LFE2:
  62              		.section	.text.lv_async_call,"ax",%progbits
  63              		.align	1
  64              		.global	lv_async_call
  65              		.syntax unified
  66              		.thumb
  67              		.thumb_func
  69              	lv_async_call:
  70              	.LVL5:
  71              	.LFB1:
  46:Middlewares/LVGL/GUI/lvgl/src/misc/lv_async.c ****     /*Allocate an info structure*/
  72              		.loc 1 46 1 is_stmt 1 view -0
  73              		.cfi_startproc
  74              		@ args = 0, pretend = 0, frame = 0
  75              		@ frame_needed = 0, uses_anonymous_args = 0
  46:Middlewares/LVGL/GUI/lvgl/src/misc/lv_async.c ****     /*Allocate an info structure*/
  76              		.loc 1 46 1 is_stmt 0 view .LVU12
  77 0000 70B5     		push	{r4, r5, r6, lr}
  78              	.LCFI1:
  79              		.cfi_def_cfa_offset 16
  80              		.cfi_offset 4, -16
  81              		.cfi_offset 5, -12
  82              		.cfi_offset 6, -8
  83              		.cfi_offset 14, -4
  84 0002 0546     		mov	r5, r0
  85 0004 0C46     		mov	r4, r1
  48:Middlewares/LVGL/GUI/lvgl/src/misc/lv_async.c **** 
  86              		.loc 1 48 5 is_stmt 1 view .LVU13
  48:Middlewares/LVGL/GUI/lvgl/src/misc/lv_async.c **** 
  87              		.loc 1 48 30 is_stmt 0 view .LVU14
  88 0006 0820     		movs	r0, #8
  89              	.LVL6:
  48:Middlewares/LVGL/GUI/lvgl/src/misc/lv_async.c **** 
  90              		.loc 1 48 30 view .LVU15
  91 0008 FFF7FEFF 		bl	lv_mem_alloc
ARM GAS  C:\Users\ADMINI~1\AppData\Local\Temp\ccSl0jd5.s 			page 4


  92              	.LVL7:
  50:Middlewares/LVGL/GUI/lvgl/src/misc/lv_async.c ****         return LV_RES_INV;
  93              		.loc 1 50 5 is_stmt 1 view .LVU16
  50:Middlewares/LVGL/GUI/lvgl/src/misc/lv_async.c ****         return LV_RES_INV;
  94              		.loc 1 50 7 is_stmt 0 view .LVU17
  95 000c 90B1     		cbz	r0, .L6
  96 000e 0646     		mov	r6, r0
  54:Middlewares/LVGL/GUI/lvgl/src/misc/lv_async.c **** 
  97              		.loc 1 54 5 is_stmt 1 view .LVU18
  54:Middlewares/LVGL/GUI/lvgl/src/misc/lv_async.c **** 
  98              		.loc 1 54 26 is_stmt 0 view .LVU19
  99 0010 0246     		mov	r2, r0
 100 0012 0021     		movs	r1, #0
 101 0014 0848     		ldr	r0, .L9
 102              	.LVL8:
  54:Middlewares/LVGL/GUI/lvgl/src/misc/lv_async.c **** 
 103              		.loc 1 54 26 view .LVU20
 104 0016 FFF7FEFF 		bl	lv_timer_create
 105              	.LVL9:
  56:Middlewares/LVGL/GUI/lvgl/src/misc/lv_async.c ****         lv_mem_free(info);
 106              		.loc 1 56 5 is_stmt 1 view .LVU21
  56:Middlewares/LVGL/GUI/lvgl/src/misc/lv_async.c ****         lv_mem_free(info);
 107              		.loc 1 56 7 is_stmt 0 view .LVU22
 108 001a 30B1     		cbz	r0, .L8
  61:Middlewares/LVGL/GUI/lvgl/src/misc/lv_async.c ****     info->user_data = user_data;
 109              		.loc 1 61 5 is_stmt 1 view .LVU23
  61:Middlewares/LVGL/GUI/lvgl/src/misc/lv_async.c ****     info->user_data = user_data;
 110              		.loc 1 61 14 is_stmt 0 view .LVU24
 111 001c 3560     		str	r5, [r6]
  62:Middlewares/LVGL/GUI/lvgl/src/misc/lv_async.c **** 
 112              		.loc 1 62 5 is_stmt 1 view .LVU25
  62:Middlewares/LVGL/GUI/lvgl/src/misc/lv_async.c **** 
 113              		.loc 1 62 21 is_stmt 0 view .LVU26
 114 001e 7460     		str	r4, [r6, #4]
  64:Middlewares/LVGL/GUI/lvgl/src/misc/lv_async.c ****     return LV_RES_OK;
 115              		.loc 1 64 5 is_stmt 1 view .LVU27
 116 0020 0121     		movs	r1, #1
 117 0022 FFF7FEFF 		bl	lv_timer_set_repeat_count
 118              	.LVL10:
  65:Middlewares/LVGL/GUI/lvgl/src/misc/lv_async.c **** }
 119              		.loc 1 65 5 view .LVU28
  65:Middlewares/LVGL/GUI/lvgl/src/misc/lv_async.c **** }
 120              		.loc 1 65 12 is_stmt 0 view .LVU29
 121 0026 0120     		movs	r0, #1
 122              	.LVL11:
 123              	.L4:
  66:Middlewares/LVGL/GUI/lvgl/src/misc/lv_async.c **** 
 124              		.loc 1 66 1 view .LVU30
 125 0028 70BD     		pop	{r4, r5, r6, pc}
 126              	.LVL12:
 127              	.L8:
  57:Middlewares/LVGL/GUI/lvgl/src/misc/lv_async.c ****         return LV_RES_INV;
 128              		.loc 1 57 9 is_stmt 1 view .LVU31
 129 002a 3046     		mov	r0, r6
 130              	.LVL13:
  57:Middlewares/LVGL/GUI/lvgl/src/misc/lv_async.c ****         return LV_RES_INV;
 131              		.loc 1 57 9 is_stmt 0 view .LVU32
ARM GAS  C:\Users\ADMINI~1\AppData\Local\Temp\ccSl0jd5.s 			page 5


 132 002c FFF7FEFF 		bl	lv_mem_free
 133              	.LVL14:
  58:Middlewares/LVGL/GUI/lvgl/src/misc/lv_async.c ****     }
 134              		.loc 1 58 9 is_stmt 1 view .LVU33
  58:Middlewares/LVGL/GUI/lvgl/src/misc/lv_async.c ****     }
 135              		.loc 1 58 16 is_stmt 0 view .LVU34
 136 0030 0020     		movs	r0, #0
 137 0032 F9E7     		b	.L4
 138              	.LVL15:
 139              	.L6:
  51:Middlewares/LVGL/GUI/lvgl/src/misc/lv_async.c **** 
 140              		.loc 1 51 16 view .LVU35
 141 0034 0020     		movs	r0, #0
 142              	.LVL16:
  51:Middlewares/LVGL/GUI/lvgl/src/misc/lv_async.c **** 
 143              		.loc 1 51 16 view .LVU36
 144 0036 F7E7     		b	.L4
 145              	.L10:
 146              		.align	2
 147              	.L9:
 148 0038 00000000 		.word	lv_async_timer_cb
 149              		.cfi_endproc
 150              	.LFE1:
 152              		.text
 153              	.Letext0:
 154              		.file 2 "c:\\gnu arm embedded toolchain\\10 2021.10\\arm-none-eabi\\include\\machine\\_default_typ
 155              		.file 3 "c:\\gnu arm embedded toolchain\\10 2021.10\\arm-none-eabi\\include\\sys\\_stdint.h"
 156              		.file 4 "Middlewares/LVGL/GUI/lvgl/src/misc/lv_types.h"
 157              		.file 5 "Middlewares/LVGL/GUI/lvgl/src/misc/lv_async.h"
 158              		.file 6 "Middlewares/LVGL/GUI/lvgl/src/misc/lv_timer.h"
 159              		.file 7 "Middlewares/LVGL/GUI/lvgl/src/misc/lv_mem.h"
ARM GAS  C:\Users\ADMINI~1\AppData\Local\Temp\ccSl0jd5.s 			page 6


DEFINED SYMBOLS
                            *ABS*:00000000 lv_async.c
C:\Users\ADMINI~1\AppData\Local\Temp\ccSl0jd5.s:20     .text.lv_async_timer_cb:00000000 $t
C:\Users\ADMINI~1\AppData\Local\Temp\ccSl0jd5.s:25     .text.lv_async_timer_cb:00000000 lv_async_timer_cb
C:\Users\ADMINI~1\AppData\Local\Temp\ccSl0jd5.s:63     .text.lv_async_call:00000000 $t
C:\Users\ADMINI~1\AppData\Local\Temp\ccSl0jd5.s:69     .text.lv_async_call:00000000 lv_async_call
C:\Users\ADMINI~1\AppData\Local\Temp\ccSl0jd5.s:148    .text.lv_async_call:00000038 $d

UNDEFINED SYMBOLS
lv_mem_free
lv_mem_alloc
lv_timer_create
lv_timer_set_repeat_count
