ARM GAS  C:\Users\ADMINI~1\AppData\Local\Temp\ccR8Z5uo.s 			page 1


   1              		.cpu cortex-m4
   2              		.arch armv7e-m
   3              		.fpu fpv4-sp-d16
   4              		.eabi_attribute 27, 1
   5              		.eabi_attribute 28, 1
   6              		.eabi_attribute 20, 1
   7              		.eabi_attribute 21, 1
   8              		.eabi_attribute 23, 3
   9              		.eabi_attribute 24, 1
  10              		.eabi_attribute 25, 1
  11              		.eabi_attribute 26, 1
  12              		.eabi_attribute 30, 1
  13              		.eabi_attribute 34, 1
  14              		.eabi_attribute 18, 4
  15              		.file	"lv_btn.c"
  16              		.text
  17              	.Ltext0:
  18              		.cfi_sections	.debug_frame
  19              		.section	.text.lv_btn_constructor,"ax",%progbits
  20              		.align	1
  21              		.syntax unified
  22              		.thumb
  23              		.thumb_func
  25              	lv_btn_constructor:
  26              	.LVL0:
  27              	.LFB159:
  28              		.file 1 "Middlewares/LVGL/GUI/lvgl/src/widgets/lv_btn.c"
   1:Middlewares/LVGL/GUI/lvgl/src/widgets/lv_btn.c **** /**
   2:Middlewares/LVGL/GUI/lvgl/src/widgets/lv_btn.c ****  * @file lv_btn.c
   3:Middlewares/LVGL/GUI/lvgl/src/widgets/lv_btn.c ****  *
   4:Middlewares/LVGL/GUI/lvgl/src/widgets/lv_btn.c ****  */
   5:Middlewares/LVGL/GUI/lvgl/src/widgets/lv_btn.c **** 
   6:Middlewares/LVGL/GUI/lvgl/src/widgets/lv_btn.c **** /*********************
   7:Middlewares/LVGL/GUI/lvgl/src/widgets/lv_btn.c ****  *      INCLUDES
   8:Middlewares/LVGL/GUI/lvgl/src/widgets/lv_btn.c ****  *********************/
   9:Middlewares/LVGL/GUI/lvgl/src/widgets/lv_btn.c **** 
  10:Middlewares/LVGL/GUI/lvgl/src/widgets/lv_btn.c **** #include "lv_btn.h"
  11:Middlewares/LVGL/GUI/lvgl/src/widgets/lv_btn.c **** #if LV_USE_BTN != 0
  12:Middlewares/LVGL/GUI/lvgl/src/widgets/lv_btn.c **** 
  13:Middlewares/LVGL/GUI/lvgl/src/widgets/lv_btn.c **** #include "../extra/layouts/flex/lv_flex.h"
  14:Middlewares/LVGL/GUI/lvgl/src/widgets/lv_btn.c **** 
  15:Middlewares/LVGL/GUI/lvgl/src/widgets/lv_btn.c **** /*********************
  16:Middlewares/LVGL/GUI/lvgl/src/widgets/lv_btn.c ****  *      DEFINES
  17:Middlewares/LVGL/GUI/lvgl/src/widgets/lv_btn.c ****  *********************/
  18:Middlewares/LVGL/GUI/lvgl/src/widgets/lv_btn.c **** #define MY_CLASS &lv_btn_class
  19:Middlewares/LVGL/GUI/lvgl/src/widgets/lv_btn.c **** 
  20:Middlewares/LVGL/GUI/lvgl/src/widgets/lv_btn.c **** /**********************
  21:Middlewares/LVGL/GUI/lvgl/src/widgets/lv_btn.c ****  *      TYPEDEFS
  22:Middlewares/LVGL/GUI/lvgl/src/widgets/lv_btn.c ****  **********************/
  23:Middlewares/LVGL/GUI/lvgl/src/widgets/lv_btn.c **** 
  24:Middlewares/LVGL/GUI/lvgl/src/widgets/lv_btn.c **** /**********************
  25:Middlewares/LVGL/GUI/lvgl/src/widgets/lv_btn.c ****  *  STATIC PROTOTYPES
  26:Middlewares/LVGL/GUI/lvgl/src/widgets/lv_btn.c ****  **********************/
  27:Middlewares/LVGL/GUI/lvgl/src/widgets/lv_btn.c **** static void lv_btn_constructor(const lv_obj_class_t * class_p, lv_obj_t * obj);
  28:Middlewares/LVGL/GUI/lvgl/src/widgets/lv_btn.c **** 
  29:Middlewares/LVGL/GUI/lvgl/src/widgets/lv_btn.c **** /**********************
  30:Middlewares/LVGL/GUI/lvgl/src/widgets/lv_btn.c ****  *  STATIC VARIABLES
ARM GAS  C:\Users\ADMINI~1\AppData\Local\Temp\ccR8Z5uo.s 			page 2


  31:Middlewares/LVGL/GUI/lvgl/src/widgets/lv_btn.c ****  **********************/
  32:Middlewares/LVGL/GUI/lvgl/src/widgets/lv_btn.c **** const lv_obj_class_t lv_btn_class  = {
  33:Middlewares/LVGL/GUI/lvgl/src/widgets/lv_btn.c ****     .constructor_cb = lv_btn_constructor,
  34:Middlewares/LVGL/GUI/lvgl/src/widgets/lv_btn.c ****     .width_def = LV_SIZE_CONTENT,
  35:Middlewares/LVGL/GUI/lvgl/src/widgets/lv_btn.c ****     .height_def = LV_SIZE_CONTENT,
  36:Middlewares/LVGL/GUI/lvgl/src/widgets/lv_btn.c ****     .group_def = LV_OBJ_CLASS_GROUP_DEF_TRUE,
  37:Middlewares/LVGL/GUI/lvgl/src/widgets/lv_btn.c ****     .instance_size = sizeof(lv_btn_t),
  38:Middlewares/LVGL/GUI/lvgl/src/widgets/lv_btn.c ****     .base_class = &lv_obj_class
  39:Middlewares/LVGL/GUI/lvgl/src/widgets/lv_btn.c **** };
  40:Middlewares/LVGL/GUI/lvgl/src/widgets/lv_btn.c **** 
  41:Middlewares/LVGL/GUI/lvgl/src/widgets/lv_btn.c **** /**********************
  42:Middlewares/LVGL/GUI/lvgl/src/widgets/lv_btn.c ****  *      MACROS
  43:Middlewares/LVGL/GUI/lvgl/src/widgets/lv_btn.c ****  **********************/
  44:Middlewares/LVGL/GUI/lvgl/src/widgets/lv_btn.c **** 
  45:Middlewares/LVGL/GUI/lvgl/src/widgets/lv_btn.c **** /**********************
  46:Middlewares/LVGL/GUI/lvgl/src/widgets/lv_btn.c ****  *   GLOBAL FUNCTIONS
  47:Middlewares/LVGL/GUI/lvgl/src/widgets/lv_btn.c ****  **********************/
  48:Middlewares/LVGL/GUI/lvgl/src/widgets/lv_btn.c **** 
  49:Middlewares/LVGL/GUI/lvgl/src/widgets/lv_btn.c **** lv_obj_t * lv_btn_create(lv_obj_t * parent)
  50:Middlewares/LVGL/GUI/lvgl/src/widgets/lv_btn.c **** {
  51:Middlewares/LVGL/GUI/lvgl/src/widgets/lv_btn.c ****     LV_LOG_INFO("begin");
  52:Middlewares/LVGL/GUI/lvgl/src/widgets/lv_btn.c ****     lv_obj_t * obj = lv_obj_class_create_obj(MY_CLASS, parent);
  53:Middlewares/LVGL/GUI/lvgl/src/widgets/lv_btn.c ****     lv_obj_class_init_obj(obj);
  54:Middlewares/LVGL/GUI/lvgl/src/widgets/lv_btn.c ****     return obj;
  55:Middlewares/LVGL/GUI/lvgl/src/widgets/lv_btn.c **** }
  56:Middlewares/LVGL/GUI/lvgl/src/widgets/lv_btn.c **** 
  57:Middlewares/LVGL/GUI/lvgl/src/widgets/lv_btn.c **** /**********************
  58:Middlewares/LVGL/GUI/lvgl/src/widgets/lv_btn.c ****  *   STATIC FUNCTIONS
  59:Middlewares/LVGL/GUI/lvgl/src/widgets/lv_btn.c ****  **********************/
  60:Middlewares/LVGL/GUI/lvgl/src/widgets/lv_btn.c **** 
  61:Middlewares/LVGL/GUI/lvgl/src/widgets/lv_btn.c **** static void lv_btn_constructor(const lv_obj_class_t * class_p, lv_obj_t * obj)
  62:Middlewares/LVGL/GUI/lvgl/src/widgets/lv_btn.c **** {
  29              		.loc 1 62 1 view -0
  30              		.cfi_startproc
  31              		@ args = 0, pretend = 0, frame = 0
  32              		@ frame_needed = 0, uses_anonymous_args = 0
  33              		.loc 1 62 1 is_stmt 0 view .LVU1
  34 0000 10B5     		push	{r4, lr}
  35              	.LCFI0:
  36              		.cfi_def_cfa_offset 8
  37              		.cfi_offset 4, -8
  38              		.cfi_offset 14, -4
  39 0002 0C46     		mov	r4, r1
  63:Middlewares/LVGL/GUI/lvgl/src/widgets/lv_btn.c ****     LV_UNUSED(class_p);
  40              		.loc 1 63 5 is_stmt 1 view .LVU2
  64:Middlewares/LVGL/GUI/lvgl/src/widgets/lv_btn.c ****     LV_TRACE_OBJ_CREATE("begin");
  41              		.loc 1 64 33 view .LVU3
  65:Middlewares/LVGL/GUI/lvgl/src/widgets/lv_btn.c **** 
  66:Middlewares/LVGL/GUI/lvgl/src/widgets/lv_btn.c ****     lv_obj_clear_flag(obj, LV_OBJ_FLAG_SCROLLABLE);
  42              		.loc 1 66 5 view .LVU4
  43 0004 1021     		movs	r1, #16
  44              	.LVL1:
  45              		.loc 1 66 5 is_stmt 0 view .LVU5
  46 0006 2046     		mov	r0, r4
  47              	.LVL2:
  48              		.loc 1 66 5 view .LVU6
  49 0008 FFF7FEFF 		bl	lv_obj_clear_flag
ARM GAS  C:\Users\ADMINI~1\AppData\Local\Temp\ccR8Z5uo.s 			page 3


  50              	.LVL3:
  67:Middlewares/LVGL/GUI/lvgl/src/widgets/lv_btn.c ****     lv_obj_add_flag(obj, LV_OBJ_FLAG_SCROLL_ON_FOCUS);
  51              		.loc 1 67 5 is_stmt 1 view .LVU7
  52 000c 4FF48061 		mov	r1, #1024
  53 0010 2046     		mov	r0, r4
  54 0012 FFF7FEFF 		bl	lv_obj_add_flag
  55              	.LVL4:
  68:Middlewares/LVGL/GUI/lvgl/src/widgets/lv_btn.c **** 
  69:Middlewares/LVGL/GUI/lvgl/src/widgets/lv_btn.c ****     LV_TRACE_OBJ_CREATE("finished");
  56              		.loc 1 69 36 view .LVU8
  70:Middlewares/LVGL/GUI/lvgl/src/widgets/lv_btn.c **** }
  57              		.loc 1 70 1 is_stmt 0 view .LVU9
  58 0016 10BD     		pop	{r4, pc}
  59              		.loc 1 70 1 view .LVU10
  60              		.cfi_endproc
  61              	.LFE159:
  63              		.section	.text.lv_btn_create,"ax",%progbits
  64              		.align	1
  65              		.global	lv_btn_create
  66              		.syntax unified
  67              		.thumb
  68              		.thumb_func
  70              	lv_btn_create:
  71              	.LVL5:
  72              	.LFB158:
  50:Middlewares/LVGL/GUI/lvgl/src/widgets/lv_btn.c ****     LV_LOG_INFO("begin");
  73              		.loc 1 50 1 is_stmt 1 view -0
  74              		.cfi_startproc
  75              		@ args = 0, pretend = 0, frame = 0
  76              		@ frame_needed = 0, uses_anonymous_args = 0
  50:Middlewares/LVGL/GUI/lvgl/src/widgets/lv_btn.c ****     LV_LOG_INFO("begin");
  77              		.loc 1 50 1 is_stmt 0 view .LVU12
  78 0000 10B5     		push	{r4, lr}
  79              	.LCFI1:
  80              		.cfi_def_cfa_offset 8
  81              		.cfi_offset 4, -8
  82              		.cfi_offset 14, -4
  83 0002 0146     		mov	r1, r0
  51:Middlewares/LVGL/GUI/lvgl/src/widgets/lv_btn.c ****     lv_obj_t * obj = lv_obj_class_create_obj(MY_CLASS, parent);
  84              		.loc 1 51 5 is_stmt 1 view .LVU13
  51:Middlewares/LVGL/GUI/lvgl/src/widgets/lv_btn.c ****     lv_obj_t * obj = lv_obj_class_create_obj(MY_CLASS, parent);
  85              		.loc 1 51 5 view .LVU14
  51:Middlewares/LVGL/GUI/lvgl/src/widgets/lv_btn.c ****     lv_obj_t * obj = lv_obj_class_create_obj(MY_CLASS, parent);
  86              		.loc 1 51 5 view .LVU15
  52:Middlewares/LVGL/GUI/lvgl/src/widgets/lv_btn.c ****     lv_obj_class_init_obj(obj);
  87              		.loc 1 52 5 view .LVU16
  52:Middlewares/LVGL/GUI/lvgl/src/widgets/lv_btn.c ****     lv_obj_class_init_obj(obj);
  88              		.loc 1 52 22 is_stmt 0 view .LVU17
  89 0004 0348     		ldr	r0, .L5
  90              	.LVL6:
  52:Middlewares/LVGL/GUI/lvgl/src/widgets/lv_btn.c ****     lv_obj_class_init_obj(obj);
  91              		.loc 1 52 22 view .LVU18
  92 0006 FFF7FEFF 		bl	lv_obj_class_create_obj
  93              	.LVL7:
  52:Middlewares/LVGL/GUI/lvgl/src/widgets/lv_btn.c ****     lv_obj_class_init_obj(obj);
  94              		.loc 1 52 22 view .LVU19
  95 000a 0446     		mov	r4, r0
ARM GAS  C:\Users\ADMINI~1\AppData\Local\Temp\ccR8Z5uo.s 			page 4


  96              	.LVL8:
  53:Middlewares/LVGL/GUI/lvgl/src/widgets/lv_btn.c ****     return obj;
  97              		.loc 1 53 5 is_stmt 1 view .LVU20
  98 000c FFF7FEFF 		bl	lv_obj_class_init_obj
  99              	.LVL9:
  54:Middlewares/LVGL/GUI/lvgl/src/widgets/lv_btn.c **** }
 100              		.loc 1 54 5 view .LVU21
  55:Middlewares/LVGL/GUI/lvgl/src/widgets/lv_btn.c **** 
 101              		.loc 1 55 1 is_stmt 0 view .LVU22
 102 0010 2046     		mov	r0, r4
 103 0012 10BD     		pop	{r4, pc}
 104              	.LVL10:
 105              	.L6:
  55:Middlewares/LVGL/GUI/lvgl/src/widgets/lv_btn.c **** 
 106              		.loc 1 55 1 view .LVU23
 107              		.align	2
 108              	.L5:
 109 0014 00000000 		.word	.LANCHOR0
 110              		.cfi_endproc
 111              	.LFE158:
 113              		.global	lv_btn_class
 114              		.section	.rodata.lv_btn_class,"a"
 115              		.align	2
 116              		.set	.LANCHOR0,. + 0
 119              	lv_btn_class:
 120 0000 00000000 		.word	lv_obj_class
 121 0004 00000000 		.word	lv_btn_constructor
 122 0008 00000000 		.space	12
 122      00000000 
 122      00000000 
 123 0014 D1070020 		.word	536872913
 124 0018 D1070020 		.word	536872913
 125 001c C4       		.byte	196
 126 001d 02       		.byte	2
 127 001e 00       		.byte	0
 128 001f 00       		.space	1
 129              		.text
 130              	.Letext0:
 131              		.file 2 "c:\\gnu arm embedded toolchain\\10 2021.10\\arm-none-eabi\\include\\machine\\_default_typ
 132              		.file 3 "c:\\gnu arm embedded toolchain\\10 2021.10\\arm-none-eabi\\include\\sys\\_stdint.h"
 133              		.file 4 "Middlewares/LVGL/GUI/lvgl/src/widgets/../core/../misc/../font/../misc/lv_area.h"
 134              		.file 5 "Middlewares/LVGL/GUI/lvgl/src/widgets/../core/../misc/lv_color.h"
 135              		.file 6 "Middlewares/LVGL/GUI/lvgl/src/widgets/../core/../misc/lv_style.h"
 136              		.file 7 "Middlewares/LVGL/GUI/lvgl/src/widgets/../core/lv_obj.h"
 137              		.file 8 "Middlewares/LVGL/GUI/lvgl/src/widgets/../core/../hal/../misc/lv_ll.h"
 138              		.file 9 "Middlewares/LVGL/GUI/lvgl/src/widgets/../core/lv_group.h"
 139              		.file 10 "Middlewares/LVGL/GUI/lvgl/src/widgets/../core/lv_obj_scroll.h"
 140              		.file 11 "Middlewares/LVGL/GUI/lvgl/src/widgets/../core/lv_obj_style.h"
 141              		.file 12 "Middlewares/LVGL/GUI/lvgl/src/widgets/../core/lv_obj_class.h"
 142              		.file 13 "Middlewares/LVGL/GUI/lvgl/src/widgets/../core/lv_event.h"
 143              		.file 14 "Middlewares/LVGL/GUI/lvgl/src/widgets/lv_btn.h"
ARM GAS  C:\Users\ADMINI~1\AppData\Local\Temp\ccR8Z5uo.s 			page 5


DEFINED SYMBOLS
                            *ABS*:00000000 lv_btn.c
C:\Users\ADMINI~1\AppData\Local\Temp\ccR8Z5uo.s:20     .text.lv_btn_constructor:00000000 $t
C:\Users\ADMINI~1\AppData\Local\Temp\ccR8Z5uo.s:25     .text.lv_btn_constructor:00000000 lv_btn_constructor
C:\Users\ADMINI~1\AppData\Local\Temp\ccR8Z5uo.s:64     .text.lv_btn_create:00000000 $t
C:\Users\ADMINI~1\AppData\Local\Temp\ccR8Z5uo.s:70     .text.lv_btn_create:00000000 lv_btn_create
C:\Users\ADMINI~1\AppData\Local\Temp\ccR8Z5uo.s:109    .text.lv_btn_create:00000014 $d
C:\Users\ADMINI~1\AppData\Local\Temp\ccR8Z5uo.s:119    .rodata.lv_btn_class:00000000 lv_btn_class
C:\Users\ADMINI~1\AppData\Local\Temp\ccR8Z5uo.s:115    .rodata.lv_btn_class:00000000 $d

UNDEFINED SYMBOLS
lv_obj_clear_flag
lv_obj_add_flag
lv_obj_class_create_obj
lv_obj_class_init_obj
lv_obj_class
