ARM GAS  C:\Users\ADMINI~1\AppData\Local\Temp\ccETl4rq.s 			page 1


   1              		.cpu cortex-m4
   2              		.arch armv7e-m
   3              		.fpu fpv4-sp-d16
   4              		.eabi_attribute 27, 1
   5              		.eabi_attribute 28, 1
   6              		.eabi_attribute 20, 1
   7              		.eabi_attribute 21, 1
   8              		.eabi_attribute 23, 3
   9              		.eabi_attribute 24, 1
  10              		.eabi_attribute 25, 1
  11              		.eabi_attribute 26, 1
  12              		.eabi_attribute 30, 1
  13              		.eabi_attribute 34, 1
  14              		.eabi_attribute 18, 4
  15              		.file	"lv_draw_triangle.c"
  16              		.text
  17              	.Ltext0:
  18              		.cfi_sections	.debug_frame
  19              		.section	.text.lv_draw_polygon,"ax",%progbits
  20              		.align	1
  21              		.global	lv_draw_polygon
  22              		.syntax unified
  23              		.thumb
  24              		.thumb_func
  26              	lv_draw_polygon:
  27              	.LVL0:
  28              	.LFB53:
  29              		.file 1 "Middlewares/LVGL/GUI/lvgl/src/draw/lv_draw_triangle.c"
   1:Middlewares/LVGL/GUI/lvgl/src/draw/lv_draw_triangle.c **** /**
   2:Middlewares/LVGL/GUI/lvgl/src/draw/lv_draw_triangle.c ****  * @file lv_draw_triangle.c
   3:Middlewares/LVGL/GUI/lvgl/src/draw/lv_draw_triangle.c ****  *
   4:Middlewares/LVGL/GUI/lvgl/src/draw/lv_draw_triangle.c ****  */
   5:Middlewares/LVGL/GUI/lvgl/src/draw/lv_draw_triangle.c **** 
   6:Middlewares/LVGL/GUI/lvgl/src/draw/lv_draw_triangle.c **** /*********************
   7:Middlewares/LVGL/GUI/lvgl/src/draw/lv_draw_triangle.c ****  *      INCLUDES
   8:Middlewares/LVGL/GUI/lvgl/src/draw/lv_draw_triangle.c ****  *********************/
   9:Middlewares/LVGL/GUI/lvgl/src/draw/lv_draw_triangle.c **** #include "lv_draw.h"
  10:Middlewares/LVGL/GUI/lvgl/src/draw/lv_draw_triangle.c **** #include "lv_draw_triangle.h"
  11:Middlewares/LVGL/GUI/lvgl/src/draw/lv_draw_triangle.c **** #include "../misc/lv_math.h"
  12:Middlewares/LVGL/GUI/lvgl/src/draw/lv_draw_triangle.c **** #include "../misc/lv_mem.h"
  13:Middlewares/LVGL/GUI/lvgl/src/draw/lv_draw_triangle.c **** 
  14:Middlewares/LVGL/GUI/lvgl/src/draw/lv_draw_triangle.c **** /*********************
  15:Middlewares/LVGL/GUI/lvgl/src/draw/lv_draw_triangle.c ****  *      DEFINES
  16:Middlewares/LVGL/GUI/lvgl/src/draw/lv_draw_triangle.c ****  *********************/
  17:Middlewares/LVGL/GUI/lvgl/src/draw/lv_draw_triangle.c **** 
  18:Middlewares/LVGL/GUI/lvgl/src/draw/lv_draw_triangle.c **** /**********************
  19:Middlewares/LVGL/GUI/lvgl/src/draw/lv_draw_triangle.c ****  *      TYPEDEFS
  20:Middlewares/LVGL/GUI/lvgl/src/draw/lv_draw_triangle.c ****  **********************/
  21:Middlewares/LVGL/GUI/lvgl/src/draw/lv_draw_triangle.c **** 
  22:Middlewares/LVGL/GUI/lvgl/src/draw/lv_draw_triangle.c **** /**********************
  23:Middlewares/LVGL/GUI/lvgl/src/draw/lv_draw_triangle.c ****  *  STATIC PROTOTYPES
  24:Middlewares/LVGL/GUI/lvgl/src/draw/lv_draw_triangle.c ****  **********************/
  25:Middlewares/LVGL/GUI/lvgl/src/draw/lv_draw_triangle.c **** 
  26:Middlewares/LVGL/GUI/lvgl/src/draw/lv_draw_triangle.c **** /**********************
  27:Middlewares/LVGL/GUI/lvgl/src/draw/lv_draw_triangle.c ****  *  STATIC VARIABLES
  28:Middlewares/LVGL/GUI/lvgl/src/draw/lv_draw_triangle.c ****  **********************/
  29:Middlewares/LVGL/GUI/lvgl/src/draw/lv_draw_triangle.c **** 
ARM GAS  C:\Users\ADMINI~1\AppData\Local\Temp\ccETl4rq.s 			page 2


  30:Middlewares/LVGL/GUI/lvgl/src/draw/lv_draw_triangle.c **** /**********************
  31:Middlewares/LVGL/GUI/lvgl/src/draw/lv_draw_triangle.c ****  *      MACROS
  32:Middlewares/LVGL/GUI/lvgl/src/draw/lv_draw_triangle.c ****  **********************/
  33:Middlewares/LVGL/GUI/lvgl/src/draw/lv_draw_triangle.c **** 
  34:Middlewares/LVGL/GUI/lvgl/src/draw/lv_draw_triangle.c **** /**********************
  35:Middlewares/LVGL/GUI/lvgl/src/draw/lv_draw_triangle.c ****  *   GLOBAL FUNCTIONS
  36:Middlewares/LVGL/GUI/lvgl/src/draw/lv_draw_triangle.c ****  **********************/
  37:Middlewares/LVGL/GUI/lvgl/src/draw/lv_draw_triangle.c **** 
  38:Middlewares/LVGL/GUI/lvgl/src/draw/lv_draw_triangle.c **** void lv_draw_polygon(struct _lv_draw_ctx_t * draw_ctx, const lv_draw_rect_dsc_t * draw_dsc, const l
  39:Middlewares/LVGL/GUI/lvgl/src/draw/lv_draw_triangle.c ****                      uint16_t point_cnt)
  40:Middlewares/LVGL/GUI/lvgl/src/draw/lv_draw_triangle.c **** {
  30              		.loc 1 40 1 view -0
  31              		.cfi_startproc
  32              		@ args = 0, pretend = 0, frame = 0
  33              		@ frame_needed = 0, uses_anonymous_args = 0
  34              		.loc 1 40 1 is_stmt 0 view .LVU1
  35 0000 10B5     		push	{r4, lr}
  36              	.LCFI0:
  37              		.cfi_def_cfa_offset 8
  38              		.cfi_offset 4, -8
  39              		.cfi_offset 14, -4
  41:Middlewares/LVGL/GUI/lvgl/src/draw/lv_draw_triangle.c ****     draw_ctx->draw_polygon(draw_ctx, draw_dsc, points, point_cnt);
  40              		.loc 1 41 5 is_stmt 1 view .LVU2
  41              		.loc 1 41 13 is_stmt 0 view .LVU3
  42 0002 446A     		ldr	r4, [r0, #36]
  43              		.loc 1 41 5 view .LVU4
  44 0004 A047     		blx	r4
  45              	.LVL1:
  42:Middlewares/LVGL/GUI/lvgl/src/draw/lv_draw_triangle.c **** }
  46              		.loc 1 42 1 view .LVU5
  47 0006 10BD     		pop	{r4, pc}
  48              		.cfi_endproc
  49              	.LFE53:
  51              		.section	.text.lv_draw_triangle,"ax",%progbits
  52              		.align	1
  53              		.global	lv_draw_triangle
  54              		.syntax unified
  55              		.thumb
  56              		.thumb_func
  58              	lv_draw_triangle:
  59              	.LVL2:
  60              	.LFB54:
  43:Middlewares/LVGL/GUI/lvgl/src/draw/lv_draw_triangle.c **** 
  44:Middlewares/LVGL/GUI/lvgl/src/draw/lv_draw_triangle.c **** void lv_draw_triangle(struct _lv_draw_ctx_t * draw_ctx, const lv_draw_rect_dsc_t * draw_dsc, const 
  45:Middlewares/LVGL/GUI/lvgl/src/draw/lv_draw_triangle.c **** {
  61              		.loc 1 45 1 is_stmt 1 view -0
  62              		.cfi_startproc
  63              		@ args = 0, pretend = 0, frame = 0
  64              		@ frame_needed = 0, uses_anonymous_args = 0
  65              		.loc 1 45 1 is_stmt 0 view .LVU7
  66 0000 10B5     		push	{r4, lr}
  67              	.LCFI1:
  68              		.cfi_def_cfa_offset 8
  69              		.cfi_offset 4, -8
  70              		.cfi_offset 14, -4
  46:Middlewares/LVGL/GUI/lvgl/src/draw/lv_draw_triangle.c **** 
  47:Middlewares/LVGL/GUI/lvgl/src/draw/lv_draw_triangle.c ****     draw_ctx->draw_polygon(draw_ctx, draw_dsc, points, 3);
ARM GAS  C:\Users\ADMINI~1\AppData\Local\Temp\ccETl4rq.s 			page 3


  71              		.loc 1 47 5 is_stmt 1 view .LVU8
  72              		.loc 1 47 13 is_stmt 0 view .LVU9
  73 0002 446A     		ldr	r4, [r0, #36]
  74              		.loc 1 47 5 view .LVU10
  75 0004 0323     		movs	r3, #3
  76 0006 A047     		blx	r4
  77              	.LVL3:
  48:Middlewares/LVGL/GUI/lvgl/src/draw/lv_draw_triangle.c **** }
  78              		.loc 1 48 1 view .LVU11
  79 0008 10BD     		pop	{r4, pc}
  80              		.cfi_endproc
  81              	.LFE54:
  83              		.text
  84              	.Letext0:
  85              		.file 2 "c:\\gnu arm embedded toolchain\\10 2021.10\\arm-none-eabi\\include\\machine\\_default_typ
  86              		.file 3 "c:\\gnu arm embedded toolchain\\10 2021.10\\arm-none-eabi\\include\\sys\\_stdint.h"
  87              		.file 4 "Middlewares/LVGL/GUI/lvgl/src/draw/../misc/../font/../misc/lv_area.h"
  88              		.file 5 "Middlewares/LVGL/GUI/lvgl/src/draw/../misc/../font/lv_font.h"
  89              		.file 6 "Middlewares/LVGL/GUI/lvgl/src/draw/../misc/lv_types.h"
  90              		.file 7 "Middlewares/LVGL/GUI/lvgl/src/draw/../misc/lv_color.h"
  91              		.file 8 "Middlewares/LVGL/GUI/lvgl/src/draw/../misc/lv_txt.h"
  92              		.file 9 "Middlewares/LVGL/GUI/lvgl/src/draw/../misc/lv_bidi.h"
  93              		.file 10 "Middlewares/LVGL/GUI/lvgl/src/draw/../misc/lv_style.h"
  94              		.file 11 "Middlewares/LVGL/GUI/lvgl/src/draw/lv_img_buf.h"
  95              		.file 12 "Middlewares/LVGL/GUI/lvgl/src/draw/lv_draw_rect.h"
  96              		.file 13 "Middlewares/LVGL/GUI/lvgl/src/draw/lv_draw_label.h"
  97              		.file 14 "Middlewares/LVGL/GUI/lvgl/src/draw/lv_draw_img.h"
  98              		.file 15 "Middlewares/LVGL/GUI/lvgl/src/draw/lv_draw_line.h"
  99              		.file 16 "Middlewares/LVGL/GUI/lvgl/src/draw/lv_draw_arc.h"
 100              		.file 17 "Middlewares/LVGL/GUI/lvgl/src/draw/lv_draw.h"
ARM GAS  C:\Users\ADMINI~1\AppData\Local\Temp\ccETl4rq.s 			page 4


DEFINED SYMBOLS
                            *ABS*:00000000 lv_draw_triangle.c
C:\Users\ADMINI~1\AppData\Local\Temp\ccETl4rq.s:20     .text.lv_draw_polygon:00000000 $t
C:\Users\ADMINI~1\AppData\Local\Temp\ccETl4rq.s:26     .text.lv_draw_polygon:00000000 lv_draw_polygon
C:\Users\ADMINI~1\AppData\Local\Temp\ccETl4rq.s:52     .text.lv_draw_triangle:00000000 $t
C:\Users\ADMINI~1\AppData\Local\Temp\ccETl4rq.s:58     .text.lv_draw_triangle:00000000 lv_draw_triangle

NO UNDEFINED SYMBOLS
