ARM GAS  C:\Users\ADMINI~1\AppData\Local\Temp\cct94H98.s 			page 1


   1              		.cpu cortex-m4
   2              		.arch armv7e-m
   3              		.fpu fpv4-sp-d16
   4              		.eabi_attribute 27, 1
   5              		.eabi_attribute 28, 1
   6              		.eabi_attribute 20, 1
   7              		.eabi_attribute 21, 1
   8              		.eabi_attribute 23, 3
   9              		.eabi_attribute 24, 1
  10              		.eabi_attribute 25, 1
  11              		.eabi_attribute 26, 1
  12              		.eabi_attribute 30, 1
  13              		.eabi_attribute 34, 1
  14              		.eabi_attribute 18, 4
  15              		.file	"lv_extra.c"
  16              		.text
  17              	.Ltext0:
  18              		.cfi_sections	.debug_frame
  19              		.section	.text.lv_extra_init,"ax",%progbits
  20              		.align	1
  21              		.global	lv_extra_init
  22              		.syntax unified
  23              		.thumb
  24              		.thumb_func
  26              	lv_extra_init:
  27              	.LFB196:
  28              		.file 1 "Middlewares/LVGL/GUI/lvgl/src/extra/lv_extra.c"
   1:Middlewares/LVGL/GUI/lvgl/src/extra/lv_extra.c **** /**
   2:Middlewares/LVGL/GUI/lvgl/src/extra/lv_extra.c ****  * @file lv_extra.c
   3:Middlewares/LVGL/GUI/lvgl/src/extra/lv_extra.c ****  *
   4:Middlewares/LVGL/GUI/lvgl/src/extra/lv_extra.c ****  */
   5:Middlewares/LVGL/GUI/lvgl/src/extra/lv_extra.c **** 
   6:Middlewares/LVGL/GUI/lvgl/src/extra/lv_extra.c **** /*********************
   7:Middlewares/LVGL/GUI/lvgl/src/extra/lv_extra.c ****  *      INCLUDES
   8:Middlewares/LVGL/GUI/lvgl/src/extra/lv_extra.c ****  *********************/
   9:Middlewares/LVGL/GUI/lvgl/src/extra/lv_extra.c **** #include "../lvgl.h"
  10:Middlewares/LVGL/GUI/lvgl/src/extra/lv_extra.c **** 
  11:Middlewares/LVGL/GUI/lvgl/src/extra/lv_extra.c **** /*********************
  12:Middlewares/LVGL/GUI/lvgl/src/extra/lv_extra.c ****  *      DEFINES
  13:Middlewares/LVGL/GUI/lvgl/src/extra/lv_extra.c ****  *********************/
  14:Middlewares/LVGL/GUI/lvgl/src/extra/lv_extra.c **** 
  15:Middlewares/LVGL/GUI/lvgl/src/extra/lv_extra.c **** /**********************
  16:Middlewares/LVGL/GUI/lvgl/src/extra/lv_extra.c ****  *      TYPEDEFS
  17:Middlewares/LVGL/GUI/lvgl/src/extra/lv_extra.c ****  **********************/
  18:Middlewares/LVGL/GUI/lvgl/src/extra/lv_extra.c **** 
  19:Middlewares/LVGL/GUI/lvgl/src/extra/lv_extra.c **** /**********************
  20:Middlewares/LVGL/GUI/lvgl/src/extra/lv_extra.c ****  *  STATIC PROTOTYPES
  21:Middlewares/LVGL/GUI/lvgl/src/extra/lv_extra.c ****  **********************/
  22:Middlewares/LVGL/GUI/lvgl/src/extra/lv_extra.c **** 
  23:Middlewares/LVGL/GUI/lvgl/src/extra/lv_extra.c **** /**********************
  24:Middlewares/LVGL/GUI/lvgl/src/extra/lv_extra.c ****  *  STATIC VARIABLES
  25:Middlewares/LVGL/GUI/lvgl/src/extra/lv_extra.c ****  **********************/
  26:Middlewares/LVGL/GUI/lvgl/src/extra/lv_extra.c **** 
  27:Middlewares/LVGL/GUI/lvgl/src/extra/lv_extra.c **** /**********************
  28:Middlewares/LVGL/GUI/lvgl/src/extra/lv_extra.c ****  *      MACROS
  29:Middlewares/LVGL/GUI/lvgl/src/extra/lv_extra.c ****  **********************/
  30:Middlewares/LVGL/GUI/lvgl/src/extra/lv_extra.c **** 
ARM GAS  C:\Users\ADMINI~1\AppData\Local\Temp\cct94H98.s 			page 2


  31:Middlewares/LVGL/GUI/lvgl/src/extra/lv_extra.c **** /**********************
  32:Middlewares/LVGL/GUI/lvgl/src/extra/lv_extra.c ****  *   GLOBAL FUNCTIONS
  33:Middlewares/LVGL/GUI/lvgl/src/extra/lv_extra.c ****  **********************/
  34:Middlewares/LVGL/GUI/lvgl/src/extra/lv_extra.c **** 
  35:Middlewares/LVGL/GUI/lvgl/src/extra/lv_extra.c **** void lv_extra_init(void)
  36:Middlewares/LVGL/GUI/lvgl/src/extra/lv_extra.c **** {
  29              		.loc 1 36 1 view -0
  30              		.cfi_startproc
  31              		@ args = 0, pretend = 0, frame = 0
  32              		@ frame_needed = 0, uses_anonymous_args = 0
  33 0000 08B5     		push	{r3, lr}
  34              	.LCFI0:
  35              		.cfi_def_cfa_offset 8
  36              		.cfi_offset 3, -8
  37              		.cfi_offset 14, -4
  37:Middlewares/LVGL/GUI/lvgl/src/extra/lv_extra.c **** #if LV_USE_FLEX
  38:Middlewares/LVGL/GUI/lvgl/src/extra/lv_extra.c ****     lv_flex_init();
  38              		.loc 1 38 5 view .LVU1
  39 0002 FFF7FEFF 		bl	lv_flex_init
  40              	.LVL0:
  39:Middlewares/LVGL/GUI/lvgl/src/extra/lv_extra.c **** #endif
  40:Middlewares/LVGL/GUI/lvgl/src/extra/lv_extra.c **** 
  41:Middlewares/LVGL/GUI/lvgl/src/extra/lv_extra.c **** #if LV_USE_GRID
  42:Middlewares/LVGL/GUI/lvgl/src/extra/lv_extra.c ****     lv_grid_init();
  41              		.loc 1 42 5 view .LVU2
  42 0006 FFF7FEFF 		bl	lv_grid_init
  43              	.LVL1:
  43:Middlewares/LVGL/GUI/lvgl/src/extra/lv_extra.c **** #endif
  44:Middlewares/LVGL/GUI/lvgl/src/extra/lv_extra.c **** 
  45:Middlewares/LVGL/GUI/lvgl/src/extra/lv_extra.c **** #if LV_USE_FS_FATFS != '\0'
  46:Middlewares/LVGL/GUI/lvgl/src/extra/lv_extra.c ****     lv_fs_fatfs_init();
  47:Middlewares/LVGL/GUI/lvgl/src/extra/lv_extra.c **** #endif
  48:Middlewares/LVGL/GUI/lvgl/src/extra/lv_extra.c **** 
  49:Middlewares/LVGL/GUI/lvgl/src/extra/lv_extra.c **** #if LV_USE_FS_STDIO != '\0'
  50:Middlewares/LVGL/GUI/lvgl/src/extra/lv_extra.c ****     lv_fs_stdio_init();
  51:Middlewares/LVGL/GUI/lvgl/src/extra/lv_extra.c **** #endif
  52:Middlewares/LVGL/GUI/lvgl/src/extra/lv_extra.c **** 
  53:Middlewares/LVGL/GUI/lvgl/src/extra/lv_extra.c **** #if LV_USE_FS_POSIX != '\0'
  54:Middlewares/LVGL/GUI/lvgl/src/extra/lv_extra.c ****     lv_fs_posix_init();
  55:Middlewares/LVGL/GUI/lvgl/src/extra/lv_extra.c **** #endif
  56:Middlewares/LVGL/GUI/lvgl/src/extra/lv_extra.c **** 
  57:Middlewares/LVGL/GUI/lvgl/src/extra/lv_extra.c **** #if LV_USE_FS_WIN32 != '\0'
  58:Middlewares/LVGL/GUI/lvgl/src/extra/lv_extra.c ****     lv_fs_win32_init();
  59:Middlewares/LVGL/GUI/lvgl/src/extra/lv_extra.c **** #endif
  60:Middlewares/LVGL/GUI/lvgl/src/extra/lv_extra.c **** 
  61:Middlewares/LVGL/GUI/lvgl/src/extra/lv_extra.c **** #if LV_USE_PNG
  62:Middlewares/LVGL/GUI/lvgl/src/extra/lv_extra.c ****     lv_png_init();
  63:Middlewares/LVGL/GUI/lvgl/src/extra/lv_extra.c **** #endif
  64:Middlewares/LVGL/GUI/lvgl/src/extra/lv_extra.c **** 
  65:Middlewares/LVGL/GUI/lvgl/src/extra/lv_extra.c **** #if LV_USE_SJPG
  66:Middlewares/LVGL/GUI/lvgl/src/extra/lv_extra.c ****     lv_split_jpeg_init();
  67:Middlewares/LVGL/GUI/lvgl/src/extra/lv_extra.c **** #endif
  68:Middlewares/LVGL/GUI/lvgl/src/extra/lv_extra.c **** 
  69:Middlewares/LVGL/GUI/lvgl/src/extra/lv_extra.c **** #if LV_USE_BMP
  70:Middlewares/LVGL/GUI/lvgl/src/extra/lv_extra.c ****     lv_bmp_init();
  71:Middlewares/LVGL/GUI/lvgl/src/extra/lv_extra.c **** #endif
  72:Middlewares/LVGL/GUI/lvgl/src/extra/lv_extra.c **** 
ARM GAS  C:\Users\ADMINI~1\AppData\Local\Temp\cct94H98.s 			page 3


  73:Middlewares/LVGL/GUI/lvgl/src/extra/lv_extra.c **** #if LV_USE_FREETYPE
  74:Middlewares/LVGL/GUI/lvgl/src/extra/lv_extra.c ****     /*Init freetype library*/
  75:Middlewares/LVGL/GUI/lvgl/src/extra/lv_extra.c **** #  if LV_FREETYPE_CACHE_SIZE >= 0
  76:Middlewares/LVGL/GUI/lvgl/src/extra/lv_extra.c ****     lv_freetype_init(LV_FREETYPE_CACHE_FT_FACES, LV_FREETYPE_CACHE_FT_SIZES, LV_FREETYPE_CACHE_SIZE
  77:Middlewares/LVGL/GUI/lvgl/src/extra/lv_extra.c **** #  else
  78:Middlewares/LVGL/GUI/lvgl/src/extra/lv_extra.c ****     lv_freetype_init(0, 0, 0);
  79:Middlewares/LVGL/GUI/lvgl/src/extra/lv_extra.c **** #  endif
  80:Middlewares/LVGL/GUI/lvgl/src/extra/lv_extra.c **** #endif
  81:Middlewares/LVGL/GUI/lvgl/src/extra/lv_extra.c **** 
  82:Middlewares/LVGL/GUI/lvgl/src/extra/lv_extra.c **** #if LV_USE_FFMPEG
  83:Middlewares/LVGL/GUI/lvgl/src/extra/lv_extra.c ****     lv_ffmpeg_init();
  84:Middlewares/LVGL/GUI/lvgl/src/extra/lv_extra.c **** #endif
  85:Middlewares/LVGL/GUI/lvgl/src/extra/lv_extra.c **** }
  44              		.loc 1 85 1 is_stmt 0 view .LVU3
  45 000a 08BD     		pop	{r3, pc}
  46              		.cfi_endproc
  47              	.LFE196:
  49              		.text
  50              	.Letext0:
  51              		.file 2 "Middlewares/LVGL/GUI/lvgl/src/extra/../../src/extra/widgets/list/../../layouts/flex/lv_fl
  52              		.file 3 "Middlewares/LVGL/GUI/lvgl/src/extra/../../src/extra/layouts/grid/lv_grid.h"
ARM GAS  C:\Users\ADMINI~1\AppData\Local\Temp\cct94H98.s 			page 4


DEFINED SYMBOLS
                            *ABS*:00000000 lv_extra.c
C:\Users\ADMINI~1\AppData\Local\Temp\cct94H98.s:20     .text.lv_extra_init:00000000 $t
C:\Users\ADMINI~1\AppData\Local\Temp\cct94H98.s:26     .text.lv_extra_init:00000000 lv_extra_init

UNDEFINED SYMBOLS
lv_flex_init
lv_grid_init
