ARM GAS  C:\Users\ADMINI~1\AppData\Local\Temp\ccayC18r.s 			page 1


   1              		.cpu cortex-m4
   2              		.arch armv7e-m
   3              		.fpu fpv4-sp-d16
   4              		.eabi_attribute 27, 1
   5              		.eabi_attribute 28, 1
   6              		.eabi_attribute 20, 1
   7              		.eabi_attribute 21, 1
   8              		.eabi_attribute 23, 3
   9              		.eabi_attribute 24, 1
  10              		.eabi_attribute 25, 1
  11              		.eabi_attribute 26, 1
  12              		.eabi_attribute 30, 1
  13              		.eabi_attribute 34, 1
  14              		.eabi_attribute 18, 4
  15              		.file	"lv_img_cache.c"
  16              		.text
  17              	.Ltext0:
  18              		.cfi_sections	.debug_frame
  19              		.section	.text._lv_img_cache_open,"ax",%progbits
  20              		.align	1
  21              		.global	_lv_img_cache_open
  22              		.syntax unified
  23              		.thumb
  24              		.thumb_func
  26              	_lv_img_cache_open:
  27              	.LVL0:
  28              	.LFB53:
  29              		.file 1 "Middlewares/LVGL/GUI/lvgl/src/draw/lv_img_cache.c"
   1:Middlewares/LVGL/GUI/lvgl/src/draw/lv_img_cache.c **** /**
   2:Middlewares/LVGL/GUI/lvgl/src/draw/lv_img_cache.c ****  * @file lv_img_cache.c
   3:Middlewares/LVGL/GUI/lvgl/src/draw/lv_img_cache.c ****  *
   4:Middlewares/LVGL/GUI/lvgl/src/draw/lv_img_cache.c ****  */
   5:Middlewares/LVGL/GUI/lvgl/src/draw/lv_img_cache.c **** 
   6:Middlewares/LVGL/GUI/lvgl/src/draw/lv_img_cache.c **** /*********************
   7:Middlewares/LVGL/GUI/lvgl/src/draw/lv_img_cache.c ****  *      INCLUDES
   8:Middlewares/LVGL/GUI/lvgl/src/draw/lv_img_cache.c ****  *********************/
   9:Middlewares/LVGL/GUI/lvgl/src/draw/lv_img_cache.c **** #include "../misc/lv_assert.h"
  10:Middlewares/LVGL/GUI/lvgl/src/draw/lv_img_cache.c **** #include "lv_img_cache.h"
  11:Middlewares/LVGL/GUI/lvgl/src/draw/lv_img_cache.c **** #include "lv_img_decoder.h"
  12:Middlewares/LVGL/GUI/lvgl/src/draw/lv_img_cache.c **** #include "lv_draw_img.h"
  13:Middlewares/LVGL/GUI/lvgl/src/draw/lv_img_cache.c **** #include "../hal/lv_hal_tick.h"
  14:Middlewares/LVGL/GUI/lvgl/src/draw/lv_img_cache.c **** #include "../misc/lv_gc.h"
  15:Middlewares/LVGL/GUI/lvgl/src/draw/lv_img_cache.c **** 
  16:Middlewares/LVGL/GUI/lvgl/src/draw/lv_img_cache.c **** /*********************
  17:Middlewares/LVGL/GUI/lvgl/src/draw/lv_img_cache.c ****  *      DEFINES
  18:Middlewares/LVGL/GUI/lvgl/src/draw/lv_img_cache.c ****  *********************/
  19:Middlewares/LVGL/GUI/lvgl/src/draw/lv_img_cache.c **** /*Decrement life with this value on every open*/
  20:Middlewares/LVGL/GUI/lvgl/src/draw/lv_img_cache.c **** #define LV_IMG_CACHE_AGING 1
  21:Middlewares/LVGL/GUI/lvgl/src/draw/lv_img_cache.c **** 
  22:Middlewares/LVGL/GUI/lvgl/src/draw/lv_img_cache.c **** /*Boost life by this factor (multiply time_to_open with this value)*/
  23:Middlewares/LVGL/GUI/lvgl/src/draw/lv_img_cache.c **** #define LV_IMG_CACHE_LIFE_GAIN 1
  24:Middlewares/LVGL/GUI/lvgl/src/draw/lv_img_cache.c **** 
  25:Middlewares/LVGL/GUI/lvgl/src/draw/lv_img_cache.c **** /*Don't let life to be greater than this limit because it would require a lot of time to
  26:Middlewares/LVGL/GUI/lvgl/src/draw/lv_img_cache.c ****  * "die" from very high values*/
  27:Middlewares/LVGL/GUI/lvgl/src/draw/lv_img_cache.c **** #define LV_IMG_CACHE_LIFE_LIMIT 1000
  28:Middlewares/LVGL/GUI/lvgl/src/draw/lv_img_cache.c **** 
  29:Middlewares/LVGL/GUI/lvgl/src/draw/lv_img_cache.c **** /**********************
ARM GAS  C:\Users\ADMINI~1\AppData\Local\Temp\ccayC18r.s 			page 2


  30:Middlewares/LVGL/GUI/lvgl/src/draw/lv_img_cache.c ****  *      TYPEDEFS
  31:Middlewares/LVGL/GUI/lvgl/src/draw/lv_img_cache.c ****  **********************/
  32:Middlewares/LVGL/GUI/lvgl/src/draw/lv_img_cache.c **** 
  33:Middlewares/LVGL/GUI/lvgl/src/draw/lv_img_cache.c **** /**********************
  34:Middlewares/LVGL/GUI/lvgl/src/draw/lv_img_cache.c ****  *  STATIC PROTOTYPES
  35:Middlewares/LVGL/GUI/lvgl/src/draw/lv_img_cache.c ****  **********************/
  36:Middlewares/LVGL/GUI/lvgl/src/draw/lv_img_cache.c **** #if LV_IMG_CACHE_DEF_SIZE
  37:Middlewares/LVGL/GUI/lvgl/src/draw/lv_img_cache.c ****     static bool lv_img_cache_match(const void * src1, const void * src2);
  38:Middlewares/LVGL/GUI/lvgl/src/draw/lv_img_cache.c **** #endif
  39:Middlewares/LVGL/GUI/lvgl/src/draw/lv_img_cache.c **** 
  40:Middlewares/LVGL/GUI/lvgl/src/draw/lv_img_cache.c **** /**********************
  41:Middlewares/LVGL/GUI/lvgl/src/draw/lv_img_cache.c ****  *  STATIC VARIABLES
  42:Middlewares/LVGL/GUI/lvgl/src/draw/lv_img_cache.c ****  **********************/
  43:Middlewares/LVGL/GUI/lvgl/src/draw/lv_img_cache.c **** #if LV_IMG_CACHE_DEF_SIZE
  44:Middlewares/LVGL/GUI/lvgl/src/draw/lv_img_cache.c ****     static uint16_t entry_cnt;
  45:Middlewares/LVGL/GUI/lvgl/src/draw/lv_img_cache.c **** #endif
  46:Middlewares/LVGL/GUI/lvgl/src/draw/lv_img_cache.c **** 
  47:Middlewares/LVGL/GUI/lvgl/src/draw/lv_img_cache.c **** /**********************
  48:Middlewares/LVGL/GUI/lvgl/src/draw/lv_img_cache.c ****  *      MACROS
  49:Middlewares/LVGL/GUI/lvgl/src/draw/lv_img_cache.c ****  **********************/
  50:Middlewares/LVGL/GUI/lvgl/src/draw/lv_img_cache.c **** 
  51:Middlewares/LVGL/GUI/lvgl/src/draw/lv_img_cache.c **** /**********************
  52:Middlewares/LVGL/GUI/lvgl/src/draw/lv_img_cache.c ****  *   GLOBAL FUNCTIONS
  53:Middlewares/LVGL/GUI/lvgl/src/draw/lv_img_cache.c ****  **********************/
  54:Middlewares/LVGL/GUI/lvgl/src/draw/lv_img_cache.c **** 
  55:Middlewares/LVGL/GUI/lvgl/src/draw/lv_img_cache.c **** /**
  56:Middlewares/LVGL/GUI/lvgl/src/draw/lv_img_cache.c ****  * Open an image using the image decoder interface and cache it.
  57:Middlewares/LVGL/GUI/lvgl/src/draw/lv_img_cache.c ****  * The image will be left open meaning if the image decoder open callback allocated memory then it 
  58:Middlewares/LVGL/GUI/lvgl/src/draw/lv_img_cache.c ****  * The image is closed if a new image is opened and the new image takes its place in the cache.
  59:Middlewares/LVGL/GUI/lvgl/src/draw/lv_img_cache.c ****  * @param src source of the image. Path to file or pointer to an `lv_img_dsc_t` variable
  60:Middlewares/LVGL/GUI/lvgl/src/draw/lv_img_cache.c ****  * @param color color The color of the image with `LV_IMG_CF_ALPHA_...`
  61:Middlewares/LVGL/GUI/lvgl/src/draw/lv_img_cache.c ****  * @return pointer to the cache entry or NULL if can open the image
  62:Middlewares/LVGL/GUI/lvgl/src/draw/lv_img_cache.c ****  */
  63:Middlewares/LVGL/GUI/lvgl/src/draw/lv_img_cache.c **** _lv_img_cache_entry_t * _lv_img_cache_open(const void * src, lv_color_t color, int32_t frame_id)
  64:Middlewares/LVGL/GUI/lvgl/src/draw/lv_img_cache.c **** {
  30              		.loc 1 64 1 view -0
  31              		.cfi_startproc
  32              		@ args = 0, pretend = 0, frame = 0
  33              		@ frame_needed = 0, uses_anonymous_args = 0
  34              		.loc 1 64 1 is_stmt 0 view .LVU1
  35 0000 F8B5     		push	{r3, r4, r5, r6, r7, lr}
  36              	.LCFI0:
  37              		.cfi_def_cfa_offset 24
  38              		.cfi_offset 3, -24
  39              		.cfi_offset 4, -20
  40              		.cfi_offset 5, -16
  41              		.cfi_offset 6, -12
  42              		.cfi_offset 7, -8
  43              		.cfi_offset 14, -4
  44 0002 0446     		mov	r4, r0
  45 0004 0D46     		mov	r5, r1	@ movhi
  46              	.LVL1:
  47              		.loc 1 64 1 view .LVU2
  48 0006 1646     		mov	r6, r2
  65:Middlewares/LVGL/GUI/lvgl/src/draw/lv_img_cache.c ****     /*Is the image cached?*/
  66:Middlewares/LVGL/GUI/lvgl/src/draw/lv_img_cache.c ****     _lv_img_cache_entry_t * cached_src = NULL;
  49              		.loc 1 66 5 is_stmt 1 view .LVU3
ARM GAS  C:\Users\ADMINI~1\AppData\Local\Temp\ccayC18r.s 			page 3


  50              	.LVL2:
  67:Middlewares/LVGL/GUI/lvgl/src/draw/lv_img_cache.c **** 
  68:Middlewares/LVGL/GUI/lvgl/src/draw/lv_img_cache.c **** #if LV_IMG_CACHE_DEF_SIZE
  69:Middlewares/LVGL/GUI/lvgl/src/draw/lv_img_cache.c ****     if(entry_cnt == 0) {
  70:Middlewares/LVGL/GUI/lvgl/src/draw/lv_img_cache.c ****         LV_LOG_WARN("lv_img_cache_open: the cache size is 0");
  71:Middlewares/LVGL/GUI/lvgl/src/draw/lv_img_cache.c ****         return NULL;
  72:Middlewares/LVGL/GUI/lvgl/src/draw/lv_img_cache.c ****     }
  73:Middlewares/LVGL/GUI/lvgl/src/draw/lv_img_cache.c **** 
  74:Middlewares/LVGL/GUI/lvgl/src/draw/lv_img_cache.c ****     _lv_img_cache_entry_t * cache = LV_GC_ROOT(_lv_img_cache_array);
  75:Middlewares/LVGL/GUI/lvgl/src/draw/lv_img_cache.c **** 
  76:Middlewares/LVGL/GUI/lvgl/src/draw/lv_img_cache.c ****     /*Decrement all lifes. Make the entries older*/
  77:Middlewares/LVGL/GUI/lvgl/src/draw/lv_img_cache.c ****     uint16_t i;
  78:Middlewares/LVGL/GUI/lvgl/src/draw/lv_img_cache.c ****     for(i = 0; i < entry_cnt; i++) {
  79:Middlewares/LVGL/GUI/lvgl/src/draw/lv_img_cache.c ****         if(cache[i].life > INT32_MIN + LV_IMG_CACHE_AGING) {
  80:Middlewares/LVGL/GUI/lvgl/src/draw/lv_img_cache.c ****             cache[i].life -= LV_IMG_CACHE_AGING;
  81:Middlewares/LVGL/GUI/lvgl/src/draw/lv_img_cache.c ****         }
  82:Middlewares/LVGL/GUI/lvgl/src/draw/lv_img_cache.c ****     }
  83:Middlewares/LVGL/GUI/lvgl/src/draw/lv_img_cache.c **** 
  84:Middlewares/LVGL/GUI/lvgl/src/draw/lv_img_cache.c ****     for(i = 0; i < entry_cnt; i++) {
  85:Middlewares/LVGL/GUI/lvgl/src/draw/lv_img_cache.c ****         if(color.full == cache[i].dec_dsc.color.full &&
  86:Middlewares/LVGL/GUI/lvgl/src/draw/lv_img_cache.c ****            frame_id == cache[i].dec_dsc.frame_id &&
  87:Middlewares/LVGL/GUI/lvgl/src/draw/lv_img_cache.c ****            lv_img_cache_match(src, cache[i].dec_dsc.src)) {
  88:Middlewares/LVGL/GUI/lvgl/src/draw/lv_img_cache.c ****             /*If opened increment its life.
  89:Middlewares/LVGL/GUI/lvgl/src/draw/lv_img_cache.c ****              *Image difficult to open should live longer to keep avoid frequent their recaching.
  90:Middlewares/LVGL/GUI/lvgl/src/draw/lv_img_cache.c ****              *Therefore increase `life` with `time_to_open`*/
  91:Middlewares/LVGL/GUI/lvgl/src/draw/lv_img_cache.c ****             cached_src = &cache[i];
  92:Middlewares/LVGL/GUI/lvgl/src/draw/lv_img_cache.c ****             cached_src->life += cached_src->dec_dsc.time_to_open * LV_IMG_CACHE_LIFE_GAIN;
  93:Middlewares/LVGL/GUI/lvgl/src/draw/lv_img_cache.c ****             if(cached_src->life > LV_IMG_CACHE_LIFE_LIMIT) cached_src->life = LV_IMG_CACHE_LIFE_LIM
  94:Middlewares/LVGL/GUI/lvgl/src/draw/lv_img_cache.c ****             LV_LOG_TRACE("image source found in the cache");
  95:Middlewares/LVGL/GUI/lvgl/src/draw/lv_img_cache.c ****             break;
  96:Middlewares/LVGL/GUI/lvgl/src/draw/lv_img_cache.c ****         }
  97:Middlewares/LVGL/GUI/lvgl/src/draw/lv_img_cache.c ****     }
  98:Middlewares/LVGL/GUI/lvgl/src/draw/lv_img_cache.c **** 
  99:Middlewares/LVGL/GUI/lvgl/src/draw/lv_img_cache.c ****     /*The image is not cached then cache it now*/
 100:Middlewares/LVGL/GUI/lvgl/src/draw/lv_img_cache.c ****     if(cached_src) return cached_src;
 101:Middlewares/LVGL/GUI/lvgl/src/draw/lv_img_cache.c **** 
 102:Middlewares/LVGL/GUI/lvgl/src/draw/lv_img_cache.c ****     /*Find an entry to reuse. Select the entry with the least life*/
 103:Middlewares/LVGL/GUI/lvgl/src/draw/lv_img_cache.c ****     cached_src = &cache[0];
 104:Middlewares/LVGL/GUI/lvgl/src/draw/lv_img_cache.c ****     for(i = 1; i < entry_cnt; i++) {
 105:Middlewares/LVGL/GUI/lvgl/src/draw/lv_img_cache.c ****         if(cache[i].life < cached_src->life) {
 106:Middlewares/LVGL/GUI/lvgl/src/draw/lv_img_cache.c ****             cached_src = &cache[i];
 107:Middlewares/LVGL/GUI/lvgl/src/draw/lv_img_cache.c ****         }
 108:Middlewares/LVGL/GUI/lvgl/src/draw/lv_img_cache.c ****     }
 109:Middlewares/LVGL/GUI/lvgl/src/draw/lv_img_cache.c **** 
 110:Middlewares/LVGL/GUI/lvgl/src/draw/lv_img_cache.c ****     /*Close the decoder to reuse if it was opened (has a valid source)*/
 111:Middlewares/LVGL/GUI/lvgl/src/draw/lv_img_cache.c ****     if(cached_src->dec_dsc.src) {
 112:Middlewares/LVGL/GUI/lvgl/src/draw/lv_img_cache.c ****         lv_img_decoder_close(&cached_src->dec_dsc);
 113:Middlewares/LVGL/GUI/lvgl/src/draw/lv_img_cache.c ****         LV_LOG_INFO("image draw: cache miss, close and reuse an entry");
 114:Middlewares/LVGL/GUI/lvgl/src/draw/lv_img_cache.c ****     }
 115:Middlewares/LVGL/GUI/lvgl/src/draw/lv_img_cache.c ****     else {
 116:Middlewares/LVGL/GUI/lvgl/src/draw/lv_img_cache.c ****         LV_LOG_INFO("image draw: cache miss, cached to an empty entry");
 117:Middlewares/LVGL/GUI/lvgl/src/draw/lv_img_cache.c ****     }
 118:Middlewares/LVGL/GUI/lvgl/src/draw/lv_img_cache.c **** #else
 119:Middlewares/LVGL/GUI/lvgl/src/draw/lv_img_cache.c ****     cached_src = &LV_GC_ROOT(_lv_img_cache_single);
  51              		.loc 1 119 5 view .LVU4
 120:Middlewares/LVGL/GUI/lvgl/src/draw/lv_img_cache.c **** #endif
 121:Middlewares/LVGL/GUI/lvgl/src/draw/lv_img_cache.c ****     /*Open the image and measure the time to open*/
ARM GAS  C:\Users\ADMINI~1\AppData\Local\Temp\ccayC18r.s 			page 4


 122:Middlewares/LVGL/GUI/lvgl/src/draw/lv_img_cache.c ****     uint32_t t_start  = lv_tick_get();
  52              		.loc 1 122 5 view .LVU5
  53              		.loc 1 122 25 is_stmt 0 view .LVU6
  54 0008 FFF7FEFF 		bl	lv_tick_get
  55              	.LVL3:
  56              		.loc 1 122 25 view .LVU7
  57 000c 0746     		mov	r7, r0
  58              	.LVL4:
 123:Middlewares/LVGL/GUI/lvgl/src/draw/lv_img_cache.c ****     lv_res_t open_res = lv_img_decoder_open(&cached_src->dec_dsc, src, color, frame_id);
  59              		.loc 1 123 5 is_stmt 1 view .LVU8
  60              		.loc 1 123 25 is_stmt 0 view .LVU9
  61 000e 3346     		mov	r3, r6
  62              	.LVL5:
  63              		.loc 1 123 25 view .LVU10
  64 0010 2A46     		mov	r2, r5	@ movhi
  65 0012 2146     		mov	r1, r4
  66 0014 1048     		ldr	r0, .L9
  67              	.LVL6:
  68              		.loc 1 123 25 view .LVU11
  69 0016 FFF7FEFF 		bl	lv_img_decoder_open
  70              	.LVL7:
 124:Middlewares/LVGL/GUI/lvgl/src/draw/lv_img_cache.c ****     if(open_res == LV_RES_INV) {
  71              		.loc 1 124 5 is_stmt 1 view .LVU12
  72              		.loc 1 124 7 is_stmt 0 view .LVU13
  73 001a 58B1     		cbz	r0, .L7
 125:Middlewares/LVGL/GUI/lvgl/src/draw/lv_img_cache.c ****         LV_LOG_WARN("Image draw cannot open the image resource");
 126:Middlewares/LVGL/GUI/lvgl/src/draw/lv_img_cache.c ****         lv_memset_00(cached_src, sizeof(_lv_img_cache_entry_t));
 127:Middlewares/LVGL/GUI/lvgl/src/draw/lv_img_cache.c ****         cached_src->life = INT32_MIN; /*Make the empty entry very "weak" to force its us*/
 128:Middlewares/LVGL/GUI/lvgl/src/draw/lv_img_cache.c ****         return NULL;
 129:Middlewares/LVGL/GUI/lvgl/src/draw/lv_img_cache.c ****     }
 130:Middlewares/LVGL/GUI/lvgl/src/draw/lv_img_cache.c **** 
 131:Middlewares/LVGL/GUI/lvgl/src/draw/lv_img_cache.c ****     cached_src->life = 0;
  74              		.loc 1 131 5 is_stmt 1 view .LVU14
  75              		.loc 1 131 22 is_stmt 0 view .LVU15
  76 001c 0E4B     		ldr	r3, .L9
  77 001e 0022     		movs	r2, #0
  78 0020 9A62     		str	r2, [r3, #40]
 132:Middlewares/LVGL/GUI/lvgl/src/draw/lv_img_cache.c **** 
 133:Middlewares/LVGL/GUI/lvgl/src/draw/lv_img_cache.c ****     /*If `time_to_open` was not set in the open function set it here*/
 134:Middlewares/LVGL/GUI/lvgl/src/draw/lv_img_cache.c ****     if(cached_src->dec_dsc.time_to_open == 0) {
  79              		.loc 1 134 5 is_stmt 1 view .LVU16
  80              		.loc 1 134 27 is_stmt 0 view .LVU17
  81 0022 DB69     		ldr	r3, [r3, #28]
  82              		.loc 1 134 7 view .LVU18
  83 0024 83B1     		cbz	r3, .L8
  84              	.LVL8:
  85              	.L4:
 135:Middlewares/LVGL/GUI/lvgl/src/draw/lv_img_cache.c ****         cached_src->dec_dsc.time_to_open = lv_tick_elaps(t_start);
 136:Middlewares/LVGL/GUI/lvgl/src/draw/lv_img_cache.c ****     }
 137:Middlewares/LVGL/GUI/lvgl/src/draw/lv_img_cache.c **** 
 138:Middlewares/LVGL/GUI/lvgl/src/draw/lv_img_cache.c ****     if(cached_src->dec_dsc.time_to_open == 0) cached_src->dec_dsc.time_to_open = 1;
  86              		.loc 1 138 5 is_stmt 1 view .LVU19
  87              		.loc 1 138 27 is_stmt 0 view .LVU20
  88 0026 0C4B     		ldr	r3, .L9
  89 0028 DB69     		ldr	r3, [r3, #28]
  90              		.loc 1 138 7 view .LVU21
  91 002a 9BB9     		cbnz	r3, .L5
ARM GAS  C:\Users\ADMINI~1\AppData\Local\Temp\ccayC18r.s 			page 5


  92              		.loc 1 138 47 is_stmt 1 discriminator 1 view .LVU22
  93              		.loc 1 138 80 is_stmt 0 discriminator 1 view .LVU23
  94 002c 0A48     		ldr	r0, .L9
  95 002e 0123     		movs	r3, #1
  96 0030 C361     		str	r3, [r0, #28]
  97              	.LVL9:
  98              	.L1:
 139:Middlewares/LVGL/GUI/lvgl/src/draw/lv_img_cache.c **** 
 140:Middlewares/LVGL/GUI/lvgl/src/draw/lv_img_cache.c ****     return cached_src;
 141:Middlewares/LVGL/GUI/lvgl/src/draw/lv_img_cache.c **** }
  99              		.loc 1 141 1 view .LVU24
 100 0032 F8BD     		pop	{r3, r4, r5, r6, r7, pc}
 101              	.LVL10:
 102              	.L7:
 125:Middlewares/LVGL/GUI/lvgl/src/draw/lv_img_cache.c ****         lv_memset_00(cached_src, sizeof(_lv_img_cache_entry_t));
 103              		.loc 1 125 9 is_stmt 1 view .LVU25
 125:Middlewares/LVGL/GUI/lvgl/src/draw/lv_img_cache.c ****         lv_memset_00(cached_src, sizeof(_lv_img_cache_entry_t));
 104              		.loc 1 125 9 view .LVU26
 125:Middlewares/LVGL/GUI/lvgl/src/draw/lv_img_cache.c ****         lv_memset_00(cached_src, sizeof(_lv_img_cache_entry_t));
 105              		.loc 1 125 9 view .LVU27
 126:Middlewares/LVGL/GUI/lvgl/src/draw/lv_img_cache.c ****         cached_src->life = INT32_MIN; /*Make the empty entry very "weak" to force its us*/
 106              		.loc 1 126 9 view .LVU28
 107 0034 084C     		ldr	r4, .L9
 108              	.LVL11:
 126:Middlewares/LVGL/GUI/lvgl/src/draw/lv_img_cache.c ****         cached_src->life = INT32_MIN; /*Make the empty entry very "weak" to force its us*/
 109              		.loc 1 126 9 is_stmt 0 view .LVU29
 110 0036 2C21     		movs	r1, #44
 111 0038 2046     		mov	r0, r4
 112              	.LVL12:
 126:Middlewares/LVGL/GUI/lvgl/src/draw/lv_img_cache.c ****         cached_src->life = INT32_MIN; /*Make the empty entry very "weak" to force its us*/
 113              		.loc 1 126 9 view .LVU30
 114 003a FFF7FEFF 		bl	lv_memset_00
 115              	.LVL13:
 127:Middlewares/LVGL/GUI/lvgl/src/draw/lv_img_cache.c ****         return NULL;
 116              		.loc 1 127 9 is_stmt 1 view .LVU31
 127:Middlewares/LVGL/GUI/lvgl/src/draw/lv_img_cache.c ****         return NULL;
 117              		.loc 1 127 26 is_stmt 0 view .LVU32
 118 003e 4FF00043 		mov	r3, #-2147483648
 119 0042 A362     		str	r3, [r4, #40]
 128:Middlewares/LVGL/GUI/lvgl/src/draw/lv_img_cache.c ****     }
 120              		.loc 1 128 9 is_stmt 1 view .LVU33
 128:Middlewares/LVGL/GUI/lvgl/src/draw/lv_img_cache.c ****     }
 121              		.loc 1 128 16 is_stmt 0 view .LVU34
 122 0044 0020     		movs	r0, #0
 123 0046 F4E7     		b	.L1
 124              	.LVL14:
 125              	.L8:
 135:Middlewares/LVGL/GUI/lvgl/src/draw/lv_img_cache.c ****     }
 126              		.loc 1 135 9 is_stmt 1 view .LVU35
 135:Middlewares/LVGL/GUI/lvgl/src/draw/lv_img_cache.c ****     }
 127              		.loc 1 135 44 is_stmt 0 view .LVU36
 128 0048 3846     		mov	r0, r7
 129              	.LVL15:
 135:Middlewares/LVGL/GUI/lvgl/src/draw/lv_img_cache.c ****     }
 130              		.loc 1 135 44 view .LVU37
 131 004a FFF7FEFF 		bl	lv_tick_elaps
 132              	.LVL16:
ARM GAS  C:\Users\ADMINI~1\AppData\Local\Temp\ccayC18r.s 			page 6


 135:Middlewares/LVGL/GUI/lvgl/src/draw/lv_img_cache.c ****     }
 133              		.loc 1 135 42 view .LVU38
 134 004e 024B     		ldr	r3, .L9
 135 0050 D861     		str	r0, [r3, #28]
 136 0052 E8E7     		b	.L4
 137              	.L5:
 140:Middlewares/LVGL/GUI/lvgl/src/draw/lv_img_cache.c **** }
 138              		.loc 1 140 12 view .LVU39
 139 0054 0048     		ldr	r0, .L9
 140 0056 ECE7     		b	.L1
 141              	.L10:
 142              		.align	2
 143              	.L9:
 144 0058 00000000 		.word	_lv_img_cache_single
 145              		.cfi_endproc
 146              	.LFE53:
 148              		.section	.text.lv_img_cache_set_size,"ax",%progbits
 149              		.align	1
 150              		.global	lv_img_cache_set_size
 151              		.syntax unified
 152              		.thumb
 153              		.thumb_func
 155              	lv_img_cache_set_size:
 156              	.LVL17:
 157              	.LFB54:
 142:Middlewares/LVGL/GUI/lvgl/src/draw/lv_img_cache.c **** 
 143:Middlewares/LVGL/GUI/lvgl/src/draw/lv_img_cache.c **** /**
 144:Middlewares/LVGL/GUI/lvgl/src/draw/lv_img_cache.c ****  * Set the number of images to be cached.
 145:Middlewares/LVGL/GUI/lvgl/src/draw/lv_img_cache.c ****  * More cached images mean more opened image at same time which might mean more memory usage.
 146:Middlewares/LVGL/GUI/lvgl/src/draw/lv_img_cache.c ****  * E.g. if 20 PNG or JPG images are open in the RAM they consume memory while opened in the cache.
 147:Middlewares/LVGL/GUI/lvgl/src/draw/lv_img_cache.c ****  * @param new_entry_cnt number of image to cache
 148:Middlewares/LVGL/GUI/lvgl/src/draw/lv_img_cache.c ****  */
 149:Middlewares/LVGL/GUI/lvgl/src/draw/lv_img_cache.c **** void lv_img_cache_set_size(uint16_t new_entry_cnt)
 150:Middlewares/LVGL/GUI/lvgl/src/draw/lv_img_cache.c **** {
 158              		.loc 1 150 1 is_stmt 1 view -0
 159              		.cfi_startproc
 160              		@ args = 0, pretend = 0, frame = 0
 161              		@ frame_needed = 0, uses_anonymous_args = 0
 162              		@ link register save eliminated.
 151:Middlewares/LVGL/GUI/lvgl/src/draw/lv_img_cache.c **** #if LV_IMG_CACHE_DEF_SIZE == 0
 152:Middlewares/LVGL/GUI/lvgl/src/draw/lv_img_cache.c ****     LV_UNUSED(new_entry_cnt);
 163              		.loc 1 152 5 view .LVU41
 153:Middlewares/LVGL/GUI/lvgl/src/draw/lv_img_cache.c ****     LV_LOG_WARN("Can't change cache size because it's disabled by LV_IMG_CACHE_DEF_SIZE = 0");
 164              		.loc 1 153 5 view .LVU42
 165              		.loc 1 153 5 view .LVU43
 166              		.loc 1 153 5 view .LVU44
 154:Middlewares/LVGL/GUI/lvgl/src/draw/lv_img_cache.c **** #else
 155:Middlewares/LVGL/GUI/lvgl/src/draw/lv_img_cache.c ****     if(LV_GC_ROOT(_lv_img_cache_array) != NULL) {
 156:Middlewares/LVGL/GUI/lvgl/src/draw/lv_img_cache.c ****         /*Clean the cache before free it*/
 157:Middlewares/LVGL/GUI/lvgl/src/draw/lv_img_cache.c ****         lv_img_cache_invalidate_src(NULL);
 158:Middlewares/LVGL/GUI/lvgl/src/draw/lv_img_cache.c ****         lv_mem_free(LV_GC_ROOT(_lv_img_cache_array));
 159:Middlewares/LVGL/GUI/lvgl/src/draw/lv_img_cache.c ****     }
 160:Middlewares/LVGL/GUI/lvgl/src/draw/lv_img_cache.c **** 
 161:Middlewares/LVGL/GUI/lvgl/src/draw/lv_img_cache.c ****     /*Reallocate the cache*/
 162:Middlewares/LVGL/GUI/lvgl/src/draw/lv_img_cache.c ****     LV_GC_ROOT(_lv_img_cache_array) = lv_mem_alloc(sizeof(_lv_img_cache_entry_t) * new_entry_cnt);
 163:Middlewares/LVGL/GUI/lvgl/src/draw/lv_img_cache.c ****     LV_ASSERT_MALLOC(LV_GC_ROOT(_lv_img_cache_array));
 164:Middlewares/LVGL/GUI/lvgl/src/draw/lv_img_cache.c ****     if(LV_GC_ROOT(_lv_img_cache_array) == NULL) {
ARM GAS  C:\Users\ADMINI~1\AppData\Local\Temp\ccayC18r.s 			page 7


 165:Middlewares/LVGL/GUI/lvgl/src/draw/lv_img_cache.c ****         entry_cnt = 0;
 166:Middlewares/LVGL/GUI/lvgl/src/draw/lv_img_cache.c ****         return;
 167:Middlewares/LVGL/GUI/lvgl/src/draw/lv_img_cache.c ****     }
 168:Middlewares/LVGL/GUI/lvgl/src/draw/lv_img_cache.c ****     entry_cnt = new_entry_cnt;
 169:Middlewares/LVGL/GUI/lvgl/src/draw/lv_img_cache.c **** 
 170:Middlewares/LVGL/GUI/lvgl/src/draw/lv_img_cache.c ****     /*Clean the cache*/
 171:Middlewares/LVGL/GUI/lvgl/src/draw/lv_img_cache.c ****     lv_memset_00(LV_GC_ROOT(_lv_img_cache_array), entry_cnt * sizeof(_lv_img_cache_entry_t));
 172:Middlewares/LVGL/GUI/lvgl/src/draw/lv_img_cache.c **** #endif
 173:Middlewares/LVGL/GUI/lvgl/src/draw/lv_img_cache.c **** }
 167              		.loc 1 173 1 is_stmt 0 view .LVU45
 168 0000 7047     		bx	lr
 169              		.cfi_endproc
 170              	.LFE54:
 172              		.section	.text.lv_img_cache_invalidate_src,"ax",%progbits
 173              		.align	1
 174              		.global	lv_img_cache_invalidate_src
 175              		.syntax unified
 176              		.thumb
 177              		.thumb_func
 179              	lv_img_cache_invalidate_src:
 180              	.LVL18:
 181              	.LFB55:
 174:Middlewares/LVGL/GUI/lvgl/src/draw/lv_img_cache.c **** 
 175:Middlewares/LVGL/GUI/lvgl/src/draw/lv_img_cache.c **** /**
 176:Middlewares/LVGL/GUI/lvgl/src/draw/lv_img_cache.c ****  * Invalidate an image source in the cache.
 177:Middlewares/LVGL/GUI/lvgl/src/draw/lv_img_cache.c ****  * Useful if the image source is updated therefore it needs to be cached again.
 178:Middlewares/LVGL/GUI/lvgl/src/draw/lv_img_cache.c ****  * @param src an image source path to a file or pointer to an `lv_img_dsc_t` variable.
 179:Middlewares/LVGL/GUI/lvgl/src/draw/lv_img_cache.c ****  */
 180:Middlewares/LVGL/GUI/lvgl/src/draw/lv_img_cache.c **** void lv_img_cache_invalidate_src(const void * src)
 181:Middlewares/LVGL/GUI/lvgl/src/draw/lv_img_cache.c **** {
 182              		.loc 1 181 1 is_stmt 1 view -0
 183              		.cfi_startproc
 184              		@ args = 0, pretend = 0, frame = 0
 185              		@ frame_needed = 0, uses_anonymous_args = 0
 186              		@ link register save eliminated.
 182:Middlewares/LVGL/GUI/lvgl/src/draw/lv_img_cache.c ****     LV_UNUSED(src);
 187              		.loc 1 182 5 view .LVU47
 183:Middlewares/LVGL/GUI/lvgl/src/draw/lv_img_cache.c **** #if LV_IMG_CACHE_DEF_SIZE
 184:Middlewares/LVGL/GUI/lvgl/src/draw/lv_img_cache.c ****     _lv_img_cache_entry_t * cache = LV_GC_ROOT(_lv_img_cache_array);
 185:Middlewares/LVGL/GUI/lvgl/src/draw/lv_img_cache.c **** 
 186:Middlewares/LVGL/GUI/lvgl/src/draw/lv_img_cache.c ****     uint16_t i;
 187:Middlewares/LVGL/GUI/lvgl/src/draw/lv_img_cache.c ****     for(i = 0; i < entry_cnt; i++) {
 188:Middlewares/LVGL/GUI/lvgl/src/draw/lv_img_cache.c ****         if(src == NULL || lv_img_cache_match(src, cache[i].dec_dsc.src)) {
 189:Middlewares/LVGL/GUI/lvgl/src/draw/lv_img_cache.c ****             if(cache[i].dec_dsc.src != NULL) {
 190:Middlewares/LVGL/GUI/lvgl/src/draw/lv_img_cache.c ****                 lv_img_decoder_close(&cache[i].dec_dsc);
 191:Middlewares/LVGL/GUI/lvgl/src/draw/lv_img_cache.c ****             }
 192:Middlewares/LVGL/GUI/lvgl/src/draw/lv_img_cache.c **** 
 193:Middlewares/LVGL/GUI/lvgl/src/draw/lv_img_cache.c ****             lv_memset_00(&cache[i], sizeof(_lv_img_cache_entry_t));
 194:Middlewares/LVGL/GUI/lvgl/src/draw/lv_img_cache.c ****         }
 195:Middlewares/LVGL/GUI/lvgl/src/draw/lv_img_cache.c ****     }
 196:Middlewares/LVGL/GUI/lvgl/src/draw/lv_img_cache.c **** #endif
 197:Middlewares/LVGL/GUI/lvgl/src/draw/lv_img_cache.c **** }
 188              		.loc 1 197 1 is_stmt 0 view .LVU48
 189 0000 7047     		bx	lr
 190              		.cfi_endproc
 191              	.LFE55:
 193              		.text
ARM GAS  C:\Users\ADMINI~1\AppData\Local\Temp\ccayC18r.s 			page 8


 194              	.Letext0:
 195              		.file 2 "c:\\gnu arm embedded toolchain\\10 2021.10\\arm-none-eabi\\include\\machine\\_default_typ
 196              		.file 3 "c:\\gnu arm embedded toolchain\\10 2021.10\\arm-none-eabi\\include\\sys\\_stdint.h"
 197              		.file 4 "Middlewares/LVGL/GUI/lvgl/src/draw/../misc/lv_types.h"
 198              		.file 5 "Middlewares/LVGL/GUI/lvgl/src/draw/../misc/lv_color.h"
 199              		.file 6 "Middlewares/LVGL/GUI/lvgl/src/draw/../misc/lv_area.h"
 200              		.file 7 "Middlewares/LVGL/GUI/lvgl/src/draw/lv_img_buf.h"
 201              		.file 8 "Middlewares/LVGL/GUI/lvgl/src/draw/lv_img_decoder.h"
 202              		.file 9 "Middlewares/LVGL/GUI/lvgl/src/draw/lv_img_cache.h"
 203              		.file 10 "Middlewares/LVGL/GUI/lvgl/src/draw/../misc/lv_gc.h"
 204              		.file 11 "Middlewares/LVGL/GUI/lvgl/src/draw/../hal/lv_hal_tick.h"
 205              		.file 12 "Middlewares/LVGL/GUI/lvgl/src/draw/../misc/lv_mem.h"
ARM GAS  C:\Users\ADMINI~1\AppData\Local\Temp\ccayC18r.s 			page 9


DEFINED SYMBOLS
                            *ABS*:00000000 lv_img_cache.c
C:\Users\ADMINI~1\AppData\Local\Temp\ccayC18r.s:20     .text._lv_img_cache_open:00000000 $t
C:\Users\ADMINI~1\AppData\Local\Temp\ccayC18r.s:26     .text._lv_img_cache_open:00000000 _lv_img_cache_open
C:\Users\ADMINI~1\AppData\Local\Temp\ccayC18r.s:144    .text._lv_img_cache_open:00000058 $d
C:\Users\ADMINI~1\AppData\Local\Temp\ccayC18r.s:149    .text.lv_img_cache_set_size:00000000 $t
C:\Users\ADMINI~1\AppData\Local\Temp\ccayC18r.s:155    .text.lv_img_cache_set_size:00000000 lv_img_cache_set_size
C:\Users\ADMINI~1\AppData\Local\Temp\ccayC18r.s:173    .text.lv_img_cache_invalidate_src:00000000 $t
C:\Users\ADMINI~1\AppData\Local\Temp\ccayC18r.s:179    .text.lv_img_cache_invalidate_src:00000000 lv_img_cache_invalidate_src

UNDEFINED SYMBOLS
lv_tick_get
lv_img_decoder_open
lv_memset_00
lv_tick_elaps
_lv_img_cache_single
