ARM GAS  C:\Users\ADMINI~1\AppData\Local\Temp\ccndULDk.s 			page 1


   1              		.cpu cortex-m4
   2              		.arch armv7e-m
   3              		.fpu fpv4-sp-d16
   4              		.eabi_attribute 27, 1
   5              		.eabi_attribute 28, 1
   6              		.eabi_attribute 20, 1
   7              		.eabi_attribute 21, 1
   8              		.eabi_attribute 23, 3
   9              		.eabi_attribute 24, 1
  10              		.eabi_attribute 25, 1
  11              		.eabi_attribute 26, 1
  12              		.eabi_attribute 30, 1
  13              		.eabi_attribute 34, 1
  14              		.eabi_attribute 18, 4
  15              		.file	"lv_obj_class.c"
  16              		.text
  17              	.Ltext0:
  18              		.cfi_sections	.debug_frame
  19              		.section	.text.lv_obj_construct,"ax",%progbits
  20              		.align	1
  21              		.syntax unified
  22              		.thumb
  23              		.thumb_func
  25              	lv_obj_construct:
  26              	.LVL0:
  27              	.LFB158:
  28              		.file 1 "Middlewares/LVGL/GUI/lvgl/src/core/lv_obj_class.c"
   1:Middlewares/LVGL/GUI/lvgl/src/core/lv_obj_class.c **** /**
   2:Middlewares/LVGL/GUI/lvgl/src/core/lv_obj_class.c ****  * @file lv_obj_class.c
   3:Middlewares/LVGL/GUI/lvgl/src/core/lv_obj_class.c ****  *
   4:Middlewares/LVGL/GUI/lvgl/src/core/lv_obj_class.c ****  */
   5:Middlewares/LVGL/GUI/lvgl/src/core/lv_obj_class.c **** 
   6:Middlewares/LVGL/GUI/lvgl/src/core/lv_obj_class.c **** /*********************
   7:Middlewares/LVGL/GUI/lvgl/src/core/lv_obj_class.c ****  *      INCLUDES
   8:Middlewares/LVGL/GUI/lvgl/src/core/lv_obj_class.c ****  *********************/
   9:Middlewares/LVGL/GUI/lvgl/src/core/lv_obj_class.c **** #include "lv_obj.h"
  10:Middlewares/LVGL/GUI/lvgl/src/core/lv_obj_class.c **** #include "lv_theme.h"
  11:Middlewares/LVGL/GUI/lvgl/src/core/lv_obj_class.c **** 
  12:Middlewares/LVGL/GUI/lvgl/src/core/lv_obj_class.c **** /*********************
  13:Middlewares/LVGL/GUI/lvgl/src/core/lv_obj_class.c ****  *      DEFINES
  14:Middlewares/LVGL/GUI/lvgl/src/core/lv_obj_class.c ****  *********************/
  15:Middlewares/LVGL/GUI/lvgl/src/core/lv_obj_class.c **** #define MY_CLASS &lv_obj_class
  16:Middlewares/LVGL/GUI/lvgl/src/core/lv_obj_class.c **** 
  17:Middlewares/LVGL/GUI/lvgl/src/core/lv_obj_class.c **** /**********************
  18:Middlewares/LVGL/GUI/lvgl/src/core/lv_obj_class.c ****  *      TYPEDEFS
  19:Middlewares/LVGL/GUI/lvgl/src/core/lv_obj_class.c ****  **********************/
  20:Middlewares/LVGL/GUI/lvgl/src/core/lv_obj_class.c **** 
  21:Middlewares/LVGL/GUI/lvgl/src/core/lv_obj_class.c **** /**********************
  22:Middlewares/LVGL/GUI/lvgl/src/core/lv_obj_class.c ****  *  GLOBAL PROTOTYPES
  23:Middlewares/LVGL/GUI/lvgl/src/core/lv_obj_class.c ****  **********************/
  24:Middlewares/LVGL/GUI/lvgl/src/core/lv_obj_class.c **** 
  25:Middlewares/LVGL/GUI/lvgl/src/core/lv_obj_class.c **** /**********************
  26:Middlewares/LVGL/GUI/lvgl/src/core/lv_obj_class.c ****  *  STATIC PROTOTYPES
  27:Middlewares/LVGL/GUI/lvgl/src/core/lv_obj_class.c ****  **********************/
  28:Middlewares/LVGL/GUI/lvgl/src/core/lv_obj_class.c **** static void lv_obj_construct(lv_obj_t * obj);
  29:Middlewares/LVGL/GUI/lvgl/src/core/lv_obj_class.c **** static uint32_t get_instance_size(const lv_obj_class_t * class_p);
  30:Middlewares/LVGL/GUI/lvgl/src/core/lv_obj_class.c **** 
ARM GAS  C:\Users\ADMINI~1\AppData\Local\Temp\ccndULDk.s 			page 2


  31:Middlewares/LVGL/GUI/lvgl/src/core/lv_obj_class.c **** /**********************
  32:Middlewares/LVGL/GUI/lvgl/src/core/lv_obj_class.c ****  *  STATIC VARIABLES
  33:Middlewares/LVGL/GUI/lvgl/src/core/lv_obj_class.c ****  **********************/
  34:Middlewares/LVGL/GUI/lvgl/src/core/lv_obj_class.c **** 
  35:Middlewares/LVGL/GUI/lvgl/src/core/lv_obj_class.c **** /**********************
  36:Middlewares/LVGL/GUI/lvgl/src/core/lv_obj_class.c ****  *      MACROS
  37:Middlewares/LVGL/GUI/lvgl/src/core/lv_obj_class.c ****  **********************/
  38:Middlewares/LVGL/GUI/lvgl/src/core/lv_obj_class.c **** 
  39:Middlewares/LVGL/GUI/lvgl/src/core/lv_obj_class.c **** /**********************
  40:Middlewares/LVGL/GUI/lvgl/src/core/lv_obj_class.c ****  *   GLOBAL FUNCTIONS
  41:Middlewares/LVGL/GUI/lvgl/src/core/lv_obj_class.c ****  **********************/
  42:Middlewares/LVGL/GUI/lvgl/src/core/lv_obj_class.c **** 
  43:Middlewares/LVGL/GUI/lvgl/src/core/lv_obj_class.c **** lv_obj_t * lv_obj_class_create_obj(const lv_obj_class_t * class_p, lv_obj_t * parent)
  44:Middlewares/LVGL/GUI/lvgl/src/core/lv_obj_class.c **** {
  45:Middlewares/LVGL/GUI/lvgl/src/core/lv_obj_class.c ****     LV_TRACE_OBJ_CREATE("Creating object with %p class on %p parent", (void *)class_p, (void *)pare
  46:Middlewares/LVGL/GUI/lvgl/src/core/lv_obj_class.c ****     uint32_t s = get_instance_size(class_p);
  47:Middlewares/LVGL/GUI/lvgl/src/core/lv_obj_class.c ****     lv_obj_t * obj = lv_mem_alloc(s);
  48:Middlewares/LVGL/GUI/lvgl/src/core/lv_obj_class.c ****     if(obj == NULL) return NULL;
  49:Middlewares/LVGL/GUI/lvgl/src/core/lv_obj_class.c ****     lv_memset_00(obj, s);
  50:Middlewares/LVGL/GUI/lvgl/src/core/lv_obj_class.c ****     obj->class_p = class_p;
  51:Middlewares/LVGL/GUI/lvgl/src/core/lv_obj_class.c ****     obj->parent = parent;
  52:Middlewares/LVGL/GUI/lvgl/src/core/lv_obj_class.c **** 
  53:Middlewares/LVGL/GUI/lvgl/src/core/lv_obj_class.c ****     /*Create a screen*/
  54:Middlewares/LVGL/GUI/lvgl/src/core/lv_obj_class.c ****     if(parent == NULL) {
  55:Middlewares/LVGL/GUI/lvgl/src/core/lv_obj_class.c ****         LV_TRACE_OBJ_CREATE("creating a screen");
  56:Middlewares/LVGL/GUI/lvgl/src/core/lv_obj_class.c ****         lv_disp_t * disp = lv_disp_get_default();
  57:Middlewares/LVGL/GUI/lvgl/src/core/lv_obj_class.c ****         if(!disp) {
  58:Middlewares/LVGL/GUI/lvgl/src/core/lv_obj_class.c ****             LV_LOG_WARN("No display created yet. No place to assign the new screen");
  59:Middlewares/LVGL/GUI/lvgl/src/core/lv_obj_class.c ****             return NULL;
  60:Middlewares/LVGL/GUI/lvgl/src/core/lv_obj_class.c ****         }
  61:Middlewares/LVGL/GUI/lvgl/src/core/lv_obj_class.c **** 
  62:Middlewares/LVGL/GUI/lvgl/src/core/lv_obj_class.c ****         if(disp->screens == NULL) {
  63:Middlewares/LVGL/GUI/lvgl/src/core/lv_obj_class.c ****             disp->screens = lv_mem_alloc(sizeof(lv_obj_t *));
  64:Middlewares/LVGL/GUI/lvgl/src/core/lv_obj_class.c ****             disp->screens[0] = obj;
  65:Middlewares/LVGL/GUI/lvgl/src/core/lv_obj_class.c ****             disp->screen_cnt = 1;
  66:Middlewares/LVGL/GUI/lvgl/src/core/lv_obj_class.c ****         }
  67:Middlewares/LVGL/GUI/lvgl/src/core/lv_obj_class.c ****         else {
  68:Middlewares/LVGL/GUI/lvgl/src/core/lv_obj_class.c ****             disp->screen_cnt++;
  69:Middlewares/LVGL/GUI/lvgl/src/core/lv_obj_class.c ****             disp->screens = lv_mem_realloc(disp->screens, sizeof(lv_obj_t *) * disp->screen_cnt);
  70:Middlewares/LVGL/GUI/lvgl/src/core/lv_obj_class.c ****             disp->screens[disp->screen_cnt - 1] = obj;
  71:Middlewares/LVGL/GUI/lvgl/src/core/lv_obj_class.c ****         }
  72:Middlewares/LVGL/GUI/lvgl/src/core/lv_obj_class.c **** 
  73:Middlewares/LVGL/GUI/lvgl/src/core/lv_obj_class.c ****         /*Set coordinates to full screen size*/
  74:Middlewares/LVGL/GUI/lvgl/src/core/lv_obj_class.c ****         obj->coords.x1 = 0;
  75:Middlewares/LVGL/GUI/lvgl/src/core/lv_obj_class.c ****         obj->coords.y1 = 0;
  76:Middlewares/LVGL/GUI/lvgl/src/core/lv_obj_class.c ****         obj->coords.x2 = lv_disp_get_hor_res(NULL) - 1;
  77:Middlewares/LVGL/GUI/lvgl/src/core/lv_obj_class.c ****         obj->coords.y2 = lv_disp_get_ver_res(NULL) - 1;
  78:Middlewares/LVGL/GUI/lvgl/src/core/lv_obj_class.c ****     }
  79:Middlewares/LVGL/GUI/lvgl/src/core/lv_obj_class.c ****     /*Create a normal object*/
  80:Middlewares/LVGL/GUI/lvgl/src/core/lv_obj_class.c ****     else {
  81:Middlewares/LVGL/GUI/lvgl/src/core/lv_obj_class.c ****         LV_TRACE_OBJ_CREATE("creating normal object");
  82:Middlewares/LVGL/GUI/lvgl/src/core/lv_obj_class.c ****         LV_ASSERT_OBJ(parent, MY_CLASS);
  83:Middlewares/LVGL/GUI/lvgl/src/core/lv_obj_class.c ****         if(parent->spec_attr == NULL) {
  84:Middlewares/LVGL/GUI/lvgl/src/core/lv_obj_class.c ****             lv_obj_allocate_spec_attr(parent);
  85:Middlewares/LVGL/GUI/lvgl/src/core/lv_obj_class.c ****         }
  86:Middlewares/LVGL/GUI/lvgl/src/core/lv_obj_class.c **** 
  87:Middlewares/LVGL/GUI/lvgl/src/core/lv_obj_class.c ****         if(parent->spec_attr->children == NULL) {
ARM GAS  C:\Users\ADMINI~1\AppData\Local\Temp\ccndULDk.s 			page 3


  88:Middlewares/LVGL/GUI/lvgl/src/core/lv_obj_class.c ****             parent->spec_attr->children = lv_mem_alloc(sizeof(lv_obj_t *));
  89:Middlewares/LVGL/GUI/lvgl/src/core/lv_obj_class.c ****             parent->spec_attr->children[0] = obj;
  90:Middlewares/LVGL/GUI/lvgl/src/core/lv_obj_class.c ****             parent->spec_attr->child_cnt = 1;
  91:Middlewares/LVGL/GUI/lvgl/src/core/lv_obj_class.c ****         }
  92:Middlewares/LVGL/GUI/lvgl/src/core/lv_obj_class.c ****         else {
  93:Middlewares/LVGL/GUI/lvgl/src/core/lv_obj_class.c ****             parent->spec_attr->child_cnt++;
  94:Middlewares/LVGL/GUI/lvgl/src/core/lv_obj_class.c ****             parent->spec_attr->children = lv_mem_realloc(parent->spec_attr->children,
  95:Middlewares/LVGL/GUI/lvgl/src/core/lv_obj_class.c ****                                                          sizeof(lv_obj_t *) * parent->spec_attr->ch
  96:Middlewares/LVGL/GUI/lvgl/src/core/lv_obj_class.c ****             parent->spec_attr->children[parent->spec_attr->child_cnt - 1] = obj;
  97:Middlewares/LVGL/GUI/lvgl/src/core/lv_obj_class.c ****         }
  98:Middlewares/LVGL/GUI/lvgl/src/core/lv_obj_class.c ****     }
  99:Middlewares/LVGL/GUI/lvgl/src/core/lv_obj_class.c **** 
 100:Middlewares/LVGL/GUI/lvgl/src/core/lv_obj_class.c ****     return obj;
 101:Middlewares/LVGL/GUI/lvgl/src/core/lv_obj_class.c **** }
 102:Middlewares/LVGL/GUI/lvgl/src/core/lv_obj_class.c **** 
 103:Middlewares/LVGL/GUI/lvgl/src/core/lv_obj_class.c **** void lv_obj_class_init_obj(lv_obj_t * obj)
 104:Middlewares/LVGL/GUI/lvgl/src/core/lv_obj_class.c **** {
 105:Middlewares/LVGL/GUI/lvgl/src/core/lv_obj_class.c ****     lv_obj_mark_layout_as_dirty(obj);
 106:Middlewares/LVGL/GUI/lvgl/src/core/lv_obj_class.c ****     lv_obj_enable_style_refresh(false);
 107:Middlewares/LVGL/GUI/lvgl/src/core/lv_obj_class.c **** 
 108:Middlewares/LVGL/GUI/lvgl/src/core/lv_obj_class.c ****     lv_theme_apply(obj);
 109:Middlewares/LVGL/GUI/lvgl/src/core/lv_obj_class.c ****     lv_obj_construct(obj);
 110:Middlewares/LVGL/GUI/lvgl/src/core/lv_obj_class.c **** 
 111:Middlewares/LVGL/GUI/lvgl/src/core/lv_obj_class.c ****     lv_obj_enable_style_refresh(true);
 112:Middlewares/LVGL/GUI/lvgl/src/core/lv_obj_class.c ****     lv_obj_refresh_style(obj, LV_PART_ANY, LV_STYLE_PROP_ANY);
 113:Middlewares/LVGL/GUI/lvgl/src/core/lv_obj_class.c **** 
 114:Middlewares/LVGL/GUI/lvgl/src/core/lv_obj_class.c ****     lv_obj_refresh_self_size(obj);
 115:Middlewares/LVGL/GUI/lvgl/src/core/lv_obj_class.c **** 
 116:Middlewares/LVGL/GUI/lvgl/src/core/lv_obj_class.c ****     lv_group_t * def_group = lv_group_get_default();
 117:Middlewares/LVGL/GUI/lvgl/src/core/lv_obj_class.c ****     if(def_group && lv_obj_is_group_def(obj)) {
 118:Middlewares/LVGL/GUI/lvgl/src/core/lv_obj_class.c ****         lv_group_add_obj(def_group, obj);
 119:Middlewares/LVGL/GUI/lvgl/src/core/lv_obj_class.c ****     }
 120:Middlewares/LVGL/GUI/lvgl/src/core/lv_obj_class.c **** 
 121:Middlewares/LVGL/GUI/lvgl/src/core/lv_obj_class.c ****     lv_obj_t * parent = lv_obj_get_parent(obj);
 122:Middlewares/LVGL/GUI/lvgl/src/core/lv_obj_class.c ****     if(parent) {
 123:Middlewares/LVGL/GUI/lvgl/src/core/lv_obj_class.c ****         /*Call the ancestor's event handler to the parent to notify it about the new child.
 124:Middlewares/LVGL/GUI/lvgl/src/core/lv_obj_class.c ****          *Also triggers layout update*/
 125:Middlewares/LVGL/GUI/lvgl/src/core/lv_obj_class.c ****         lv_event_send(parent, LV_EVENT_CHILD_CHANGED, obj);
 126:Middlewares/LVGL/GUI/lvgl/src/core/lv_obj_class.c ****         lv_event_send(parent, LV_EVENT_CHILD_CREATED, obj);
 127:Middlewares/LVGL/GUI/lvgl/src/core/lv_obj_class.c **** 
 128:Middlewares/LVGL/GUI/lvgl/src/core/lv_obj_class.c ****         /*Invalidate the area if not screen created*/
 129:Middlewares/LVGL/GUI/lvgl/src/core/lv_obj_class.c ****         lv_obj_invalidate(obj);
 130:Middlewares/LVGL/GUI/lvgl/src/core/lv_obj_class.c ****     }
 131:Middlewares/LVGL/GUI/lvgl/src/core/lv_obj_class.c **** }
 132:Middlewares/LVGL/GUI/lvgl/src/core/lv_obj_class.c **** 
 133:Middlewares/LVGL/GUI/lvgl/src/core/lv_obj_class.c **** void _lv_obj_destruct(lv_obj_t * obj)
 134:Middlewares/LVGL/GUI/lvgl/src/core/lv_obj_class.c **** {
 135:Middlewares/LVGL/GUI/lvgl/src/core/lv_obj_class.c ****     if(obj->class_p->destructor_cb) obj->class_p->destructor_cb(obj->class_p, obj);
 136:Middlewares/LVGL/GUI/lvgl/src/core/lv_obj_class.c **** 
 137:Middlewares/LVGL/GUI/lvgl/src/core/lv_obj_class.c ****     if(obj->class_p->base_class) {
 138:Middlewares/LVGL/GUI/lvgl/src/core/lv_obj_class.c ****         /*Don't let the descendant methods run during destructing the ancestor type*/
 139:Middlewares/LVGL/GUI/lvgl/src/core/lv_obj_class.c ****         obj->class_p = obj->class_p->base_class;
 140:Middlewares/LVGL/GUI/lvgl/src/core/lv_obj_class.c **** 
 141:Middlewares/LVGL/GUI/lvgl/src/core/lv_obj_class.c ****         /*Call the base class's destructor too*/
 142:Middlewares/LVGL/GUI/lvgl/src/core/lv_obj_class.c ****         _lv_obj_destruct(obj);
 143:Middlewares/LVGL/GUI/lvgl/src/core/lv_obj_class.c ****     }
 144:Middlewares/LVGL/GUI/lvgl/src/core/lv_obj_class.c **** }
ARM GAS  C:\Users\ADMINI~1\AppData\Local\Temp\ccndULDk.s 			page 4


 145:Middlewares/LVGL/GUI/lvgl/src/core/lv_obj_class.c **** 
 146:Middlewares/LVGL/GUI/lvgl/src/core/lv_obj_class.c **** bool lv_obj_is_editable(lv_obj_t * obj)
 147:Middlewares/LVGL/GUI/lvgl/src/core/lv_obj_class.c **** {
 148:Middlewares/LVGL/GUI/lvgl/src/core/lv_obj_class.c ****     const lv_obj_class_t * class_p = obj->class_p;
 149:Middlewares/LVGL/GUI/lvgl/src/core/lv_obj_class.c **** 
 150:Middlewares/LVGL/GUI/lvgl/src/core/lv_obj_class.c ****     /*Find a base in which editable is set*/
 151:Middlewares/LVGL/GUI/lvgl/src/core/lv_obj_class.c ****     while(class_p && class_p->editable == LV_OBJ_CLASS_EDITABLE_INHERIT) class_p = class_p->base_cl
 152:Middlewares/LVGL/GUI/lvgl/src/core/lv_obj_class.c **** 
 153:Middlewares/LVGL/GUI/lvgl/src/core/lv_obj_class.c ****     if(class_p == NULL) return false;
 154:Middlewares/LVGL/GUI/lvgl/src/core/lv_obj_class.c **** 
 155:Middlewares/LVGL/GUI/lvgl/src/core/lv_obj_class.c ****     return class_p->editable == LV_OBJ_CLASS_EDITABLE_TRUE ? true : false;
 156:Middlewares/LVGL/GUI/lvgl/src/core/lv_obj_class.c **** }
 157:Middlewares/LVGL/GUI/lvgl/src/core/lv_obj_class.c **** 
 158:Middlewares/LVGL/GUI/lvgl/src/core/lv_obj_class.c **** bool lv_obj_is_group_def(lv_obj_t * obj)
 159:Middlewares/LVGL/GUI/lvgl/src/core/lv_obj_class.c **** {
 160:Middlewares/LVGL/GUI/lvgl/src/core/lv_obj_class.c ****     const lv_obj_class_t * class_p = obj->class_p;
 161:Middlewares/LVGL/GUI/lvgl/src/core/lv_obj_class.c **** 
 162:Middlewares/LVGL/GUI/lvgl/src/core/lv_obj_class.c ****     /*Find a base in which group_def is set*/
 163:Middlewares/LVGL/GUI/lvgl/src/core/lv_obj_class.c ****     while(class_p && class_p->group_def == LV_OBJ_CLASS_GROUP_DEF_INHERIT) class_p = class_p->base_
 164:Middlewares/LVGL/GUI/lvgl/src/core/lv_obj_class.c **** 
 165:Middlewares/LVGL/GUI/lvgl/src/core/lv_obj_class.c ****     if(class_p == NULL) return false;
 166:Middlewares/LVGL/GUI/lvgl/src/core/lv_obj_class.c **** 
 167:Middlewares/LVGL/GUI/lvgl/src/core/lv_obj_class.c ****     return class_p->group_def == LV_OBJ_CLASS_GROUP_DEF_TRUE ? true : false;
 168:Middlewares/LVGL/GUI/lvgl/src/core/lv_obj_class.c **** }
 169:Middlewares/LVGL/GUI/lvgl/src/core/lv_obj_class.c **** 
 170:Middlewares/LVGL/GUI/lvgl/src/core/lv_obj_class.c **** /**********************
 171:Middlewares/LVGL/GUI/lvgl/src/core/lv_obj_class.c ****  *   STATIC FUNCTIONS
 172:Middlewares/LVGL/GUI/lvgl/src/core/lv_obj_class.c ****  **********************/
 173:Middlewares/LVGL/GUI/lvgl/src/core/lv_obj_class.c **** 
 174:Middlewares/LVGL/GUI/lvgl/src/core/lv_obj_class.c **** static void lv_obj_construct(lv_obj_t * obj)
 175:Middlewares/LVGL/GUI/lvgl/src/core/lv_obj_class.c **** {
  29              		.loc 1 175 1 view -0
  30              		.cfi_startproc
  31              		@ args = 0, pretend = 0, frame = 0
  32              		@ frame_needed = 0, uses_anonymous_args = 0
  33              		.loc 1 175 1 is_stmt 0 view .LVU1
  34 0000 38B5     		push	{r3, r4, r5, lr}
  35              	.LCFI0:
  36              		.cfi_def_cfa_offset 16
  37              		.cfi_offset 3, -16
  38              		.cfi_offset 4, -12
  39              		.cfi_offset 5, -8
  40              		.cfi_offset 14, -4
  41 0002 0446     		mov	r4, r0
 176:Middlewares/LVGL/GUI/lvgl/src/core/lv_obj_class.c ****     const lv_obj_class_t * original_class_p = obj->class_p;
  42              		.loc 1 176 5 is_stmt 1 view .LVU2
  43              		.loc 1 176 28 is_stmt 0 view .LVU3
  44 0004 0568     		ldr	r5, [r0]
  45              	.LVL1:
 177:Middlewares/LVGL/GUI/lvgl/src/core/lv_obj_class.c **** 
 178:Middlewares/LVGL/GUI/lvgl/src/core/lv_obj_class.c ****     if(obj->class_p->base_class) {
  46              		.loc 1 178 5 is_stmt 1 view .LVU4
  47              		.loc 1 178 20 is_stmt 0 view .LVU5
  48 0006 2B68     		ldr	r3, [r5]
  49              		.loc 1 178 7 view .LVU6
  50 0008 13B1     		cbz	r3, .L2
 179:Middlewares/LVGL/GUI/lvgl/src/core/lv_obj_class.c ****         /*Don't let the descendant methods run during constructing the ancestor type*/
ARM GAS  C:\Users\ADMINI~1\AppData\Local\Temp\ccndULDk.s 			page 5


 180:Middlewares/LVGL/GUI/lvgl/src/core/lv_obj_class.c ****         obj->class_p = obj->class_p->base_class;
  51              		.loc 1 180 9 is_stmt 1 view .LVU7
  52              		.loc 1 180 22 is_stmt 0 view .LVU8
  53 000a 0360     		str	r3, [r0]
 181:Middlewares/LVGL/GUI/lvgl/src/core/lv_obj_class.c **** 
 182:Middlewares/LVGL/GUI/lvgl/src/core/lv_obj_class.c ****         /*Construct the base first*/
 183:Middlewares/LVGL/GUI/lvgl/src/core/lv_obj_class.c ****         lv_obj_construct(obj);
  54              		.loc 1 183 9 is_stmt 1 view .LVU9
  55 000c FFF7F8FF 		bl	lv_obj_construct
  56              	.LVL2:
  57              	.L2:
 184:Middlewares/LVGL/GUI/lvgl/src/core/lv_obj_class.c ****     }
 185:Middlewares/LVGL/GUI/lvgl/src/core/lv_obj_class.c **** 
 186:Middlewares/LVGL/GUI/lvgl/src/core/lv_obj_class.c ****     /*Restore the original class*/
 187:Middlewares/LVGL/GUI/lvgl/src/core/lv_obj_class.c ****     obj->class_p = original_class_p;
  58              		.loc 1 187 5 view .LVU10
  59              		.loc 1 187 18 is_stmt 0 view .LVU11
  60 0010 2560     		str	r5, [r4]
 188:Middlewares/LVGL/GUI/lvgl/src/core/lv_obj_class.c **** 
 189:Middlewares/LVGL/GUI/lvgl/src/core/lv_obj_class.c ****     if(obj->class_p->constructor_cb) obj->class_p->constructor_cb(obj->class_p, obj);
  61              		.loc 1 189 5 is_stmt 1 view .LVU12
  62              		.loc 1 189 20 is_stmt 0 view .LVU13
  63 0012 6B68     		ldr	r3, [r5, #4]
  64              		.loc 1 189 7 view .LVU14
  65 0014 13B1     		cbz	r3, .L1
  66              		.loc 1 189 38 is_stmt 1 discriminator 1 view .LVU15
  67 0016 2146     		mov	r1, r4
  68 0018 2846     		mov	r0, r5
  69 001a 9847     		blx	r3
  70              	.LVL3:
  71              	.L1:
 190:Middlewares/LVGL/GUI/lvgl/src/core/lv_obj_class.c **** }
  72              		.loc 1 190 1 is_stmt 0 view .LVU16
  73 001c 38BD     		pop	{r3, r4, r5, pc}
  74              		.loc 1 190 1 view .LVU17
  75              		.cfi_endproc
  76              	.LFE158:
  78              		.section	.text.get_instance_size,"ax",%progbits
  79              		.align	1
  80              		.syntax unified
  81              		.thumb
  82              		.thumb_func
  84              	get_instance_size:
  85              	.LVL4:
  86              	.LFB159:
 191:Middlewares/LVGL/GUI/lvgl/src/core/lv_obj_class.c **** 
 192:Middlewares/LVGL/GUI/lvgl/src/core/lv_obj_class.c **** static uint32_t get_instance_size(const lv_obj_class_t * class_p)
 193:Middlewares/LVGL/GUI/lvgl/src/core/lv_obj_class.c **** {
  87              		.loc 1 193 1 is_stmt 1 view -0
  88              		.cfi_startproc
  89              		@ args = 0, pretend = 0, frame = 0
  90              		@ frame_needed = 0, uses_anonymous_args = 0
  91              		@ link register save eliminated.
 194:Middlewares/LVGL/GUI/lvgl/src/core/lv_obj_class.c ****     /*Find a base in which instance size is set*/
 195:Middlewares/LVGL/GUI/lvgl/src/core/lv_obj_class.c ****     const lv_obj_class_t * base = class_p;
  92              		.loc 1 195 5 view .LVU19
 196:Middlewares/LVGL/GUI/lvgl/src/core/lv_obj_class.c ****     while(base && base->instance_size == 0) base = base->base_class;
ARM GAS  C:\Users\ADMINI~1\AppData\Local\Temp\ccndULDk.s 			page 6


  93              		.loc 1 196 5 view .LVU20
  94              		.loc 1 196 10 is_stmt 0 view .LVU21
  95 0000 00E0     		b	.L6
  96              	.LVL5:
  97              	.L8:
  98              		.loc 1 196 45 is_stmt 1 discriminator 3 view .LVU22
  99              		.loc 1 196 50 is_stmt 0 discriminator 3 view .LVU23
 100 0002 0068     		ldr	r0, [r0]
 101              	.LVL6:
 102              	.L6:
 103              		.loc 1 196 10 is_stmt 1 discriminator 1 view .LVU24
 104 0004 20B1     		cbz	r0, .L7
 105              		.loc 1 196 39 is_stmt 0 discriminator 2 view .LVU25
 106 0006 C269     		ldr	r2, [r0, #28]
 107 0008 054B     		ldr	r3, .L11
 108 000a 1340     		ands	r3, r3, r2
 109              		.loc 1 196 16 discriminator 2 view .LVU26
 110 000c 002B     		cmp	r3, #0
 111 000e F8D0     		beq	.L8
 112              	.L7:
 197:Middlewares/LVGL/GUI/lvgl/src/core/lv_obj_class.c **** 
 198:Middlewares/LVGL/GUI/lvgl/src/core/lv_obj_class.c ****     if(base == NULL) return 0;  /*Never happens: set at least in `lv_obj` class*/
 113              		.loc 1 198 5 is_stmt 1 view .LVU27
 114              		.loc 1 198 7 is_stmt 0 view .LVU28
 115 0010 18B1     		cbz	r0, .L10
 199:Middlewares/LVGL/GUI/lvgl/src/core/lv_obj_class.c **** 
 200:Middlewares/LVGL/GUI/lvgl/src/core/lv_obj_class.c ****     return base->instance_size;
 116              		.loc 1 200 5 is_stmt 1 view .LVU29
 117              		.loc 1 200 16 is_stmt 0 view .LVU30
 118 0012 C069     		ldr	r0, [r0, #28]
 119              	.LVL7:
 120              		.loc 1 200 16 view .LVU31
 121 0014 C0F30F10 		ubfx	r0, r0, #4, #16
 122 0018 7047     		bx	lr
 123              	.LVL8:
 124              	.L10:
 198:Middlewares/LVGL/GUI/lvgl/src/core/lv_obj_class.c **** 
 125              		.loc 1 198 29 view .LVU32
 126 001a 0020     		movs	r0, #0
 127              	.LVL9:
 201:Middlewares/LVGL/GUI/lvgl/src/core/lv_obj_class.c **** }
 128              		.loc 1 201 1 view .LVU33
 129 001c 7047     		bx	lr
 130              	.L12:
 131 001e 00BF     		.align	2
 132              	.L11:
 133 0020 F0FF0F00 		.word	1048560
 134              		.cfi_endproc
 135              	.LFE159:
 137              		.section	.text.lv_obj_class_create_obj,"ax",%progbits
 138              		.align	1
 139              		.global	lv_obj_class_create_obj
 140              		.syntax unified
 141              		.thumb
 142              		.thumb_func
 144              	lv_obj_class_create_obj:
 145              	.LVL10:
ARM GAS  C:\Users\ADMINI~1\AppData\Local\Temp\ccndULDk.s 			page 7


 146              	.LFB153:
  44:Middlewares/LVGL/GUI/lvgl/src/core/lv_obj_class.c ****     LV_TRACE_OBJ_CREATE("Creating object with %p class on %p parent", (void *)class_p, (void *)pare
 147              		.loc 1 44 1 is_stmt 1 view -0
 148              		.cfi_startproc
 149              		@ args = 0, pretend = 0, frame = 0
 150              		@ frame_needed = 0, uses_anonymous_args = 0
  44:Middlewares/LVGL/GUI/lvgl/src/core/lv_obj_class.c ****     LV_TRACE_OBJ_CREATE("Creating object with %p class on %p parent", (void *)class_p, (void *)pare
 151              		.loc 1 44 1 is_stmt 0 view .LVU35
 152 0000 F8B5     		push	{r3, r4, r5, r6, r7, lr}
 153              	.LCFI1:
 154              		.cfi_def_cfa_offset 24
 155              		.cfi_offset 3, -24
 156              		.cfi_offset 4, -20
 157              		.cfi_offset 5, -16
 158              		.cfi_offset 6, -12
 159              		.cfi_offset 7, -8
 160              		.cfi_offset 14, -4
 161 0002 0546     		mov	r5, r0
 162 0004 0C46     		mov	r4, r1
  45:Middlewares/LVGL/GUI/lvgl/src/core/lv_obj_class.c ****     uint32_t s = get_instance_size(class_p);
 163              		.loc 1 45 103 is_stmt 1 view .LVU36
  46:Middlewares/LVGL/GUI/lvgl/src/core/lv_obj_class.c ****     lv_obj_t * obj = lv_mem_alloc(s);
 164              		.loc 1 46 5 view .LVU37
  46:Middlewares/LVGL/GUI/lvgl/src/core/lv_obj_class.c ****     lv_obj_t * obj = lv_mem_alloc(s);
 165              		.loc 1 46 18 is_stmt 0 view .LVU38
 166 0006 FFF7FEFF 		bl	get_instance_size
 167              	.LVL11:
  46:Middlewares/LVGL/GUI/lvgl/src/core/lv_obj_class.c ****     lv_obj_t * obj = lv_mem_alloc(s);
 168              		.loc 1 46 18 view .LVU39
 169 000a 0646     		mov	r6, r0
 170              	.LVL12:
  47:Middlewares/LVGL/GUI/lvgl/src/core/lv_obj_class.c ****     if(obj == NULL) return NULL;
 171              		.loc 1 47 5 is_stmt 1 view .LVU40
  47:Middlewares/LVGL/GUI/lvgl/src/core/lv_obj_class.c ****     if(obj == NULL) return NULL;
 172              		.loc 1 47 22 is_stmt 0 view .LVU41
 173 000c FFF7FEFF 		bl	lv_mem_alloc
 174              	.LVL13:
  48:Middlewares/LVGL/GUI/lvgl/src/core/lv_obj_class.c ****     lv_memset_00(obj, s);
 175              		.loc 1 48 5 is_stmt 1 view .LVU42
  48:Middlewares/LVGL/GUI/lvgl/src/core/lv_obj_class.c ****     lv_memset_00(obj, s);
 176              		.loc 1 48 7 is_stmt 0 view .LVU43
 177 0010 0746     		mov	r7, r0
 178 0012 F0B1     		cbz	r0, .L13
  49:Middlewares/LVGL/GUI/lvgl/src/core/lv_obj_class.c ****     obj->class_p = class_p;
 179              		.loc 1 49 5 is_stmt 1 view .LVU44
 180 0014 3146     		mov	r1, r6
 181 0016 FFF7FEFF 		bl	lv_memset_00
 182              	.LVL14:
  50:Middlewares/LVGL/GUI/lvgl/src/core/lv_obj_class.c ****     obj->parent = parent;
 183              		.loc 1 50 5 view .LVU45
  50:Middlewares/LVGL/GUI/lvgl/src/core/lv_obj_class.c ****     obj->parent = parent;
 184              		.loc 1 50 18 is_stmt 0 view .LVU46
 185 001a 3D60     		str	r5, [r7]
  51:Middlewares/LVGL/GUI/lvgl/src/core/lv_obj_class.c **** 
 186              		.loc 1 51 5 is_stmt 1 view .LVU47
  51:Middlewares/LVGL/GUI/lvgl/src/core/lv_obj_class.c **** 
 187              		.loc 1 51 17 is_stmt 0 view .LVU48
ARM GAS  C:\Users\ADMINI~1\AppData\Local\Temp\ccndULDk.s 			page 8


 188 001c 7C60     		str	r4, [r7, #4]
  54:Middlewares/LVGL/GUI/lvgl/src/core/lv_obj_class.c ****         LV_TRACE_OBJ_CREATE("creating a screen");
 189              		.loc 1 54 5 is_stmt 1 view .LVU49
  54:Middlewares/LVGL/GUI/lvgl/src/core/lv_obj_class.c ****         LV_TRACE_OBJ_CREATE("creating a screen");
 190              		.loc 1 54 7 is_stmt 0 view .LVU50
 191 001e D4B1     		cbz	r4, .L22
  81:Middlewares/LVGL/GUI/lvgl/src/core/lv_obj_class.c ****         LV_ASSERT_OBJ(parent, MY_CLASS);
 192              		.loc 1 81 54 is_stmt 1 view .LVU51
  82:Middlewares/LVGL/GUI/lvgl/src/core/lv_obj_class.c ****         if(parent->spec_attr == NULL) {
 193              		.loc 1 82 9 view .LVU52
  82:Middlewares/LVGL/GUI/lvgl/src/core/lv_obj_class.c ****         if(parent->spec_attr == NULL) {
 194              		.loc 1 82 9 view .LVU53
  82:Middlewares/LVGL/GUI/lvgl/src/core/lv_obj_class.c ****         if(parent->spec_attr == NULL) {
 195              		.loc 1 82 9 view .LVU54
  83:Middlewares/LVGL/GUI/lvgl/src/core/lv_obj_class.c ****             lv_obj_allocate_spec_attr(parent);
 196              		.loc 1 83 9 view .LVU55
  83:Middlewares/LVGL/GUI/lvgl/src/core/lv_obj_class.c ****             lv_obj_allocate_spec_attr(parent);
 197              		.loc 1 83 18 is_stmt 0 view .LVU56
 198 0020 A368     		ldr	r3, [r4, #8]
  83:Middlewares/LVGL/GUI/lvgl/src/core/lv_obj_class.c ****             lv_obj_allocate_spec_attr(parent);
 199              		.loc 1 83 11 view .LVU57
 200 0022 002B     		cmp	r3, #0
 201 0024 41D0     		beq	.L23
 202              	.L18:
  87:Middlewares/LVGL/GUI/lvgl/src/core/lv_obj_class.c ****             parent->spec_attr->children = lv_mem_alloc(sizeof(lv_obj_t *));
 203              		.loc 1 87 9 is_stmt 1 view .LVU58
  87:Middlewares/LVGL/GUI/lvgl/src/core/lv_obj_class.c ****             parent->spec_attr->children = lv_mem_alloc(sizeof(lv_obj_t *));
 204              		.loc 1 87 18 is_stmt 0 view .LVU59
 205 0026 A568     		ldr	r5, [r4, #8]
 206              	.LVL15:
  87:Middlewares/LVGL/GUI/lvgl/src/core/lv_obj_class.c ****             parent->spec_attr->children = lv_mem_alloc(sizeof(lv_obj_t *));
 207              		.loc 1 87 29 view .LVU60
 208 0028 2B68     		ldr	r3, [r5]
  87:Middlewares/LVGL/GUI/lvgl/src/core/lv_obj_class.c ****             parent->spec_attr->children = lv_mem_alloc(sizeof(lv_obj_t *));
 209              		.loc 1 87 11 view .LVU61
 210 002a 002B     		cmp	r3, #0
 211 002c 41D0     		beq	.L24
  93:Middlewares/LVGL/GUI/lvgl/src/core/lv_obj_class.c ****             parent->spec_attr->children = lv_mem_realloc(parent->spec_attr->children,
 212              		.loc 1 93 13 is_stmt 1 view .LVU62
  93:Middlewares/LVGL/GUI/lvgl/src/core/lv_obj_class.c ****             parent->spec_attr->children = lv_mem_realloc(parent->spec_attr->children,
 213              		.loc 1 93 30 is_stmt 0 view .LVU63
 214 002e 6B68     		ldr	r3, [r5, #4]
  93:Middlewares/LVGL/GUI/lvgl/src/core/lv_obj_class.c ****             parent->spec_attr->children = lv_mem_realloc(parent->spec_attr->children,
 215              		.loc 1 93 41 view .LVU64
 216 0030 0133     		adds	r3, r3, #1
 217 0032 6B60     		str	r3, [r5, #4]
  94:Middlewares/LVGL/GUI/lvgl/src/core/lv_obj_class.c ****                                                          sizeof(lv_obj_t *) * parent->spec_attr->ch
 218              		.loc 1 94 13 is_stmt 1 view .LVU65
  94:Middlewares/LVGL/GUI/lvgl/src/core/lv_obj_class.c ****                                                          sizeof(lv_obj_t *) * parent->spec_attr->ch
 219              		.loc 1 94 64 is_stmt 0 view .LVU66
 220 0034 A568     		ldr	r5, [r4, #8]
  95:Middlewares/LVGL/GUI/lvgl/src/core/lv_obj_class.c ****             parent->spec_attr->children[parent->spec_attr->child_cnt - 1] = obj;
 221              		.loc 1 95 96 view .LVU67
 222 0036 6968     		ldr	r1, [r5, #4]
  94:Middlewares/LVGL/GUI/lvgl/src/core/lv_obj_class.c ****                                                          sizeof(lv_obj_t *) * parent->spec_attr->ch
 223              		.loc 1 94 43 view .LVU68
 224 0038 8900     		lsls	r1, r1, #2
ARM GAS  C:\Users\ADMINI~1\AppData\Local\Temp\ccndULDk.s 			page 9


 225 003a 2868     		ldr	r0, [r5]
 226 003c FFF7FEFF 		bl	lv_mem_realloc
 227              	.LVL16:
  94:Middlewares/LVGL/GUI/lvgl/src/core/lv_obj_class.c ****                                                          sizeof(lv_obj_t *) * parent->spec_attr->ch
 228              		.loc 1 94 41 view .LVU69
 229 0040 2860     		str	r0, [r5]
  96:Middlewares/LVGL/GUI/lvgl/src/core/lv_obj_class.c ****         }
 230              		.loc 1 96 13 is_stmt 1 view .LVU70
  96:Middlewares/LVGL/GUI/lvgl/src/core/lv_obj_class.c ****         }
 231              		.loc 1 96 19 is_stmt 0 view .LVU71
 232 0042 A368     		ldr	r3, [r4, #8]
  96:Middlewares/LVGL/GUI/lvgl/src/core/lv_obj_class.c ****         }
 233              		.loc 1 96 30 view .LVU72
 234 0044 1A68     		ldr	r2, [r3]
  96:Middlewares/LVGL/GUI/lvgl/src/core/lv_obj_class.c ****         }
 235              		.loc 1 96 58 view .LVU73
 236 0046 5B68     		ldr	r3, [r3, #4]
  96:Middlewares/LVGL/GUI/lvgl/src/core/lv_obj_class.c ****         }
 237              		.loc 1 96 40 view .LVU74
 238 0048 03F18043 		add	r3, r3, #1073741824
 239 004c 013B     		subs	r3, r3, #1
  96:Middlewares/LVGL/GUI/lvgl/src/core/lv_obj_class.c ****         }
 240              		.loc 1 96 75 view .LVU75
 241 004e 42F82370 		str	r7, [r2, r3, lsl #2]
 242              	.LVL17:
 243              	.L13:
 101:Middlewares/LVGL/GUI/lvgl/src/core/lv_obj_class.c **** 
 244              		.loc 1 101 1 view .LVU76
 245 0052 3846     		mov	r0, r7
 246 0054 F8BD     		pop	{r3, r4, r5, r6, r7, pc}
 247              	.LVL18:
 248              	.L22:
 249              	.LBB2:
  55:Middlewares/LVGL/GUI/lvgl/src/core/lv_obj_class.c ****         lv_disp_t * disp = lv_disp_get_default();
 250              		.loc 1 55 49 is_stmt 1 view .LVU77
  56:Middlewares/LVGL/GUI/lvgl/src/core/lv_obj_class.c ****         if(!disp) {
 251              		.loc 1 56 9 view .LVU78
  56:Middlewares/LVGL/GUI/lvgl/src/core/lv_obj_class.c ****         if(!disp) {
 252              		.loc 1 56 28 is_stmt 0 view .LVU79
 253 0056 FFF7FEFF 		bl	lv_disp_get_default
 254              	.LVL19:
  57:Middlewares/LVGL/GUI/lvgl/src/core/lv_obj_class.c ****             LV_LOG_WARN("No display created yet. No place to assign the new screen");
 255              		.loc 1 57 9 is_stmt 1 view .LVU80
  57:Middlewares/LVGL/GUI/lvgl/src/core/lv_obj_class.c ****             LV_LOG_WARN("No display created yet. No place to assign the new screen");
 256              		.loc 1 57 11 is_stmt 0 view .LVU81
 257 005a 0446     		mov	r4, r0
 258              	.LVL20:
  57:Middlewares/LVGL/GUI/lvgl/src/core/lv_obj_class.c ****             LV_LOG_WARN("No display created yet. No place to assign the new screen");
 259              		.loc 1 57 11 view .LVU82
 260 005c 0028     		cmp	r0, #0
 261 005e 33D0     		beq	.L20
  62:Middlewares/LVGL/GUI/lvgl/src/core/lv_obj_class.c ****             disp->screens = lv_mem_alloc(sizeof(lv_obj_t *));
 262              		.loc 1 62 9 is_stmt 1 view .LVU83
  62:Middlewares/LVGL/GUI/lvgl/src/core/lv_obj_class.c ****             disp->screens = lv_mem_alloc(sizeof(lv_obj_t *));
 263              		.loc 1 62 16 is_stmt 0 view .LVU84
 264 0060 C068     		ldr	r0, [r0, #12]
 265              	.LVL21:
ARM GAS  C:\Users\ADMINI~1\AppData\Local\Temp\ccndULDk.s 			page 10


  62:Middlewares/LVGL/GUI/lvgl/src/core/lv_obj_class.c ****             disp->screens = lv_mem_alloc(sizeof(lv_obj_t *));
 266              		.loc 1 62 11 view .LVU85
 267 0062 D0B1     		cbz	r0, .L25
  68:Middlewares/LVGL/GUI/lvgl/src/core/lv_obj_class.c ****             disp->screens = lv_mem_realloc(disp->screens, sizeof(lv_obj_t *) * disp->screen_cnt);
 268              		.loc 1 68 13 is_stmt 1 view .LVU86
  68:Middlewares/LVGL/GUI/lvgl/src/core/lv_obj_class.c ****             disp->screens = lv_mem_realloc(disp->screens, sizeof(lv_obj_t *) * disp->screen_cnt);
 269              		.loc 1 68 17 is_stmt 0 view .LVU87
 270 0064 616A     		ldr	r1, [r4, #36]
  68:Middlewares/LVGL/GUI/lvgl/src/core/lv_obj_class.c ****             disp->screens = lv_mem_realloc(disp->screens, sizeof(lv_obj_t *) * disp->screen_cnt);
 271              		.loc 1 68 29 view .LVU88
 272 0066 0131     		adds	r1, r1, #1
 273 0068 6162     		str	r1, [r4, #36]
  69:Middlewares/LVGL/GUI/lvgl/src/core/lv_obj_class.c ****             disp->screens[disp->screen_cnt - 1] = obj;
 274              		.loc 1 69 13 is_stmt 1 view .LVU89
  69:Middlewares/LVGL/GUI/lvgl/src/core/lv_obj_class.c ****             disp->screens[disp->screen_cnt - 1] = obj;
 275              		.loc 1 69 29 is_stmt 0 view .LVU90
 276 006a 8900     		lsls	r1, r1, #2
 277 006c FFF7FEFF 		bl	lv_mem_realloc
 278              	.LVL22:
  69:Middlewares/LVGL/GUI/lvgl/src/core/lv_obj_class.c ****             disp->screens[disp->screen_cnt - 1] = obj;
 279              		.loc 1 69 27 view .LVU91
 280 0070 E060     		str	r0, [r4, #12]
  70:Middlewares/LVGL/GUI/lvgl/src/core/lv_obj_class.c ****         }
 281              		.loc 1 70 13 is_stmt 1 view .LVU92
  70:Middlewares/LVGL/GUI/lvgl/src/core/lv_obj_class.c ****         }
 282              		.loc 1 70 31 is_stmt 0 view .LVU93
 283 0072 636A     		ldr	r3, [r4, #36]
  70:Middlewares/LVGL/GUI/lvgl/src/core/lv_obj_class.c ****         }
 284              		.loc 1 70 26 view .LVU94
 285 0074 03F18043 		add	r3, r3, #1073741824
 286 0078 013B     		subs	r3, r3, #1
  70:Middlewares/LVGL/GUI/lvgl/src/core/lv_obj_class.c ****         }
 287              		.loc 1 70 49 view .LVU95
 288 007a 40F82370 		str	r7, [r0, r3, lsl #2]
 289              	.L17:
  74:Middlewares/LVGL/GUI/lvgl/src/core/lv_obj_class.c ****         obj->coords.y1 = 0;
 290              		.loc 1 74 9 is_stmt 1 view .LVU96
  74:Middlewares/LVGL/GUI/lvgl/src/core/lv_obj_class.c ****         obj->coords.y1 = 0;
 291              		.loc 1 74 24 is_stmt 0 view .LVU97
 292 007e 0024     		movs	r4, #0
 293              	.LVL23:
  74:Middlewares/LVGL/GUI/lvgl/src/core/lv_obj_class.c ****         obj->coords.y1 = 0;
 294              		.loc 1 74 24 view .LVU98
 295 0080 7C61     		str	r4, [r7, #20]
  75:Middlewares/LVGL/GUI/lvgl/src/core/lv_obj_class.c ****         obj->coords.x2 = lv_disp_get_hor_res(NULL) - 1;
 296              		.loc 1 75 9 is_stmt 1 view .LVU99
  75:Middlewares/LVGL/GUI/lvgl/src/core/lv_obj_class.c ****         obj->coords.x2 = lv_disp_get_hor_res(NULL) - 1;
 297              		.loc 1 75 24 is_stmt 0 view .LVU100
 298 0082 BC61     		str	r4, [r7, #24]
  76:Middlewares/LVGL/GUI/lvgl/src/core/lv_obj_class.c ****         obj->coords.y2 = lv_disp_get_ver_res(NULL) - 1;
 299              		.loc 1 76 9 is_stmt 1 view .LVU101
  76:Middlewares/LVGL/GUI/lvgl/src/core/lv_obj_class.c ****         obj->coords.y2 = lv_disp_get_ver_res(NULL) - 1;
 300              		.loc 1 76 26 is_stmt 0 view .LVU102
 301 0084 2046     		mov	r0, r4
 302 0086 FFF7FEFF 		bl	lv_disp_get_hor_res
 303              	.LVL24:
  76:Middlewares/LVGL/GUI/lvgl/src/core/lv_obj_class.c ****         obj->coords.y2 = lv_disp_get_ver_res(NULL) - 1;
ARM GAS  C:\Users\ADMINI~1\AppData\Local\Temp\ccndULDk.s 			page 11


 304              		.loc 1 76 52 view .LVU103
 305 008a 0138     		subs	r0, r0, #1
  76:Middlewares/LVGL/GUI/lvgl/src/core/lv_obj_class.c ****         obj->coords.y2 = lv_disp_get_ver_res(NULL) - 1;
 306              		.loc 1 76 24 view .LVU104
 307 008c F861     		str	r0, [r7, #28]
  77:Middlewares/LVGL/GUI/lvgl/src/core/lv_obj_class.c ****     }
 308              		.loc 1 77 9 is_stmt 1 view .LVU105
  77:Middlewares/LVGL/GUI/lvgl/src/core/lv_obj_class.c ****     }
 309              		.loc 1 77 26 is_stmt 0 view .LVU106
 310 008e 2046     		mov	r0, r4
 311 0090 FFF7FEFF 		bl	lv_disp_get_ver_res
 312              	.LVL25:
  77:Middlewares/LVGL/GUI/lvgl/src/core/lv_obj_class.c ****     }
 313              		.loc 1 77 52 view .LVU107
 314 0094 0138     		subs	r0, r0, #1
  77:Middlewares/LVGL/GUI/lvgl/src/core/lv_obj_class.c ****     }
 315              		.loc 1 77 24 view .LVU108
 316 0096 3862     		str	r0, [r7, #32]
 317              	.LBE2:
 318 0098 DBE7     		b	.L13
 319              	.LVL26:
 320              	.L25:
 321              	.LBB3:
  63:Middlewares/LVGL/GUI/lvgl/src/core/lv_obj_class.c ****             disp->screens[0] = obj;
 322              		.loc 1 63 13 is_stmt 1 view .LVU109
  63:Middlewares/LVGL/GUI/lvgl/src/core/lv_obj_class.c ****             disp->screens[0] = obj;
 323              		.loc 1 63 29 is_stmt 0 view .LVU110
 324 009a 0420     		movs	r0, #4
 325 009c FFF7FEFF 		bl	lv_mem_alloc
 326              	.LVL27:
  63:Middlewares/LVGL/GUI/lvgl/src/core/lv_obj_class.c ****             disp->screens[0] = obj;
 327              		.loc 1 63 27 view .LVU111
 328 00a0 E060     		str	r0, [r4, #12]
  64:Middlewares/LVGL/GUI/lvgl/src/core/lv_obj_class.c ****             disp->screen_cnt = 1;
 329              		.loc 1 64 13 is_stmt 1 view .LVU112
  64:Middlewares/LVGL/GUI/lvgl/src/core/lv_obj_class.c ****             disp->screen_cnt = 1;
 330              		.loc 1 64 30 is_stmt 0 view .LVU113
 331 00a2 0760     		str	r7, [r0]
  65:Middlewares/LVGL/GUI/lvgl/src/core/lv_obj_class.c ****         }
 332              		.loc 1 65 13 is_stmt 1 view .LVU114
  65:Middlewares/LVGL/GUI/lvgl/src/core/lv_obj_class.c ****         }
 333              		.loc 1 65 30 is_stmt 0 view .LVU115
 334 00a4 0123     		movs	r3, #1
 335 00a6 6362     		str	r3, [r4, #36]
 336 00a8 E9E7     		b	.L17
 337              	.LVL28:
 338              	.L23:
  65:Middlewares/LVGL/GUI/lvgl/src/core/lv_obj_class.c ****         }
 339              		.loc 1 65 30 view .LVU116
 340              	.LBE3:
  84:Middlewares/LVGL/GUI/lvgl/src/core/lv_obj_class.c ****         }
 341              		.loc 1 84 13 is_stmt 1 view .LVU117
 342 00aa 2046     		mov	r0, r4
 343 00ac FFF7FEFF 		bl	lv_obj_allocate_spec_attr
 344              	.LVL29:
 345 00b0 B9E7     		b	.L18
 346              	.LVL30:
ARM GAS  C:\Users\ADMINI~1\AppData\Local\Temp\ccndULDk.s 			page 12


 347              	.L24:
  88:Middlewares/LVGL/GUI/lvgl/src/core/lv_obj_class.c ****             parent->spec_attr->children[0] = obj;
 348              		.loc 1 88 13 view .LVU118
  88:Middlewares/LVGL/GUI/lvgl/src/core/lv_obj_class.c ****             parent->spec_attr->children[0] = obj;
 349              		.loc 1 88 43 is_stmt 0 view .LVU119
 350 00b2 0420     		movs	r0, #4
 351 00b4 FFF7FEFF 		bl	lv_mem_alloc
 352              	.LVL31:
  88:Middlewares/LVGL/GUI/lvgl/src/core/lv_obj_class.c ****             parent->spec_attr->children[0] = obj;
 353              		.loc 1 88 41 view .LVU120
 354 00b8 2860     		str	r0, [r5]
  89:Middlewares/LVGL/GUI/lvgl/src/core/lv_obj_class.c ****             parent->spec_attr->child_cnt = 1;
 355              		.loc 1 89 13 is_stmt 1 view .LVU121
  89:Middlewares/LVGL/GUI/lvgl/src/core/lv_obj_class.c ****             parent->spec_attr->child_cnt = 1;
 356              		.loc 1 89 19 is_stmt 0 view .LVU122
 357 00ba A368     		ldr	r3, [r4, #8]
  89:Middlewares/LVGL/GUI/lvgl/src/core/lv_obj_class.c ****             parent->spec_attr->child_cnt = 1;
 358              		.loc 1 89 30 view .LVU123
 359 00bc 1B68     		ldr	r3, [r3]
  89:Middlewares/LVGL/GUI/lvgl/src/core/lv_obj_class.c ****             parent->spec_attr->child_cnt = 1;
 360              		.loc 1 89 44 view .LVU124
 361 00be 1F60     		str	r7, [r3]
  90:Middlewares/LVGL/GUI/lvgl/src/core/lv_obj_class.c ****         }
 362              		.loc 1 90 13 is_stmt 1 view .LVU125
  90:Middlewares/LVGL/GUI/lvgl/src/core/lv_obj_class.c ****         }
 363              		.loc 1 90 19 is_stmt 0 view .LVU126
 364 00c0 A368     		ldr	r3, [r4, #8]
  90:Middlewares/LVGL/GUI/lvgl/src/core/lv_obj_class.c ****         }
 365              		.loc 1 90 42 view .LVU127
 366 00c2 0122     		movs	r2, #1
 367 00c4 5A60     		str	r2, [r3, #4]
 368 00c6 C4E7     		b	.L13
 369              	.LVL32:
 370              	.L20:
 371              	.LBB4:
  59:Middlewares/LVGL/GUI/lvgl/src/core/lv_obj_class.c ****         }
 372              		.loc 1 59 20 view .LVU128
 373 00c8 0746     		mov	r7, r0
 374              	.LVL33:
  59:Middlewares/LVGL/GUI/lvgl/src/core/lv_obj_class.c ****         }
 375              		.loc 1 59 20 view .LVU129
 376 00ca C2E7     		b	.L13
 377              	.LBE4:
 378              		.cfi_endproc
 379              	.LFE153:
 381              		.section	.text._lv_obj_destruct,"ax",%progbits
 382              		.align	1
 383              		.global	_lv_obj_destruct
 384              		.syntax unified
 385              		.thumb
 386              		.thumb_func
 388              	_lv_obj_destruct:
 389              	.LVL34:
 390              	.LFB155:
 134:Middlewares/LVGL/GUI/lvgl/src/core/lv_obj_class.c ****     if(obj->class_p->destructor_cb) obj->class_p->destructor_cb(obj->class_p, obj);
 391              		.loc 1 134 1 is_stmt 1 view -0
 392              		.cfi_startproc
ARM GAS  C:\Users\ADMINI~1\AppData\Local\Temp\ccndULDk.s 			page 13


 393              		@ args = 0, pretend = 0, frame = 0
 394              		@ frame_needed = 0, uses_anonymous_args = 0
 134:Middlewares/LVGL/GUI/lvgl/src/core/lv_obj_class.c ****     if(obj->class_p->destructor_cb) obj->class_p->destructor_cb(obj->class_p, obj);
 395              		.loc 1 134 1 is_stmt 0 view .LVU131
 396 0000 10B5     		push	{r4, lr}
 397              	.LCFI2:
 398              		.cfi_def_cfa_offset 8
 399              		.cfi_offset 4, -8
 400              		.cfi_offset 14, -4
 401 0002 0446     		mov	r4, r0
 135:Middlewares/LVGL/GUI/lvgl/src/core/lv_obj_class.c **** 
 402              		.loc 1 135 5 is_stmt 1 view .LVU132
 135:Middlewares/LVGL/GUI/lvgl/src/core/lv_obj_class.c **** 
 403              		.loc 1 135 11 is_stmt 0 view .LVU133
 404 0004 0068     		ldr	r0, [r0]
 405              	.LVL35:
 135:Middlewares/LVGL/GUI/lvgl/src/core/lv_obj_class.c **** 
 406              		.loc 1 135 20 view .LVU134
 407 0006 8368     		ldr	r3, [r0, #8]
 135:Middlewares/LVGL/GUI/lvgl/src/core/lv_obj_class.c **** 
 408              		.loc 1 135 7 view .LVU135
 409 0008 0BB1     		cbz	r3, .L27
 135:Middlewares/LVGL/GUI/lvgl/src/core/lv_obj_class.c **** 
 410              		.loc 1 135 37 is_stmt 1 discriminator 1 view .LVU136
 411 000a 2146     		mov	r1, r4
 412 000c 9847     		blx	r3
 413              	.LVL36:
 414              	.L27:
 137:Middlewares/LVGL/GUI/lvgl/src/core/lv_obj_class.c ****         /*Don't let the descendant methods run during destructing the ancestor type*/
 415              		.loc 1 137 5 view .LVU137
 137:Middlewares/LVGL/GUI/lvgl/src/core/lv_obj_class.c ****         /*Don't let the descendant methods run during destructing the ancestor type*/
 416              		.loc 1 137 11 is_stmt 0 view .LVU138
 417 000e 2368     		ldr	r3, [r4]
 137:Middlewares/LVGL/GUI/lvgl/src/core/lv_obj_class.c ****         /*Don't let the descendant methods run during destructing the ancestor type*/
 418              		.loc 1 137 20 view .LVU139
 419 0010 1B68     		ldr	r3, [r3]
 137:Middlewares/LVGL/GUI/lvgl/src/core/lv_obj_class.c ****         /*Don't let the descendant methods run during destructing the ancestor type*/
 420              		.loc 1 137 7 view .LVU140
 421 0012 1BB1     		cbz	r3, .L26
 139:Middlewares/LVGL/GUI/lvgl/src/core/lv_obj_class.c **** 
 422              		.loc 1 139 9 is_stmt 1 view .LVU141
 139:Middlewares/LVGL/GUI/lvgl/src/core/lv_obj_class.c **** 
 423              		.loc 1 139 22 is_stmt 0 view .LVU142
 424 0014 2360     		str	r3, [r4]
 142:Middlewares/LVGL/GUI/lvgl/src/core/lv_obj_class.c ****     }
 425              		.loc 1 142 9 is_stmt 1 view .LVU143
 426 0016 2046     		mov	r0, r4
 427 0018 FFF7FEFF 		bl	_lv_obj_destruct
 428              	.LVL37:
 429              	.L26:
 144:Middlewares/LVGL/GUI/lvgl/src/core/lv_obj_class.c **** 
 430              		.loc 1 144 1 is_stmt 0 view .LVU144
 431 001c 10BD     		pop	{r4, pc}
 144:Middlewares/LVGL/GUI/lvgl/src/core/lv_obj_class.c **** 
 432              		.loc 1 144 1 view .LVU145
 433              		.cfi_endproc
 434              	.LFE155:
ARM GAS  C:\Users\ADMINI~1\AppData\Local\Temp\ccndULDk.s 			page 14


 436              		.section	.text.lv_obj_is_editable,"ax",%progbits
 437              		.align	1
 438              		.global	lv_obj_is_editable
 439              		.syntax unified
 440              		.thumb
 441              		.thumb_func
 443              	lv_obj_is_editable:
 444              	.LVL38:
 445              	.LFB156:
 147:Middlewares/LVGL/GUI/lvgl/src/core/lv_obj_class.c ****     const lv_obj_class_t * class_p = obj->class_p;
 446              		.loc 1 147 1 is_stmt 1 view -0
 447              		.cfi_startproc
 448              		@ args = 0, pretend = 0, frame = 0
 449              		@ frame_needed = 0, uses_anonymous_args = 0
 450              		@ link register save eliminated.
 148:Middlewares/LVGL/GUI/lvgl/src/core/lv_obj_class.c **** 
 451              		.loc 1 148 5 view .LVU147
 148:Middlewares/LVGL/GUI/lvgl/src/core/lv_obj_class.c **** 
 452              		.loc 1 148 28 is_stmt 0 view .LVU148
 453 0000 0368     		ldr	r3, [r0]
 454              	.LVL39:
 151:Middlewares/LVGL/GUI/lvgl/src/core/lv_obj_class.c **** 
 455              		.loc 1 151 5 is_stmt 1 view .LVU149
 151:Middlewares/LVGL/GUI/lvgl/src/core/lv_obj_class.c **** 
 456              		.loc 1 151 10 is_stmt 0 view .LVU150
 457 0002 00E0     		b	.L31
 458              	.L33:
 151:Middlewares/LVGL/GUI/lvgl/src/core/lv_obj_class.c **** 
 459              		.loc 1 151 74 is_stmt 1 discriminator 3 view .LVU151
 151:Middlewares/LVGL/GUI/lvgl/src/core/lv_obj_class.c **** 
 460              		.loc 1 151 82 is_stmt 0 discriminator 3 view .LVU152
 461 0004 1B68     		ldr	r3, [r3]
 462              	.LVL40:
 463              	.L31:
 151:Middlewares/LVGL/GUI/lvgl/src/core/lv_obj_class.c **** 
 464              		.loc 1 151 10 is_stmt 1 discriminator 1 view .LVU153
 465 0006 1BB1     		cbz	r3, .L32
 151:Middlewares/LVGL/GUI/lvgl/src/core/lv_obj_class.c **** 
 466              		.loc 1 151 40 is_stmt 0 discriminator 2 view .LVU154
 467 0008 1A7F     		ldrb	r2, [r3, #28]	@ zero_extendqisi2
 151:Middlewares/LVGL/GUI/lvgl/src/core/lv_obj_class.c **** 
 468              		.loc 1 151 19 discriminator 2 view .LVU155
 469 000a 12F0030F 		tst	r2, #3
 470 000e F9D0     		beq	.L33
 471              	.L32:
 153:Middlewares/LVGL/GUI/lvgl/src/core/lv_obj_class.c **** 
 472              		.loc 1 153 5 is_stmt 1 view .LVU156
 153:Middlewares/LVGL/GUI/lvgl/src/core/lv_obj_class.c **** 
 473              		.loc 1 153 7 is_stmt 0 view .LVU157
 474 0010 3BB1     		cbz	r3, .L35
 155:Middlewares/LVGL/GUI/lvgl/src/core/lv_obj_class.c **** }
 475              		.loc 1 155 5 is_stmt 1 view .LVU158
 155:Middlewares/LVGL/GUI/lvgl/src/core/lv_obj_class.c **** }
 476              		.loc 1 155 30 is_stmt 0 view .LVU159
 477 0012 187F     		ldrb	r0, [r3, #28]	@ zero_extendqisi2
 478              	.LVL41:
 155:Middlewares/LVGL/GUI/lvgl/src/core/lv_obj_class.c **** }
ARM GAS  C:\Users\ADMINI~1\AppData\Local\Temp\ccndULDk.s 			page 15


 479              		.loc 1 155 67 view .LVU160
 480 0014 00F00300 		and	r0, r0, #3
 481 0018 0128     		cmp	r0, #1
 482 001a 14BF     		ite	ne
 483 001c 0020     		movne	r0, #0
 484 001e 0120     		moveq	r0, #1
 485 0020 7047     		bx	lr
 486              	.LVL42:
 487              	.L35:
 153:Middlewares/LVGL/GUI/lvgl/src/core/lv_obj_class.c **** 
 488              		.loc 1 153 32 view .LVU161
 489 0022 0020     		movs	r0, #0
 490              	.LVL43:
 156:Middlewares/LVGL/GUI/lvgl/src/core/lv_obj_class.c **** 
 491              		.loc 1 156 1 view .LVU162
 492 0024 7047     		bx	lr
 493              		.cfi_endproc
 494              	.LFE156:
 496              		.section	.text.lv_obj_is_group_def,"ax",%progbits
 497              		.align	1
 498              		.global	lv_obj_is_group_def
 499              		.syntax unified
 500              		.thumb
 501              		.thumb_func
 503              	lv_obj_is_group_def:
 504              	.LVL44:
 505              	.LFB157:
 159:Middlewares/LVGL/GUI/lvgl/src/core/lv_obj_class.c ****     const lv_obj_class_t * class_p = obj->class_p;
 506              		.loc 1 159 1 is_stmt 1 view -0
 507              		.cfi_startproc
 508              		@ args = 0, pretend = 0, frame = 0
 509              		@ frame_needed = 0, uses_anonymous_args = 0
 510              		@ link register save eliminated.
 160:Middlewares/LVGL/GUI/lvgl/src/core/lv_obj_class.c **** 
 511              		.loc 1 160 5 view .LVU164
 160:Middlewares/LVGL/GUI/lvgl/src/core/lv_obj_class.c **** 
 512              		.loc 1 160 28 is_stmt 0 view .LVU165
 513 0000 0368     		ldr	r3, [r0]
 514              	.LVL45:
 163:Middlewares/LVGL/GUI/lvgl/src/core/lv_obj_class.c **** 
 515              		.loc 1 163 5 is_stmt 1 view .LVU166
 163:Middlewares/LVGL/GUI/lvgl/src/core/lv_obj_class.c **** 
 516              		.loc 1 163 10 is_stmt 0 view .LVU167
 517 0002 00E0     		b	.L37
 518              	.L39:
 163:Middlewares/LVGL/GUI/lvgl/src/core/lv_obj_class.c **** 
 519              		.loc 1 163 76 is_stmt 1 discriminator 3 view .LVU168
 163:Middlewares/LVGL/GUI/lvgl/src/core/lv_obj_class.c **** 
 520              		.loc 1 163 84 is_stmt 0 discriminator 3 view .LVU169
 521 0004 1B68     		ldr	r3, [r3]
 522              	.LVL46:
 523              	.L37:
 163:Middlewares/LVGL/GUI/lvgl/src/core/lv_obj_class.c **** 
 524              		.loc 1 163 10 is_stmt 1 discriminator 1 view .LVU170
 525 0006 1BB1     		cbz	r3, .L38
 163:Middlewares/LVGL/GUI/lvgl/src/core/lv_obj_class.c **** 
 526              		.loc 1 163 41 is_stmt 0 discriminator 2 view .LVU171
ARM GAS  C:\Users\ADMINI~1\AppData\Local\Temp\ccndULDk.s 			page 16


 527 0008 1A7F     		ldrb	r2, [r3, #28]	@ zero_extendqisi2
 163:Middlewares/LVGL/GUI/lvgl/src/core/lv_obj_class.c **** 
 528              		.loc 1 163 19 discriminator 2 view .LVU172
 529 000a 12F00C0F 		tst	r2, #12
 530 000e F9D0     		beq	.L39
 531              	.L38:
 165:Middlewares/LVGL/GUI/lvgl/src/core/lv_obj_class.c **** 
 532              		.loc 1 165 5 is_stmt 1 view .LVU173
 165:Middlewares/LVGL/GUI/lvgl/src/core/lv_obj_class.c **** 
 533              		.loc 1 165 7 is_stmt 0 view .LVU174
 534 0010 3BB1     		cbz	r3, .L41
 167:Middlewares/LVGL/GUI/lvgl/src/core/lv_obj_class.c **** }
 535              		.loc 1 167 5 is_stmt 1 view .LVU175
 167:Middlewares/LVGL/GUI/lvgl/src/core/lv_obj_class.c **** }
 536              		.loc 1 167 31 is_stmt 0 view .LVU176
 537 0012 187F     		ldrb	r0, [r3, #28]	@ zero_extendqisi2
 538              	.LVL47:
 167:Middlewares/LVGL/GUI/lvgl/src/core/lv_obj_class.c **** }
 539              		.loc 1 167 69 view .LVU177
 540 0014 00F00C00 		and	r0, r0, #12
 541 0018 0428     		cmp	r0, #4
 542 001a 14BF     		ite	ne
 543 001c 0020     		movne	r0, #0
 544 001e 0120     		moveq	r0, #1
 545 0020 7047     		bx	lr
 546              	.LVL48:
 547              	.L41:
 165:Middlewares/LVGL/GUI/lvgl/src/core/lv_obj_class.c **** 
 548              		.loc 1 165 32 view .LVU178
 549 0022 0020     		movs	r0, #0
 550              	.LVL49:
 168:Middlewares/LVGL/GUI/lvgl/src/core/lv_obj_class.c **** 
 551              		.loc 1 168 1 view .LVU179
 552 0024 7047     		bx	lr
 553              		.cfi_endproc
 554              	.LFE157:
 556              		.section	.text.lv_obj_class_init_obj,"ax",%progbits
 557              		.align	1
 558              		.global	lv_obj_class_init_obj
 559              		.syntax unified
 560              		.thumb
 561              		.thumb_func
 563              	lv_obj_class_init_obj:
 564              	.LVL50:
 565              	.LFB154:
 104:Middlewares/LVGL/GUI/lvgl/src/core/lv_obj_class.c ****     lv_obj_mark_layout_as_dirty(obj);
 566              		.loc 1 104 1 is_stmt 1 view -0
 567              		.cfi_startproc
 568              		@ args = 0, pretend = 0, frame = 0
 569              		@ frame_needed = 0, uses_anonymous_args = 0
 104:Middlewares/LVGL/GUI/lvgl/src/core/lv_obj_class.c ****     lv_obj_mark_layout_as_dirty(obj);
 570              		.loc 1 104 1 is_stmt 0 view .LVU181
 571 0000 38B5     		push	{r3, r4, r5, lr}
 572              	.LCFI3:
 573              		.cfi_def_cfa_offset 16
 574              		.cfi_offset 3, -16
 575              		.cfi_offset 4, -12
ARM GAS  C:\Users\ADMINI~1\AppData\Local\Temp\ccndULDk.s 			page 17


 576              		.cfi_offset 5, -8
 577              		.cfi_offset 14, -4
 578 0002 0446     		mov	r4, r0
 105:Middlewares/LVGL/GUI/lvgl/src/core/lv_obj_class.c ****     lv_obj_enable_style_refresh(false);
 579              		.loc 1 105 5 is_stmt 1 view .LVU182
 580 0004 FFF7FEFF 		bl	lv_obj_mark_layout_as_dirty
 581              	.LVL51:
 106:Middlewares/LVGL/GUI/lvgl/src/core/lv_obj_class.c **** 
 582              		.loc 1 106 5 view .LVU183
 583 0008 0020     		movs	r0, #0
 584 000a FFF7FEFF 		bl	lv_obj_enable_style_refresh
 585              	.LVL52:
 108:Middlewares/LVGL/GUI/lvgl/src/core/lv_obj_class.c ****     lv_obj_construct(obj);
 586              		.loc 1 108 5 view .LVU184
 587 000e 2046     		mov	r0, r4
 588 0010 FFF7FEFF 		bl	lv_theme_apply
 589              	.LVL53:
 109:Middlewares/LVGL/GUI/lvgl/src/core/lv_obj_class.c **** 
 590              		.loc 1 109 5 view .LVU185
 591 0014 2046     		mov	r0, r4
 592 0016 FFF7FEFF 		bl	lv_obj_construct
 593              	.LVL54:
 111:Middlewares/LVGL/GUI/lvgl/src/core/lv_obj_class.c ****     lv_obj_refresh_style(obj, LV_PART_ANY, LV_STYLE_PROP_ANY);
 594              		.loc 1 111 5 view .LVU186
 595 001a 0120     		movs	r0, #1
 596 001c FFF7FEFF 		bl	lv_obj_enable_style_refresh
 597              	.LVL55:
 112:Middlewares/LVGL/GUI/lvgl/src/core/lv_obj_class.c **** 
 598              		.loc 1 112 5 view .LVU187
 599 0020 4FF6FF72 		movw	r2, #65535
 600 0024 4FF47021 		mov	r1, #983040
 601 0028 2046     		mov	r0, r4
 602 002a FFF7FEFF 		bl	lv_obj_refresh_style
 603              	.LVL56:
 114:Middlewares/LVGL/GUI/lvgl/src/core/lv_obj_class.c **** 
 604              		.loc 1 114 5 view .LVU188
 605 002e 2046     		mov	r0, r4
 606 0030 FFF7FEFF 		bl	lv_obj_refresh_self_size
 607              	.LVL57:
 116:Middlewares/LVGL/GUI/lvgl/src/core/lv_obj_class.c ****     if(def_group && lv_obj_is_group_def(obj)) {
 608              		.loc 1 116 5 view .LVU189
 116:Middlewares/LVGL/GUI/lvgl/src/core/lv_obj_class.c ****     if(def_group && lv_obj_is_group_def(obj)) {
 609              		.loc 1 116 30 is_stmt 0 view .LVU190
 610 0034 FFF7FEFF 		bl	lv_group_get_default
 611              	.LVL58:
 117:Middlewares/LVGL/GUI/lvgl/src/core/lv_obj_class.c ****         lv_group_add_obj(def_group, obj);
 612              		.loc 1 117 5 is_stmt 1 view .LVU191
 117:Middlewares/LVGL/GUI/lvgl/src/core/lv_obj_class.c ****         lv_group_add_obj(def_group, obj);
 613              		.loc 1 117 7 is_stmt 0 view .LVU192
 614 0038 20B1     		cbz	r0, .L43
 615 003a 0546     		mov	r5, r0
 117:Middlewares/LVGL/GUI/lvgl/src/core/lv_obj_class.c ****         lv_group_add_obj(def_group, obj);
 616              		.loc 1 117 21 discriminator 1 view .LVU193
 617 003c 2046     		mov	r0, r4
 618              	.LVL59:
 117:Middlewares/LVGL/GUI/lvgl/src/core/lv_obj_class.c ****         lv_group_add_obj(def_group, obj);
 619              		.loc 1 117 21 discriminator 1 view .LVU194
ARM GAS  C:\Users\ADMINI~1\AppData\Local\Temp\ccndULDk.s 			page 18


 620 003e FFF7FEFF 		bl	lv_obj_is_group_def
 621              	.LVL60:
 117:Middlewares/LVGL/GUI/lvgl/src/core/lv_obj_class.c ****         lv_group_add_obj(def_group, obj);
 622              		.loc 1 117 18 discriminator 1 view .LVU195
 623 0042 88B9     		cbnz	r0, .L46
 624              	.LVL61:
 625              	.L43:
 121:Middlewares/LVGL/GUI/lvgl/src/core/lv_obj_class.c ****     if(parent) {
 626              		.loc 1 121 5 is_stmt 1 view .LVU196
 121:Middlewares/LVGL/GUI/lvgl/src/core/lv_obj_class.c ****     if(parent) {
 627              		.loc 1 121 25 is_stmt 0 view .LVU197
 628 0044 2046     		mov	r0, r4
 629 0046 FFF7FEFF 		bl	lv_obj_get_parent
 630              	.LVL62:
 122:Middlewares/LVGL/GUI/lvgl/src/core/lv_obj_class.c ****         /*Call the ancestor's event handler to the parent to notify it about the new child.
 631              		.loc 1 122 5 is_stmt 1 view .LVU198
 122:Middlewares/LVGL/GUI/lvgl/src/core/lv_obj_class.c ****         /*Call the ancestor's event handler to the parent to notify it about the new child.
 632              		.loc 1 122 7 is_stmt 0 view .LVU199
 633 004a 0546     		mov	r5, r0
 634 004c 58B1     		cbz	r0, .L42
 125:Middlewares/LVGL/GUI/lvgl/src/core/lv_obj_class.c ****         lv_event_send(parent, LV_EVENT_CHILD_CREATED, obj);
 635              		.loc 1 125 9 is_stmt 1 view .LVU200
 636 004e 2246     		mov	r2, r4
 637 0050 2221     		movs	r1, #34
 638 0052 FFF7FEFF 		bl	lv_event_send
 639              	.LVL63:
 126:Middlewares/LVGL/GUI/lvgl/src/core/lv_obj_class.c **** 
 640              		.loc 1 126 9 view .LVU201
 641 0056 2246     		mov	r2, r4
 642 0058 2321     		movs	r1, #35
 643 005a 2846     		mov	r0, r5
 644 005c FFF7FEFF 		bl	lv_event_send
 645              	.LVL64:
 129:Middlewares/LVGL/GUI/lvgl/src/core/lv_obj_class.c ****     }
 646              		.loc 1 129 9 view .LVU202
 647 0060 2046     		mov	r0, r4
 648 0062 FFF7FEFF 		bl	lv_obj_invalidate
 649              	.LVL65:
 650              	.L42:
 131:Middlewares/LVGL/GUI/lvgl/src/core/lv_obj_class.c **** 
 651              		.loc 1 131 1 is_stmt 0 view .LVU203
 652 0066 38BD     		pop	{r3, r4, r5, pc}
 653              	.LVL66:
 654              	.L46:
 118:Middlewares/LVGL/GUI/lvgl/src/core/lv_obj_class.c ****     }
 655              		.loc 1 118 9 is_stmt 1 view .LVU204
 656 0068 2146     		mov	r1, r4
 657 006a 2846     		mov	r0, r5
 658 006c FFF7FEFF 		bl	lv_group_add_obj
 659              	.LVL67:
 660 0070 E8E7     		b	.L43
 661              		.cfi_endproc
 662              	.LFE154:
 664              		.text
 665              	.Letext0:
 666              		.file 2 "c:\\gnu arm embedded toolchain\\10 2021.10\\arm-none-eabi\\include\\machine\\_default_typ
 667              		.file 3 "c:\\gnu arm embedded toolchain\\10 2021.10\\arm-none-eabi\\include\\sys\\_stdint.h"
ARM GAS  C:\Users\ADMINI~1\AppData\Local\Temp\ccndULDk.s 			page 19


 668              		.file 4 "c:\\gnu arm embedded toolchain\\10 2021.10\\lib\\gcc\\arm-none-eabi\\10.3.1\\include\\std
 669              		.file 5 "Middlewares/LVGL/GUI/lvgl/src/core/../misc/../font/../misc/lv_area.h"
 670              		.file 6 "Middlewares/LVGL/GUI/lvgl/src/core/../misc/../font/lv_font.h"
 671              		.file 7 "Middlewares/LVGL/GUI/lvgl/src/core/../misc/lv_types.h"
 672              		.file 8 "Middlewares/LVGL/GUI/lvgl/src/core/../misc/lv_color.h"
 673              		.file 9 "Middlewares/LVGL/GUI/lvgl/src/core/../misc/lv_txt.h"
 674              		.file 10 "Middlewares/LVGL/GUI/lvgl/src/core/../misc/lv_bidi.h"
 675              		.file 11 "Middlewares/LVGL/GUI/lvgl/src/core/../misc/lv_style.h"
 676              		.file 12 "Middlewares/LVGL/GUI/lvgl/src/core/../hal/../draw/lv_img_buf.h"
 677              		.file 13 "Middlewares/LVGL/GUI/lvgl/src/core/lv_obj.h"
 678              		.file 14 "Middlewares/LVGL/GUI/lvgl/src/core/../hal/../draw/lv_draw_rect.h"
 679              		.file 15 "Middlewares/LVGL/GUI/lvgl/src/core/../hal/../draw/lv_draw_label.h"
 680              		.file 16 "Middlewares/LVGL/GUI/lvgl/src/core/../hal/../draw/lv_draw_img.h"
 681              		.file 17 "Middlewares/LVGL/GUI/lvgl/src/core/../hal/../draw/lv_draw_line.h"
 682              		.file 18 "Middlewares/LVGL/GUI/lvgl/src/core/../hal/../draw/lv_draw_arc.h"
 683              		.file 19 "Middlewares/LVGL/GUI/lvgl/src/core/../hal/../draw/lv_draw.h"
 684              		.file 20 "Middlewares/LVGL/GUI/lvgl/src/core/../hal/../misc/lv_ll.h"
 685              		.file 21 "Middlewares/LVGL/GUI/lvgl/src/core/../hal/../misc/lv_timer.h"
 686              		.file 22 "Middlewares/LVGL/GUI/lvgl/src/core/../hal/lv_hal_disp.h"
 687              		.file 23 "Middlewares/LVGL/GUI/lvgl/src/core/lv_theme.h"
 688              		.file 24 "Middlewares/LVGL/GUI/lvgl/src/core/lv_group.h"
 689              		.file 25 "Middlewares/LVGL/GUI/lvgl/src/core/lv_obj_scroll.h"
 690              		.file 26 "Middlewares/LVGL/GUI/lvgl/src/core/lv_obj_style.h"
 691              		.file 27 "Middlewares/LVGL/GUI/lvgl/src/core/lv_obj_class.h"
 692              		.file 28 "Middlewares/LVGL/GUI/lvgl/src/core/lv_event.h"
 693              		.file 29 "Middlewares/LVGL/GUI/lvgl/src/core/../hal/../draw/sw/../../core/lv_obj_pos.h"
 694              		.file 30 "Middlewares/LVGL/GUI/lvgl/src/core/lv_obj_tree.h"
 695              		.file 31 "Middlewares/LVGL/GUI/lvgl/src/core/../misc/lv_mem.h"
ARM GAS  C:\Users\ADMINI~1\AppData\Local\Temp\ccndULDk.s 			page 20


DEFINED SYMBOLS
                            *ABS*:00000000 lv_obj_class.c
C:\Users\ADMINI~1\AppData\Local\Temp\ccndULDk.s:20     .text.lv_obj_construct:00000000 $t
C:\Users\ADMINI~1\AppData\Local\Temp\ccndULDk.s:25     .text.lv_obj_construct:00000000 lv_obj_construct
C:\Users\ADMINI~1\AppData\Local\Temp\ccndULDk.s:79     .text.get_instance_size:00000000 $t
C:\Users\ADMINI~1\AppData\Local\Temp\ccndULDk.s:84     .text.get_instance_size:00000000 get_instance_size
C:\Users\ADMINI~1\AppData\Local\Temp\ccndULDk.s:133    .text.get_instance_size:00000020 $d
C:\Users\ADMINI~1\AppData\Local\Temp\ccndULDk.s:138    .text.lv_obj_class_create_obj:00000000 $t
C:\Users\ADMINI~1\AppData\Local\Temp\ccndULDk.s:144    .text.lv_obj_class_create_obj:00000000 lv_obj_class_create_obj
C:\Users\ADMINI~1\AppData\Local\Temp\ccndULDk.s:382    .text._lv_obj_destruct:00000000 $t
C:\Users\ADMINI~1\AppData\Local\Temp\ccndULDk.s:388    .text._lv_obj_destruct:00000000 _lv_obj_destruct
C:\Users\ADMINI~1\AppData\Local\Temp\ccndULDk.s:437    .text.lv_obj_is_editable:00000000 $t
C:\Users\ADMINI~1\AppData\Local\Temp\ccndULDk.s:443    .text.lv_obj_is_editable:00000000 lv_obj_is_editable
C:\Users\ADMINI~1\AppData\Local\Temp\ccndULDk.s:497    .text.lv_obj_is_group_def:00000000 $t
C:\Users\ADMINI~1\AppData\Local\Temp\ccndULDk.s:503    .text.lv_obj_is_group_def:00000000 lv_obj_is_group_def
C:\Users\ADMINI~1\AppData\Local\Temp\ccndULDk.s:557    .text.lv_obj_class_init_obj:00000000 $t
C:\Users\ADMINI~1\AppData\Local\Temp\ccndULDk.s:563    .text.lv_obj_class_init_obj:00000000 lv_obj_class_init_obj

UNDEFINED SYMBOLS
lv_mem_alloc
lv_memset_00
lv_mem_realloc
lv_disp_get_default
lv_disp_get_hor_res
lv_disp_get_ver_res
lv_obj_allocate_spec_attr
lv_obj_mark_layout_as_dirty
lv_obj_enable_style_refresh
lv_theme_apply
lv_obj_refresh_style
lv_obj_refresh_self_size
lv_group_get_default
lv_obj_get_parent
lv_event_send
lv_obj_invalidate
lv_group_add_obj
