ARM GAS  C:\Users\ADMINI~1\AppData\Local\Temp\ccJZekq8.s 			page 1


   1              		.cpu cortex-m4
   2              		.arch armv7e-m
   3              		.fpu fpv4-sp-d16
   4              		.eabi_attribute 27, 1
   5              		.eabi_attribute 28, 1
   6              		.eabi_attribute 20, 1
   7              		.eabi_attribute 21, 1
   8              		.eabi_attribute 23, 3
   9              		.eabi_attribute 24, 1
  10              		.eabi_attribute 25, 1
  11              		.eabi_attribute 26, 1
  12              		.eabi_attribute 30, 1
  13              		.eabi_attribute 34, 1
  14              		.eabi_attribute 18, 4
  15              		.file	"lv_win.c"
  16              		.text
  17              	.Ltext0:
  18              		.cfi_sections	.debug_frame
  19              		.section	.text.lv_win_constructor,"ax",%progbits
  20              		.align	1
  21              		.syntax unified
  22              		.thumb
  23              		.thumb_func
  25              	lv_win_constructor:
  26              	.LVL0:
  27              	.LFB201:
  28              		.file 1 "Middlewares/LVGL/GUI/lvgl/src/extra/widgets/win/lv_win.c"
   1:Middlewares/LVGL/GUI/lvgl/src/extra/widgets/win/lv_win.c **** /**
   2:Middlewares/LVGL/GUI/lvgl/src/extra/widgets/win/lv_win.c ****  * @file lv_win.c
   3:Middlewares/LVGL/GUI/lvgl/src/extra/widgets/win/lv_win.c ****  *
   4:Middlewares/LVGL/GUI/lvgl/src/extra/widgets/win/lv_win.c ****  */
   5:Middlewares/LVGL/GUI/lvgl/src/extra/widgets/win/lv_win.c **** 
   6:Middlewares/LVGL/GUI/lvgl/src/extra/widgets/win/lv_win.c **** /*********************
   7:Middlewares/LVGL/GUI/lvgl/src/extra/widgets/win/lv_win.c ****  *      INCLUDES
   8:Middlewares/LVGL/GUI/lvgl/src/extra/widgets/win/lv_win.c ****  *********************/
   9:Middlewares/LVGL/GUI/lvgl/src/extra/widgets/win/lv_win.c **** #include "lv_win.h"
  10:Middlewares/LVGL/GUI/lvgl/src/extra/widgets/win/lv_win.c **** #if LV_USE_WIN
  11:Middlewares/LVGL/GUI/lvgl/src/extra/widgets/win/lv_win.c **** 
  12:Middlewares/LVGL/GUI/lvgl/src/extra/widgets/win/lv_win.c **** 
  13:Middlewares/LVGL/GUI/lvgl/src/extra/widgets/win/lv_win.c **** /*********************
  14:Middlewares/LVGL/GUI/lvgl/src/extra/widgets/win/lv_win.c ****  *      DEFINES
  15:Middlewares/LVGL/GUI/lvgl/src/extra/widgets/win/lv_win.c ****  *********************/
  16:Middlewares/LVGL/GUI/lvgl/src/extra/widgets/win/lv_win.c **** 
  17:Middlewares/LVGL/GUI/lvgl/src/extra/widgets/win/lv_win.c **** /**********************
  18:Middlewares/LVGL/GUI/lvgl/src/extra/widgets/win/lv_win.c ****  *      TYPEDEFS
  19:Middlewares/LVGL/GUI/lvgl/src/extra/widgets/win/lv_win.c ****  **********************/
  20:Middlewares/LVGL/GUI/lvgl/src/extra/widgets/win/lv_win.c **** 
  21:Middlewares/LVGL/GUI/lvgl/src/extra/widgets/win/lv_win.c **** /**********************
  22:Middlewares/LVGL/GUI/lvgl/src/extra/widgets/win/lv_win.c ****  *  STATIC PROTOTYPES
  23:Middlewares/LVGL/GUI/lvgl/src/extra/widgets/win/lv_win.c ****  **********************/
  24:Middlewares/LVGL/GUI/lvgl/src/extra/widgets/win/lv_win.c **** static void lv_win_constructor(const lv_obj_class_t * class_p, lv_obj_t * obj);
  25:Middlewares/LVGL/GUI/lvgl/src/extra/widgets/win/lv_win.c **** 
  26:Middlewares/LVGL/GUI/lvgl/src/extra/widgets/win/lv_win.c **** /**********************
  27:Middlewares/LVGL/GUI/lvgl/src/extra/widgets/win/lv_win.c ****  *  STATIC VARIABLES
  28:Middlewares/LVGL/GUI/lvgl/src/extra/widgets/win/lv_win.c ****  **********************/
  29:Middlewares/LVGL/GUI/lvgl/src/extra/widgets/win/lv_win.c **** const lv_obj_class_t lv_win_class = {
  30:Middlewares/LVGL/GUI/lvgl/src/extra/widgets/win/lv_win.c ****     .constructor_cb = lv_win_constructor,
ARM GAS  C:\Users\ADMINI~1\AppData\Local\Temp\ccJZekq8.s 			page 2


  31:Middlewares/LVGL/GUI/lvgl/src/extra/widgets/win/lv_win.c ****     .width_def = LV_PCT(100),
  32:Middlewares/LVGL/GUI/lvgl/src/extra/widgets/win/lv_win.c ****     .height_def = LV_PCT(100),
  33:Middlewares/LVGL/GUI/lvgl/src/extra/widgets/win/lv_win.c ****     .base_class = &lv_obj_class,
  34:Middlewares/LVGL/GUI/lvgl/src/extra/widgets/win/lv_win.c ****     .instance_size = sizeof(lv_win_t)
  35:Middlewares/LVGL/GUI/lvgl/src/extra/widgets/win/lv_win.c **** };
  36:Middlewares/LVGL/GUI/lvgl/src/extra/widgets/win/lv_win.c **** static lv_coord_t create_header_height;
  37:Middlewares/LVGL/GUI/lvgl/src/extra/widgets/win/lv_win.c **** /**********************
  38:Middlewares/LVGL/GUI/lvgl/src/extra/widgets/win/lv_win.c ****  *      MACROS
  39:Middlewares/LVGL/GUI/lvgl/src/extra/widgets/win/lv_win.c ****  **********************/
  40:Middlewares/LVGL/GUI/lvgl/src/extra/widgets/win/lv_win.c **** 
  41:Middlewares/LVGL/GUI/lvgl/src/extra/widgets/win/lv_win.c **** /**********************
  42:Middlewares/LVGL/GUI/lvgl/src/extra/widgets/win/lv_win.c ****  *   GLOBAL FUNCTIONS
  43:Middlewares/LVGL/GUI/lvgl/src/extra/widgets/win/lv_win.c ****  **********************/
  44:Middlewares/LVGL/GUI/lvgl/src/extra/widgets/win/lv_win.c **** 
  45:Middlewares/LVGL/GUI/lvgl/src/extra/widgets/win/lv_win.c **** lv_obj_t * lv_win_create(lv_obj_t * parent, lv_coord_t header_height)
  46:Middlewares/LVGL/GUI/lvgl/src/extra/widgets/win/lv_win.c **** {
  47:Middlewares/LVGL/GUI/lvgl/src/extra/widgets/win/lv_win.c ****     LV_LOG_INFO("begin");
  48:Middlewares/LVGL/GUI/lvgl/src/extra/widgets/win/lv_win.c ****     create_header_height = header_height;
  49:Middlewares/LVGL/GUI/lvgl/src/extra/widgets/win/lv_win.c **** 
  50:Middlewares/LVGL/GUI/lvgl/src/extra/widgets/win/lv_win.c ****     lv_obj_t * obj = lv_obj_class_create_obj(&lv_win_class, parent);
  51:Middlewares/LVGL/GUI/lvgl/src/extra/widgets/win/lv_win.c ****     lv_obj_class_init_obj(obj);
  52:Middlewares/LVGL/GUI/lvgl/src/extra/widgets/win/lv_win.c ****     return obj;
  53:Middlewares/LVGL/GUI/lvgl/src/extra/widgets/win/lv_win.c **** }
  54:Middlewares/LVGL/GUI/lvgl/src/extra/widgets/win/lv_win.c **** 
  55:Middlewares/LVGL/GUI/lvgl/src/extra/widgets/win/lv_win.c **** lv_obj_t * lv_win_add_title(lv_obj_t * win, const char * txt)
  56:Middlewares/LVGL/GUI/lvgl/src/extra/widgets/win/lv_win.c **** {
  57:Middlewares/LVGL/GUI/lvgl/src/extra/widgets/win/lv_win.c ****     lv_obj_t * header = lv_win_get_header(win);
  58:Middlewares/LVGL/GUI/lvgl/src/extra/widgets/win/lv_win.c ****     lv_obj_t * title = lv_label_create(header);
  59:Middlewares/LVGL/GUI/lvgl/src/extra/widgets/win/lv_win.c ****     lv_label_set_long_mode(title, LV_LABEL_LONG_DOT);
  60:Middlewares/LVGL/GUI/lvgl/src/extra/widgets/win/lv_win.c ****     lv_label_set_text(title, txt);
  61:Middlewares/LVGL/GUI/lvgl/src/extra/widgets/win/lv_win.c ****     lv_obj_set_flex_grow(title, 1);
  62:Middlewares/LVGL/GUI/lvgl/src/extra/widgets/win/lv_win.c ****     return title;
  63:Middlewares/LVGL/GUI/lvgl/src/extra/widgets/win/lv_win.c **** }
  64:Middlewares/LVGL/GUI/lvgl/src/extra/widgets/win/lv_win.c **** 
  65:Middlewares/LVGL/GUI/lvgl/src/extra/widgets/win/lv_win.c **** lv_obj_t * lv_win_add_btn(lv_obj_t * win, const void * icon, lv_coord_t btn_w)
  66:Middlewares/LVGL/GUI/lvgl/src/extra/widgets/win/lv_win.c **** {
  67:Middlewares/LVGL/GUI/lvgl/src/extra/widgets/win/lv_win.c ****     lv_obj_t * header = lv_win_get_header(win);
  68:Middlewares/LVGL/GUI/lvgl/src/extra/widgets/win/lv_win.c ****     lv_obj_t * btn = lv_btn_create(header);
  69:Middlewares/LVGL/GUI/lvgl/src/extra/widgets/win/lv_win.c ****     lv_obj_set_size(btn, btn_w, LV_PCT(100));
  70:Middlewares/LVGL/GUI/lvgl/src/extra/widgets/win/lv_win.c **** 
  71:Middlewares/LVGL/GUI/lvgl/src/extra/widgets/win/lv_win.c ****     lv_obj_t * img = lv_img_create(btn);
  72:Middlewares/LVGL/GUI/lvgl/src/extra/widgets/win/lv_win.c ****     lv_img_set_src(img, icon);
  73:Middlewares/LVGL/GUI/lvgl/src/extra/widgets/win/lv_win.c ****     lv_obj_align(img, LV_ALIGN_CENTER, 0, 0);
  74:Middlewares/LVGL/GUI/lvgl/src/extra/widgets/win/lv_win.c **** 
  75:Middlewares/LVGL/GUI/lvgl/src/extra/widgets/win/lv_win.c ****     return btn;
  76:Middlewares/LVGL/GUI/lvgl/src/extra/widgets/win/lv_win.c **** }
  77:Middlewares/LVGL/GUI/lvgl/src/extra/widgets/win/lv_win.c **** 
  78:Middlewares/LVGL/GUI/lvgl/src/extra/widgets/win/lv_win.c **** lv_obj_t * lv_win_get_header(lv_obj_t * win)
  79:Middlewares/LVGL/GUI/lvgl/src/extra/widgets/win/lv_win.c **** {
  80:Middlewares/LVGL/GUI/lvgl/src/extra/widgets/win/lv_win.c ****     return lv_obj_get_child(win, 0);
  81:Middlewares/LVGL/GUI/lvgl/src/extra/widgets/win/lv_win.c **** }
  82:Middlewares/LVGL/GUI/lvgl/src/extra/widgets/win/lv_win.c **** 
  83:Middlewares/LVGL/GUI/lvgl/src/extra/widgets/win/lv_win.c **** lv_obj_t * lv_win_get_content(lv_obj_t * win)
  84:Middlewares/LVGL/GUI/lvgl/src/extra/widgets/win/lv_win.c **** {
  85:Middlewares/LVGL/GUI/lvgl/src/extra/widgets/win/lv_win.c ****     return lv_obj_get_child(win, 1);
  86:Middlewares/LVGL/GUI/lvgl/src/extra/widgets/win/lv_win.c **** }
  87:Middlewares/LVGL/GUI/lvgl/src/extra/widgets/win/lv_win.c **** 
ARM GAS  C:\Users\ADMINI~1\AppData\Local\Temp\ccJZekq8.s 			page 3


  88:Middlewares/LVGL/GUI/lvgl/src/extra/widgets/win/lv_win.c **** /**********************
  89:Middlewares/LVGL/GUI/lvgl/src/extra/widgets/win/lv_win.c ****  *   STATIC FUNCTIONS
  90:Middlewares/LVGL/GUI/lvgl/src/extra/widgets/win/lv_win.c ****  **********************/
  91:Middlewares/LVGL/GUI/lvgl/src/extra/widgets/win/lv_win.c **** 
  92:Middlewares/LVGL/GUI/lvgl/src/extra/widgets/win/lv_win.c **** static void lv_win_constructor(const lv_obj_class_t * class_p, lv_obj_t * obj)
  93:Middlewares/LVGL/GUI/lvgl/src/extra/widgets/win/lv_win.c **** {
  29              		.loc 1 93 1 view -0
  30              		.cfi_startproc
  31              		@ args = 0, pretend = 0, frame = 0
  32              		@ frame_needed = 0, uses_anonymous_args = 0
  33              		.loc 1 93 1 is_stmt 0 view .LVU1
  34 0000 70B5     		push	{r4, r5, r6, lr}
  35              	.LCFI0:
  36              		.cfi_def_cfa_offset 16
  37              		.cfi_offset 4, -16
  38              		.cfi_offset 5, -12
  39              		.cfi_offset 6, -8
  40              		.cfi_offset 14, -4
  41 0002 0C46     		mov	r4, r1
  94:Middlewares/LVGL/GUI/lvgl/src/extra/widgets/win/lv_win.c ****     LV_UNUSED(class_p);
  42              		.loc 1 94 5 is_stmt 1 view .LVU2
  95:Middlewares/LVGL/GUI/lvgl/src/extra/widgets/win/lv_win.c ****     lv_obj_t * parent = lv_obj_get_parent(obj);
  43              		.loc 1 95 5 view .LVU3
  44              		.loc 1 95 25 is_stmt 0 view .LVU4
  45 0004 0846     		mov	r0, r1
  46              	.LVL1:
  47              		.loc 1 95 25 view .LVU5
  48 0006 FFF7FEFF 		bl	lv_obj_get_parent
  49              	.LVL2:
  50              		.loc 1 95 25 view .LVU6
  51 000a 0646     		mov	r6, r0
  52              	.LVL3:
  96:Middlewares/LVGL/GUI/lvgl/src/extra/widgets/win/lv_win.c ****     lv_obj_set_size(obj, lv_obj_get_width(parent), lv_obj_get_height(parent));
  53              		.loc 1 96 5 is_stmt 1 view .LVU7
  54 000c FFF7FEFF 		bl	lv_obj_get_width
  55              	.LVL4:
  56              		.loc 1 96 5 is_stmt 0 view .LVU8
  57 0010 0546     		mov	r5, r0
  58 0012 3046     		mov	r0, r6
  59 0014 FFF7FEFF 		bl	lv_obj_get_height
  60              	.LVL5:
  61 0018 0246     		mov	r2, r0
  62 001a 2946     		mov	r1, r5
  63 001c 2046     		mov	r0, r4
  64 001e FFF7FEFF 		bl	lv_obj_set_size
  65              	.LVL6:
  97:Middlewares/LVGL/GUI/lvgl/src/extra/widgets/win/lv_win.c ****     lv_obj_set_flex_flow(obj, LV_FLEX_FLOW_COLUMN);
  66              		.loc 1 97 5 is_stmt 1 view .LVU9
  67 0022 0121     		movs	r1, #1
  68 0024 2046     		mov	r0, r4
  69 0026 FFF7FEFF 		bl	lv_obj_set_flex_flow
  70              	.LVL7:
  98:Middlewares/LVGL/GUI/lvgl/src/extra/widgets/win/lv_win.c **** 
  99:Middlewares/LVGL/GUI/lvgl/src/extra/widgets/win/lv_win.c ****     lv_obj_t * header = lv_obj_create(obj);
  71              		.loc 1 99 5 view .LVU10
  72              		.loc 1 99 25 is_stmt 0 view .LVU11
  73 002a 2046     		mov	r0, r4
ARM GAS  C:\Users\ADMINI~1\AppData\Local\Temp\ccJZekq8.s 			page 4


  74 002c FFF7FEFF 		bl	lv_obj_create
  75              	.LVL8:
  76 0030 0546     		mov	r5, r0
  77              	.LVL9:
 100:Middlewares/LVGL/GUI/lvgl/src/extra/widgets/win/lv_win.c ****     lv_obj_set_size(header, LV_PCT(100), create_header_height);
  78              		.loc 1 100 5 is_stmt 1 view .LVU12
  79 0032 0E4E     		ldr	r6, .L3
  80              	.LVL10:
  81              		.loc 1 100 5 is_stmt 0 view .LVU13
  82 0034 0E4B     		ldr	r3, .L3+4
  83 0036 1A68     		ldr	r2, [r3]
  84 0038 3146     		mov	r1, r6
  85 003a FFF7FEFF 		bl	lv_obj_set_size
  86              	.LVL11:
 101:Middlewares/LVGL/GUI/lvgl/src/extra/widgets/win/lv_win.c ****     lv_obj_set_flex_flow(header, LV_FLEX_FLOW_ROW);
  87              		.loc 1 101 5 is_stmt 1 view .LVU14
  88 003e 0021     		movs	r1, #0
  89 0040 2846     		mov	r0, r5
  90 0042 FFF7FEFF 		bl	lv_obj_set_flex_flow
  91              	.LVL12:
 102:Middlewares/LVGL/GUI/lvgl/src/extra/widgets/win/lv_win.c ****     lv_obj_set_flex_align(header, LV_FLEX_ALIGN_START, LV_FLEX_ALIGN_CENTER, LV_FLEX_ALIGN_CENTER);
  92              		.loc 1 102 5 view .LVU15
  93 0046 0223     		movs	r3, #2
  94 0048 1A46     		mov	r2, r3
  95 004a 0021     		movs	r1, #0
  96 004c 2846     		mov	r0, r5
  97 004e FFF7FEFF 		bl	lv_obj_set_flex_align
  98              	.LVL13:
 103:Middlewares/LVGL/GUI/lvgl/src/extra/widgets/win/lv_win.c **** 
 104:Middlewares/LVGL/GUI/lvgl/src/extra/widgets/win/lv_win.c ****     lv_obj_t * cont = lv_obj_create(obj);
  99              		.loc 1 104 5 view .LVU16
 100              		.loc 1 104 23 is_stmt 0 view .LVU17
 101 0052 2046     		mov	r0, r4
 102 0054 FFF7FEFF 		bl	lv_obj_create
 103              	.LVL14:
 104 0058 0446     		mov	r4, r0
 105              	.LVL15:
 105:Middlewares/LVGL/GUI/lvgl/src/extra/widgets/win/lv_win.c ****     lv_obj_set_flex_grow(cont, 1);
 106              		.loc 1 105 5 is_stmt 1 view .LVU18
 107 005a 0121     		movs	r1, #1
 108 005c FFF7FEFF 		bl	lv_obj_set_flex_grow
 109              	.LVL16:
 106:Middlewares/LVGL/GUI/lvgl/src/extra/widgets/win/lv_win.c ****     lv_obj_set_width(cont, LV_PCT(100));
 110              		.loc 1 106 5 view .LVU19
 111 0060 3146     		mov	r1, r6
 112 0062 2046     		mov	r0, r4
 113 0064 FFF7FEFF 		bl	lv_obj_set_width
 114              	.LVL17:
 107:Middlewares/LVGL/GUI/lvgl/src/extra/widgets/win/lv_win.c **** }
 115              		.loc 1 107 1 is_stmt 0 view .LVU20
 116 0068 70BD     		pop	{r4, r5, r6, pc}
 117              	.LVL18:
 118              	.L4:
 119              		.loc 1 107 1 view .LVU21
 120 006a 00BF     		.align	2
 121              	.L3:
 122 006c 64000020 		.word	536871012
ARM GAS  C:\Users\ADMINI~1\AppData\Local\Temp\ccJZekq8.s 			page 5


 123 0070 00000000 		.word	.LANCHOR0
 124              		.cfi_endproc
 125              	.LFE201:
 127              		.section	.text.lv_win_create,"ax",%progbits
 128              		.align	1
 129              		.global	lv_win_create
 130              		.syntax unified
 131              		.thumb
 132              		.thumb_func
 134              	lv_win_create:
 135              	.LVL19:
 136              	.LFB196:
  46:Middlewares/LVGL/GUI/lvgl/src/extra/widgets/win/lv_win.c ****     LV_LOG_INFO("begin");
 137              		.loc 1 46 1 is_stmt 1 view -0
 138              		.cfi_startproc
 139              		@ args = 0, pretend = 0, frame = 0
 140              		@ frame_needed = 0, uses_anonymous_args = 0
  46:Middlewares/LVGL/GUI/lvgl/src/extra/widgets/win/lv_win.c ****     LV_LOG_INFO("begin");
 141              		.loc 1 46 1 is_stmt 0 view .LVU23
 142 0000 10B5     		push	{r4, lr}
 143              	.LCFI1:
 144              		.cfi_def_cfa_offset 8
 145              		.cfi_offset 4, -8
 146              		.cfi_offset 14, -4
  47:Middlewares/LVGL/GUI/lvgl/src/extra/widgets/win/lv_win.c ****     create_header_height = header_height;
 147              		.loc 1 47 5 is_stmt 1 view .LVU24
  47:Middlewares/LVGL/GUI/lvgl/src/extra/widgets/win/lv_win.c ****     create_header_height = header_height;
 148              		.loc 1 47 5 view .LVU25
  47:Middlewares/LVGL/GUI/lvgl/src/extra/widgets/win/lv_win.c ****     create_header_height = header_height;
 149              		.loc 1 47 5 view .LVU26
  48:Middlewares/LVGL/GUI/lvgl/src/extra/widgets/win/lv_win.c **** 
 150              		.loc 1 48 5 view .LVU27
  48:Middlewares/LVGL/GUI/lvgl/src/extra/widgets/win/lv_win.c **** 
 151              		.loc 1 48 26 is_stmt 0 view .LVU28
 152 0002 054B     		ldr	r3, .L7
 153 0004 1960     		str	r1, [r3]
  50:Middlewares/LVGL/GUI/lvgl/src/extra/widgets/win/lv_win.c ****     lv_obj_class_init_obj(obj);
 154              		.loc 1 50 5 is_stmt 1 view .LVU29
  50:Middlewares/LVGL/GUI/lvgl/src/extra/widgets/win/lv_win.c ****     lv_obj_class_init_obj(obj);
 155              		.loc 1 50 22 is_stmt 0 view .LVU30
 156 0006 0146     		mov	r1, r0
 157              	.LVL20:
  50:Middlewares/LVGL/GUI/lvgl/src/extra/widgets/win/lv_win.c ****     lv_obj_class_init_obj(obj);
 158              		.loc 1 50 22 view .LVU31
 159 0008 0448     		ldr	r0, .L7+4
 160              	.LVL21:
  50:Middlewares/LVGL/GUI/lvgl/src/extra/widgets/win/lv_win.c ****     lv_obj_class_init_obj(obj);
 161              		.loc 1 50 22 view .LVU32
 162 000a FFF7FEFF 		bl	lv_obj_class_create_obj
 163              	.LVL22:
  50:Middlewares/LVGL/GUI/lvgl/src/extra/widgets/win/lv_win.c ****     lv_obj_class_init_obj(obj);
 164              		.loc 1 50 22 view .LVU33
 165 000e 0446     		mov	r4, r0
 166              	.LVL23:
  51:Middlewares/LVGL/GUI/lvgl/src/extra/widgets/win/lv_win.c ****     return obj;
 167              		.loc 1 51 5 is_stmt 1 view .LVU34
 168 0010 FFF7FEFF 		bl	lv_obj_class_init_obj
ARM GAS  C:\Users\ADMINI~1\AppData\Local\Temp\ccJZekq8.s 			page 6


 169              	.LVL24:
  52:Middlewares/LVGL/GUI/lvgl/src/extra/widgets/win/lv_win.c **** }
 170              		.loc 1 52 5 view .LVU35
  53:Middlewares/LVGL/GUI/lvgl/src/extra/widgets/win/lv_win.c **** 
 171              		.loc 1 53 1 is_stmt 0 view .LVU36
 172 0014 2046     		mov	r0, r4
 173 0016 10BD     		pop	{r4, pc}
 174              	.LVL25:
 175              	.L8:
  53:Middlewares/LVGL/GUI/lvgl/src/extra/widgets/win/lv_win.c **** 
 176              		.loc 1 53 1 view .LVU37
 177              		.align	2
 178              	.L7:
 179 0018 00000000 		.word	.LANCHOR0
 180 001c 00000000 		.word	.LANCHOR1
 181              		.cfi_endproc
 182              	.LFE196:
 184              		.section	.text.lv_win_get_header,"ax",%progbits
 185              		.align	1
 186              		.global	lv_win_get_header
 187              		.syntax unified
 188              		.thumb
 189              		.thumb_func
 191              	lv_win_get_header:
 192              	.LVL26:
 193              	.LFB199:
  79:Middlewares/LVGL/GUI/lvgl/src/extra/widgets/win/lv_win.c ****     return lv_obj_get_child(win, 0);
 194              		.loc 1 79 1 is_stmt 1 view -0
 195              		.cfi_startproc
 196              		@ args = 0, pretend = 0, frame = 0
 197              		@ frame_needed = 0, uses_anonymous_args = 0
  79:Middlewares/LVGL/GUI/lvgl/src/extra/widgets/win/lv_win.c ****     return lv_obj_get_child(win, 0);
 198              		.loc 1 79 1 is_stmt 0 view .LVU39
 199 0000 08B5     		push	{r3, lr}
 200              	.LCFI2:
 201              		.cfi_def_cfa_offset 8
 202              		.cfi_offset 3, -8
 203              		.cfi_offset 14, -4
  80:Middlewares/LVGL/GUI/lvgl/src/extra/widgets/win/lv_win.c **** }
 204              		.loc 1 80 5 is_stmt 1 view .LVU40
  80:Middlewares/LVGL/GUI/lvgl/src/extra/widgets/win/lv_win.c **** }
 205              		.loc 1 80 12 is_stmt 0 view .LVU41
 206 0002 0021     		movs	r1, #0
 207 0004 FFF7FEFF 		bl	lv_obj_get_child
 208              	.LVL27:
  81:Middlewares/LVGL/GUI/lvgl/src/extra/widgets/win/lv_win.c **** 
 209              		.loc 1 81 1 view .LVU42
 210 0008 08BD     		pop	{r3, pc}
 211              		.cfi_endproc
 212              	.LFE199:
 214              		.section	.text.lv_win_add_title,"ax",%progbits
 215              		.align	1
 216              		.global	lv_win_add_title
 217              		.syntax unified
 218              		.thumb
 219              		.thumb_func
 221              	lv_win_add_title:
ARM GAS  C:\Users\ADMINI~1\AppData\Local\Temp\ccJZekq8.s 			page 7


 222              	.LVL28:
 223              	.LFB197:
  56:Middlewares/LVGL/GUI/lvgl/src/extra/widgets/win/lv_win.c ****     lv_obj_t * header = lv_win_get_header(win);
 224              		.loc 1 56 1 is_stmt 1 view -0
 225              		.cfi_startproc
 226              		@ args = 0, pretend = 0, frame = 0
 227              		@ frame_needed = 0, uses_anonymous_args = 0
  56:Middlewares/LVGL/GUI/lvgl/src/extra/widgets/win/lv_win.c ****     lv_obj_t * header = lv_win_get_header(win);
 228              		.loc 1 56 1 is_stmt 0 view .LVU44
 229 0000 38B5     		push	{r3, r4, r5, lr}
 230              	.LCFI3:
 231              		.cfi_def_cfa_offset 16
 232              		.cfi_offset 3, -16
 233              		.cfi_offset 4, -12
 234              		.cfi_offset 5, -8
 235              		.cfi_offset 14, -4
 236 0002 0D46     		mov	r5, r1
  57:Middlewares/LVGL/GUI/lvgl/src/extra/widgets/win/lv_win.c ****     lv_obj_t * title = lv_label_create(header);
 237              		.loc 1 57 5 is_stmt 1 view .LVU45
  57:Middlewares/LVGL/GUI/lvgl/src/extra/widgets/win/lv_win.c ****     lv_obj_t * title = lv_label_create(header);
 238              		.loc 1 57 25 is_stmt 0 view .LVU46
 239 0004 FFF7FEFF 		bl	lv_win_get_header
 240              	.LVL29:
  58:Middlewares/LVGL/GUI/lvgl/src/extra/widgets/win/lv_win.c ****     lv_label_set_long_mode(title, LV_LABEL_LONG_DOT);
 241              		.loc 1 58 5 is_stmt 1 view .LVU47
  58:Middlewares/LVGL/GUI/lvgl/src/extra/widgets/win/lv_win.c ****     lv_label_set_long_mode(title, LV_LABEL_LONG_DOT);
 242              		.loc 1 58 24 is_stmt 0 view .LVU48
 243 0008 FFF7FEFF 		bl	lv_label_create
 244              	.LVL30:
  58:Middlewares/LVGL/GUI/lvgl/src/extra/widgets/win/lv_win.c ****     lv_label_set_long_mode(title, LV_LABEL_LONG_DOT);
 245              		.loc 1 58 24 view .LVU49
 246 000c 0446     		mov	r4, r0
 247              	.LVL31:
  59:Middlewares/LVGL/GUI/lvgl/src/extra/widgets/win/lv_win.c ****     lv_label_set_text(title, txt);
 248              		.loc 1 59 5 is_stmt 1 view .LVU50
 249 000e 0121     		movs	r1, #1
 250 0010 FFF7FEFF 		bl	lv_label_set_long_mode
 251              	.LVL32:
  60:Middlewares/LVGL/GUI/lvgl/src/extra/widgets/win/lv_win.c ****     lv_obj_set_flex_grow(title, 1);
 252              		.loc 1 60 5 view .LVU51
 253 0014 2946     		mov	r1, r5
 254 0016 2046     		mov	r0, r4
 255 0018 FFF7FEFF 		bl	lv_label_set_text
 256              	.LVL33:
  61:Middlewares/LVGL/GUI/lvgl/src/extra/widgets/win/lv_win.c ****     return title;
 257              		.loc 1 61 5 view .LVU52
 258 001c 0121     		movs	r1, #1
 259 001e 2046     		mov	r0, r4
 260 0020 FFF7FEFF 		bl	lv_obj_set_flex_grow
 261              	.LVL34:
  62:Middlewares/LVGL/GUI/lvgl/src/extra/widgets/win/lv_win.c **** }
 262              		.loc 1 62 5 view .LVU53
  63:Middlewares/LVGL/GUI/lvgl/src/extra/widgets/win/lv_win.c **** 
 263              		.loc 1 63 1 is_stmt 0 view .LVU54
 264 0024 2046     		mov	r0, r4
 265 0026 38BD     		pop	{r3, r4, r5, pc}
  63:Middlewares/LVGL/GUI/lvgl/src/extra/widgets/win/lv_win.c **** 
ARM GAS  C:\Users\ADMINI~1\AppData\Local\Temp\ccJZekq8.s 			page 8


 266              		.loc 1 63 1 view .LVU55
 267              		.cfi_endproc
 268              	.LFE197:
 270              		.section	.text.lv_win_add_btn,"ax",%progbits
 271              		.align	1
 272              		.global	lv_win_add_btn
 273              		.syntax unified
 274              		.thumb
 275              		.thumb_func
 277              	lv_win_add_btn:
 278              	.LVL35:
 279              	.LFB198:
  66:Middlewares/LVGL/GUI/lvgl/src/extra/widgets/win/lv_win.c ****     lv_obj_t * header = lv_win_get_header(win);
 280              		.loc 1 66 1 is_stmt 1 view -0
 281              		.cfi_startproc
 282              		@ args = 0, pretend = 0, frame = 0
 283              		@ frame_needed = 0, uses_anonymous_args = 0
  66:Middlewares/LVGL/GUI/lvgl/src/extra/widgets/win/lv_win.c ****     lv_obj_t * header = lv_win_get_header(win);
 284              		.loc 1 66 1 is_stmt 0 view .LVU57
 285 0000 70B5     		push	{r4, r5, r6, lr}
 286              	.LCFI4:
 287              		.cfi_def_cfa_offset 16
 288              		.cfi_offset 4, -16
 289              		.cfi_offset 5, -12
 290              		.cfi_offset 6, -8
 291              		.cfi_offset 14, -4
 292 0002 0E46     		mov	r6, r1
 293 0004 1546     		mov	r5, r2
  67:Middlewares/LVGL/GUI/lvgl/src/extra/widgets/win/lv_win.c ****     lv_obj_t * btn = lv_btn_create(header);
 294              		.loc 1 67 5 is_stmt 1 view .LVU58
  67:Middlewares/LVGL/GUI/lvgl/src/extra/widgets/win/lv_win.c ****     lv_obj_t * btn = lv_btn_create(header);
 295              		.loc 1 67 25 is_stmt 0 view .LVU59
 296 0006 FFF7FEFF 		bl	lv_win_get_header
 297              	.LVL36:
  68:Middlewares/LVGL/GUI/lvgl/src/extra/widgets/win/lv_win.c ****     lv_obj_set_size(btn, btn_w, LV_PCT(100));
 298              		.loc 1 68 5 is_stmt 1 view .LVU60
  68:Middlewares/LVGL/GUI/lvgl/src/extra/widgets/win/lv_win.c ****     lv_obj_set_size(btn, btn_w, LV_PCT(100));
 299              		.loc 1 68 22 is_stmt 0 view .LVU61
 300 000a FFF7FEFF 		bl	lv_btn_create
 301              	.LVL37:
  68:Middlewares/LVGL/GUI/lvgl/src/extra/widgets/win/lv_win.c ****     lv_obj_set_size(btn, btn_w, LV_PCT(100));
 302              		.loc 1 68 22 view .LVU62
 303 000e 0446     		mov	r4, r0
 304              	.LVL38:
  69:Middlewares/LVGL/GUI/lvgl/src/extra/widgets/win/lv_win.c **** 
 305              		.loc 1 69 5 is_stmt 1 view .LVU63
 306 0010 094A     		ldr	r2, .L15
 307 0012 2946     		mov	r1, r5
 308 0014 FFF7FEFF 		bl	lv_obj_set_size
 309              	.LVL39:
  71:Middlewares/LVGL/GUI/lvgl/src/extra/widgets/win/lv_win.c ****     lv_img_set_src(img, icon);
 310              		.loc 1 71 5 view .LVU64
  71:Middlewares/LVGL/GUI/lvgl/src/extra/widgets/win/lv_win.c ****     lv_img_set_src(img, icon);
 311              		.loc 1 71 22 is_stmt 0 view .LVU65
 312 0018 2046     		mov	r0, r4
 313 001a FFF7FEFF 		bl	lv_img_create
 314              	.LVL40:
ARM GAS  C:\Users\ADMINI~1\AppData\Local\Temp\ccJZekq8.s 			page 9


 315 001e 0546     		mov	r5, r0
 316              	.LVL41:
  72:Middlewares/LVGL/GUI/lvgl/src/extra/widgets/win/lv_win.c ****     lv_obj_align(img, LV_ALIGN_CENTER, 0, 0);
 317              		.loc 1 72 5 is_stmt 1 view .LVU66
 318 0020 3146     		mov	r1, r6
 319 0022 FFF7FEFF 		bl	lv_img_set_src
 320              	.LVL42:
  73:Middlewares/LVGL/GUI/lvgl/src/extra/widgets/win/lv_win.c **** 
 321              		.loc 1 73 5 view .LVU67
 322 0026 0023     		movs	r3, #0
 323 0028 1A46     		mov	r2, r3
 324 002a 0921     		movs	r1, #9
 325 002c 2846     		mov	r0, r5
 326 002e FFF7FEFF 		bl	lv_obj_align
 327              	.LVL43:
  75:Middlewares/LVGL/GUI/lvgl/src/extra/widgets/win/lv_win.c **** }
 328              		.loc 1 75 5 view .LVU68
  76:Middlewares/LVGL/GUI/lvgl/src/extra/widgets/win/lv_win.c **** 
 329              		.loc 1 76 1 is_stmt 0 view .LVU69
 330 0032 2046     		mov	r0, r4
 331 0034 70BD     		pop	{r4, r5, r6, pc}
 332              	.LVL44:
 333              	.L16:
  76:Middlewares/LVGL/GUI/lvgl/src/extra/widgets/win/lv_win.c **** 
 334              		.loc 1 76 1 view .LVU70
 335 0036 00BF     		.align	2
 336              	.L15:
 337 0038 64000020 		.word	536871012
 338              		.cfi_endproc
 339              	.LFE198:
 341              		.section	.text.lv_win_get_content,"ax",%progbits
 342              		.align	1
 343              		.global	lv_win_get_content
 344              		.syntax unified
 345              		.thumb
 346              		.thumb_func
 348              	lv_win_get_content:
 349              	.LVL45:
 350              	.LFB200:
  84:Middlewares/LVGL/GUI/lvgl/src/extra/widgets/win/lv_win.c ****     return lv_obj_get_child(win, 1);
 351              		.loc 1 84 1 is_stmt 1 view -0
 352              		.cfi_startproc
 353              		@ args = 0, pretend = 0, frame = 0
 354              		@ frame_needed = 0, uses_anonymous_args = 0
  84:Middlewares/LVGL/GUI/lvgl/src/extra/widgets/win/lv_win.c ****     return lv_obj_get_child(win, 1);
 355              		.loc 1 84 1 is_stmt 0 view .LVU72
 356 0000 08B5     		push	{r3, lr}
 357              	.LCFI5:
 358              		.cfi_def_cfa_offset 8
 359              		.cfi_offset 3, -8
 360              		.cfi_offset 14, -4
  85:Middlewares/LVGL/GUI/lvgl/src/extra/widgets/win/lv_win.c **** }
 361              		.loc 1 85 5 is_stmt 1 view .LVU73
  85:Middlewares/LVGL/GUI/lvgl/src/extra/widgets/win/lv_win.c **** }
 362              		.loc 1 85 12 is_stmt 0 view .LVU74
 363 0002 0121     		movs	r1, #1
 364 0004 FFF7FEFF 		bl	lv_obj_get_child
ARM GAS  C:\Users\ADMINI~1\AppData\Local\Temp\ccJZekq8.s 			page 10


 365              	.LVL46:
  86:Middlewares/LVGL/GUI/lvgl/src/extra/widgets/win/lv_win.c **** 
 366              		.loc 1 86 1 view .LVU75
 367 0008 08BD     		pop	{r3, pc}
 368              		.cfi_endproc
 369              	.LFE200:
 371              		.global	lv_win_class
 372              		.section	.bss.create_header_height,"aw",%nobits
 373              		.align	2
 374              		.set	.LANCHOR0,. + 0
 377              	create_header_height:
 378 0000 00000000 		.space	4
 379              		.section	.rodata.lv_win_class,"a"
 380              		.align	2
 381              		.set	.LANCHOR1,. + 0
 384              	lv_win_class:
 385 0000 00000000 		.word	lv_obj_class
 386 0004 00000000 		.word	lv_win_constructor
 387 0008 00000000 		.space	12
 387      00000000 
 387      00000000 
 388 0014 64000020 		.word	536871012
 389 0018 64000020 		.word	536871012
 390 001c C0       		.byte	192
 391 001d 02       		.byte	2
 392 001e 00       		.byte	0
 393 001f 00       		.space	1
 394              		.text
 395              	.Letext0:
 396              		.file 2 "c:\\gnu arm embedded toolchain\\10 2021.10\\arm-none-eabi\\include\\machine\\_default_typ
 397              		.file 3 "c:\\gnu arm embedded toolchain\\10 2021.10\\arm-none-eabi\\include\\sys\\_stdint.h"
 398              		.file 4 "Middlewares/LVGL/GUI/lvgl/src/extra/widgets/win/../../../../src/hal/../draw/../misc/../fo
 399              		.file 5 "Middlewares/LVGL/GUI/lvgl/src/extra/widgets/win/../../../../src/hal/../draw/../misc/lv_co
 400              		.file 6 "Middlewares/LVGL/GUI/lvgl/src/extra/widgets/win/../../../../src/hal/../draw/../misc/lv_st
 401              		.file 7 "Middlewares/LVGL/GUI/lvgl/src/extra/widgets/win/../../../../src/core/lv_obj.h"
 402              		.file 8 "Middlewares/LVGL/GUI/lvgl/src/extra/widgets/win/../../../../src/hal/../misc/lv_ll.h"
 403              		.file 9 "Middlewares/LVGL/GUI/lvgl/src/extra/widgets/win/../../../../src/core/lv_group.h"
 404              		.file 10 "Middlewares/LVGL/GUI/lvgl/src/extra/widgets/win/../../../../src/core/lv_obj_scroll.h"
 405              		.file 11 "Middlewares/LVGL/GUI/lvgl/src/extra/widgets/win/../../../../src/core/lv_obj_style.h"
 406              		.file 12 "Middlewares/LVGL/GUI/lvgl/src/extra/widgets/win/../../../../src/core/lv_obj_class.h"
 407              		.file 13 "Middlewares/LVGL/GUI/lvgl/src/extra/widgets/win/../../../../src/core/lv_event.h"
 408              		.file 14 "Middlewares/LVGL/GUI/lvgl/src/extra/widgets/win/../../../../src/widgets/lv_label.h"
 409              		.file 15 "Middlewares/LVGL/GUI/lvgl/src/extra/widgets/win/../../../../src/widgets/lv_bar.h"
 410              		.file 16 "Middlewares/LVGL/GUI/lvgl/src/extra/widgets/win/../../../../src/extra/widgets/list/../..
 411              		.file 17 "Middlewares/LVGL/GUI/lvgl/src/extra/widgets/win/../../../../src/extra/widgets/imgbtn/lv_
 412              		.file 18 "Middlewares/LVGL/GUI/lvgl/src/extra/widgets/win/lv_win.h"
 413              		.file 19 "Middlewares/LVGL/GUI/lvgl/src/extra/widgets/win/../../../../src/core/lv_obj_tree.h"
 414              		.file 20 "Middlewares/LVGL/GUI/lvgl/src/extra/widgets/win/../../../../src/hal/../draw/sw/../../cor
 415              		.file 21 "Middlewares/LVGL/GUI/lvgl/src/extra/widgets/win/../../../../src/widgets/lv_btn.h"
 416              		.file 22 "Middlewares/LVGL/GUI/lvgl/src/extra/widgets/win/../../../../src/widgets/lv_img.h"
ARM GAS  C:\Users\ADMINI~1\AppData\Local\Temp\ccJZekq8.s 			page 11


DEFINED SYMBOLS
                            *ABS*:00000000 lv_win.c
C:\Users\ADMINI~1\AppData\Local\Temp\ccJZekq8.s:20     .text.lv_win_constructor:00000000 $t
C:\Users\ADMINI~1\AppData\Local\Temp\ccJZekq8.s:25     .text.lv_win_constructor:00000000 lv_win_constructor
C:\Users\ADMINI~1\AppData\Local\Temp\ccJZekq8.s:122    .text.lv_win_constructor:0000006c $d
C:\Users\ADMINI~1\AppData\Local\Temp\ccJZekq8.s:128    .text.lv_win_create:00000000 $t
C:\Users\ADMINI~1\AppData\Local\Temp\ccJZekq8.s:134    .text.lv_win_create:00000000 lv_win_create
C:\Users\ADMINI~1\AppData\Local\Temp\ccJZekq8.s:179    .text.lv_win_create:00000018 $d
C:\Users\ADMINI~1\AppData\Local\Temp\ccJZekq8.s:185    .text.lv_win_get_header:00000000 $t
C:\Users\ADMINI~1\AppData\Local\Temp\ccJZekq8.s:191    .text.lv_win_get_header:00000000 lv_win_get_header
C:\Users\ADMINI~1\AppData\Local\Temp\ccJZekq8.s:215    .text.lv_win_add_title:00000000 $t
C:\Users\ADMINI~1\AppData\Local\Temp\ccJZekq8.s:221    .text.lv_win_add_title:00000000 lv_win_add_title
C:\Users\ADMINI~1\AppData\Local\Temp\ccJZekq8.s:271    .text.lv_win_add_btn:00000000 $t
C:\Users\ADMINI~1\AppData\Local\Temp\ccJZekq8.s:277    .text.lv_win_add_btn:00000000 lv_win_add_btn
C:\Users\ADMINI~1\AppData\Local\Temp\ccJZekq8.s:337    .text.lv_win_add_btn:00000038 $d
C:\Users\ADMINI~1\AppData\Local\Temp\ccJZekq8.s:342    .text.lv_win_get_content:00000000 $t
C:\Users\ADMINI~1\AppData\Local\Temp\ccJZekq8.s:348    .text.lv_win_get_content:00000000 lv_win_get_content
C:\Users\ADMINI~1\AppData\Local\Temp\ccJZekq8.s:384    .rodata.lv_win_class:00000000 lv_win_class
C:\Users\ADMINI~1\AppData\Local\Temp\ccJZekq8.s:373    .bss.create_header_height:00000000 $d
C:\Users\ADMINI~1\AppData\Local\Temp\ccJZekq8.s:377    .bss.create_header_height:00000000 create_header_height
C:\Users\ADMINI~1\AppData\Local\Temp\ccJZekq8.s:380    .rodata.lv_win_class:00000000 $d

UNDEFINED SYMBOLS
lv_obj_get_parent
lv_obj_get_width
lv_obj_get_height
lv_obj_set_size
lv_obj_set_flex_flow
lv_obj_create
lv_obj_set_flex_align
lv_obj_set_flex_grow
lv_obj_set_width
lv_obj_class_create_obj
lv_obj_class_init_obj
lv_obj_get_child
lv_label_create
lv_label_set_long_mode
lv_label_set_text
lv_btn_create
lv_img_create
lv_img_set_src
lv_obj_align
lv_obj_class
