ARM GAS  C:\Users\17832\AppData\Local\Temp\ccCiztOE.s 			page 1


   1              		.cpu cortex-m4
   2              		.arch armv7e-m
   3              		.fpu fpv4-sp-d16
   4              		.eabi_attribute 27, 1
   5              		.eabi_attribute 28, 1
   6              		.eabi_attribute 20, 1
   7              		.eabi_attribute 21, 1
   8              		.eabi_attribute 23, 3
   9              		.eabi_attribute 24, 1
  10              		.eabi_attribute 25, 1
  11              		.eabi_attribute 26, 1
  12              		.eabi_attribute 30, 1
  13              		.eabi_attribute 34, 1
  14              		.eabi_attribute 18, 4
  15              		.file	"stm32f4xx_it.c"
  16              		.text
  17              	.Ltext0:
  18              		.cfi_sections	.debug_frame
  19              		.section	.text.NMI_Handler,"ax",%progbits
  20              		.align	1
  21              		.global	NMI_Handler
  22              		.syntax unified
  23              		.thumb
  24              		.thumb_func
  26              	NMI_Handler:
  27              	.LFB130:
  28              		.file 1 "Core/Src/stm32f4xx_it.c"
   1:Core/Src/stm32f4xx_it.c **** /* USER CODE BEGIN Header */
   2:Core/Src/stm32f4xx_it.c **** /**
   3:Core/Src/stm32f4xx_it.c ****   ******************************************************************************
   4:Core/Src/stm32f4xx_it.c ****   * @file    stm32f4xx_it.c
   5:Core/Src/stm32f4xx_it.c ****   * @brief   Interrupt Service Routines.
   6:Core/Src/stm32f4xx_it.c ****   ******************************************************************************
   7:Core/Src/stm32f4xx_it.c ****   * @attention
   8:Core/Src/stm32f4xx_it.c ****   *
   9:Core/Src/stm32f4xx_it.c ****   * Copyright (c) 2023 STMicroelectronics.
  10:Core/Src/stm32f4xx_it.c ****   * All rights reserved.
  11:Core/Src/stm32f4xx_it.c ****   *
  12:Core/Src/stm32f4xx_it.c ****   * This software is licensed under terms that can be found in the LICENSE file
  13:Core/Src/stm32f4xx_it.c ****   * in the root directory of this software component.
  14:Core/Src/stm32f4xx_it.c ****   * If no LICENSE file comes with this software, it is provided AS-IS.
  15:Core/Src/stm32f4xx_it.c ****   *
  16:Core/Src/stm32f4xx_it.c ****   ******************************************************************************
  17:Core/Src/stm32f4xx_it.c ****   */
  18:Core/Src/stm32f4xx_it.c **** /* USER CODE END Header */
  19:Core/Src/stm32f4xx_it.c **** 
  20:Core/Src/stm32f4xx_it.c **** /* Includes ------------------------------------------------------------------*/
  21:Core/Src/stm32f4xx_it.c **** #include "main.h"
  22:Core/Src/stm32f4xx_it.c **** #include "stm32f4xx_it.h"
  23:Core/Src/stm32f4xx_it.c **** /* Private includes ----------------------------------------------------------*/
  24:Core/Src/stm32f4xx_it.c **** /* USER CODE BEGIN Includes */
  25:Core/Src/stm32f4xx_it.c **** 
  26:Core/Src/stm32f4xx_it.c **** /* USER CODE END Includes */
  27:Core/Src/stm32f4xx_it.c **** 
  28:Core/Src/stm32f4xx_it.c **** /* Private typedef -----------------------------------------------------------*/
  29:Core/Src/stm32f4xx_it.c **** /* USER CODE BEGIN TD */
  30:Core/Src/stm32f4xx_it.c **** 
ARM GAS  C:\Users\17832\AppData\Local\Temp\ccCiztOE.s 			page 2


  31:Core/Src/stm32f4xx_it.c **** /* USER CODE END TD */
  32:Core/Src/stm32f4xx_it.c **** 
  33:Core/Src/stm32f4xx_it.c **** /* Private define ------------------------------------------------------------*/
  34:Core/Src/stm32f4xx_it.c **** /* USER CODE BEGIN PD */
  35:Core/Src/stm32f4xx_it.c **** 
  36:Core/Src/stm32f4xx_it.c **** /* USER CODE END PD */
  37:Core/Src/stm32f4xx_it.c **** 
  38:Core/Src/stm32f4xx_it.c **** /* Private macro -------------------------------------------------------------*/
  39:Core/Src/stm32f4xx_it.c **** /* USER CODE BEGIN PM */
  40:Core/Src/stm32f4xx_it.c **** 
  41:Core/Src/stm32f4xx_it.c **** /* USER CODE END PM */
  42:Core/Src/stm32f4xx_it.c **** 
  43:Core/Src/stm32f4xx_it.c **** /* Private variables ---------------------------------------------------------*/
  44:Core/Src/stm32f4xx_it.c **** /* USER CODE BEGIN PV */
  45:Core/Src/stm32f4xx_it.c **** 
  46:Core/Src/stm32f4xx_it.c **** /* USER CODE END PV */
  47:Core/Src/stm32f4xx_it.c **** 
  48:Core/Src/stm32f4xx_it.c **** /* Private function prototypes -----------------------------------------------*/
  49:Core/Src/stm32f4xx_it.c **** /* USER CODE BEGIN PFP */
  50:Core/Src/stm32f4xx_it.c **** 
  51:Core/Src/stm32f4xx_it.c **** /* USER CODE END PFP */
  52:Core/Src/stm32f4xx_it.c **** 
  53:Core/Src/stm32f4xx_it.c **** /* Private user code ---------------------------------------------------------*/
  54:Core/Src/stm32f4xx_it.c **** /* USER CODE BEGIN 0 */
  55:Core/Src/stm32f4xx_it.c **** 
  56:Core/Src/stm32f4xx_it.c **** /* USER CODE END 0 */
  57:Core/Src/stm32f4xx_it.c **** 
  58:Core/Src/stm32f4xx_it.c **** /* External variables --------------------------------------------------------*/
  59:Core/Src/stm32f4xx_it.c **** extern ETH_HandleTypeDef heth;
  60:Core/Src/stm32f4xx_it.c **** extern DMA_HandleTypeDef hdma_memtomem_dma2_stream0;
  61:Core/Src/stm32f4xx_it.c **** extern DMA_HandleTypeDef hdma_sdio_rx;
  62:Core/Src/stm32f4xx_it.c **** extern DMA_HandleTypeDef hdma_sdio_tx;
  63:Core/Src/stm32f4xx_it.c **** extern SD_HandleTypeDef hsd;
  64:Core/Src/stm32f4xx_it.c **** extern TIM_HandleTypeDef htim2;
  65:Core/Src/stm32f4xx_it.c **** extern DMA_HandleTypeDef hdma_usart1_tx;
  66:Core/Src/stm32f4xx_it.c **** extern UART_HandleTypeDef huart1;
  67:Core/Src/stm32f4xx_it.c **** /* USER CODE BEGIN EV */
  68:Core/Src/stm32f4xx_it.c **** 
  69:Core/Src/stm32f4xx_it.c **** /* USER CODE END EV */
  70:Core/Src/stm32f4xx_it.c **** 
  71:Core/Src/stm32f4xx_it.c **** /******************************************************************************/
  72:Core/Src/stm32f4xx_it.c **** /*           Cortex-M4 Processor Interruption and Exception Handlers          */
  73:Core/Src/stm32f4xx_it.c **** /******************************************************************************/
  74:Core/Src/stm32f4xx_it.c **** /**
  75:Core/Src/stm32f4xx_it.c ****   * @brief This function handles Non maskable interrupt.
  76:Core/Src/stm32f4xx_it.c ****   */
  77:Core/Src/stm32f4xx_it.c **** void NMI_Handler(void)
  78:Core/Src/stm32f4xx_it.c **** {
  29              		.loc 1 78 1 view -0
  30              		.cfi_startproc
  31              		@ Volatile: function does not return.
  32              		@ args = 0, pretend = 0, frame = 0
  33              		@ frame_needed = 0, uses_anonymous_args = 0
  34              		@ link register save eliminated.
  35              	.L2:
  79:Core/Src/stm32f4xx_it.c ****   /* USER CODE BEGIN NonMaskableInt_IRQn 0 */
  80:Core/Src/stm32f4xx_it.c **** 
ARM GAS  C:\Users\17832\AppData\Local\Temp\ccCiztOE.s 			page 3


  81:Core/Src/stm32f4xx_it.c ****   /* USER CODE END NonMaskableInt_IRQn 0 */
  82:Core/Src/stm32f4xx_it.c ****   /* USER CODE BEGIN NonMaskableInt_IRQn 1 */
  83:Core/Src/stm32f4xx_it.c ****   while (1)
  36              		.loc 1 83 3 discriminator 1 view .LVU1
  84:Core/Src/stm32f4xx_it.c ****   {
  85:Core/Src/stm32f4xx_it.c ****   }
  37              		.loc 1 85 3 discriminator 1 view .LVU2
  83:Core/Src/stm32f4xx_it.c ****   {
  38              		.loc 1 83 9 discriminator 1 view .LVU3
  39 0000 FEE7     		b	.L2
  40              		.cfi_endproc
  41              	.LFE130:
  43              		.section	.text.HardFault_Handler,"ax",%progbits
  44              		.align	1
  45              		.global	HardFault_Handler
  46              		.syntax unified
  47              		.thumb
  48              		.thumb_func
  50              	HardFault_Handler:
  51              	.LFB131:
  86:Core/Src/stm32f4xx_it.c ****   /* USER CODE END NonMaskableInt_IRQn 1 */
  87:Core/Src/stm32f4xx_it.c **** }
  88:Core/Src/stm32f4xx_it.c **** 
  89:Core/Src/stm32f4xx_it.c **** /**
  90:Core/Src/stm32f4xx_it.c ****   * @brief This function handles Hard fault interrupt.
  91:Core/Src/stm32f4xx_it.c ****   */
  92:Core/Src/stm32f4xx_it.c **** void HardFault_Handler(void)
  93:Core/Src/stm32f4xx_it.c **** {
  52              		.loc 1 93 1 view -0
  53              		.cfi_startproc
  54              		@ Volatile: function does not return.
  55              		@ args = 0, pretend = 0, frame = 0
  56              		@ frame_needed = 0, uses_anonymous_args = 0
  57              		@ link register save eliminated.
  58              	.L4:
  94:Core/Src/stm32f4xx_it.c ****   /* USER CODE BEGIN HardFault_IRQn 0 */
  95:Core/Src/stm32f4xx_it.c **** 
  96:Core/Src/stm32f4xx_it.c ****   /* USER CODE END HardFault_IRQn 0 */
  97:Core/Src/stm32f4xx_it.c ****   while (1)
  59              		.loc 1 97 3 discriminator 1 view .LVU5
  98:Core/Src/stm32f4xx_it.c ****   {
  99:Core/Src/stm32f4xx_it.c ****     /* USER CODE BEGIN W1_HardFault_IRQn 0 */
 100:Core/Src/stm32f4xx_it.c ****     /* USER CODE END W1_HardFault_IRQn 0 */
 101:Core/Src/stm32f4xx_it.c ****   }
  60              		.loc 1 101 3 discriminator 1 view .LVU6
  97:Core/Src/stm32f4xx_it.c ****   {
  61              		.loc 1 97 9 discriminator 1 view .LVU7
  62 0000 FEE7     		b	.L4
  63              		.cfi_endproc
  64              	.LFE131:
  66              		.section	.text.MemManage_Handler,"ax",%progbits
  67              		.align	1
  68              		.global	MemManage_Handler
  69              		.syntax unified
  70              		.thumb
  71              		.thumb_func
  73              	MemManage_Handler:
ARM GAS  C:\Users\17832\AppData\Local\Temp\ccCiztOE.s 			page 4


  74              	.LFB132:
 102:Core/Src/stm32f4xx_it.c **** }
 103:Core/Src/stm32f4xx_it.c **** 
 104:Core/Src/stm32f4xx_it.c **** /**
 105:Core/Src/stm32f4xx_it.c ****   * @brief This function handles Memory management fault.
 106:Core/Src/stm32f4xx_it.c ****   */
 107:Core/Src/stm32f4xx_it.c **** void MemManage_Handler(void)
 108:Core/Src/stm32f4xx_it.c **** {
  75              		.loc 1 108 1 view -0
  76              		.cfi_startproc
  77              		@ Volatile: function does not return.
  78              		@ args = 0, pretend = 0, frame = 0
  79              		@ frame_needed = 0, uses_anonymous_args = 0
  80              		@ link register save eliminated.
  81              	.L6:
 109:Core/Src/stm32f4xx_it.c ****   /* USER CODE BEGIN MemoryManagement_IRQn 0 */
 110:Core/Src/stm32f4xx_it.c **** 
 111:Core/Src/stm32f4xx_it.c ****   /* USER CODE END MemoryManagement_IRQn 0 */
 112:Core/Src/stm32f4xx_it.c ****   while (1)
  82              		.loc 1 112 3 discriminator 1 view .LVU9
 113:Core/Src/stm32f4xx_it.c ****   {
 114:Core/Src/stm32f4xx_it.c ****     /* USER CODE BEGIN W1_MemoryManagement_IRQn 0 */
 115:Core/Src/stm32f4xx_it.c ****     /* USER CODE END W1_MemoryManagement_IRQn 0 */
 116:Core/Src/stm32f4xx_it.c ****   }
  83              		.loc 1 116 3 discriminator 1 view .LVU10
 112:Core/Src/stm32f4xx_it.c ****   {
  84              		.loc 1 112 9 discriminator 1 view .LVU11
  85 0000 FEE7     		b	.L6
  86              		.cfi_endproc
  87              	.LFE132:
  89              		.section	.text.BusFault_Handler,"ax",%progbits
  90              		.align	1
  91              		.global	BusFault_Handler
  92              		.syntax unified
  93              		.thumb
  94              		.thumb_func
  96              	BusFault_Handler:
  97              	.LFB133:
 117:Core/Src/stm32f4xx_it.c **** }
 118:Core/Src/stm32f4xx_it.c **** 
 119:Core/Src/stm32f4xx_it.c **** /**
 120:Core/Src/stm32f4xx_it.c ****   * @brief This function handles Pre-fetch fault, memory access fault.
 121:Core/Src/stm32f4xx_it.c ****   */
 122:Core/Src/stm32f4xx_it.c **** void BusFault_Handler(void)
 123:Core/Src/stm32f4xx_it.c **** {
  98              		.loc 1 123 1 view -0
  99              		.cfi_startproc
 100              		@ Volatile: function does not return.
 101              		@ args = 0, pretend = 0, frame = 0
 102              		@ frame_needed = 0, uses_anonymous_args = 0
 103              		@ link register save eliminated.
 104              	.L8:
 124:Core/Src/stm32f4xx_it.c ****   /* USER CODE BEGIN BusFault_IRQn 0 */
 125:Core/Src/stm32f4xx_it.c **** 
 126:Core/Src/stm32f4xx_it.c ****   /* USER CODE END BusFault_IRQn 0 */
 127:Core/Src/stm32f4xx_it.c ****   while (1)
 105              		.loc 1 127 3 discriminator 1 view .LVU13
ARM GAS  C:\Users\17832\AppData\Local\Temp\ccCiztOE.s 			page 5


 128:Core/Src/stm32f4xx_it.c ****   {
 129:Core/Src/stm32f4xx_it.c ****     /* USER CODE BEGIN W1_BusFault_IRQn 0 */
 130:Core/Src/stm32f4xx_it.c ****     /* USER CODE END W1_BusFault_IRQn 0 */
 131:Core/Src/stm32f4xx_it.c ****   }
 106              		.loc 1 131 3 discriminator 1 view .LVU14
 127:Core/Src/stm32f4xx_it.c ****   {
 107              		.loc 1 127 9 discriminator 1 view .LVU15
 108 0000 FEE7     		b	.L8
 109              		.cfi_endproc
 110              	.LFE133:
 112              		.section	.text.UsageFault_Handler,"ax",%progbits
 113              		.align	1
 114              		.global	UsageFault_Handler
 115              		.syntax unified
 116              		.thumb
 117              		.thumb_func
 119              	UsageFault_Handler:
 120              	.LFB134:
 132:Core/Src/stm32f4xx_it.c **** }
 133:Core/Src/stm32f4xx_it.c **** 
 134:Core/Src/stm32f4xx_it.c **** /**
 135:Core/Src/stm32f4xx_it.c ****   * @brief This function handles Undefined instruction or illegal state.
 136:Core/Src/stm32f4xx_it.c ****   */
 137:Core/Src/stm32f4xx_it.c **** void UsageFault_Handler(void)
 138:Core/Src/stm32f4xx_it.c **** {
 121              		.loc 1 138 1 view -0
 122              		.cfi_startproc
 123              		@ Volatile: function does not return.
 124              		@ args = 0, pretend = 0, frame = 0
 125              		@ frame_needed = 0, uses_anonymous_args = 0
 126              		@ link register save eliminated.
 127              	.L10:
 139:Core/Src/stm32f4xx_it.c ****   /* USER CODE BEGIN UsageFault_IRQn 0 */
 140:Core/Src/stm32f4xx_it.c **** 
 141:Core/Src/stm32f4xx_it.c ****   /* USER CODE END UsageFault_IRQn 0 */
 142:Core/Src/stm32f4xx_it.c ****   while (1)
 128              		.loc 1 142 3 discriminator 1 view .LVU17
 143:Core/Src/stm32f4xx_it.c ****   {
 144:Core/Src/stm32f4xx_it.c ****     /* USER CODE BEGIN W1_UsageFault_IRQn 0 */
 145:Core/Src/stm32f4xx_it.c ****     /* USER CODE END W1_UsageFault_IRQn 0 */
 146:Core/Src/stm32f4xx_it.c ****   }
 129              		.loc 1 146 3 discriminator 1 view .LVU18
 142:Core/Src/stm32f4xx_it.c ****   {
 130              		.loc 1 142 9 discriminator 1 view .LVU19
 131 0000 FEE7     		b	.L10
 132              		.cfi_endproc
 133              	.LFE134:
 135              		.section	.text.SVC_Handler,"ax",%progbits
 136              		.align	1
 137              		.global	SVC_Handler
 138              		.syntax unified
 139              		.thumb
 140              		.thumb_func
 142              	SVC_Handler:
 143              	.LFB135:
 147:Core/Src/stm32f4xx_it.c **** }
 148:Core/Src/stm32f4xx_it.c **** 
ARM GAS  C:\Users\17832\AppData\Local\Temp\ccCiztOE.s 			page 6


 149:Core/Src/stm32f4xx_it.c **** /**
 150:Core/Src/stm32f4xx_it.c ****   * @brief This function handles System service call via SWI instruction.
 151:Core/Src/stm32f4xx_it.c ****   */
 152:Core/Src/stm32f4xx_it.c **** void SVC_Handler(void)
 153:Core/Src/stm32f4xx_it.c **** {
 144              		.loc 1 153 1 view -0
 145              		.cfi_startproc
 146              		@ args = 0, pretend = 0, frame = 0
 147              		@ frame_needed = 0, uses_anonymous_args = 0
 148              		@ link register save eliminated.
 154:Core/Src/stm32f4xx_it.c ****   /* USER CODE BEGIN SVCall_IRQn 0 */
 155:Core/Src/stm32f4xx_it.c **** 
 156:Core/Src/stm32f4xx_it.c ****   /* USER CODE END SVCall_IRQn 0 */
 157:Core/Src/stm32f4xx_it.c ****   /* USER CODE BEGIN SVCall_IRQn 1 */
 158:Core/Src/stm32f4xx_it.c **** 
 159:Core/Src/stm32f4xx_it.c ****   /* USER CODE END SVCall_IRQn 1 */
 160:Core/Src/stm32f4xx_it.c **** }
 149              		.loc 1 160 1 view .LVU21
 150 0000 7047     		bx	lr
 151              		.cfi_endproc
 152              	.LFE135:
 154              		.section	.text.DebugMon_Handler,"ax",%progbits
 155              		.align	1
 156              		.global	DebugMon_Handler
 157              		.syntax unified
 158              		.thumb
 159              		.thumb_func
 161              	DebugMon_Handler:
 162              	.LFB136:
 161:Core/Src/stm32f4xx_it.c **** 
 162:Core/Src/stm32f4xx_it.c **** /**
 163:Core/Src/stm32f4xx_it.c ****   * @brief This function handles Debug monitor.
 164:Core/Src/stm32f4xx_it.c ****   */
 165:Core/Src/stm32f4xx_it.c **** void DebugMon_Handler(void)
 166:Core/Src/stm32f4xx_it.c **** {
 163              		.loc 1 166 1 view -0
 164              		.cfi_startproc
 165              		@ args = 0, pretend = 0, frame = 0
 166              		@ frame_needed = 0, uses_anonymous_args = 0
 167              		@ link register save eliminated.
 167:Core/Src/stm32f4xx_it.c ****   /* USER CODE BEGIN DebugMonitor_IRQn 0 */
 168:Core/Src/stm32f4xx_it.c **** 
 169:Core/Src/stm32f4xx_it.c ****   /* USER CODE END DebugMonitor_IRQn 0 */
 170:Core/Src/stm32f4xx_it.c ****   /* USER CODE BEGIN DebugMonitor_IRQn 1 */
 171:Core/Src/stm32f4xx_it.c **** 
 172:Core/Src/stm32f4xx_it.c ****   /* USER CODE END DebugMonitor_IRQn 1 */
 173:Core/Src/stm32f4xx_it.c **** }
 168              		.loc 1 173 1 view .LVU23
 169 0000 7047     		bx	lr
 170              		.cfi_endproc
 171              	.LFE136:
 173              		.section	.text.PendSV_Handler,"ax",%progbits
 174              		.align	1
 175              		.global	PendSV_Handler
 176              		.syntax unified
 177              		.thumb
 178              		.thumb_func
ARM GAS  C:\Users\17832\AppData\Local\Temp\ccCiztOE.s 			page 7


 180              	PendSV_Handler:
 181              	.LFB137:
 174:Core/Src/stm32f4xx_it.c **** 
 175:Core/Src/stm32f4xx_it.c **** /**
 176:Core/Src/stm32f4xx_it.c ****   * @brief This function handles Pendable request for system service.
 177:Core/Src/stm32f4xx_it.c ****   */
 178:Core/Src/stm32f4xx_it.c **** void PendSV_Handler(void)
 179:Core/Src/stm32f4xx_it.c **** {
 182              		.loc 1 179 1 view -0
 183              		.cfi_startproc
 184              		@ args = 0, pretend = 0, frame = 0
 185              		@ frame_needed = 0, uses_anonymous_args = 0
 186              		@ link register save eliminated.
 180:Core/Src/stm32f4xx_it.c ****   /* USER CODE BEGIN PendSV_IRQn 0 */
 181:Core/Src/stm32f4xx_it.c **** 
 182:Core/Src/stm32f4xx_it.c ****   /* USER CODE END PendSV_IRQn 0 */
 183:Core/Src/stm32f4xx_it.c ****   /* USER CODE BEGIN PendSV_IRQn 1 */
 184:Core/Src/stm32f4xx_it.c **** 
 185:Core/Src/stm32f4xx_it.c ****   /* USER CODE END PendSV_IRQn 1 */
 186:Core/Src/stm32f4xx_it.c **** }
 187              		.loc 1 186 1 view .LVU25
 188 0000 7047     		bx	lr
 189              		.cfi_endproc
 190              	.LFE137:
 192              		.section	.text.SysTick_Handler,"ax",%progbits
 193              		.align	1
 194              		.global	SysTick_Handler
 195              		.syntax unified
 196              		.thumb
 197              		.thumb_func
 199              	SysTick_Handler:
 200              	.LFB138:
 187:Core/Src/stm32f4xx_it.c **** 
 188:Core/Src/stm32f4xx_it.c **** /**
 189:Core/Src/stm32f4xx_it.c ****   * @brief This function handles System tick timer.
 190:Core/Src/stm32f4xx_it.c ****   */
 191:Core/Src/stm32f4xx_it.c **** void SysTick_Handler(void)
 192:Core/Src/stm32f4xx_it.c **** {
 201              		.loc 1 192 1 view -0
 202              		.cfi_startproc
 203              		@ args = 0, pretend = 0, frame = 0
 204              		@ frame_needed = 0, uses_anonymous_args = 0
 205 0000 08B5     		push	{r3, lr}
 206              	.LCFI0:
 207              		.cfi_def_cfa_offset 8
 208              		.cfi_offset 3, -8
 209              		.cfi_offset 14, -4
 193:Core/Src/stm32f4xx_it.c ****   /* USER CODE BEGIN SysTick_IRQn 0 */
 194:Core/Src/stm32f4xx_it.c **** 
 195:Core/Src/stm32f4xx_it.c ****   /* USER CODE END SysTick_IRQn 0 */
 196:Core/Src/stm32f4xx_it.c ****   HAL_IncTick();
 210              		.loc 1 196 3 view .LVU27
 211 0002 FFF7FEFF 		bl	HAL_IncTick
 212              	.LVL0:
 197:Core/Src/stm32f4xx_it.c ****   /* USER CODE BEGIN SysTick_IRQn 1 */
 198:Core/Src/stm32f4xx_it.c **** 
 199:Core/Src/stm32f4xx_it.c ****   /* USER CODE END SysTick_IRQn 1 */
ARM GAS  C:\Users\17832\AppData\Local\Temp\ccCiztOE.s 			page 8


 200:Core/Src/stm32f4xx_it.c **** }
 213              		.loc 1 200 1 is_stmt 0 view .LVU28
 214 0006 08BD     		pop	{r3, pc}
 215              		.cfi_endproc
 216              	.LFE138:
 218              		.section	.text.RCC_IRQHandler,"ax",%progbits
 219              		.align	1
 220              		.global	RCC_IRQHandler
 221              		.syntax unified
 222              		.thumb
 223              		.thumb_func
 225              	RCC_IRQHandler:
 226              	.LFB139:
 201:Core/Src/stm32f4xx_it.c **** 
 202:Core/Src/stm32f4xx_it.c **** /******************************************************************************/
 203:Core/Src/stm32f4xx_it.c **** /* STM32F4xx Peripheral Interrupt Handlers                                    */
 204:Core/Src/stm32f4xx_it.c **** /* Add here the Interrupt Handlers for the used peripherals.                  */
 205:Core/Src/stm32f4xx_it.c **** /* For the available peripheral interrupt handler names,                      */
 206:Core/Src/stm32f4xx_it.c **** /* please refer to the startup file (startup_stm32f4xx.s).                    */
 207:Core/Src/stm32f4xx_it.c **** /******************************************************************************/
 208:Core/Src/stm32f4xx_it.c **** 
 209:Core/Src/stm32f4xx_it.c **** /**
 210:Core/Src/stm32f4xx_it.c ****   * @brief This function handles RCC global interrupt.
 211:Core/Src/stm32f4xx_it.c ****   */
 212:Core/Src/stm32f4xx_it.c **** void RCC_IRQHandler(void)
 213:Core/Src/stm32f4xx_it.c **** {
 227              		.loc 1 213 1 is_stmt 1 view -0
 228              		.cfi_startproc
 229              		@ args = 0, pretend = 0, frame = 0
 230              		@ frame_needed = 0, uses_anonymous_args = 0
 231              		@ link register save eliminated.
 214:Core/Src/stm32f4xx_it.c ****   /* USER CODE BEGIN RCC_IRQn 0 */
 215:Core/Src/stm32f4xx_it.c **** 
 216:Core/Src/stm32f4xx_it.c ****   /* USER CODE END RCC_IRQn 0 */
 217:Core/Src/stm32f4xx_it.c ****   /* USER CODE BEGIN RCC_IRQn 1 */
 218:Core/Src/stm32f4xx_it.c **** 
 219:Core/Src/stm32f4xx_it.c ****   /* USER CODE END RCC_IRQn 1 */
 220:Core/Src/stm32f4xx_it.c **** }
 232              		.loc 1 220 1 view .LVU30
 233 0000 7047     		bx	lr
 234              		.cfi_endproc
 235              	.LFE139:
 237              		.section	.text.EXTI9_5_IRQHandler,"ax",%progbits
 238              		.align	1
 239              		.global	EXTI9_5_IRQHandler
 240              		.syntax unified
 241              		.thumb
 242              		.thumb_func
 244              	EXTI9_5_IRQHandler:
 245              	.LFB140:
 221:Core/Src/stm32f4xx_it.c **** 
 222:Core/Src/stm32f4xx_it.c **** /**
 223:Core/Src/stm32f4xx_it.c ****   * @brief This function handles EXTI line[9:5] interrupts.
 224:Core/Src/stm32f4xx_it.c ****   */
 225:Core/Src/stm32f4xx_it.c **** void EXTI9_5_IRQHandler(void)
 226:Core/Src/stm32f4xx_it.c **** {
 246              		.loc 1 226 1 view -0
ARM GAS  C:\Users\17832\AppData\Local\Temp\ccCiztOE.s 			page 9


 247              		.cfi_startproc
 248              		@ args = 0, pretend = 0, frame = 0
 249              		@ frame_needed = 0, uses_anonymous_args = 0
 250 0000 08B5     		push	{r3, lr}
 251              	.LCFI1:
 252              		.cfi_def_cfa_offset 8
 253              		.cfi_offset 3, -8
 254              		.cfi_offset 14, -4
 227:Core/Src/stm32f4xx_it.c ****   /* USER CODE BEGIN EXTI9_5_IRQn 0 */
 228:Core/Src/stm32f4xx_it.c ****   get_AD7606();
 255              		.loc 1 228 3 view .LVU32
 256 0002 FFF7FEFF 		bl	get_AD7606
 257              	.LVL1:
 229:Core/Src/stm32f4xx_it.c ****   /* USER CODE END EXTI9_5_IRQn 0 */
 230:Core/Src/stm32f4xx_it.c ****   HAL_GPIO_EXTI_IRQHandler(BUSY_INT_Pin);
 258              		.loc 1 230 3 view .LVU33
 259 0006 4FF48070 		mov	r0, #256
 260 000a FFF7FEFF 		bl	HAL_GPIO_EXTI_IRQHandler
 261              	.LVL2:
 231:Core/Src/stm32f4xx_it.c ****   /* USER CODE BEGIN EXTI9_5_IRQn 1 */
 232:Core/Src/stm32f4xx_it.c ****   
 233:Core/Src/stm32f4xx_it.c ****   /* USER CODE END EXTI9_5_IRQn 1 */
 234:Core/Src/stm32f4xx_it.c **** }
 262              		.loc 1 234 1 is_stmt 0 view .LVU34
 263 000e 08BD     		pop	{r3, pc}
 264              		.cfi_endproc
 265              	.LFE140:
 267              		.section	.text.TIM2_IRQHandler,"ax",%progbits
 268              		.align	1
 269              		.global	TIM2_IRQHandler
 270              		.syntax unified
 271              		.thumb
 272              		.thumb_func
 274              	TIM2_IRQHandler:
 275              	.LFB141:
 235:Core/Src/stm32f4xx_it.c **** 
 236:Core/Src/stm32f4xx_it.c **** /**
 237:Core/Src/stm32f4xx_it.c ****   * @brief This function handles TIM2 global interrupt.
 238:Core/Src/stm32f4xx_it.c ****   */
 239:Core/Src/stm32f4xx_it.c **** void TIM2_IRQHandler(void)
 240:Core/Src/stm32f4xx_it.c **** {
 276              		.loc 1 240 1 is_stmt 1 view -0
 277              		.cfi_startproc
 278              		@ args = 0, pretend = 0, frame = 0
 279              		@ frame_needed = 0, uses_anonymous_args = 0
 280 0000 08B5     		push	{r3, lr}
 281              	.LCFI2:
 282              		.cfi_def_cfa_offset 8
 283              		.cfi_offset 3, -8
 284              		.cfi_offset 14, -4
 241:Core/Src/stm32f4xx_it.c ****   /* USER CODE BEGIN TIM2_IRQn 0 */
 242:Core/Src/stm32f4xx_it.c **** 
 243:Core/Src/stm32f4xx_it.c ****   /* USER CODE END TIM2_IRQn 0 */
 244:Core/Src/stm32f4xx_it.c ****   HAL_TIM_IRQHandler(&htim2);
 285              		.loc 1 244 3 view .LVU36
 286 0002 0248     		ldr	r0, .L21
 287 0004 FFF7FEFF 		bl	HAL_TIM_IRQHandler
ARM GAS  C:\Users\17832\AppData\Local\Temp\ccCiztOE.s 			page 10


 288              	.LVL3:
 245:Core/Src/stm32f4xx_it.c ****   /* USER CODE BEGIN TIM2_IRQn 1 */
 246:Core/Src/stm32f4xx_it.c **** 
 247:Core/Src/stm32f4xx_it.c ****   /* USER CODE END TIM2_IRQn 1 */
 248:Core/Src/stm32f4xx_it.c **** }
 289              		.loc 1 248 1 is_stmt 0 view .LVU37
 290 0008 08BD     		pop	{r3, pc}
 291              	.L22:
 292 000a 00BF     		.align	2
 293              	.L21:
 294 000c 00000000 		.word	htim2
 295              		.cfi_endproc
 296              	.LFE141:
 298              		.section	.text.USART1_IRQHandler,"ax",%progbits
 299              		.align	1
 300              		.global	USART1_IRQHandler
 301              		.syntax unified
 302              		.thumb
 303              		.thumb_func
 305              	USART1_IRQHandler:
 306              	.LFB142:
 249:Core/Src/stm32f4xx_it.c **** 
 250:Core/Src/stm32f4xx_it.c **** /**
 251:Core/Src/stm32f4xx_it.c ****   * @brief This function handles USART1 global interrupt.
 252:Core/Src/stm32f4xx_it.c ****   */
 253:Core/Src/stm32f4xx_it.c **** void USART1_IRQHandler(void)
 254:Core/Src/stm32f4xx_it.c **** {
 307              		.loc 1 254 1 is_stmt 1 view -0
 308              		.cfi_startproc
 309              		@ args = 0, pretend = 0, frame = 0
 310              		@ frame_needed = 0, uses_anonymous_args = 0
 311 0000 08B5     		push	{r3, lr}
 312              	.LCFI3:
 313              		.cfi_def_cfa_offset 8
 314              		.cfi_offset 3, -8
 315              		.cfi_offset 14, -4
 255:Core/Src/stm32f4xx_it.c ****   /* USER CODE BEGIN USART1_IRQn 0 */
 256:Core/Src/stm32f4xx_it.c **** 
 257:Core/Src/stm32f4xx_it.c ****   /* USER CODE END USART1_IRQn 0 */
 258:Core/Src/stm32f4xx_it.c ****   HAL_UART_IRQHandler(&huart1);
 316              		.loc 1 258 3 view .LVU39
 317 0002 0248     		ldr	r0, .L25
 318 0004 FFF7FEFF 		bl	HAL_UART_IRQHandler
 319              	.LVL4:
 259:Core/Src/stm32f4xx_it.c ****   /* USER CODE BEGIN USART1_IRQn 1 */
 260:Core/Src/stm32f4xx_it.c **** 
 261:Core/Src/stm32f4xx_it.c ****   /* USER CODE END USART1_IRQn 1 */
 262:Core/Src/stm32f4xx_it.c **** }
 320              		.loc 1 262 1 is_stmt 0 view .LVU40
 321 0008 08BD     		pop	{r3, pc}
 322              	.L26:
 323 000a 00BF     		.align	2
 324              	.L25:
 325 000c 00000000 		.word	huart1
 326              		.cfi_endproc
 327              	.LFE142:
 329              		.section	.text.SDIO_IRQHandler,"ax",%progbits
ARM GAS  C:\Users\17832\AppData\Local\Temp\ccCiztOE.s 			page 11


 330              		.align	1
 331              		.global	SDIO_IRQHandler
 332              		.syntax unified
 333              		.thumb
 334              		.thumb_func
 336              	SDIO_IRQHandler:
 337              	.LFB143:
 263:Core/Src/stm32f4xx_it.c **** 
 264:Core/Src/stm32f4xx_it.c **** /**
 265:Core/Src/stm32f4xx_it.c ****   * @brief This function handles SDIO global interrupt.
 266:Core/Src/stm32f4xx_it.c ****   */
 267:Core/Src/stm32f4xx_it.c **** void SDIO_IRQHandler(void)
 268:Core/Src/stm32f4xx_it.c **** {
 338              		.loc 1 268 1 is_stmt 1 view -0
 339              		.cfi_startproc
 340              		@ args = 0, pretend = 0, frame = 0
 341              		@ frame_needed = 0, uses_anonymous_args = 0
 342 0000 08B5     		push	{r3, lr}
 343              	.LCFI4:
 344              		.cfi_def_cfa_offset 8
 345              		.cfi_offset 3, -8
 346              		.cfi_offset 14, -4
 269:Core/Src/stm32f4xx_it.c ****   /* USER CODE BEGIN SDIO_IRQn 0 */
 270:Core/Src/stm32f4xx_it.c **** 
 271:Core/Src/stm32f4xx_it.c ****   /* USER CODE END SDIO_IRQn 0 */
 272:Core/Src/stm32f4xx_it.c ****   HAL_SD_IRQHandler(&hsd);
 347              		.loc 1 272 3 view .LVU42
 348 0002 0248     		ldr	r0, .L29
 349 0004 FFF7FEFF 		bl	HAL_SD_IRQHandler
 350              	.LVL5:
 273:Core/Src/stm32f4xx_it.c ****   /* USER CODE BEGIN SDIO_IRQn 1 */
 274:Core/Src/stm32f4xx_it.c **** 
 275:Core/Src/stm32f4xx_it.c ****   /* USER CODE END SDIO_IRQn 1 */
 276:Core/Src/stm32f4xx_it.c **** }
 351              		.loc 1 276 1 is_stmt 0 view .LVU43
 352 0008 08BD     		pop	{r3, pc}
 353              	.L30:
 354 000a 00BF     		.align	2
 355              	.L29:
 356 000c 00000000 		.word	hsd
 357              		.cfi_endproc
 358              	.LFE143:
 360              		.section	.text.DMA2_Stream0_IRQHandler,"ax",%progbits
 361              		.align	1
 362              		.global	DMA2_Stream0_IRQHandler
 363              		.syntax unified
 364              		.thumb
 365              		.thumb_func
 367              	DMA2_Stream0_IRQHandler:
 368              	.LFB144:
 277:Core/Src/stm32f4xx_it.c **** 
 278:Core/Src/stm32f4xx_it.c **** /**
 279:Core/Src/stm32f4xx_it.c ****   * @brief This function handles DMA2 stream0 global interrupt.
 280:Core/Src/stm32f4xx_it.c ****   */
 281:Core/Src/stm32f4xx_it.c **** void DMA2_Stream0_IRQHandler(void)
 282:Core/Src/stm32f4xx_it.c **** {
 369              		.loc 1 282 1 is_stmt 1 view -0
ARM GAS  C:\Users\17832\AppData\Local\Temp\ccCiztOE.s 			page 12


 370              		.cfi_startproc
 371              		@ args = 0, pretend = 0, frame = 0
 372              		@ frame_needed = 0, uses_anonymous_args = 0
 373 0000 08B5     		push	{r3, lr}
 374              	.LCFI5:
 375              		.cfi_def_cfa_offset 8
 376              		.cfi_offset 3, -8
 377              		.cfi_offset 14, -4
 283:Core/Src/stm32f4xx_it.c ****   /* USER CODE BEGIN DMA2_Stream0_IRQn 0 */
 284:Core/Src/stm32f4xx_it.c **** 
 285:Core/Src/stm32f4xx_it.c ****   /* USER CODE END DMA2_Stream0_IRQn 0 */
 286:Core/Src/stm32f4xx_it.c ****   HAL_DMA_IRQHandler(&hdma_memtomem_dma2_stream0);
 378              		.loc 1 286 3 view .LVU45
 379 0002 0248     		ldr	r0, .L33
 380 0004 FFF7FEFF 		bl	HAL_DMA_IRQHandler
 381              	.LVL6:
 287:Core/Src/stm32f4xx_it.c ****   /* USER CODE BEGIN DMA2_Stream0_IRQn 1 */
 288:Core/Src/stm32f4xx_it.c **** 
 289:Core/Src/stm32f4xx_it.c ****   /* USER CODE END DMA2_Stream0_IRQn 1 */
 290:Core/Src/stm32f4xx_it.c **** }
 382              		.loc 1 290 1 is_stmt 0 view .LVU46
 383 0008 08BD     		pop	{r3, pc}
 384              	.L34:
 385 000a 00BF     		.align	2
 386              	.L33:
 387 000c 00000000 		.word	hdma_memtomem_dma2_stream0
 388              		.cfi_endproc
 389              	.LFE144:
 391              		.section	.text.DMA2_Stream3_IRQHandler,"ax",%progbits
 392              		.align	1
 393              		.global	DMA2_Stream3_IRQHandler
 394              		.syntax unified
 395              		.thumb
 396              		.thumb_func
 398              	DMA2_Stream3_IRQHandler:
 399              	.LFB145:
 291:Core/Src/stm32f4xx_it.c **** 
 292:Core/Src/stm32f4xx_it.c **** /**
 293:Core/Src/stm32f4xx_it.c ****   * @brief This function handles DMA2 stream3 global interrupt.
 294:Core/Src/stm32f4xx_it.c ****   */
 295:Core/Src/stm32f4xx_it.c **** void DMA2_Stream3_IRQHandler(void)
 296:Core/Src/stm32f4xx_it.c **** {
 400              		.loc 1 296 1 is_stmt 1 view -0
 401              		.cfi_startproc
 402              		@ args = 0, pretend = 0, frame = 0
 403              		@ frame_needed = 0, uses_anonymous_args = 0
 404 0000 08B5     		push	{r3, lr}
 405              	.LCFI6:
 406              		.cfi_def_cfa_offset 8
 407              		.cfi_offset 3, -8
 408              		.cfi_offset 14, -4
 297:Core/Src/stm32f4xx_it.c ****   /* USER CODE BEGIN DMA2_Stream3_IRQn 0 */
 298:Core/Src/stm32f4xx_it.c **** 
 299:Core/Src/stm32f4xx_it.c ****   /* USER CODE END DMA2_Stream3_IRQn 0 */
 300:Core/Src/stm32f4xx_it.c ****   HAL_DMA_IRQHandler(&hdma_sdio_rx);
 409              		.loc 1 300 3 view .LVU48
 410 0002 0248     		ldr	r0, .L37
ARM GAS  C:\Users\17832\AppData\Local\Temp\ccCiztOE.s 			page 13


 411 0004 FFF7FEFF 		bl	HAL_DMA_IRQHandler
 412              	.LVL7:
 301:Core/Src/stm32f4xx_it.c ****   /* USER CODE BEGIN DMA2_Stream3_IRQn 1 */
 302:Core/Src/stm32f4xx_it.c **** 
 303:Core/Src/stm32f4xx_it.c ****   /* USER CODE END DMA2_Stream3_IRQn 1 */
 304:Core/Src/stm32f4xx_it.c **** }
 413              		.loc 1 304 1 is_stmt 0 view .LVU49
 414 0008 08BD     		pop	{r3, pc}
 415              	.L38:
 416 000a 00BF     		.align	2
 417              	.L37:
 418 000c 00000000 		.word	hdma_sdio_rx
 419              		.cfi_endproc
 420              	.LFE145:
 422              		.section	.text.ETH_IRQHandler,"ax",%progbits
 423              		.align	1
 424              		.global	ETH_IRQHandler
 425              		.syntax unified
 426              		.thumb
 427              		.thumb_func
 429              	ETH_IRQHandler:
 430              	.LFB146:
 305:Core/Src/stm32f4xx_it.c **** 
 306:Core/Src/stm32f4xx_it.c **** /**
 307:Core/Src/stm32f4xx_it.c ****   * @brief This function handles Ethernet global interrupt.
 308:Core/Src/stm32f4xx_it.c ****   */
 309:Core/Src/stm32f4xx_it.c **** void ETH_IRQHandler(void)
 310:Core/Src/stm32f4xx_it.c **** {
 431              		.loc 1 310 1 is_stmt 1 view -0
 432              		.cfi_startproc
 433              		@ args = 0, pretend = 0, frame = 0
 434              		@ frame_needed = 0, uses_anonymous_args = 0
 435 0000 08B5     		push	{r3, lr}
 436              	.LCFI7:
 437              		.cfi_def_cfa_offset 8
 438              		.cfi_offset 3, -8
 439              		.cfi_offset 14, -4
 311:Core/Src/stm32f4xx_it.c ****   /* USER CODE BEGIN ETH_IRQn 0 */
 312:Core/Src/stm32f4xx_it.c **** 
 313:Core/Src/stm32f4xx_it.c ****   /* USER CODE END ETH_IRQn 0 */
 314:Core/Src/stm32f4xx_it.c ****   HAL_ETH_IRQHandler(&heth);
 440              		.loc 1 314 3 view .LVU51
 441 0002 0248     		ldr	r0, .L41
 442 0004 FFF7FEFF 		bl	HAL_ETH_IRQHandler
 443              	.LVL8:
 315:Core/Src/stm32f4xx_it.c ****   /* USER CODE BEGIN ETH_IRQn 1 */
 316:Core/Src/stm32f4xx_it.c **** 
 317:Core/Src/stm32f4xx_it.c ****   /* USER CODE END ETH_IRQn 1 */
 318:Core/Src/stm32f4xx_it.c **** }
 444              		.loc 1 318 1 is_stmt 0 view .LVU52
 445 0008 08BD     		pop	{r3, pc}
 446              	.L42:
 447 000a 00BF     		.align	2
 448              	.L41:
 449 000c 00000000 		.word	heth
 450              		.cfi_endproc
 451              	.LFE146:
ARM GAS  C:\Users\17832\AppData\Local\Temp\ccCiztOE.s 			page 14


 453              		.section	.text.DMA2_Stream6_IRQHandler,"ax",%progbits
 454              		.align	1
 455              		.global	DMA2_Stream6_IRQHandler
 456              		.syntax unified
 457              		.thumb
 458              		.thumb_func
 460              	DMA2_Stream6_IRQHandler:
 461              	.LFB147:
 319:Core/Src/stm32f4xx_it.c **** 
 320:Core/Src/stm32f4xx_it.c **** /**
 321:Core/Src/stm32f4xx_it.c ****   * @brief This function handles DMA2 stream6 global interrupt.
 322:Core/Src/stm32f4xx_it.c ****   */
 323:Core/Src/stm32f4xx_it.c **** void DMA2_Stream6_IRQHandler(void)
 324:Core/Src/stm32f4xx_it.c **** {
 462              		.loc 1 324 1 is_stmt 1 view -0
 463              		.cfi_startproc
 464              		@ args = 0, pretend = 0, frame = 0
 465              		@ frame_needed = 0, uses_anonymous_args = 0
 466 0000 08B5     		push	{r3, lr}
 467              	.LCFI8:
 468              		.cfi_def_cfa_offset 8
 469              		.cfi_offset 3, -8
 470              		.cfi_offset 14, -4
 325:Core/Src/stm32f4xx_it.c ****   /* USER CODE BEGIN DMA2_Stream6_IRQn 0 */
 326:Core/Src/stm32f4xx_it.c **** 
 327:Core/Src/stm32f4xx_it.c ****   /* USER CODE END DMA2_Stream6_IRQn 0 */
 328:Core/Src/stm32f4xx_it.c ****   HAL_DMA_IRQHandler(&hdma_sdio_tx);
 471              		.loc 1 328 3 view .LVU54
 472 0002 0248     		ldr	r0, .L45
 473 0004 FFF7FEFF 		bl	HAL_DMA_IRQHandler
 474              	.LVL9:
 329:Core/Src/stm32f4xx_it.c ****   /* USER CODE BEGIN DMA2_Stream6_IRQn 1 */
 330:Core/Src/stm32f4xx_it.c **** 
 331:Core/Src/stm32f4xx_it.c ****   /* USER CODE END DMA2_Stream6_IRQn 1 */
 332:Core/Src/stm32f4xx_it.c **** }
 475              		.loc 1 332 1 is_stmt 0 view .LVU55
 476 0008 08BD     		pop	{r3, pc}
 477              	.L46:
 478 000a 00BF     		.align	2
 479              	.L45:
 480 000c 00000000 		.word	hdma_sdio_tx
 481              		.cfi_endproc
 482              	.LFE147:
 484              		.section	.text.DMA2_Stream7_IRQHandler,"ax",%progbits
 485              		.align	1
 486              		.global	DMA2_Stream7_IRQHandler
 487              		.syntax unified
 488              		.thumb
 489              		.thumb_func
 491              	DMA2_Stream7_IRQHandler:
 492              	.LFB148:
 333:Core/Src/stm32f4xx_it.c **** 
 334:Core/Src/stm32f4xx_it.c **** /**
 335:Core/Src/stm32f4xx_it.c ****   * @brief This function handles DMA2 stream7 global interrupt.
 336:Core/Src/stm32f4xx_it.c ****   */
 337:Core/Src/stm32f4xx_it.c **** void DMA2_Stream7_IRQHandler(void)
 338:Core/Src/stm32f4xx_it.c **** {
ARM GAS  C:\Users\17832\AppData\Local\Temp\ccCiztOE.s 			page 15


 493              		.loc 1 338 1 is_stmt 1 view -0
 494              		.cfi_startproc
 495              		@ args = 0, pretend = 0, frame = 0
 496              		@ frame_needed = 0, uses_anonymous_args = 0
 497 0000 08B5     		push	{r3, lr}
 498              	.LCFI9:
 499              		.cfi_def_cfa_offset 8
 500              		.cfi_offset 3, -8
 501              		.cfi_offset 14, -4
 339:Core/Src/stm32f4xx_it.c ****   /* USER CODE BEGIN DMA2_Stream7_IRQn 0 */
 340:Core/Src/stm32f4xx_it.c **** 
 341:Core/Src/stm32f4xx_it.c ****   /* USER CODE END DMA2_Stream7_IRQn 0 */
 342:Core/Src/stm32f4xx_it.c ****   HAL_DMA_IRQHandler(&hdma_usart1_tx);
 502              		.loc 1 342 3 view .LVU57
 503 0002 0248     		ldr	r0, .L49
 504 0004 FFF7FEFF 		bl	HAL_DMA_IRQHandler
 505              	.LVL10:
 343:Core/Src/stm32f4xx_it.c ****   /* USER CODE BEGIN DMA2_Stream7_IRQn 1 */
 344:Core/Src/stm32f4xx_it.c **** 
 345:Core/Src/stm32f4xx_it.c ****   /* USER CODE END DMA2_Stream7_IRQn 1 */
 346:Core/Src/stm32f4xx_it.c **** }
 506              		.loc 1 346 1 is_stmt 0 view .LVU58
 507 0008 08BD     		pop	{r3, pc}
 508              	.L50:
 509 000a 00BF     		.align	2
 510              	.L49:
 511 000c 00000000 		.word	hdma_usart1_tx
 512              		.cfi_endproc
 513              	.LFE148:
 515              		.section	.text.FPU_IRQHandler,"ax",%progbits
 516              		.align	1
 517              		.global	FPU_IRQHandler
 518              		.syntax unified
 519              		.thumb
 520              		.thumb_func
 522              	FPU_IRQHandler:
 523              	.LFB149:
 347:Core/Src/stm32f4xx_it.c **** 
 348:Core/Src/stm32f4xx_it.c **** /**
 349:Core/Src/stm32f4xx_it.c ****   * @brief This function handles FPU global interrupt.
 350:Core/Src/stm32f4xx_it.c ****   */
 351:Core/Src/stm32f4xx_it.c **** void FPU_IRQHandler(void)
 352:Core/Src/stm32f4xx_it.c **** {
 524              		.loc 1 352 1 is_stmt 1 view -0
 525              		.cfi_startproc
 526              		@ args = 0, pretend = 0, frame = 0
 527              		@ frame_needed = 0, uses_anonymous_args = 0
 528              		@ link register save eliminated.
 353:Core/Src/stm32f4xx_it.c ****   /* USER CODE BEGIN FPU_IRQn 0 */
 354:Core/Src/stm32f4xx_it.c **** 
 355:Core/Src/stm32f4xx_it.c ****   /* USER CODE END FPU_IRQn 0 */
 356:Core/Src/stm32f4xx_it.c ****   /* USER CODE BEGIN FPU_IRQn 1 */
 357:Core/Src/stm32f4xx_it.c **** 
 358:Core/Src/stm32f4xx_it.c ****   /* USER CODE END FPU_IRQn 1 */
 359:Core/Src/stm32f4xx_it.c **** }
 529              		.loc 1 359 1 view .LVU60
 530 0000 7047     		bx	lr
ARM GAS  C:\Users\17832\AppData\Local\Temp\ccCiztOE.s 			page 16


 531              		.cfi_endproc
 532              	.LFE149:
 534              		.text
 535              	.Letext0:
 536              		.file 2 "d:\\gnu arm embedded toolchain\\10 2021.10\\arm-none-eabi\\include\\machine\\_default_typ
 537              		.file 3 "d:\\gnu arm embedded toolchain\\10 2021.10\\arm-none-eabi\\include\\sys\\_stdint.h"
 538              		.file 4 "Drivers/CMSIS/Device/ST/STM32F4xx/Include/stm32f417xx.h"
 539              		.file 5 "Drivers/STM32F4xx_HAL_Driver/Inc/stm32f4xx_hal_def.h"
 540              		.file 6 "Drivers/STM32F4xx_HAL_Driver/Inc/stm32f4xx_hal_dma.h"
 541              		.file 7 "Drivers/STM32F4xx_HAL_Driver/Inc/stm32f4xx_hal_eth.h"
 542              		.file 8 "Drivers/STM32F4xx_HAL_Driver/Inc/stm32f4xx_ll_sdmmc.h"
 543              		.file 9 "Drivers/STM32F4xx_HAL_Driver/Inc/stm32f4xx_hal_sd.h"
 544              		.file 10 "Drivers/STM32F4xx_HAL_Driver/Inc/stm32f4xx_hal_tim.h"
 545              		.file 11 "Drivers/STM32F4xx_HAL_Driver/Inc/stm32f4xx_hal_uart.h"
 546              		.file 12 "Drivers/STM32F4xx_HAL_Driver/Inc/stm32f4xx_hal_gpio.h"
 547              		.file 13 "Drivers/STM32F4xx_HAL_Driver/Inc/stm32f4xx_hal.h"
ARM GAS  C:\Users\17832\AppData\Local\Temp\ccCiztOE.s 			page 17


DEFINED SYMBOLS
                            *ABS*:00000000 stm32f4xx_it.c
C:\Users\17832\AppData\Local\Temp\ccCiztOE.s:20     .text.NMI_Handler:00000000 $t
C:\Users\17832\AppData\Local\Temp\ccCiztOE.s:26     .text.NMI_Handler:00000000 NMI_Handler
C:\Users\17832\AppData\Local\Temp\ccCiztOE.s:44     .text.HardFault_Handler:00000000 $t
C:\Users\17832\AppData\Local\Temp\ccCiztOE.s:50     .text.HardFault_Handler:00000000 HardFault_Handler
C:\Users\17832\AppData\Local\Temp\ccCiztOE.s:67     .text.MemManage_Handler:00000000 $t
C:\Users\17832\AppData\Local\Temp\ccCiztOE.s:73     .text.MemManage_Handler:00000000 MemManage_Handler
C:\Users\17832\AppData\Local\Temp\ccCiztOE.s:90     .text.BusFault_Handler:00000000 $t
C:\Users\17832\AppData\Local\Temp\ccCiztOE.s:96     .text.BusFault_Handler:00000000 BusFault_Handler
C:\Users\17832\AppData\Local\Temp\ccCiztOE.s:113    .text.UsageFault_Handler:00000000 $t
C:\Users\17832\AppData\Local\Temp\ccCiztOE.s:119    .text.UsageFault_Handler:00000000 UsageFault_Handler
C:\Users\17832\AppData\Local\Temp\ccCiztOE.s:136    .text.SVC_Handler:00000000 $t
C:\Users\17832\AppData\Local\Temp\ccCiztOE.s:142    .text.SVC_Handler:00000000 SVC_Handler
C:\Users\17832\AppData\Local\Temp\ccCiztOE.s:155    .text.DebugMon_Handler:00000000 $t
C:\Users\17832\AppData\Local\Temp\ccCiztOE.s:161    .text.DebugMon_Handler:00000000 DebugMon_Handler
C:\Users\17832\AppData\Local\Temp\ccCiztOE.s:174    .text.PendSV_Handler:00000000 $t
C:\Users\17832\AppData\Local\Temp\ccCiztOE.s:180    .text.PendSV_Handler:00000000 PendSV_Handler
C:\Users\17832\AppData\Local\Temp\ccCiztOE.s:193    .text.SysTick_Handler:00000000 $t
C:\Users\17832\AppData\Local\Temp\ccCiztOE.s:199    .text.SysTick_Handler:00000000 SysTick_Handler
C:\Users\17832\AppData\Local\Temp\ccCiztOE.s:219    .text.RCC_IRQHandler:00000000 $t
C:\Users\17832\AppData\Local\Temp\ccCiztOE.s:225    .text.RCC_IRQHandler:00000000 RCC_IRQHandler
C:\Users\17832\AppData\Local\Temp\ccCiztOE.s:238    .text.EXTI9_5_IRQHandler:00000000 $t
C:\Users\17832\AppData\Local\Temp\ccCiztOE.s:244    .text.EXTI9_5_IRQHandler:00000000 EXTI9_5_IRQHandler
C:\Users\17832\AppData\Local\Temp\ccCiztOE.s:268    .text.TIM2_IRQHandler:00000000 $t
C:\Users\17832\AppData\Local\Temp\ccCiztOE.s:274    .text.TIM2_IRQHandler:00000000 TIM2_IRQHandler
C:\Users\17832\AppData\Local\Temp\ccCiztOE.s:294    .text.TIM2_IRQHandler:0000000c $d
C:\Users\17832\AppData\Local\Temp\ccCiztOE.s:299    .text.USART1_IRQHandler:00000000 $t
C:\Users\17832\AppData\Local\Temp\ccCiztOE.s:305    .text.USART1_IRQHandler:00000000 USART1_IRQHandler
C:\Users\17832\AppData\Local\Temp\ccCiztOE.s:325    .text.USART1_IRQHandler:0000000c $d
C:\Users\17832\AppData\Local\Temp\ccCiztOE.s:330    .text.SDIO_IRQHandler:00000000 $t
C:\Users\17832\AppData\Local\Temp\ccCiztOE.s:336    .text.SDIO_IRQHandler:00000000 SDIO_IRQHandler
C:\Users\17832\AppData\Local\Temp\ccCiztOE.s:356    .text.SDIO_IRQHandler:0000000c $d
C:\Users\17832\AppData\Local\Temp\ccCiztOE.s:361    .text.DMA2_Stream0_IRQHandler:00000000 $t
C:\Users\17832\AppData\Local\Temp\ccCiztOE.s:367    .text.DMA2_Stream0_IRQHandler:00000000 DMA2_Stream0_IRQHandler
C:\Users\17832\AppData\Local\Temp\ccCiztOE.s:387    .text.DMA2_Stream0_IRQHandler:0000000c $d
C:\Users\17832\AppData\Local\Temp\ccCiztOE.s:392    .text.DMA2_Stream3_IRQHandler:00000000 $t
C:\Users\17832\AppData\Local\Temp\ccCiztOE.s:398    .text.DMA2_Stream3_IRQHandler:00000000 DMA2_Stream3_IRQHandler
C:\Users\17832\AppData\Local\Temp\ccCiztOE.s:418    .text.DMA2_Stream3_IRQHandler:0000000c $d
C:\Users\17832\AppData\Local\Temp\ccCiztOE.s:423    .text.ETH_IRQHandler:00000000 $t
C:\Users\17832\AppData\Local\Temp\ccCiztOE.s:429    .text.ETH_IRQHandler:00000000 ETH_IRQHandler
C:\Users\17832\AppData\Local\Temp\ccCiztOE.s:449    .text.ETH_IRQHandler:0000000c $d
C:\Users\17832\AppData\Local\Temp\ccCiztOE.s:454    .text.DMA2_Stream6_IRQHandler:00000000 $t
C:\Users\17832\AppData\Local\Temp\ccCiztOE.s:460    .text.DMA2_Stream6_IRQHandler:00000000 DMA2_Stream6_IRQHandler
C:\Users\17832\AppData\Local\Temp\ccCiztOE.s:480    .text.DMA2_Stream6_IRQHandler:0000000c $d
C:\Users\17832\AppData\Local\Temp\ccCiztOE.s:485    .text.DMA2_Stream7_IRQHandler:00000000 $t
C:\Users\17832\AppData\Local\Temp\ccCiztOE.s:491    .text.DMA2_Stream7_IRQHandler:00000000 DMA2_Stream7_IRQHandler
C:\Users\17832\AppData\Local\Temp\ccCiztOE.s:511    .text.DMA2_Stream7_IRQHandler:0000000c $d
C:\Users\17832\AppData\Local\Temp\ccCiztOE.s:516    .text.FPU_IRQHandler:00000000 $t
C:\Users\17832\AppData\Local\Temp\ccCiztOE.s:522    .text.FPU_IRQHandler:00000000 FPU_IRQHandler

UNDEFINED SYMBOLS
HAL_IncTick
get_AD7606
HAL_GPIO_EXTI_IRQHandler
HAL_TIM_IRQHandler
htim2
ARM GAS  C:\Users\17832\AppData\Local\Temp\ccCiztOE.s 			page 18


HAL_UART_IRQHandler
huart1
HAL_SD_IRQHandler
hsd
HAL_DMA_IRQHandler
hdma_memtomem_dma2_stream0
hdma_sdio_rx
HAL_ETH_IRQHandler
heth
hdma_sdio_tx
hdma_usart1_tx
