ARM GAS  C:\Users\17832\AppData\Local\Temp\ccKkBfUH.s 			page 1


   1              		.cpu cortex-m4
   2              		.arch armv7e-m
   3              		.fpu fpv4-sp-d16
   4              		.eabi_attribute 27, 1
   5              		.eabi_attribute 28, 1
   6              		.eabi_attribute 20, 1
   7              		.eabi_attribute 21, 1
   8              		.eabi_attribute 23, 3
   9              		.eabi_attribute 24, 1
  10              		.eabi_attribute 25, 1
  11              		.eabi_attribute 26, 1
  12              		.eabi_attribute 30, 1
  13              		.eabi_attribute 34, 1
  14              		.eabi_attribute 18, 4
  15              		.file	"stm32f4xx_hal_msp.c"
  16              		.text
  17              	.Ltext0:
  18              		.cfi_sections	.debug_frame
  19              		.section	.text.HAL_MspInit,"ax",%progbits
  20              		.align	1
  21              		.global	HAL_MspInit
  22              		.syntax unified
  23              		.thumb
  24              		.thumb_func
  26              	HAL_MspInit:
  27              	.LFB130:
  28              		.file 1 "Core/Src/stm32f4xx_hal_msp.c"
   1:Core/Src/stm32f4xx_hal_msp.c **** /* USER CODE BEGIN Header */
   2:Core/Src/stm32f4xx_hal_msp.c **** /**
   3:Core/Src/stm32f4xx_hal_msp.c ****   ******************************************************************************
   4:Core/Src/stm32f4xx_hal_msp.c ****   * @file         stm32f4xx_hal_msp.c
   5:Core/Src/stm32f4xx_hal_msp.c ****   * @brief        This file provides code for the MSP Initialization
   6:Core/Src/stm32f4xx_hal_msp.c ****   *               and de-Initialization codes.
   7:Core/Src/stm32f4xx_hal_msp.c ****   ******************************************************************************
   8:Core/Src/stm32f4xx_hal_msp.c ****   * @attention
   9:Core/Src/stm32f4xx_hal_msp.c ****   *
  10:Core/Src/stm32f4xx_hal_msp.c ****   * Copyright (c) 2023 STMicroelectronics.
  11:Core/Src/stm32f4xx_hal_msp.c ****   * All rights reserved.
  12:Core/Src/stm32f4xx_hal_msp.c ****   *
  13:Core/Src/stm32f4xx_hal_msp.c ****   * This software is licensed under terms that can be found in the LICENSE file
  14:Core/Src/stm32f4xx_hal_msp.c ****   * in the root directory of this software component.
  15:Core/Src/stm32f4xx_hal_msp.c ****   * If no LICENSE file comes with this software, it is provided AS-IS.
  16:Core/Src/stm32f4xx_hal_msp.c ****   *
  17:Core/Src/stm32f4xx_hal_msp.c ****   ******************************************************************************
  18:Core/Src/stm32f4xx_hal_msp.c ****   */
  19:Core/Src/stm32f4xx_hal_msp.c **** /* USER CODE END Header */
  20:Core/Src/stm32f4xx_hal_msp.c **** 
  21:Core/Src/stm32f4xx_hal_msp.c **** /* Includes ------------------------------------------------------------------*/
  22:Core/Src/stm32f4xx_hal_msp.c **** #include "main.h"
  23:Core/Src/stm32f4xx_hal_msp.c **** /* USER CODE BEGIN Includes */
  24:Core/Src/stm32f4xx_hal_msp.c **** 
  25:Core/Src/stm32f4xx_hal_msp.c **** /* USER CODE END Includes */
  26:Core/Src/stm32f4xx_hal_msp.c **** 
  27:Core/Src/stm32f4xx_hal_msp.c **** /* Private typedef -----------------------------------------------------------*/
  28:Core/Src/stm32f4xx_hal_msp.c **** /* USER CODE BEGIN TD */
  29:Core/Src/stm32f4xx_hal_msp.c **** 
  30:Core/Src/stm32f4xx_hal_msp.c **** /* USER CODE END TD */
ARM GAS  C:\Users\17832\AppData\Local\Temp\ccKkBfUH.s 			page 2


  31:Core/Src/stm32f4xx_hal_msp.c **** 
  32:Core/Src/stm32f4xx_hal_msp.c **** /* Private define ------------------------------------------------------------*/
  33:Core/Src/stm32f4xx_hal_msp.c **** /* USER CODE BEGIN Define */
  34:Core/Src/stm32f4xx_hal_msp.c **** 
  35:Core/Src/stm32f4xx_hal_msp.c **** /* USER CODE END Define */
  36:Core/Src/stm32f4xx_hal_msp.c **** 
  37:Core/Src/stm32f4xx_hal_msp.c **** /* Private macro -------------------------------------------------------------*/
  38:Core/Src/stm32f4xx_hal_msp.c **** /* USER CODE BEGIN Macro */
  39:Core/Src/stm32f4xx_hal_msp.c **** 
  40:Core/Src/stm32f4xx_hal_msp.c **** /* USER CODE END Macro */
  41:Core/Src/stm32f4xx_hal_msp.c **** 
  42:Core/Src/stm32f4xx_hal_msp.c **** /* Private variables ---------------------------------------------------------*/
  43:Core/Src/stm32f4xx_hal_msp.c **** /* USER CODE BEGIN PV */
  44:Core/Src/stm32f4xx_hal_msp.c **** 
  45:Core/Src/stm32f4xx_hal_msp.c **** /* USER CODE END PV */
  46:Core/Src/stm32f4xx_hal_msp.c **** 
  47:Core/Src/stm32f4xx_hal_msp.c **** /* Private function prototypes -----------------------------------------------*/
  48:Core/Src/stm32f4xx_hal_msp.c **** /* USER CODE BEGIN PFP */
  49:Core/Src/stm32f4xx_hal_msp.c **** 
  50:Core/Src/stm32f4xx_hal_msp.c **** /* USER CODE END PFP */
  51:Core/Src/stm32f4xx_hal_msp.c **** 
  52:Core/Src/stm32f4xx_hal_msp.c **** /* External functions --------------------------------------------------------*/
  53:Core/Src/stm32f4xx_hal_msp.c **** /* USER CODE BEGIN ExternalFunctions */
  54:Core/Src/stm32f4xx_hal_msp.c **** 
  55:Core/Src/stm32f4xx_hal_msp.c **** /* USER CODE END ExternalFunctions */
  56:Core/Src/stm32f4xx_hal_msp.c **** 
  57:Core/Src/stm32f4xx_hal_msp.c **** /* USER CODE BEGIN 0 */
  58:Core/Src/stm32f4xx_hal_msp.c **** 
  59:Core/Src/stm32f4xx_hal_msp.c **** /* USER CODE END 0 */
  60:Core/Src/stm32f4xx_hal_msp.c **** /**
  61:Core/Src/stm32f4xx_hal_msp.c ****   * Initializes the Global MSP.
  62:Core/Src/stm32f4xx_hal_msp.c ****   */
  63:Core/Src/stm32f4xx_hal_msp.c **** void HAL_MspInit(void)
  64:Core/Src/stm32f4xx_hal_msp.c **** {
  29              		.loc 1 64 1 view -0
  30              		.cfi_startproc
  31              		@ args = 0, pretend = 0, frame = 8
  32              		@ frame_needed = 0, uses_anonymous_args = 0
  33 0000 10B5     		push	{r4, lr}
  34              	.LCFI0:
  35              		.cfi_def_cfa_offset 8
  36              		.cfi_offset 4, -8
  37              		.cfi_offset 14, -4
  38 0002 82B0     		sub	sp, sp, #8
  39              	.LCFI1:
  40              		.cfi_def_cfa_offset 16
  65:Core/Src/stm32f4xx_hal_msp.c ****   /* USER CODE BEGIN MspInit 0 */
  66:Core/Src/stm32f4xx_hal_msp.c **** 
  67:Core/Src/stm32f4xx_hal_msp.c ****   /* USER CODE END MspInit 0 */
  68:Core/Src/stm32f4xx_hal_msp.c **** 
  69:Core/Src/stm32f4xx_hal_msp.c ****   __HAL_RCC_SYSCFG_CLK_ENABLE();
  41              		.loc 1 69 3 view .LVU1
  42              	.LBB2:
  43              		.loc 1 69 3 view .LVU2
  44 0004 0024     		movs	r4, #0
  45 0006 0094     		str	r4, [sp]
  46              		.loc 1 69 3 view .LVU3
ARM GAS  C:\Users\17832\AppData\Local\Temp\ccKkBfUH.s 			page 3


  47 0008 124B     		ldr	r3, .L3
  48 000a 5A6C     		ldr	r2, [r3, #68]
  49 000c 42F48042 		orr	r2, r2, #16384
  50 0010 5A64     		str	r2, [r3, #68]
  51              		.loc 1 69 3 view .LVU4
  52 0012 5A6C     		ldr	r2, [r3, #68]
  53 0014 02F48042 		and	r2, r2, #16384
  54 0018 0092     		str	r2, [sp]
  55              		.loc 1 69 3 view .LVU5
  56 001a 009A     		ldr	r2, [sp]
  57              	.LBE2:
  58              		.loc 1 69 3 view .LVU6
  70:Core/Src/stm32f4xx_hal_msp.c ****   __HAL_RCC_PWR_CLK_ENABLE();
  59              		.loc 1 70 3 view .LVU7
  60              	.LBB3:
  61              		.loc 1 70 3 view .LVU8
  62 001c 0194     		str	r4, [sp, #4]
  63              		.loc 1 70 3 view .LVU9
  64 001e 1A6C     		ldr	r2, [r3, #64]
  65 0020 42F08052 		orr	r2, r2, #268435456
  66 0024 1A64     		str	r2, [r3, #64]
  67              		.loc 1 70 3 view .LVU10
  68 0026 1B6C     		ldr	r3, [r3, #64]
  69 0028 03F08053 		and	r3, r3, #268435456
  70 002c 0193     		str	r3, [sp, #4]
  71              		.loc 1 70 3 view .LVU11
  72 002e 019B     		ldr	r3, [sp, #4]
  73              	.LBE3:
  74              		.loc 1 70 3 view .LVU12
  71:Core/Src/stm32f4xx_hal_msp.c **** 
  72:Core/Src/stm32f4xx_hal_msp.c ****   /* System interrupt init*/
  73:Core/Src/stm32f4xx_hal_msp.c **** 
  74:Core/Src/stm32f4xx_hal_msp.c ****   /* Peripheral interrupt init */
  75:Core/Src/stm32f4xx_hal_msp.c ****   /* RCC_IRQn interrupt configuration */
  76:Core/Src/stm32f4xx_hal_msp.c ****   HAL_NVIC_SetPriority(RCC_IRQn, 0, 0);
  75              		.loc 1 76 3 view .LVU13
  76 0030 2246     		mov	r2, r4
  77 0032 2146     		mov	r1, r4
  78 0034 0520     		movs	r0, #5
  79 0036 FFF7FEFF 		bl	HAL_NVIC_SetPriority
  80              	.LVL0:
  77:Core/Src/stm32f4xx_hal_msp.c ****   HAL_NVIC_EnableIRQ(RCC_IRQn);
  81              		.loc 1 77 3 view .LVU14
  82 003a 0520     		movs	r0, #5
  83 003c FFF7FEFF 		bl	HAL_NVIC_EnableIRQ
  84              	.LVL1:
  78:Core/Src/stm32f4xx_hal_msp.c ****   /* FPU_IRQn interrupt configuration */
  79:Core/Src/stm32f4xx_hal_msp.c ****   HAL_NVIC_SetPriority(FPU_IRQn, 0, 0);
  85              		.loc 1 79 3 view .LVU15
  86 0040 2246     		mov	r2, r4
  87 0042 2146     		mov	r1, r4
  88 0044 5120     		movs	r0, #81
  89 0046 FFF7FEFF 		bl	HAL_NVIC_SetPriority
  90              	.LVL2:
  80:Core/Src/stm32f4xx_hal_msp.c ****   HAL_NVIC_EnableIRQ(FPU_IRQn);
  91              		.loc 1 80 3 view .LVU16
  92 004a 5120     		movs	r0, #81
ARM GAS  C:\Users\17832\AppData\Local\Temp\ccKkBfUH.s 			page 4


  93 004c FFF7FEFF 		bl	HAL_NVIC_EnableIRQ
  94              	.LVL3:
  81:Core/Src/stm32f4xx_hal_msp.c **** 
  82:Core/Src/stm32f4xx_hal_msp.c ****   /* USER CODE BEGIN MspInit 1 */
  83:Core/Src/stm32f4xx_hal_msp.c **** 
  84:Core/Src/stm32f4xx_hal_msp.c ****   /* USER CODE END MspInit 1 */
  85:Core/Src/stm32f4xx_hal_msp.c **** }
  95              		.loc 1 85 1 is_stmt 0 view .LVU17
  96 0050 02B0     		add	sp, sp, #8
  97              	.LCFI2:
  98              		.cfi_def_cfa_offset 8
  99              		@ sp needed
 100 0052 10BD     		pop	{r4, pc}
 101              	.L4:
 102              		.align	2
 103              	.L3:
 104 0054 00380240 		.word	1073887232
 105              		.cfi_endproc
 106              	.LFE130:
 108              		.text
 109              	.Letext0:
 110              		.file 2 "d:\\gnu arm embedded toolchain\\10 2021.10\\arm-none-eabi\\include\\machine\\_default_typ
 111              		.file 3 "d:\\gnu arm embedded toolchain\\10 2021.10\\arm-none-eabi\\include\\sys\\_stdint.h"
 112              		.file 4 "Drivers/CMSIS/Device/ST/STM32F4xx/Include/stm32f417xx.h"
 113              		.file 5 "Drivers/STM32F4xx_HAL_Driver/Inc/stm32f4xx_hal_cortex.h"
ARM GAS  C:\Users\17832\AppData\Local\Temp\ccKkBfUH.s 			page 5


DEFINED SYMBOLS
                            *ABS*:00000000 stm32f4xx_hal_msp.c
C:\Users\17832\AppData\Local\Temp\ccKkBfUH.s:20     .text.HAL_MspInit:00000000 $t
C:\Users\17832\AppData\Local\Temp\ccKkBfUH.s:26     .text.HAL_MspInit:00000000 HAL_MspInit
C:\Users\17832\AppData\Local\Temp\ccKkBfUH.s:104    .text.HAL_MspInit:00000054 $d

UNDEFINED SYMBOLS
HAL_NVIC_SetPriority
HAL_NVIC_EnableIRQ
